[iOS_Ragav's 1 INFO ] 2023-05-03 18:19:19.067 ServerManager:21 - starting appium server...
[iOS_Ragav's 1 INFO ] 2023-05-03 18:19:21.838 ServerManager:30 - Appium server started...
[iOS_Ragav's 1 INFO ] 2023-05-03 18:19:21.866 DriverManager:29 - initializing Appium driver
[iOS_Ragav's 1 INFO ] 2023-05-03 18:19:21.887 PropertyManager:17 - loading config properties
[iOS_Ragav's 1 INFO ] 2023-05-03 18:19:21.889 CapabilitiesManager:18 - getting capabilities...
[iOS_Ragav's 1 INFO ] 2023-05-03 18:19:47.100 DriverManager:42 - Driver is initialized
[iOS_Ragav's 1 INFO ] 2023-05-03 18:19:47.102 Hooks:52 - Start Scenario Name : verify cash reward with Gratuity
[iOS_Ragav's 1 INFO ] 2023-05-03 18:19:58.482 BasePage:301 - Selected - Clear
[iOS_Ragav's 1 INFO ] 2023-05-03 18:19:59.267 BasePage:301 - Selected - 1
[iOS_Ragav's 1 INFO ] 2023-05-03 18:19:59.929 BasePage:301 - Selected - 2
[iOS_Ragav's 1 INFO ] 2023-05-03 18:20:00.588 BasePage:301 - Selected - 3
[iOS_Ragav's 1 INFO ] 2023-05-03 18:20:01.223 BasePage:301 - Selected - 4
[iOS_Ragav's 1 INFO ] 2023-05-03 18:20:02.720 BasePage:301 - Order type selection is cancelled.
[iOS_Ragav's 1 INFO ] 2023-05-03 18:20:11.602 Hooks:70 - Failed Scenario Name : verify cash reward with Gratuity
[iOS_Ragav's 1 INFO ] 2023-05-03 18:21:07.184 ServerManager:21 - starting appium server...
[iOS_Ragav's 1 INFO ] 2023-05-03 18:21:09.635 ServerManager:30 - Appium server started...
[iOS_Ragav's 1 INFO ] 2023-05-03 18:21:09.711 DriverManager:29 - initializing Appium driver
[iOS_Ragav's 1 INFO ] 2023-05-03 18:21:09.733 PropertyManager:17 - loading config properties
[iOS_Ragav's 1 INFO ] 2023-05-03 18:21:09.748 CapabilitiesManager:18 - getting capabilities...
[iOS_Ragav's 1 INFO ] 2023-05-03 18:21:34.040 DriverManager:42 - Driver is initialized
[iOS_Ragav's 1 INFO ] 2023-05-03 18:21:34.041 Hooks:52 - Start Scenario Name : verify cash reward with Gratuity
[iOS_Ragav's 1 INFO ] 2023-05-03 18:21:45.720 BasePage:301 - Selected - Clear
[iOS_Ragav's 1 INFO ] 2023-05-03 18:21:46.399 BasePage:301 - Selected - 1
[iOS_Ragav's 1 INFO ] 2023-05-03 18:21:47.057 BasePage:301 - Selected - 2
[iOS_Ragav's 1 INFO ] 2023-05-03 18:21:47.727 BasePage:301 - Selected - 3
[iOS_Ragav's 1 INFO ] 2023-05-03 18:21:48.401 BasePage:301 - Selected - 4
[iOS_Ragav's 1 INFO ] 2023-05-03 18:21:48.893 BasePage:301 - Tapped Login.
[iOS_Ragav's 1 INFO ] 2023-05-03 18:21:54.919 BasePage:301 - Order type selection is cancelled.
[iOS_Ragav's 1 INFO ] 2023-05-03 18:22:09.043 OrderManagementScreen:1246 - 4-002
[iOS_Ragav's 1 INFO ] 2023-05-03 18:22:09.064 BasePage:301 - the rest of the categories is listed
[iOS_Ragav's 1 INFO ] 2023-05-03 18:22:14.543 BasePage:301 -  Selected Category as - FOOD
[iOS_Ragav's 1 INFO ] 2023-05-03 18:22:19.492 BasePage:301 - Onion Rings selected
[iOS_Ragav's 1 INFO ] 2023-05-03 18:22:20.451 BasePage:301 - Options button is tapped
[iOS_Ragav's 1 INFO ] 2023-05-03 18:22:24.864 BasePage:293 - Check Options title is - Check Options
[iOS_Ragav's 1 INFO ] 2023-05-03 18:22:24.876 BasePage:301 - Tapped Gratuity Button
[iOS_Ragav's 1 INFO ] 2023-05-03 18:22:28.593 BasePage:293 - Add Gratuity Screen is Displayed - Add Gratuity
[iOS_Ragav's 1 INFO ] 2023-05-03 18:22:28.600 BasePage:301 - Tapped Gratuity Fixed Button
[iOS_Ragav's 1 INFO ] 2023-05-03 18:22:35.237 OrderManagementScreen:697 - Subtotal Value is - $ 9.00
[iOS_Ragav's 1 INFO ] 2023-05-03 18:22:39.205 OrderManagementScreen:706 - Tax Value is - $ 0.90
[iOS_Ragav's 1 INFO ] 2023-05-03 18:22:43.609 OrderManagementScreen:760 - Gratuity Value is - $ 0.90
[iOS_Ragav's 1 INFO ] 2023-05-03 18:22:47.773 OrderManagementScreen:734 - Cash Option Value is SAME - $ 10.80
[iOS_Ragav's 1 INFO ] 2023-05-03 18:22:47.794 PaymentWindow:937 - 121.28
[iOS_Ragav's 1 INFO ] 2023-05-03 18:22:55.123 Hooks:70 - Failed Scenario Name : verify cash reward with Gratuity
[iOS_Ragav's 1 INFO ] 2023-05-03 18:26:26.144 ServerManager:21 - starting appium server...
[iOS_Ragav's 1 INFO ] 2023-05-03 18:26:27.192 ServerManager:30 - Appium server started...
[iOS_Ragav's 1 INFO ] 2023-05-03 18:26:27.201 DriverManager:29 - initializing Appium driver
[iOS_Ragav's 1 INFO ] 2023-05-03 18:26:27.210 PropertyManager:17 - loading config properties
[iOS_Ragav's 1 INFO ] 2023-05-03 18:26:27.211 CapabilitiesManager:18 - getting capabilities...
[iOS_Ragav's 1 INFO ] 2023-05-03 18:26:46.537 DriverManager:42 - Driver is initialized
[iOS_Ragav's 1 INFO ] 2023-05-03 18:26:46.538 Hooks:52 - Start Scenario Name : verify cash reward with Gratuity
[iOS_Ragav's 1 INFO ] 2023-05-03 18:26:57.590 BasePage:301 - Selected - Clear
[iOS_Ragav's 1 INFO ] 2023-05-03 18:26:58.286 BasePage:301 - Selected - 1
[iOS_Ragav's 1 INFO ] 2023-05-03 18:26:58.921 BasePage:301 - Selected - 2
[iOS_Ragav's 1 INFO ] 2023-05-03 18:26:59.562 BasePage:301 - Selected - 3
[iOS_Ragav's 1 INFO ] 2023-05-03 18:27:00.220 BasePage:301 - Selected - 4
[iOS_Ragav's 1 INFO ] 2023-05-03 18:27:00.687 BasePage:301 - Tapped Login.
[iOS_Ragav's 1 INFO ] 2023-05-03 18:27:06.082 BasePage:301 - Order type selection is cancelled.
[iOS_Ragav's 1 INFO ] 2023-05-03 18:27:19.826 OrderManagementScreen:1246 - 4-004
[iOS_Ragav's 1 INFO ] 2023-05-03 18:27:19.846 BasePage:301 - the rest of the categories is listed
[iOS_Ragav's 1 INFO ] 2023-05-03 18:27:25.495 BasePage:301 -  Selected Category as - FOOD
[iOS_Ragav's 1 INFO ] 2023-05-03 18:27:30.426 BasePage:301 - Onion Rings selected
[iOS_Ragav's 1 INFO ] 2023-05-03 18:27:31.375 BasePage:301 - Options button is tapped
[iOS_Ragav's 1 INFO ] 2023-05-03 18:27:35.854 BasePage:293 - Check Options title is - Check Options
[iOS_Ragav's 1 INFO ] 2023-05-03 18:27:35.865 BasePage:301 - Tapped Gratuity Button
[iOS_Ragav's 1 INFO ] 2023-05-03 18:27:39.576 BasePage:293 - Add Gratuity Screen is Displayed - Add Gratuity
[iOS_Ragav's 1 INFO ] 2023-05-03 18:27:39.583 BasePage:301 - Tapped Gratuity Fixed Button
[iOS_Ragav's 1 INFO ] 2023-05-03 18:27:46.412 OrderManagementScreen:697 - Subtotal Value is - $ 9.00
[iOS_Ragav's 1 INFO ] 2023-05-03 18:27:50.921 OrderManagementScreen:706 - Tax Value is - $ 0.90
[iOS_Ragav's 1 INFO ] 2023-05-03 18:27:55.354 OrderManagementScreen:760 - Gratuity Value is - $ 0.90
[iOS_Ragav's 1 INFO ] 2023-05-03 18:27:59.791 OrderManagementScreen:734 - Cash Option Value is SAME - $ 10.80
[iOS_Ragav's 1 INFO ] 2023-05-03 18:27:59.801 PaymentWindow:937 - 121.28
[iOS_Ragav's 1 INFO ] 2023-05-03 18:28:04.733 Hooks:70 - Failed Scenario Name : verify cash reward with Gratuity
[iOS_Ragav's 1 INFO ] 2023-05-03 18:33:55.632 ServerManager:21 - starting appium server...
[iOS_Ragav's 1 INFO ] 2023-05-03 18:33:56.688 ServerManager:30 - Appium server started...
[iOS_Ragav's 1 INFO ] 2023-05-03 18:33:56.698 DriverManager:29 - initializing Appium driver
[iOS_Ragav's 1 INFO ] 2023-05-03 18:33:56.708 PropertyManager:17 - loading config properties
[iOS_Ragav's 1 INFO ] 2023-05-03 18:33:56.709 CapabilitiesManager:18 - getting capabilities...
[iOS_Ragav's 1 INFO ] 2023-05-03 18:34:16.136 DriverManager:42 - Driver is initialized
[iOS_Ragav's 1 INFO ] 2023-05-03 18:34:16.137 Hooks:52 - Start Scenario Name : verify cash reward with Gratuity
[iOS_Ragav's 1 INFO ] 2023-05-03 18:34:27.369 BasePage:301 - Selected - Clear
[iOS_Ragav's 1 INFO ] 2023-05-03 18:34:28.021 BasePage:301 - Selected - 1
[iOS_Ragav's 1 INFO ] 2023-05-03 18:34:28.671 BasePage:301 - Selected - 2
[iOS_Ragav's 1 INFO ] 2023-05-03 18:34:29.317 BasePage:301 - Selected - 3
[iOS_Ragav's 1 INFO ] 2023-05-03 18:34:29.951 BasePage:301 - Selected - 4
[iOS_Ragav's 1 INFO ] 2023-05-03 18:34:30.428 BasePage:301 - Tapped Login.
[iOS_Ragav's 1 INFO ] 2023-05-03 18:34:35.854 BasePage:301 - Order type selection is cancelled.
[iOS_Ragav's 1 INFO ] 2023-05-03 18:34:49.375 OrderManagementScreen:1246 - 4-006
[iOS_Ragav's 1 INFO ] 2023-05-03 18:34:49.401 BasePage:301 - the rest of the categories is listed
[iOS_Ragav's 1 INFO ] 2023-05-03 18:34:54.830 BasePage:301 -  Selected Category as - FOOD
[iOS_Ragav's 1 INFO ] 2023-05-03 18:34:59.765 BasePage:301 - Onion Rings selected
[iOS_Ragav's 1 INFO ] 2023-05-03 18:35:00.773 BasePage:301 - Options button is tapped
[iOS_Ragav's 1 INFO ] 2023-05-03 18:35:05.387 BasePage:293 - Check Options title is - Check Options
[iOS_Ragav's 1 INFO ] 2023-05-03 18:35:05.406 BasePage:301 - Tapped Gratuity Button
[iOS_Ragav's 1 INFO ] 2023-05-03 18:35:09.129 BasePage:293 - Add Gratuity Screen is Displayed - Add Gratuity
[iOS_Ragav's 1 INFO ] 2023-05-03 18:35:09.133 BasePage:301 - Tapped Gratuity Fixed Button
[iOS_Ragav's 1 INFO ] 2023-05-03 18:35:15.490 OrderManagementScreen:697 - Subtotal Value is - $ 9.00
[iOS_Ragav's 1 INFO ] 2023-05-03 18:35:19.705 OrderManagementScreen:706 - Tax Value is - $ 0.90
[iOS_Ragav's 1 INFO ] 2023-05-03 18:35:24.006 OrderManagementScreen:760 - Gratuity Value is - $ 0.90
[iOS_Ragav's 1 INFO ] 2023-05-03 18:35:28.326 OrderManagementScreen:734 - Cash Option Value is SAME - $ 10.80
[iOS_Ragav's 1 INFO ] 2023-05-03 18:35:28.345 PaymentWindow:934 - 0.9
[iOS_Ragav's 1 INFO ] 2023-05-03 18:35:28.357 PaymentWindow:937 - 121.28
[iOS_Ragav's 1 INFO ] 2023-05-03 18:35:33.632 Hooks:70 - Failed Scenario Name : verify cash reward with Gratuity
[iOS_Ragav's 1 INFO ] 2023-05-03 18:38:13.073 ServerManager:21 - starting appium server...
[iOS_Ragav's 1 INFO ] 2023-05-03 18:38:14.142 ServerManager:30 - Appium server started...
[iOS_Ragav's 1 INFO ] 2023-05-03 18:38:14.154 DriverManager:29 - initializing Appium driver
[iOS_Ragav's 1 INFO ] 2023-05-03 18:38:14.167 PropertyManager:17 - loading config properties
[iOS_Ragav's 1 INFO ] 2023-05-03 18:38:14.168 CapabilitiesManager:18 - getting capabilities...
[iOS_Ragav's 1 INFO ] 2023-05-03 18:38:40.331 DriverManager:42 - Driver is initialized
[iOS_Ragav's 1 INFO ] 2023-05-03 18:38:40.332 Hooks:52 - Start Scenario Name : verify cash reward with Gratuity
[iOS_Ragav's 1 INFO ] 2023-05-03 18:38:53.257 BasePage:301 - Selected - Clear
[iOS_Ragav's 1 INFO ] 2023-05-03 18:38:53.974 BasePage:301 - Selected - 1
[iOS_Ragav's 1 INFO ] 2023-05-03 18:38:54.756 BasePage:301 - Selected - 2
[iOS_Ragav's 1 INFO ] 2023-05-03 18:38:55.431 BasePage:301 - Selected - 3
[iOS_Ragav's 1 INFO ] 2023-05-03 18:38:56.080 BasePage:301 - Selected - 4
[iOS_Ragav's 1 INFO ] 2023-05-03 18:38:56.564 BasePage:301 - Tapped Login.
[iOS_Ragav's 1 INFO ] 2023-05-03 18:39:02.227 BasePage:301 - Order type selection is cancelled.
[iOS_Ragav's 1 INFO ] 2023-05-03 18:40:36.117 ServerManager:21 - starting appium server...
[iOS_Ragav's 1 INFO ] 2023-05-03 18:40:37.184 ServerManager:30 - Appium server started...
[iOS_Ragav's 1 INFO ] 2023-05-03 18:40:37.197 DriverManager:29 - initializing Appium driver
[iOS_Ragav's 1 INFO ] 2023-05-03 18:40:37.208 PropertyManager:17 - loading config properties
[iOS_Ragav's 1 INFO ] 2023-05-03 18:40:37.209 CapabilitiesManager:18 - getting capabilities...
[iOS_Ragav's 1 INFO ] 2023-05-03 18:40:55.531 DriverManager:42 - Driver is initialized
[iOS_Ragav's 1 INFO ] 2023-05-03 18:40:55.532 Hooks:52 - Start Scenario Name : verify cash reward with Gratuity
[iOS_Ragav's 1 INFO ] 2023-05-03 18:41:06.438 BasePage:301 - Selected - Clear
[iOS_Ragav's 1 INFO ] 2023-05-03 18:41:07.098 BasePage:301 - Selected - 1
[iOS_Ragav's 1 INFO ] 2023-05-03 18:41:07.761 BasePage:301 - Selected - 2
[iOS_Ragav's 1 INFO ] 2023-05-03 18:41:08.396 BasePage:301 - Selected - 3
[iOS_Ragav's 1 INFO ] 2023-05-03 18:41:09.074 BasePage:301 - Selected - 4
[iOS_Ragav's 1 INFO ] 2023-05-03 18:41:09.548 BasePage:301 - Tapped Login.
[iOS_Ragav's 1 INFO ] 2023-05-03 18:41:15.043 BasePage:301 - Order type selection is cancelled.
[iOS_Ragav's 1 INFO ] 2023-05-03 18:41:28.840 OrderManagementScreen:1246 - 4-008
[iOS_Ragav's 1 INFO ] 2023-05-03 18:41:28.866 BasePage:301 - the rest of the categories is listed
[iOS_Ragav's 1 INFO ] 2023-05-03 18:41:33.960 BasePage:301 -  Selected Category as - FOOD
[iOS_Ragav's 1 INFO ] 2023-05-03 18:41:38.871 BasePage:301 - Onion Rings selected
[iOS_Ragav's 1 INFO ] 2023-05-03 18:41:39.910 BasePage:301 - Options button is tapped
[iOS_Ragav's 1 INFO ] 2023-05-03 18:41:44.301 BasePage:293 - Check Options title is - Check Options
[iOS_Ragav's 1 INFO ] 2023-05-03 18:41:44.308 BasePage:301 - Tapped Gratuity Button
[iOS_Ragav's 1 INFO ] 2023-05-03 18:41:47.967 BasePage:293 - Add Gratuity Screen is Displayed - Add Gratuity
[iOS_Ragav's 1 INFO ] 2023-05-03 18:41:47.973 BasePage:301 - Tapped Gratuity Fixed Button
[iOS_Ragav's 1 INFO ] 2023-05-03 18:41:54.557 OrderManagementScreen:697 - Subtotal Value is - $ 9.00
[iOS_Ragav's 1 INFO ] 2023-05-03 18:41:58.793 OrderManagementScreen:706 - Tax Value is - $ 0.90
[iOS_Ragav's 1 INFO ] 2023-05-03 18:42:03.016 OrderManagementScreen:760 - Gratuity Value is - $ 0.90
[iOS_Ragav's 1 INFO ] 2023-05-03 18:42:07.539 OrderManagementScreen:734 - Cash Option Value is SAME - $ 10.80
[iOS_Ragav's 1 INFO ] 2023-05-03 18:42:07.558 PaymentWindow:936 - 0.9
[iOS_Ragav's 1 INFO ] 2023-05-03 18:42:07.559 PaymentWindow:940 - 121.28
[iOS_Ragav's 1 INFO ] 2023-05-03 18:42:12.771 Hooks:70 - Failed Scenario Name : verify cash reward with Gratuity
[iOS_Ragav's 1 INFO ] 2023-05-03 18:46:49.962 ServerManager:21 - starting appium server...
[iOS_Ragav's 1 INFO ] 2023-05-03 18:46:51.036 ServerManager:30 - Appium server started...
[iOS_Ragav's 1 INFO ] 2023-05-03 18:46:51.048 DriverManager:29 - initializing Appium driver
[iOS_Ragav's 1 INFO ] 2023-05-03 18:46:51.059 PropertyManager:17 - loading config properties
[iOS_Ragav's 1 INFO ] 2023-05-03 18:46:51.060 CapabilitiesManager:18 - getting capabilities...
[iOS_Ragav's 1 INFO ] 2023-05-03 18:47:08.923 DriverManager:42 - Driver is initialized
[iOS_Ragav's 1 INFO ] 2023-05-03 18:47:08.924 Hooks:52 - Start Scenario Name : verify cash reward with Gratuity
[iOS_Ragav's 1 INFO ] 2023-05-03 18:47:09.033 BasePage:301 - Tapped pin 1
[iOS_Ragav's 1 INFO ] 2023-05-03 18:47:11.928 BasePage:301 - Tapped pin 2
[iOS_Ragav's 1 INFO ] 2023-05-03 18:47:14.675 BasePage:301 - Tapped pin 3
[iOS_Ragav's 1 INFO ] 2023-05-03 18:47:17.327 BasePage:301 - Tapped pin 4
[iOS_Ragav's 1 INFO ] 2023-05-03 18:47:20.058 BasePage:301 - Tapped Login.
[iOS_Ragav's 1 INFO ] 2023-05-03 18:47:25.498 BasePage:301 - Order type selection is cancelled.
[iOS_Ragav's 1 INFO ] 2023-05-03 18:47:39.404 OrderManagementScreen:1246 - 4-009
[iOS_Ragav's 1 INFO ] 2023-05-03 18:47:39.428 BasePage:301 - the rest of the categories is listed
[iOS_Ragav's 1 INFO ] 2023-05-03 18:47:45.049 BasePage:301 -  Selected Category as - FOOD
[iOS_Ragav's 1 INFO ] 2023-05-03 18:47:50.089 BasePage:301 - Onion Rings selected
[iOS_Ragav's 1 INFO ] 2023-05-03 18:47:55.036 OrderManagementScreen:697 - Subtotal Value is - $ 9.00
[iOS_Ragav's 1 INFO ] 2023-05-03 18:47:59.282 OrderManagementScreen:706 - Tax Value is - $ 0.90
[iOS_Ragav's 1 INFO ] 2023-05-03 18:48:03.258 OrderManagementScreen:725 - Cash Option Value is SAME - $ 9.90
[iOS_Ragav's 1 INFO ] 2023-05-03 18:48:03.267 PaymentWindow:919 - 121.275
[iOS_Ragav's 1 INFO ] 2023-05-03 18:48:08.307 Hooks:70 - Failed Scenario Name : verify cash reward with Gratuity
[iOS_Ragav's 1 INFO ] 2023-05-03 18:54:30.416 ServerManager:21 - starting appium server...
[iOS_Ragav's 1 INFO ] 2023-05-03 18:54:31.469 ServerManager:30 - Appium server started...
[iOS_Ragav's 1 INFO ] 2023-05-03 18:54:31.477 DriverManager:29 - initializing Appium driver
[iOS_Ragav's 1 INFO ] 2023-05-03 18:54:31.489 PropertyManager:17 - loading config properties
[iOS_Ragav's 1 INFO ] 2023-05-03 18:54:31.491 CapabilitiesManager:18 - getting capabilities...
[iOS_Ragav's 1 INFO ] 2023-05-03 18:54:49.908 DriverManager:42 - Driver is initialized
[iOS_Ragav's 1 INFO ] 2023-05-03 18:54:49.909 Hooks:52 - Start Scenario Name : verify cash reward with Gratuity
[iOS_Ragav's 1 INFO ] 2023-05-03 18:54:50.002 BasePage:301 - Tapped pin 1
[iOS_Ragav's 1 INFO ] 2023-05-03 18:54:52.804 BasePage:301 - Tapped pin 2
[iOS_Ragav's 1 INFO ] 2023-05-03 18:55:12.704 ServerManager:21 - starting appium server...
[iOS_Ragav's 1 INFO ] 2023-05-03 18:55:13.761 ServerManager:30 - Appium server started...
[iOS_Ragav's 1 INFO ] 2023-05-03 18:55:13.771 DriverManager:29 - initializing Appium driver
[iOS_Ragav's 1 INFO ] 2023-05-03 18:55:13.783 PropertyManager:17 - loading config properties
[iOS_Ragav's 1 INFO ] 2023-05-03 18:55:13.784 CapabilitiesManager:18 - getting capabilities...
[iOS_Ragav's 1 INFO ] 2023-05-03 18:55:31.157 DriverManager:42 - Driver is initialized
[iOS_Ragav's 1 INFO ] 2023-05-03 18:55:31.158 Hooks:52 - Start Scenario Name : verify cash reward with Gratuity
[iOS_Ragav's 1 INFO ] 2023-05-03 18:55:31.289 BasePage:301 - Tapped pin 1
[iOS_Ragav's 1 INFO ] 2023-05-03 18:55:34.294 BasePage:301 - Tapped pin 2
[iOS_Ragav's 1 INFO ] 2023-05-03 18:55:37.110 BasePage:301 - Tapped pin 3
[iOS_Ragav's 1 INFO ] 2023-05-03 18:55:39.896 BasePage:301 - Tapped pin 4
[iOS_Ragav's 1 INFO ] 2023-05-03 18:55:42.970 BasePage:301 - Tapped Login.
[iOS_Ragav's 1 INFO ] 2023-05-03 18:55:48.308 BasePage:301 - Order type selection is cancelled.
[iOS_Ragav's 1 INFO ] 2023-05-03 18:56:02.982 OrderManagementScreen:1246 - 4-010
[iOS_Ragav's 1 INFO ] 2023-05-03 18:56:03.001 BasePage:301 - the rest of the categories is listed
[iOS_Ragav's 1 INFO ] 2023-05-03 18:56:08.469 BasePage:301 -  Selected Category as - FOOD
[iOS_Ragav's 1 INFO ] 2023-05-03 18:56:13.334 BasePage:301 - Onion Rings selected
[iOS_Ragav's 1 INFO ] 2023-05-03 18:56:18.584 OrderManagementScreen:697 - Subtotal Value is - $ 9.00
[iOS_Ragav's 1 INFO ] 2023-05-03 18:56:22.920 OrderManagementScreen:706 - Tax Value is - $ 0.90
[iOS_Ragav's 1 INFO ] 2023-05-03 18:56:27.323 OrderManagementScreen:725 - Cash Option Value is SAME - $ 9.90
[iOS_Ragav's 1 INFO ] 2023-05-03 18:56:27.331 PaymentWindow:920 - 1.21275
[iOS_Ragav's 1 INFO ] 2023-05-03 18:56:32.311 Hooks:70 - Failed Scenario Name : verify cash reward with Gratuity
[iOS_Ragav's 1 INFO ] 2023-05-03 19:01:04.831 ServerManager:21 - starting appium server...
[iOS_Ragav's 1 INFO ] 2023-05-03 19:01:06.894 ServerManager:30 - Appium server started...
[iOS_Ragav's 1 INFO ] 2023-05-03 19:01:06.907 DriverManager:29 - initializing Appium driver
[iOS_Ragav's 1 INFO ] 2023-05-03 19:01:06.916 PropertyManager:17 - loading config properties
[iOS_Ragav's 1 INFO ] 2023-05-03 19:01:06.917 CapabilitiesManager:18 - getting capabilities...
[iOS_Ragav's 1 INFO ] 2023-05-03 19:01:27.182 DriverManager:42 - Driver is initialized
[iOS_Ragav's 1 INFO ] 2023-05-03 19:01:27.184 Hooks:52 - Start Scenario Name : verify cash reward with Gratuity
[iOS_Ragav's 1 INFO ] 2023-05-03 19:01:27.296 BasePage:301 - Tapped pin 1
[iOS_Ragav's 1 INFO ] 2023-05-03 19:01:30.487 BasePage:301 - Tapped pin 2
[iOS_Ragav's 1 INFO ] 2023-05-03 19:01:33.205 BasePage:301 - Tapped pin 3
[iOS_Ragav's 1 INFO ] 2023-05-03 19:01:36.015 BasePage:301 - Tapped pin 4
[iOS_Ragav's 1 INFO ] 2023-05-03 19:01:38.861 BasePage:301 - Tapped Login.
[iOS_Ragav's 1 INFO ] 2023-05-03 19:01:44.116 BasePage:301 - Order type selection is cancelled.
[iOS_Ragav's 1 INFO ] 2023-05-03 19:01:46.558 BasePage:301 - the rest of the categories is listed
[iOS_Ragav's 1 INFO ] 2023-05-03 19:01:52.017 BasePage:301 -  Selected Category as - FOOD
[iOS_Ragav's 1 INFO ] 2023-05-03 19:01:56.911 BasePage:301 - Onion Rings selected
[iOS_Ragav's 1 INFO ] 2023-05-03 19:02:02.340 OrderManagementScreen:697 - Subtotal Value is - $ 9.00
[iOS_Ragav's 1 INFO ] 2023-05-03 19:02:06.788 OrderManagementScreen:706 - Tax Value is - $ 0.90
[iOS_Ragav's 1 INFO ] 2023-05-03 19:02:11.130 OrderManagementScreen:725 - Cash Option Value is SAME - $ 9.90
[iOS_Ragav's 1 INFO ] 2023-05-03 19:02:11.141 PaymentWindow:920 - 1.21275
[iOS_Ragav's 1 INFO ] 2023-05-03 19:02:16.241 Hooks:70 - Failed Scenario Name : verify cash reward with Gratuity
[iOS_Ragav's 1 INFO ] 2023-05-03 19:09:45.389 ServerManager:21 - starting appium server...
[iOS_Ragav's 1 INFO ] 2023-05-03 19:09:46.433 ServerManager:30 - Appium server started...
[iOS_Ragav's 1 INFO ] 2023-05-03 19:09:46.443 DriverManager:29 - initializing Appium driver
[iOS_Ragav's 1 INFO ] 2023-05-03 19:09:46.452 PropertyManager:17 - loading config properties
[iOS_Ragav's 1 INFO ] 2023-05-03 19:09:46.454 CapabilitiesManager:18 - getting capabilities...
[iOS_Ragav's 1 INFO ] 2023-05-03 19:10:06.622 DriverManager:42 - Driver is initialized
[iOS_Ragav's 1 INFO ] 2023-05-03 19:10:06.623 Hooks:52 - Start Scenario Name : verify cash reward with Gratuity
[iOS_Ragav's 1 INFO ] 2023-05-03 19:10:06.750 BasePage:301 - Tapped pin 1
[iOS_Ragav's 1 INFO ] 2023-05-03 19:10:08.312 BasePage:301 - Tapped pin 2
[iOS_Ragav's 1 INFO ] 2023-05-03 19:10:09.850 BasePage:301 - Tapped pin 3
[iOS_Ragav's 1 INFO ] 2023-05-03 19:10:11.438 BasePage:301 - Tapped pin 4
[iOS_Ragav's 1 INFO ] 2023-05-03 19:10:13.300 BasePage:301 - Tapped Login.
[iOS_Ragav's 1 INFO ] 2023-05-03 19:10:17.881 BasePage:301 - Order type selection is cancelled.
[iOS_Ragav's 1 INFO ] 2023-05-03 19:10:19.935 BasePage:301 - the rest of the categories is listed
[iOS_Ragav's 1 INFO ] 2023-05-03 19:10:24.543 BasePage:301 -  Selected Category as - FOOD
[iOS_Ragav's 1 INFO ] 2023-05-03 19:10:28.635 BasePage:301 - Onion Rings selected
[iOS_Ragav's 1 INFO ] 2023-05-03 19:10:33.343 OrderManagementScreen:697 - Subtotal Value is - $ 9.00
[iOS_Ragav's 1 INFO ] 2023-05-03 19:10:37.049 OrderManagementScreen:706 - Tax Value is - $ 0.90
[iOS_Ragav's 1 INFO ] 2023-05-03 19:10:40.924 OrderManagementScreen:725 - Cash Option Value is SAME - $ 9.90
[iOS_Ragav's 1 INFO ] 2023-05-03 19:10:40.936 PaymentWindow:920 - 1.21275
[iOS_Ragav's 1 INFO ] 2023-05-03 19:10:45.180 Hooks:70 - Failed Scenario Name : verify cash reward with Gratuity
[iOS_Ragav's 1 INFO ] 2023-05-03 19:11:56.130 ServerManager:21 - starting appium server...
[iOS_Ragav's 1 INFO ] 2023-05-03 19:11:57.505 ServerManager:30 - Appium server started...
[iOS_Ragav's 1 INFO ] 2023-05-03 19:11:57.524 DriverManager:29 - initializing Appium driver
[iOS_Ragav's 1 INFO ] 2023-05-03 19:11:57.535 PropertyManager:17 - loading config properties
[iOS_Ragav's 1 INFO ] 2023-05-03 19:11:57.541 CapabilitiesManager:18 - getting capabilities...
[iOS_Ragav's 1 INFO ] 2023-05-03 19:12:15.476 DriverManager:42 - Driver is initialized
[iOS_Ragav's 1 INFO ] 2023-05-03 19:12:15.477 Hooks:52 - Start Scenario Name : verify cash reward with Gratuity
[iOS_Ragav's 1 INFO ] 2023-05-03 19:12:15.596 BasePage:301 - Tapped pin 1
[iOS_Ragav's 1 INFO ] 2023-05-03 19:12:17.133 BasePage:301 - Tapped pin 2
[iOS_Ragav's 1 INFO ] 2023-05-03 19:12:18.705 BasePage:301 - Tapped pin 3
[iOS_Ragav's 1 INFO ] 2023-05-03 19:12:20.368 BasePage:301 - Tapped pin 4
[iOS_Ragav's 1 INFO ] 2023-05-03 19:12:21.887 BasePage:301 - Tapped Login.
[iOS_Ragav's 1 INFO ] 2023-05-03 19:12:26.472 BasePage:301 - Order type selection is cancelled.
[iOS_Ragav's 1 INFO ] 2023-05-03 19:12:28.564 BasePage:301 - the rest of the categories is listed
[iOS_Ragav's 1 INFO ] 2023-05-03 19:12:33.214 BasePage:301 -  Selected Category as - FOOD
[iOS_Ragav's 1 INFO ] 2023-05-03 19:12:37.423 BasePage:301 - Onion Rings selected
[iOS_Ragav's 1 INFO ] 2023-05-03 19:12:41.879 OrderManagementScreen:697 - Subtotal Value is - $ 9.00
[iOS_Ragav's 1 INFO ] 2023-05-03 19:12:45.841 OrderManagementScreen:706 - Tax Value is - $ 0.90
[iOS_Ragav's 1 INFO ] 2023-05-03 19:12:49.453 OrderManagementScreen:725 - Cash Option Value is SAME - $ 9.90
[iOS_Ragav's 1 INFO ] 2023-05-03 19:12:49.476 PaymentWindow:920 - 1.21275
[iOS_Ragav's 1 INFO ] 2023-05-03 19:12:53.743 Hooks:70 - Failed Scenario Name : verify cash reward with Gratuity
[iOS_Ragav's 1 INFO ] 2023-05-03 19:14:07.779 ServerManager:21 - starting appium server...
[iOS_Ragav's 1 INFO ] 2023-05-03 19:14:09.145 ServerManager:30 - Appium server started...
[iOS_Ragav's 1 INFO ] 2023-05-03 19:14:09.155 DriverManager:29 - initializing Appium driver
[iOS_Ragav's 1 INFO ] 2023-05-03 19:14:09.165 PropertyManager:17 - loading config properties
[iOS_Ragav's 1 INFO ] 2023-05-03 19:14:09.165 CapabilitiesManager:18 - getting capabilities...
[iOS_Ragav's 1 INFO ] 2023-05-03 19:14:25.533 DriverManager:42 - Driver is initialized
[iOS_Ragav's 1 INFO ] 2023-05-03 19:14:25.534 Hooks:52 - Start Scenario Name : verify cash reward with Gratuity
[iOS_Ragav's 1 INFO ] 2023-05-03 19:14:25.657 BasePage:301 - Tapped pin 1
[iOS_Ragav's 1 INFO ] 2023-05-03 19:14:27.444 BasePage:301 - Tapped pin 2
[iOS_Ragav's 1 INFO ] 2023-05-03 19:14:29.047 BasePage:301 - Tapped pin 3
[iOS_Ragav's 1 INFO ] 2023-05-03 19:14:30.687 BasePage:301 - Tapped pin 4
[iOS_Ragav's 1 INFO ] 2023-05-03 19:14:32.304 BasePage:301 - Tapped Login.
[iOS_Ragav's 1 INFO ] 2023-05-03 19:14:36.926 BasePage:301 - Order type selection is cancelled.
[iOS_Ragav's 1 INFO ] 2023-05-03 19:14:39.096 BasePage:301 - the rest of the categories is listed
[iOS_Ragav's 1 INFO ] 2023-05-03 19:14:44.039 BasePage:301 -  Selected Category as - FOOD
[iOS_Ragav's 1 INFO ] 2023-05-03 19:14:48.188 BasePage:301 - Onion Rings selected
[iOS_Ragav's 1 INFO ] 2023-05-03 19:14:53.207 OrderManagementScreen:697 - Subtotal Value is - $ 9.00
[iOS_Ragav's 1 INFO ] 2023-05-03 19:14:56.772 OrderManagementScreen:706 - Tax Value is - $ 0.90
[iOS_Ragav's 1 INFO ] 2023-05-03 19:15:00.547 OrderManagementScreen:725 - Cash Option Value is SAME - $ 9.90
[iOS_Ragav's 1 INFO ] 2023-05-03 19:15:04.130 PaymentWindow:927 - 1.21
[iOS_Ragav's 1 INFO ] 2023-05-03 19:15:04.601 Hooks:70 - Failed Scenario Name : verify cash reward with Gratuity
[iOS_Ragav's 1 INFO ] 2023-05-03 19:17:46.833 ServerManager:21 - starting appium server...
[iOS_Ragav's 1 INFO ] 2023-05-03 19:17:47.886 ServerManager:30 - Appium server started...
[iOS_Ragav's 1 INFO ] 2023-05-03 19:17:47.897 DriverManager:29 - initializing Appium driver
[iOS_Ragav's 1 INFO ] 2023-05-03 19:17:47.908 PropertyManager:17 - loading config properties
[iOS_Ragav's 1 INFO ] 2023-05-03 19:17:47.909 CapabilitiesManager:18 - getting capabilities...
[iOS_Ragav's 1 INFO ] 2023-05-03 19:18:03.686 DriverManager:42 - Driver is initialized
[iOS_Ragav's 1 INFO ] 2023-05-03 19:18:03.687 Hooks:52 - Start Scenario Name : verify cash reward with Gratuity
[iOS_Ragav's 1 INFO ] 2023-05-03 19:18:03.784 BasePage:301 - Tapped pin 1
[iOS_Ragav's 1 INFO ] 2023-05-03 19:18:05.408 BasePage:301 - Tapped pin 2
[iOS_Ragav's 1 INFO ] 2023-05-03 19:18:07.105 BasePage:301 - Tapped pin 3
[iOS_Ragav's 1 INFO ] 2023-05-03 19:18:08.878 BasePage:301 - Tapped pin 4
[iOS_Ragav's 1 INFO ] 2023-05-03 19:18:10.841 BasePage:301 - Tapped Login.
[iOS_Ragav's 1 INFO ] 2023-05-03 19:18:15.426 BasePage:301 - Order type selection is cancelled.
[iOS_Ragav's 1 INFO ] 2023-05-03 19:18:17.489 BasePage:301 - the rest of the categories is listed
[iOS_Ragav's 1 INFO ] 2023-05-03 19:18:22.173 BasePage:301 -  Selected Category as - FOOD
[iOS_Ragav's 1 INFO ] 2023-05-03 19:18:26.165 BasePage:301 - Onion Rings selected
[iOS_Ragav's 1 INFO ] 2023-05-03 19:18:30.772 OrderManagementScreen:697 - Subtotal Value is - $ 9.00
[iOS_Ragav's 1 INFO ] 2023-05-03 19:18:35.110 OrderManagementScreen:706 - Tax Value is - $ 0.90
[iOS_Ragav's 1 INFO ] 2023-05-03 19:18:38.873 OrderManagementScreen:725 - Cash Option Value is SAME - $ 9.90
[iOS_Ragav's 1 INFO ] 2023-05-03 19:18:42.540 PaymentWindow:927 - 1.21
[iOS_Ragav's 1 INFO ] 2023-05-03 19:18:43.073 Hooks:70 - Failed Scenario Name : verify cash reward with Gratuity
[iOS_Ragav's 1 INFO ] 2023-05-03 19:19:49.974 ServerManager:21 - starting appium server...
[iOS_Ragav's 1 INFO ] 2023-05-03 19:19:51.019 ServerManager:30 - Appium server started...
[iOS_Ragav's 1 INFO ] 2023-05-03 19:19:51.027 DriverManager:29 - initializing Appium driver
[iOS_Ragav's 1 INFO ] 2023-05-03 19:19:51.035 PropertyManager:17 - loading config properties
[iOS_Ragav's 1 INFO ] 2023-05-03 19:19:51.036 CapabilitiesManager:18 - getting capabilities...
[iOS_Ragav's 1 INFO ] 2023-05-03 19:20:06.800 DriverManager:42 - Driver is initialized
[iOS_Ragav's 1 INFO ] 2023-05-03 19:20:06.801 Hooks:52 - Start Scenario Name : verify cash reward with Gratuity
[iOS_Ragav's 1 INFO ] 2023-05-03 19:20:06.910 BasePage:301 - Tapped pin 1
[iOS_Ragav's 1 INFO ] 2023-05-03 19:20:08.629 BasePage:301 - Tapped pin 2
[iOS_Ragav's 1 INFO ] 2023-05-03 19:20:10.294 BasePage:301 - Tapped pin 3
[iOS_Ragav's 1 INFO ] 2023-05-03 19:20:11.977 BasePage:301 - Tapped pin 4
[iOS_Ragav's 1 INFO ] 2023-05-03 19:20:13.533 BasePage:301 - Tapped Login.
[iOS_Ragav's 1 INFO ] 2023-05-03 19:20:18.107 BasePage:301 - Order type selection is cancelled.
[iOS_Ragav's 1 INFO ] 2023-05-03 19:20:20.200 BasePage:301 - the rest of the categories is listed
[iOS_Ragav's 1 INFO ] 2023-05-03 19:20:25.121 BasePage:301 -  Selected Category as - FOOD
[iOS_Ragav's 1 INFO ] 2023-05-03 19:20:29.123 BasePage:301 - Onion Rings selected
[iOS_Ragav's 1 INFO ] 2023-05-03 19:20:33.782 OrderManagementScreen:697 - Subtotal Value is - $ 9.00
[iOS_Ragav's 1 INFO ] 2023-05-03 19:20:37.643 OrderManagementScreen:706 - Tax Value is - $ 0.90
[iOS_Ragav's 1 INFO ] 2023-05-03 19:20:41.315 OrderManagementScreen:725 - Cash Option Value is SAME - $ 9.90
[iOS_Ragav's 1 INFO ] 2023-05-03 19:20:44.892 PaymentWindow:927 - 1.21
[iOS_Ragav's 1 INFO ] 2023-05-03 19:20:44.893 PaymentWindow:931 - Expected Cash Price is SAME with Actual Cash Price - 8.68725
[iOS_Ragav's 1 INFO ] 2023-05-03 19:20:44.895 BasePage:301 - Options button is tapped
[iOS_Ragav's 1 INFO ] 2023-05-03 19:20:48.685 BasePage:293 - Check Options title is - Check Options
[iOS_Ragav's 1 INFO ] 2023-05-03 19:20:48.690 BasePage:301 - Tapped Gratuity Button
[iOS_Ragav's 1 INFO ] 2023-05-03 19:20:51.871 BasePage:293 - Add Gratuity Screen is Displayed - Add Gratuity
[iOS_Ragav's 1 INFO ] 2023-05-03 19:20:51.874 BasePage:301 - Tapped Gratuity Fixed Button
[iOS_Ragav's 1 INFO ] 2023-05-03 19:20:57.809 OrderManagementScreen:697 - Subtotal Value is - $ 9.00
[iOS_Ragav's 1 INFO ] 2023-05-03 19:21:01.474 OrderManagementScreen:706 - Tax Value is - $ 0.90
[iOS_Ragav's 1 INFO ] 2023-05-03 19:21:05.172 OrderManagementScreen:760 - Gratuity Value is - $ 0.90
[iOS_Ragav's 1 INFO ] 2023-05-03 19:21:09.071 OrderManagementScreen:734 - Cash Option Value is SAME - $ 10.80
[iOS_Ragav's 1 INFO ] 2023-05-03 19:21:09.074 PaymentWindow:939 - 0.9
[iOS_Ragav's 1 INFO ] 2023-05-03 19:21:09.074 PaymentWindow:943 - Total Prize - 9.9
[iOS_Ragav's 1 INFO ] 2023-05-03 19:21:09.075 PaymentWindow:948 - 121.28
[iOS_Ragav's 1 INFO ] 2023-05-03 19:21:13.194 Hooks:70 - Failed Scenario Name : verify cash reward with Gratuity
[iOS_Ragav's 1 INFO ] 2023-05-03 19:25:28.141 ServerManager:21 - starting appium server...
[iOS_Ragav's 1 INFO ] 2023-05-03 19:25:30.233 ServerManager:30 - Appium server started...
[iOS_Ragav's 1 INFO ] 2023-05-03 19:25:30.264 DriverManager:29 - initializing Appium driver
[iOS_Ragav's 1 INFO ] 2023-05-03 19:25:30.293 PropertyManager:17 - loading config properties
[iOS_Ragav's 1 INFO ] 2023-05-03 19:25:30.295 CapabilitiesManager:18 - getting capabilities...
[iOS_Ragav's 1 INFO ] 2023-05-03 19:25:48.189 DriverManager:42 - Driver is initialized
[iOS_Ragav's 1 INFO ] 2023-05-03 19:25:48.190 Hooks:52 - Start Scenario Name : verify cash reward with Gratuity
[iOS_Ragav's 1 INFO ] 2023-05-03 19:25:48.306 BasePage:301 - Tapped pin 1
[iOS_Ragav's 1 INFO ] 2023-05-03 19:25:49.859 BasePage:301 - Tapped pin 2
[iOS_Ragav's 1 INFO ] 2023-05-03 19:25:51.470 BasePage:301 - Tapped pin 3
[iOS_Ragav's 1 INFO ] 2023-05-03 19:25:53.245 BasePage:301 - Tapped pin 4
[iOS_Ragav's 1 INFO ] 2023-05-03 19:25:54.806 BasePage:301 - Tapped Login.
[iOS_Ragav's 1 INFO ] 2023-05-03 19:25:59.480 BasePage:301 - Order type selection is cancelled.
[iOS_Ragav's 1 INFO ] 2023-05-03 19:26:01.504 BasePage:301 - the rest of the categories is listed
[iOS_Ragav's 1 INFO ] 2023-05-03 19:26:06.279 BasePage:301 -  Selected Category as - FOOD
[iOS_Ragav's 1 INFO ] 2023-05-03 19:26:10.290 BasePage:301 - Onion Rings selected
[iOS_Ragav's 1 INFO ] 2023-05-03 19:26:11.142 BasePage:301 - Options button is tapped
[iOS_Ragav's 1 INFO ] 2023-05-03 19:26:14.910 BasePage:293 - Check Options title is - Check Options
[iOS_Ragav's 1 INFO ] 2023-05-03 19:26:14.918 BasePage:301 - Tapped Gratuity Button
[iOS_Ragav's 1 INFO ] 2023-05-03 19:26:18.237 BasePage:293 - Add Gratuity Screen is Displayed - Add Gratuity
[iOS_Ragav's 1 INFO ] 2023-05-03 19:26:18.242 BasePage:301 - Tapped Gratuity Fixed Button
[iOS_Ragav's 1 INFO ] 2023-05-03 19:26:24.144 OrderManagementScreen:697 - Subtotal Value is - $ 9.00
[iOS_Ragav's 1 INFO ] 2023-05-03 19:26:27.931 OrderManagementScreen:706 - Tax Value is - $ 0.90
[iOS_Ragav's 1 INFO ] 2023-05-03 19:26:31.514 OrderManagementScreen:760 - Gratuity Value is - $ 0.90
[iOS_Ragav's 1 INFO ] 2023-05-03 19:26:35.693 OrderManagementScreen:734 - Cash Option Value is SAME - $ 10.80
[iOS_Ragav's 1 INFO ] 2023-05-03 19:26:35.709 PaymentWindow:939 - 0.9
[iOS_Ragav's 1 INFO ] 2023-05-03 19:26:35.709 PaymentWindow:943 - Total Prize - 9.9
[iOS_Ragav's 1 INFO ] 2023-05-03 19:26:35.710 PaymentWindow:948 - 121.28
[iOS_Ragav's 1 INFO ] 2023-05-03 19:26:39.844 Hooks:70 - Failed Scenario Name : verify cash reward with Gratuity
[iOS_Ragav's 1 INFO ] 2023-05-03 19:29:58.513 ServerManager:21 - starting appium server...
[iOS_Ragav's 1 INFO ] 2023-05-03 19:30:00.164 ServerManager:30 - Appium server started...
[iOS_Ragav's 1 INFO ] 2023-05-03 19:30:00.184 DriverManager:29 - initializing Appium driver
[iOS_Ragav's 1 INFO ] 2023-05-03 19:30:00.197 PropertyManager:17 - loading config properties
[iOS_Ragav's 1 INFO ] 2023-05-03 19:30:00.198 CapabilitiesManager:18 - getting capabilities...
[iOS_Ragav's 1 INFO ] 2023-05-03 19:30:19.709 DriverManager:42 - Driver is initialized
[iOS_Ragav's 1 INFO ] 2023-05-03 19:30:19.710 Hooks:52 - Start Scenario Name : verify cash reward with Gratuity
[iOS_Ragav's 1 INFO ] 2023-05-03 19:30:19.866 BasePage:301 - Tapped pin 1
[iOS_Ragav's 1 INFO ] 2023-05-03 19:30:21.523 BasePage:301 - Tapped pin 2
[iOS_Ragav's 1 INFO ] 2023-05-03 19:30:23.499 BasePage:301 - Tapped pin 3
[iOS_Ragav's 1 INFO ] 2023-05-03 19:30:25.242 BasePage:301 - Tapped pin 4
[iOS_Ragav's 1 INFO ] 2023-05-03 19:30:26.820 BasePage:301 - Tapped Login.
[iOS_Ragav's 1 INFO ] 2023-05-03 19:30:31.406 BasePage:301 - Order type selection is cancelled.
[iOS_Ragav's 1 INFO ] 2023-05-03 19:30:33.503 BasePage:301 - the rest of the categories is listed
[iOS_Ragav's 1 INFO ] 2023-05-03 19:30:38.237 BasePage:301 -  Selected Category as - FOOD
[iOS_Ragav's 1 INFO ] 2023-05-03 19:30:42.253 BasePage:301 - Onion Rings selected
[iOS_Ragav's 1 INFO ] 2023-05-03 19:30:43.084 BasePage:301 - Options button is tapped
[iOS_Ragav's 1 INFO ] 2023-05-03 19:30:46.886 BasePage:293 - Check Options title is - Check Options
[iOS_Ragav's 1 INFO ] 2023-05-03 19:30:46.905 BasePage:301 - Tapped Gratuity Button
[iOS_Ragav's 1 INFO ] 2023-05-03 19:30:50.149 BasePage:293 - Add Gratuity Screen is Displayed - Add Gratuity
[iOS_Ragav's 1 INFO ] 2023-05-03 19:30:50.163 BasePage:301 - Tapped Gratuity Fixed Button
[iOS_Ragav's 1 INFO ] 2023-05-03 19:30:55.971 OrderManagementScreen:697 - Subtotal Value is - $ 9.00
[iOS_Ragav's 1 INFO ] 2023-05-03 19:30:59.601 OrderManagementScreen:706 - Tax Value is - $ 0.90
[iOS_Ragav's 1 INFO ] 2023-05-03 19:31:03.244 OrderManagementScreen:760 - Gratuity Value is - $ 0.90
[iOS_Ragav's 1 INFO ] 2023-05-03 19:31:06.862 OrderManagementScreen:734 - Cash Option Value is SAME - $ 10.80
[iOS_Ragav's 1 INFO ] 2023-05-03 19:31:06.888 PaymentWindow:939 - 0.9
[iOS_Ragav's 1 INFO ] 2023-05-03 19:31:06.888 PaymentWindow:943 - Total Prize - 9.9
[iOS_Ragav's 1 INFO ] 2023-05-03 19:31:06.889 PaymentWindow:948 - 121.28
[iOS_Ragav's 1 INFO ] 2023-05-03 19:31:10.367 PaymentWindow:957 - Expected Cash Price is SAME with Actual Cash Price - 9.59
[iOS_Ragav's 1 INFO ] 2023-05-03 19:31:10.374 BasePage:301 - Payment button is tapped
[iOS_Ragav's 1 INFO ] 2023-05-03 19:31:21.083 PaymentWindow:981 - Total is SAME with Balance Due Payment screen - $ 10.80
[iOS_Ragav's 1 INFO ] 2023-05-03 19:31:26.520 BasePage:301 - Tapped Cash Payment
[iOS_Ragav's 1 INFO ] 2023-05-03 19:31:34.606 BasePage:293 - Change Due text is Displayed - Change Due
[iOS_Ragav's 1 INFO ] 2023-05-03 19:31:38.687 Hooks:70 - Failed Scenario Name : verify cash reward with Gratuity
[iOS_Ragav's 1 INFO ] 2023-05-03 19:46:47.696 ServerManager:21 - starting appium server...
[iOS_Ragav's 1 INFO ] 2023-05-03 19:46:49.455 ServerManager:30 - Appium server started...
[iOS_Ragav's 1 INFO ] 2023-05-03 19:46:49.469 DriverManager:29 - initializing Appium driver
[iOS_Ragav's 1 INFO ] 2023-05-03 19:46:49.479 PropertyManager:17 - loading config properties
[iOS_Ragav's 1 INFO ] 2023-05-03 19:46:49.480 CapabilitiesManager:18 - getting capabilities...
[iOS_Ragav's 1 INFO ] 2023-05-03 19:47:13.988 DriverManager:42 - Driver is initialized
[iOS_Ragav's 1 INFO ] 2023-05-03 19:47:13.989 Hooks:52 - Start Scenario Name : verify cash reward with Quantity based tax & Gratuity
[iOS_Ragav's 1 INFO ] 2023-05-03 19:47:14.099 BasePage:301 - Tapped pin 1
[iOS_Ragav's 1 INFO ] 2023-05-03 19:47:15.702 BasePage:301 - Tapped pin 2
[iOS_Ragav's 1 INFO ] 2023-05-03 19:47:17.260 BasePage:301 - Tapped pin 3
[iOS_Ragav's 1 INFO ] 2023-05-03 19:47:18.921 BasePage:301 - Tapped pin 4
[iOS_Ragav's 1 INFO ] 2023-05-03 19:47:20.592 BasePage:301 - Tapped Login.
[iOS_Ragav's 1 INFO ] 2023-05-03 19:47:25.158 BasePage:301 - Order type selection is cancelled.
[iOS_Ragav's 1 INFO ] 2023-05-03 19:47:37.267 OrderManagementScreen:1246 - 49-012
[iOS_Ragav's 1 INFO ] 2023-05-03 19:47:37.311 BasePage:301 - the rest of the categories is listed
[iOS_Ragav's 1 INFO ] 2023-05-03 19:47:41.840 BasePage:301 -  Selected Category as - Appetizers
[iOS_Ragav's 1 INFO ] 2023-05-03 19:47:45.419 BasePage:301 - RAPINI selected
[iOS_Ragav's 1 INFO ] 2023-05-03 19:47:46.166 BasePage:301 - Options button is tapped
[iOS_Ragav's 1 INFO ] 2023-05-03 19:47:49.431 BasePage:293 - Check Options title is - Check Options
[iOS_Ragav's 1 INFO ] 2023-05-03 19:47:49.462 BasePage:301 - Tapped Gratuity Button
[iOS_Ragav's 1 INFO ] 2023-05-03 19:47:52.215 BasePage:293 - Add Gratuity Screen is Displayed - Add Gratuity
[iOS_Ragav's 1 INFO ] 2023-05-03 19:47:52.222 BasePage:301 - Tapped Gratuity Fixed Button
[iOS_Ragav's 1 INFO ] 2023-05-03 19:47:56.581 Discount:78 - SubTotal of Menu Item - $ 13.00
[iOS_Ragav's 1 INFO ] 2023-05-03 19:47:59.165 OrderManagementScreen:963 -  Tax is - $ 0.65
[iOS_Ragav's 1 INFO ] 2023-05-03 19:48:01.991 OrderManagementScreen:760 - Gratuity Value is - $ 1.30
[iOS_Ragav's 1 INFO ] 2023-05-03 19:48:05.017 Discount:140 - Total Value is - $ 14.95
[iOS_Ragav's 1 INFO ] 2023-05-03 19:48:05.033 PaymentWindow:939 - 1.3
[iOS_Ragav's 1 INFO ] 2023-05-03 19:48:05.034 PaymentWindow:943 - Total Prize - 13.649999999999999
[iOS_Ragav's 1 INFO ] 2023-05-03 19:48:05.035 PaymentWindow:948 - 167.21
[iOS_Ragav's 1 INFO ] 2023-05-03 19:48:07.991 PaymentWindow:957 - Expected Cash Price is SAME with Actual Cash Price - 13.28
[iOS_Ragav's 1 INFO ] 2023-05-03 19:48:26.602 BasePage:301 - 5 selected
[iOS_Ragav's 1 INFO ] 2023-05-03 19:48:27.709 BasePage:301 - Tapped Continue
[iOS_Ragav's 1 INFO ] 2023-05-03 19:48:32.259 Discount:78 - SubTotal of Menu Item - $ 65.00
[iOS_Ragav's 1 INFO ] 2023-05-03 19:48:35.441 OrderManagementScreen:963 -  Tax is - $ 6.50
[iOS_Ragav's 1 INFO ] 2023-05-03 19:48:38.575 OrderManagementScreen:760 - Gratuity Value is - $ 6.50
[iOS_Ragav's 1 INFO ] 2023-05-03 19:48:41.378 Discount:140 - Total Value is - $ 78.00
[iOS_Ragav's 1 INFO ] 2023-05-03 19:48:41.390 PaymentWindow:939 - 6.5
[iOS_Ragav's 1 INFO ] 2023-05-03 19:48:41.390 PaymentWindow:943 - Total Prize - 71.5
[iOS_Ragav's 1 INFO ] 2023-05-03 19:48:41.391 PaymentWindow:948 - 875.88
[iOS_Ragav's 1 INFO ] 2023-05-03 19:48:44.396 PaymentWindow:957 - Expected Cash Price is SAME with Actual Cash Price - 69.24
[iOS_Ragav's 1 INFO ] 2023-05-03 19:49:03.062 BasePage:301 -  selected
[iOS_Ragav's 1 INFO ] 2023-05-03 19:49:04.144 BasePage:301 - Tapped Continue
[iOS_Ragav's 1 INFO ] 2023-05-03 19:49:08.247 Discount:78 - SubTotal of Menu Item - $ 104.00
[iOS_Ragav's 1 INFO ] 2023-05-03 19:49:10.813 OrderManagementScreen:963 -  Tax is - $ 15.60
[iOS_Ragav's 1 INFO ] 2023-05-03 19:49:13.588 OrderManagementScreen:760 - Gratuity Value is - $ 10.40
[iOS_Ragav's 1 INFO ] 2023-05-03 19:49:16.392 Discount:140 - Total Value is - $ 130.00
[iOS_Ragav's 1 INFO ] 2023-05-03 19:49:16.398 PaymentWindow:939 - 10.4
[iOS_Ragav's 1 INFO ] 2023-05-03 19:49:16.398 PaymentWindow:943 - Total Prize - 119.6
[iOS_Ragav's 1 INFO ] 2023-05-03 19:49:16.398 PaymentWindow:948 - 1465.10
[iOS_Ragav's 1 INFO ] 2023-05-03 19:49:19.272 PaymentWindow:957 - Expected Cash Price is SAME with Actual Cash Price - 115.35
[iOS_Ragav's 1 INFO ] 2023-05-03 19:49:19.283 BasePage:301 - Payment button is tapped
[iOS_Ragav's 1 INFO ] 2023-05-03 19:49:27.655 PaymentWindow:981 - Total is SAME with Balance Due Payment screen - $ 130.00
[iOS_Ragav's 1 INFO ] 2023-05-03 19:49:32.033 BasePage:301 - Tapped Cash Payment
[iOS_Ragav's 1 INFO ] 2023-05-03 19:49:38.570 BasePage:293 - Change Due text is Displayed - Change Due
[iOS_Ragav's 1 INFO ] 2023-05-03 19:49:41.471 Hooks:70 - Failed Scenario Name : verify cash reward with Quantity based tax & Gratuity
