[iOS_Ragav's 1 INFO ] 2023-09-01 18:51:31.873 ServerManager:22 - starting appium server...
[iOS_Ragav's 1 INFO ] 2023-09-01 18:51:31.990 GlobalParams:130 - PORT Number is - 6042
[iOS_Ragav's 1 INFO ] 2023-09-01 18:51:31.990 ServerManager:22 - starting appium server...
[iOS_Ragav's 1 INFO ] 2023-09-01 18:51:32.078 GlobalParams:130 - PORT Number is - 8366
[iOS_Ragav's 1 INFO ] 2023-09-01 18:51:32.078 ServerManager:22 - starting appium server...
[iOS_Ragav's 1 INFO ] 2023-09-01 18:51:32.129 GlobalParams:130 - PORT Number is - 5701
[iOS_Ragav's 1 INFO ] 2023-09-01 18:51:32.130 ServerManager:22 - starting appium server...
[iOS_Ragav's 1 INFO ] 2023-09-01 18:51:32.181 GlobalParams:130 - PORT Number is - 7433
[iOS_Ragav's 1 INFO ] 2023-09-01 18:51:32.181 ServerManager:22 - starting appium server...
[iOS_Ragav's 1 INFO ] 2023-09-01 18:51:32.238 GlobalParams:130 - PORT Number is - 6617
[iOS_Ragav's 1 INFO ] 2023-09-01 18:51:32.239 ServerManager:22 - starting appium server...
[iOS_Ragav's 1 INFO ] 2023-09-01 18:51:32.296 GlobalParams:130 - PORT Number is - 9217
[iOS_Ragav's 1 INFO ] 2023-09-01 18:51:32.296 ServerManager:22 - starting appium server...
[iOS_Ragav's 1 INFO ] 2023-09-01 18:51:50.517 ServerManager:22 - starting appium server...
[iOS_Ragav's 1 INFO ] 2023-09-01 18:51:50.768 GlobalParams:130 - PORT Number is - 10576
[iOS_Ragav's 1 INFO ] 2023-09-01 18:51:50.769 ServerManager:22 - starting appium server...
[iOS_Ragav's 1 INFO ] 2023-09-01 18:51:50.895 GlobalParams:130 - PORT Number is - 5817
[iOS_Ragav's 1 INFO ] 2023-09-01 18:51:50.896 ServerManager:22 - starting appium server...
[iOS_Ragav's 1 INFO ] 2023-09-01 18:51:51.006 GlobalParams:130 - PORT Number is - 7892
[iOS_Ragav's 1 INFO ] 2023-09-01 18:51:51.006 ServerManager:22 - starting appium server...
[iOS_Ragav's 1 INFO ] 2023-09-01 18:51:51.088 GlobalParams:130 - PORT Number is - 7761
[iOS_Ragav's 1 INFO ] 2023-09-01 18:51:51.089 ServerManager:22 - starting appium server...
[iOS_Ragav's 1 INFO ] 2023-09-01 18:51:51.180 GlobalParams:130 - PORT Number is - 10116
[iOS_Ragav's 1 INFO ] 2023-09-01 18:51:51.181 ServerManager:22 - starting appium server...
[iOS_Ragav's 1 INFO ] 2023-09-01 18:51:51.382 GlobalParams:130 - PORT Number is - 5897
[iOS_Ragav's 1 INFO ] 2023-09-01 18:51:51.383 ServerManager:22 - starting appium server...
[iOS_Ragav's 1 INFO ] 2023-09-01 18:52:46.862 ServerManager:22 - starting appium server...
[iOS_Ragav's 1 INFO ] 2023-09-01 18:52:47.903 ServerManager:31 - Appium server started...
[iOS_Ragav's 1 INFO ] 2023-09-01 18:52:47.910 DriverManager:29 - initializing Appium driver
[iOS_Ragav's 1 INFO ] 2023-09-01 18:52:47.925 PropertyManager:17 - loading config properties
[iOS_Ragav's 1 INFO ] 2023-09-01 18:52:47.925 CapabilitiesManager:18 - getting capabilities...
[iOS_Ragav's 1 INFO ] 2023-09-01 18:53:04.172 DriverManager:42 - Driver is initialized
[iOS_Ragav's 1 INFO ] 2023-09-01 18:53:04.173 Hooks:52 - Start Scenario Name : Upcharge (Role restriction)
[iOS_Ragav's 1 INFO ] 2023-09-01 18:53:04.318 BasePage:301 - Tapped pin 9 
[iOS_Ragav's 1 INFO ] 2023-09-01 18:53:04.807 BasePage:301 - Tapped pin 8
[iOS_Ragav's 1 INFO ] 2023-09-01 18:53:05.258 BasePage:301 - Tapped pin 9 
[iOS_Ragav's 1 INFO ] 2023-09-01 18:53:05.708 BasePage:301 - Tapped pin 8
[iOS_Ragav's 1 INFO ] 2023-09-01 18:53:06.209 BasePage:301 - Tapped Login.
[iOS_Ragav's 1 INFO ] 2023-09-01 18:53:11.547 BasePage:301 - Exit Button is tapped
[iOS_Ragav's 1 INFO ] 2023-09-01 18:53:13.637 BasePage:301 - the rest of the categories is listed
[iOS_Ragav's 1 INFO ] 2023-09-01 18:53:15.987 BasePage:301 - Tapped PAsta Button
[iOS_Ragav's 1 INFO ] 2023-09-01 18:53:17.069 BasePage:301 - Bubble Gum selected
[iOS_Ragav's 1 INFO ] 2023-09-01 18:53:17.993 OrderManagementScreen:740 - Subtotal Value is - $ 5.72
[iOS_Ragav's 1 INFO ] 2023-09-01 18:53:18.629 OrderManagementScreen:882 - Tax Value is - $ 0.57
[iOS_Ragav's 1 INFO ] 2023-09-01 18:53:24.190 Hooks:70 - Failed Scenario Name : Upcharge (Role restriction)
[iOS_Ragav's 1 INFO ] 2023-09-01 18:53:27.523 GlobalParams:130 - PORT Number is - 9946
[iOS_Ragav's 1 INFO ] 2023-09-01 18:53:27.523 ServerManager:22 - starting appium server...
[iOS_Ragav's 1 INFO ] 2023-09-01 18:53:28.521 ServerManager:31 - Appium server started...
[iOS_Ragav's 1 INFO ] 2023-09-01 18:53:28.521 DriverManager:29 - initializing Appium driver
[iOS_Ragav's 1 INFO ] 2023-09-01 18:53:28.522 CapabilitiesManager:18 - getting capabilities...
[iOS_Ragav's 1 INFO ] 2023-09-01 18:53:45.128 DriverManager:42 - Driver is initialized
[iOS_Ragav's 1 INFO ] 2023-09-01 18:53:45.130 Hooks:52 - Start Scenario Name : Menu Option - Verify the Menu option for the all service type by menu level in order screen
[iOS_Ragav's 1 INFO ] 2023-09-01 18:53:45.165 BasePage:301 - Tapped pin 1
[iOS_Ragav's 1 INFO ] 2023-09-01 18:53:45.780 BasePage:301 - Tapped pin 2
[iOS_Ragav's 1 INFO ] 2023-09-01 18:53:46.252 BasePage:301 - Tapped pin 3
[iOS_Ragav's 1 INFO ] 2023-09-01 18:53:46.946 BasePage:301 - Tapped pin 4
[iOS_Ragav's 1 INFO ] 2023-09-01 18:53:47.742 BasePage:301 - Tapped Login.
[iOS_Ragav's 1 INFO ] 2023-09-01 18:53:49.799 BasePage:301 - Order type selection is cancelled.
[iOS_Ragav's 1 INFO ] 2023-09-01 18:53:50.547 BasePage:301 - the rest of the categories is listed
[iOS_Ragav's 1 INFO ] 2023-09-01 18:53:51.473 BasePage:301 - Food Category selected
[iOS_Ragav's 1 INFO ] 2023-09-01 18:53:52.798 BasePage:301 - Onion Rings selected
[iOS_Ragav's 1 INFO ] 2023-09-01 18:53:54.163 BasePage:301 - Tapped Menu Items to see Menu Option Green
[iOS_Ragav's 1 INFO ] 2023-09-01 18:53:55.526 BasePage:293 - Menu Option Screen is Displayed - Menu Option - Onion Rings 
[iOS_Ragav's 1 INFO ] 2023-09-01 18:53:55.529 BasePage:301 - Tapped Fire Button
[iOS_Ragav's 1 INFO ] 2023-09-01 18:53:57.175 BasePage:301 - Tapped Menu Items to see Menu Option Green
[iOS_Ragav's 1 INFO ] 2023-09-01 18:53:58.629 BasePage:293 - Menu Option Screen is Displayed - Menu Option - Onion Rings 
[iOS_Ragav's 1 INFO ] 2023-09-01 18:53:58.632 BasePage:301 - Tapped void button
[iOS_Ragav's 1 INFO ] 2023-09-01 18:54:00.017 BasePage:293 - void Reason txt is displayed - Void Reason
[iOS_Ragav's 1 INFO ] 2023-09-01 18:54:00.026 BasePage:301 - Ordered wrongly is selected
[iOS_Ragav's 1 INFO ] 2023-09-01 18:54:00.863 BasePage:301 - Add (void reason) button is tapped
[iOS_Ragav's 1 INFO ] 2023-09-01 18:54:02.300 BasePage:293 - Receipt Printer is Displayed - Receipt Printer
[iOS_Ragav's 1 INFO ] 2023-09-01 18:54:02.311 BasePage:301 - Tapped Done Button on the Popup
[iOS_Ragav's 1 INFO ] 2023-09-01 18:54:03.121 BasePage:301 - Void button tapped
[iOS_Ragav's 1 INFO ] 2023-09-01 18:54:04.447 BasePage:293 - void Reason txt is displayed - Void Reason
[iOS_Ragav's 1 INFO ] 2023-09-01 18:54:04.451 BasePage:301 - Ordered wrongly is selected
[iOS_Ragav's 1 INFO ] 2023-09-01 18:54:05.189 BasePage:301 - Add (void reason) button is tapped
[iOS_Ragav's 1 INFO ] 2023-09-01 18:54:06.737 BasePage:293 - Receipt Printer is Displayed - Receipt Printer
[iOS_Ragav's 1 INFO ] 2023-09-01 18:54:06.742 BasePage:301 - Tapped Done Button on the Popup
[iOS_Ragav's 1 INFO ] 2023-09-01 18:54:08.548 BasePage:301 - Order type selection is cancelled.
[iOS_Ragav's 1 INFO ] 2023-09-01 18:54:09.405 BasePage:301 - the rest of the categories is listed
[iOS_Ragav's 1 INFO ] 2023-09-01 18:54:10.751 BasePage:301 - Food Category selected
[iOS_Ragav's 1 INFO ] 2023-09-01 18:54:12.261 BasePage:301 - mongo test selected
[iOS_Ragav's 1 INFO ] 2023-09-01 18:54:13.562 BasePage:301 - Tapped Menu Items to see Menu Option Green
[iOS_Ragav's 1 INFO ] 2023-09-01 18:54:15.242 BasePage:293 - Menu Option Screen is Displayed - Menu Option - mongo test 
[iOS_Ragav's 1 INFO ] 2023-09-01 18:54:15.245 BasePage:301 - Tapped Repeat Button
[iOS_Ragav's 1 INFO ] 2023-09-01 18:54:19.099 MenuOptionScreen:160 - Repeated Menu item is Visible
[iOS_Ragav's 1 INFO ] 2023-09-01 18:54:19.988 BasePage:301 - Tapped Menu Items to see Menu Option Green
[iOS_Ragav's 1 INFO ] 2023-09-01 18:54:21.486 BasePage:293 - Menu Option Screen is Displayed - Menu Option - mongo test 
[iOS_Ragav's 1 INFO ] 2023-09-01 18:54:21.489 BasePage:301 - Tapped Quantity Button
[iOS_Ragav's 1 INFO ] 2023-09-01 18:54:23.849 BasePage:301 - 3selected
[iOS_Ragav's 1 INFO ] 2023-09-01 18:54:24.274 BasePage:301 - Continue (Close Till) button is tapped.
[iOS_Ragav's 1 INFO ] 2023-09-01 18:54:26.693 MenuOptionScreen:178 - 3 Is Visible
[iOS_Ragav's 1 INFO ] 2023-09-01 18:54:27.512 BasePage:301 - Tapped Menu Items to see Menu Option Green
[iOS_Ragav's 1 INFO ] 2023-09-01 18:54:29.048 BasePage:293 - Menu Option Screen is Displayed - Menu Option - mongo test 
[iOS_Ragav's 1 INFO ] 2023-09-01 18:54:29.051 BasePage:301 - Tapped Quantity Button
[iOS_Ragav's 1 INFO ] 2023-09-01 18:54:31.883 BasePage:301 - 1selected
[iOS_Ragav's 1 INFO ] 2023-09-01 18:54:32.800 BasePage:301 - Continue (Close Till) button is tapped.
[iOS_Ragav's 1 INFO ] 2023-09-01 18:54:35.633 MenuOptionScreen:178 - 1 Is Visible
[iOS_Ragav's 1 INFO ] 2023-09-01 18:54:36.590 BasePage:301 - Tapped Menu Items to see Menu Option Green
[iOS_Ragav's 1 INFO ] 2023-09-01 18:54:38.176 BasePage:293 - Menu Option Screen is Displayed - Menu Option - mongo test 
[iOS_Ragav's 1 INFO ] 2023-09-01 18:54:38.178 BasePage:301 - Tapped Attach Button
[iOS_Ragav's 1 INFO ] 2023-09-01 18:54:39.642 BasePage:293 - Add Notes Screen Is Displayed - Add Notes
[iOS_Ragav's 1 INFO ] 2023-09-01 18:54:41.081 BasePage:301 - Tapped Reason  Spicy
[iOS_Ragav's 1 INFO ] 2023-09-01 18:54:42.646 MenuOptionScreen:292 - SpicyAdd Notes Reason is Tapped
[iOS_Ragav's 1 INFO ] 2023-09-01 18:54:42.648 BasePage:301 - Add (void reason) button is tapped
[iOS_Ragav's 1 INFO ] 2023-09-01 18:54:44.738 MenuOptionScreen:303 - SpicyAdd reason Is Applied on Order Screen
[iOS_Ragav's 1 INFO ] 2023-09-01 18:54:44.741 BasePage:301 - Void button tapped
[iOS_Ragav's 1 INFO ] 2023-09-01 18:54:45.943 BasePage:293 - All Orders are voided is Displayed - All orders are voided
[iOS_Ragav's 1 INFO ] 2023-09-01 18:54:45.947 BasePage:301 - Tapped Done Button on the Popup
[iOS_Ragav's 1 INFO ] 2023-09-01 18:54:46.705 BasePage:301 - the rest of the categories is listed
[iOS_Ragav's 1 INFO ] 2023-09-01 18:54:48.358 BasePage:301 - Food Category selected
[iOS_Ragav's 1 INFO ] 2023-09-01 18:54:49.802 BasePage:301 - mongo test selected
[iOS_Ragav's 1 INFO ] 2023-09-01 18:54:51.018 BasePage:301 - Tapped Menu Items to see Menu Option Green
[iOS_Ragav's 1 INFO ] 2023-09-01 18:54:52.713 BasePage:293 - Menu Option Screen is Displayed - Menu Option - mongo test 
[iOS_Ragav's 1 INFO ] 2023-09-01 18:54:52.716 BasePage:301 - Tapped Attach Button
[iOS_Ragav's 1 INFO ] 2023-09-01 18:54:56.131 BasePage:301 - selected Discount as - IB-AfterTax-Amount
[iOS_Ragav's 1 INFO ] 2023-09-01 18:54:58.131 MenuOptionScreen:199 - Discount is applied - IB-AfterTax-Amount
[iOS_Ragav's 1 INFO ] 2023-09-01 18:54:58.133 BasePage:301 - Void button tapped
[iOS_Ragav's 1 INFO ] 2023-09-01 18:54:59.327 BasePage:293 - All Orders are voided is Displayed - All orders are voided
[iOS_Ragav's 1 INFO ] 2023-09-01 18:54:59.330 BasePage:301 - Tapped Done Button on the Popup
[iOS_Ragav's 1 INFO ] 2023-09-01 18:55:00.652 BasePage:301 - mongo test selected
[iOS_Ragav's 1 INFO ] 2023-09-01 18:55:01.877 BasePage:301 - Tapped Menu Items to see Menu Option Green
[iOS_Ragav's 1 INFO ] 2023-09-01 18:55:03.655 BasePage:293 - Menu Option Screen is Displayed - Menu Option - mongo test 
[iOS_Ragav's 1 INFO ] 2023-09-01 18:55:03.662 BasePage:301 - - Tax Exempt is tapped
[iOS_Ragav's 1 INFO ] 2023-09-01 18:55:07.219 BasePage:293 - Open item Screen txt is Displayed - Open Item
[iOS_Ragav's 1 INFO ] 2023-09-01 18:55:07.227 BasePage:301 - Tapped Coursing name field
[iOS_Ragav's 1 INFO ] 2023-09-01 18:55:20.315 BasePage:301 - Price Field selected
[iOS_Ragav's 1 INFO ] 2023-09-01 18:55:23.219 BasePage:301 - 1 is selected 
[iOS_Ragav's 1 INFO ] 2023-09-01 18:55:26.085 BasePage:301 - 00 is selected - 
[iOS_Ragav's 1 INFO ] 2023-09-01 18:55:28.145 BasePage:301 - 00 is selected - 
[iOS_Ragav's 1 INFO ] 2023-09-01 18:55:29.713 BasePage:301 - Continue button is tapped - 
[iOS_Ragav's 1 INFO ] 2023-09-01 18:55:31.262 BasePage:301 - Done button is tapped - 
[iOS_Ragav's 1 INFO ] 2023-09-01 18:55:36.527 OrderManagementScreen:1257 - Open Item is added
[iOS_Ragav's 1 INFO ] 2023-09-01 18:55:36.531 BasePage:301 - Void button tapped
[iOS_Ragav's 1 INFO ] 2023-09-01 18:55:37.829 BasePage:293 - All Orders are voided is Displayed - All orders are voided
[iOS_Ragav's 1 INFO ] 2023-09-01 18:55:37.832 BasePage:301 - Tapped Done Button on the Popup
[iOS_Ragav's 1 INFO ] 2023-09-01 18:55:39.104 BasePage:301 - mongo test selected
[iOS_Ragav's 1 INFO ] 2023-09-01 18:55:40.781 Discount:78 - SubTotal of Menu Item - $ 10.00
[iOS_Ragav's 1 INFO ] 2023-09-01 18:55:42.003 OrderManagementScreen:1226 -  Tax is - $ 1.20
[iOS_Ragav's 1 INFO ] 2023-09-01 18:55:43.260 Discount:89 - Total of Menu Item is - $ 11.20
[iOS_Ragav's 1 INFO ] 2023-09-01 18:55:44.076 BasePage:301 - Tapped Menu Items to see Menu Option Green
[iOS_Ragav's 1 INFO ] 2023-09-01 18:55:45.513 BasePage:293 - Menu Option Screen is Displayed - Menu Option - mongo test 
[iOS_Ragav's 1 INFO ] 2023-09-01 18:55:45.514 BasePage:301 - Tapped Quantity Button
[iOS_Ragav's 1 INFO ] 2023-09-01 18:55:47.949 BasePage:301 - 2selected
[iOS_Ragav's 1 INFO ] 2023-09-01 18:55:48.836 BasePage:301 - Continue (Close Till) button is tapped.
[iOS_Ragav's 1 INFO ] 2023-09-01 18:55:51.259 MenuOptionScreen:178 - 2 Is Visible
[iOS_Ragav's 1 INFO ] 2023-09-01 18:55:52.711 BasePage:301 - Tapped Menu Items to see Menu Option Green
[iOS_Ragav's 1 INFO ] 2023-09-01 18:55:54.159 BasePage:293 - Menu Option Screen is Displayed - Menu Option - mongo test 
[iOS_Ragav's 1 INFO ] 2023-09-01 18:55:54.160 BasePage:301 - Tapped Open Discount Button
[iOS_Ragav's 1 INFO ] 2023-09-01 18:55:56.128 MenuOptionScreen:318 - Open Discount Screen Is Visible
[iOS_Ragav's 1 INFO ] 2023-09-01 18:55:56.136 BasePage:301 - Tapped Percentage Button
[iOS_Ragav's 1 INFO ] 2023-09-01 18:55:57.407 BasePage:301 - Tapped amount field
[iOS_Ragav's 1 INFO ] 2023-09-01 18:55:58.752 BasePage:301 - Tapped pin2
[iOS_Ragav's 1 INFO ] 2023-09-01 18:55:59.515 BasePage:301 - Tapped pin2
[iOS_Ragav's 1 INFO ] 2023-09-01 18:56:00.931 BasePage:301 - Tapped pin3
[iOS_Ragav's 1 INFO ] 2023-09-01 18:56:02.458 BasePage:301 - Tapped pin2
[iOS_Ragav's 1 INFO ] 2023-09-01 18:56:03.395 BasePage:301 - Taped continue for open Discount
[iOS_Ragav's 1 INFO ] 2023-09-01 18:56:07.987 BasePage:301 - Selected - Hide keyboard
[iOS_Ragav's 1 INFO ] 2023-09-01 18:56:10.587 BasePage:301 - Tapped - After
[iOS_Ragav's 1 INFO ] 2023-09-01 18:56:11.531 BasePage:301 - Tapped Apply Button
[iOS_Ragav's 1 INFO ] 2023-09-01 18:56:13.061 BasePage:293 - Discount is Added - Open-Item Discount
[iOS_Ragav's 1 INFO ] 2023-09-01 18:56:14.448 Discount:78 - SubTotal of Menu Item - $ 20.00
[iOS_Ragav's 1 INFO ] 2023-09-01 18:56:15.746 OrderManagementScreen:1226 -  Tax is - $ 2.40
[iOS_Ragav's 1 INFO ] 2023-09-01 18:56:16.965 OrderManagementScreen:1380 -  Discount is - $ 4.46
[iOS_Ragav's 1 INFO ] 2023-09-01 18:56:18.323 Discount:89 - Total of Menu Item is - $ 17.94
[iOS_Ragav's 1 INFO ] 2023-09-01 18:56:18.326 BasePage:301 - Void button tapped
[iOS_Ragav's 1 INFO ] 2023-09-01 18:56:19.568 BasePage:293 - All Orders are voided is Displayed - All orders are voided
[iOS_Ragav's 1 INFO ] 2023-09-01 18:56:19.571 BasePage:301 - Tapped Done Button on the Popup
[iOS_Ragav's 1 INFO ] 2023-09-01 18:56:20.917 BasePage:301 - mongo test selected
[iOS_Ragav's 1 INFO ] 2023-09-01 18:56:22.782 BasePage:301 - Tapped Menu Items to see Menu Option Green
[iOS_Ragav's 1 INFO ] 2023-09-01 18:56:24.286 BasePage:293 - Menu Option Screen is Displayed - Menu Option - mongo test 
[iOS_Ragav's 1 INFO ] 2023-09-01 18:56:24.288 BasePage:301 - Tapped Open Modifier Button
[iOS_Ragav's 1 INFO ] 2023-09-01 18:56:26.156 BasePage:293 - Open Modifiers Screen is displayed - Open Modifiers
[iOS_Ragav's 1 INFO ] 2023-09-01 18:56:29.552 BasePage:301 - Tapped price field
[iOS_Ragav's 1 INFO ] 2023-09-01 18:56:32.847 BasePage:301 - Tapped pin2
[iOS_Ragav's 1 INFO ] 2023-09-01 18:56:34.572 BasePage:301 - Tapped pin0
[iOS_Ragav's 1 INFO ] 2023-09-01 18:56:36.748 BasePage:301 - Tapped pin0
[iOS_Ragav's 1 INFO ] 2023-09-01 18:56:38.453 BasePage:301 - Tapped Continue button.
[iOS_Ragav's 1 INFO ] 2023-09-01 18:56:43.352 BasePage:301 - Tapped Add Button
[iOS_Ragav's 1 INFO ] 2023-09-01 18:56:48.684 MenuOptionScreen:453 - fruits - Modifiers Added in Open Modifier screen
[iOS_Ragav's 1 INFO ] 2023-09-01 18:56:48.687 BasePage:301 - Tapped Done Button on the Popup
[iOS_Ragav's 1 INFO ] 2023-09-01 18:56:50.390 BasePage:301 - Back Button selected
[iOS_Ragav's 1 INFO ] 2023-09-01 18:56:55.308 MenuOptionScreen:466 - fruits - Open Modifies is Added
[iOS_Ragav's 1 INFO ] 2023-09-01 18:56:55.311 BasePage:301 - Void button tapped
[iOS_Ragav's 1 INFO ] 2023-09-01 18:56:56.600 BasePage:293 - All Orders are voided is Displayed - All orders are voided
[iOS_Ragav's 1 INFO ] 2023-09-01 18:56:56.603 BasePage:301 - Tapped Done Button on the Popup
[iOS_Ragav's 1 INFO ] 2023-09-01 18:56:57.911 BasePage:301 - mongo test selected
[iOS_Ragav's 1 INFO ] 2023-09-01 18:56:59.768 BasePage:301 - Tapped Menu Items to see Menu Option Green
[iOS_Ragav's 1 INFO ] 2023-09-01 18:57:01.113 BasePage:293 - Menu Option Screen is Displayed - Menu Option - mongo test 
[iOS_Ragav's 1 INFO ] 2023-09-01 18:57:01.115 BasePage:301 - Tapped Open Modifier Button
[iOS_Ragav's 1 INFO ] 2023-09-01 18:57:04.440 BasePage:301 - Done button is tapped - 
[iOS_Ragav's 1 INFO ] 2023-09-01 18:57:09.130 MenuOptionScreen:426 - Coursing name is NOT Same - 
[iOS_Ragav's 1 INFO ] 2023-09-01 18:57:09.132 BasePage:301 - Void button tapped
[iOS_Ragav's 1 INFO ] 2023-09-01 18:57:10.505 BasePage:293 - All Orders are voided is Displayed - All orders are voided
[iOS_Ragav's 1 INFO ] 2023-09-01 18:57:10.513 BasePage:301 - Tapped Done Button on the Popup
[iOS_Ragav's 1 INFO ] 2023-09-01 18:57:11.323 BasePage:301 - Tapped log Off Button
[iOS_Ragav's 1 INFO ] 2023-09-01 18:57:12.450 BasePage:301 - Tapped pin 1
[iOS_Ragav's 1 INFO ] 2023-09-01 18:57:13.989 BasePage:301 - Tapped pin 2
[iOS_Ragav's 1 INFO ] 2023-09-01 18:57:14.680 BasePage:301 - Tapped pin 3
[iOS_Ragav's 1 INFO ] 2023-09-01 18:57:15.404 BasePage:301 - Tapped pin 4
[iOS_Ragav's 1 INFO ] 2023-09-01 18:57:16.121 BasePage:301 - Tapped Login.
[iOS_Ragav's 1 INFO ] 2023-09-01 18:57:18.139 BasePage:301 - Order type selection is cancelled.
[iOS_Ragav's 1 INFO ] 2023-09-01 18:57:18.928 BasePage:301 - Tapped All button
[iOS_Ragav's 1 INFO ] 2023-09-01 18:57:20.189 BasePage:301 - Tapped Table Layout Tab
[iOS_Ragav's 1 INFO ] 2023-09-01 18:57:22.066 BasePage:301 - Tapped New
[iOS_Ragav's 1 INFO ] 2023-09-01 18:57:25.794 Regression:6435 - 28
[iOS_Ragav's 1 INFO ] 2023-09-01 18:57:25.795 Regression:6447 - 21
[iOS_Ragav's 1 INFO ] 2023-09-01 18:57:26.301 Regression:6451 - Table Number  - T21
[iOS_Ragav's 1 INFO ] 2023-09-01 18:57:26.301 BasePage:301 - Tapped Table Number
[iOS_Ragav's 1 INFO ] 2023-09-01 18:57:27.101 BasePage:301 - Tapped seat Number
[iOS_Ragav's 1 INFO ] 2023-09-01 18:57:28.433 BasePage:301 - Tapped continue
[iOS_Ragav's 1 INFO ] 2023-09-01 18:57:31.644 OrderManagementScreen:1522 - 45-086
[iOS_Ragav's 1 INFO ] 2023-09-01 18:57:32.821 BasePage:301 - Arrow Done on iPad 1
[iOS_Ragav's 1 INFO ] 2023-09-01 18:57:33.620 BasePage:301 - Tapped category
[iOS_Ragav's 1 INFO ] 2023-09-01 18:57:39.988 Regression:6527 - Random Number - 1
[iOS_Ragav's 1 INFO ] 2023-09-01 18:57:40.549 BasePage:301 - Tapped Menu - Bhaw pajji
[iOS_Ragav's 1 INFO ] 2023-09-01 18:57:42.070 BasePage:301 - masala - Tapped Main Modifier
[iOS_Ragav's 1 INFO ] 2023-09-01 18:57:42.920 BasePage:301 - Tapped Done
[iOS_Ragav's 1 INFO ] 2023-09-01 18:57:43.147 Regression:6527 - Random Number - 3
[iOS_Ragav's 1 INFO ] 2023-09-01 18:57:43.613 BasePage:301 - Tapped Menu - Kara vadai
[iOS_Ragav's 1 INFO ] 2023-09-01 18:57:45.192 BasePage:301 - peppery - Tapped Main Modifier
[iOS_Ragav's 1 INFO ] 2023-09-01 18:57:46.144 BasePage:301 - Tapped Done
[iOS_Ragav's 1 INFO ] 2023-09-01 18:57:46.403 BasePage:301 - Tapped Split Icon From Order Management Screen
[iOS_Ragav's 1 INFO ] 2023-09-01 18:57:48.135 BasePage:301 - Tapped Split By Seat Button From Order Management Screen
[iOS_Ragav's 1 INFO ] 2023-09-01 18:57:50.125 TableLayOutScreen:568 - Split Seat Page is Visible
[iOS_Ragav's 1 INFO ] 2023-09-01 18:57:51.037 TableLayOutScreen:580 - Available - Seat 1
[iOS_Ragav's 1 INFO ] 2023-09-01 18:57:51.040 BasePage:301 - Tapped Add Button in the Split Seat
[iOS_Ragav's 1 INFO ] 2023-09-01 18:57:52.275 TableLayOutScreen:722 - Seat2 is Added 
[iOS_Ragav's 1 INFO ] 2023-09-01 18:57:53.519 BasePage:301 - Selected Menu Item As - Bhaw pajji 
[iOS_Ragav's 1 INFO ] 2023-09-01 18:57:55.644 BasePage:301 - Selected Added Check
[iOS_Ragav's 1 INFO ] 2023-09-01 18:57:59.016 Regression:6983 - Menu item is Same - Bhaw pajji 
[iOS_Ragav's 1 INFO ] 2023-09-01 18:58:00.059 BasePage:301 - Selected Added Check
[iOS_Ragav's 1 INFO ] 2023-09-01 18:58:00.344 BasePage:301 - Tapped Print Button in the Split Seat Screen
[iOS_Ragav's 1 INFO ] 2023-09-01 18:58:02.384 BasePage:293 - items need to send to kitchen txt is dispalayed - item(s) need to send to kitchen
[iOS_Ragav's 1 INFO ] 2023-09-01 18:58:02.392 BasePage:301 - Yes (Close Till) button is tapped.
[iOS_Ragav's 1 INFO ] 2023-09-01 18:58:04.501 BasePage:293 - Receipt Printer is Displayed - Receipt Printer
[iOS_Ragav's 1 INFO ] 2023-09-01 18:58:04.505 BasePage:301 - Tapped Done Button on the Popup
[iOS_Ragav's 1 INFO ] 2023-09-01 18:58:07.792 Regression:7007 - Split Check Number - Seat 2
[iOS_Ragav's 1 INFO ] 2023-09-01 18:58:07.794 BasePage:301 - Tapped Print All Button in the Split seat
[iOS_Ragav's 1 INFO ] 2023-09-01 18:58:09.901 BasePage:293 - items need to send to kitchen txt is dispalayed - item(s) need to send to kitchen
[iOS_Ragav's 1 INFO ] 2023-09-01 18:58:09.910 BasePage:301 - Yes (Close Till) button is tapped.
[iOS_Ragav's 1 INFO ] 2023-09-01 18:58:12.039 BasePage:293 - Receipt Printer is Displayed - Receipt Printer
[iOS_Ragav's 1 INFO ] 2023-09-01 18:58:12.041 BasePage:301 - Tapped Done Button on the Popup
[iOS_Ragav's 1 INFO ] 2023-09-01 18:58:14.270 BasePage:301 - Selected Menu Item As - Kara vadai 
[iOS_Ragav's 1 INFO ] 2023-09-01 18:58:14.703 BasePage:301 - Tapped Seperate Button
[iOS_Ragav's 1 INFO ] 2023-09-01 18:58:17.390 BasePage:301 - Selected - 2
[iOS_Ragav's 1 INFO ] 2023-09-01 18:58:18.187 BasePage:301 - Continue (Close Till) button is tapped.
[iOS_Ragav's 1 INFO ] 2023-09-01 18:58:22.718 TableLayOutScreen:361 - Menu Count = 2 Kara vadai 
[iOS_Ragav's 1 INFO ] 2023-09-01 18:58:22.721 BasePage:301 - Tapped Save&Close on Split Seat
[iOS_Ragav's 1 INFO ] 2023-09-01 18:58:24.713 TableLayOutScreen:656 - I should see Order Screen
[iOS_Ragav's 1 INFO ] 2023-09-01 18:58:24.724 BasePage:301 - Tapped Split Icon From Order Management Screen
[iOS_Ragav's 1 INFO ] 2023-09-01 18:58:26.541 BasePage:301 - Tapped Split By Seat Button From Order Management Screen
[iOS_Ragav's 1 INFO ] 2023-09-01 18:58:27.912 TableLayOutScreen:568 - Split Seat Page is Visible
[iOS_Ragav's 1 INFO ] 2023-09-01 18:58:29.068 TableLayOutScreen:580 - Available - Seat 1
[iOS_Ragav's 1 INFO ] 2023-09-01 18:58:29.075 BasePage:301 - Tapped Split Evenly in the Split Seat
[iOS_Ragav's 1 INFO ] 2023-09-01 18:58:32.804 TableLayOutScreen:741 - Seperate Icon Is Disable
[iOS_Ragav's 1 INFO ] 2023-09-01 18:58:38.480 TableLayOutScreen:1662 - Seat 1 SubTotal - $ 61.90
[iOS_Ragav's 1 INFO ] 2023-09-01 18:58:38.498 TableLayOutScreen:1674 - Tax Value After Format - 495.00
[iOS_Ragav's 1 INFO ] 2023-09-01 18:58:38.666 TableLayOutScreen:1687 - taxTxt - 495.00
[iOS_Ragav's 1 INFO ] 2023-09-01 18:58:38.666 TableLayOutScreen:1688 - ActualValueTax3 - 495.00
[iOS_Ragav's 1 INFO ] 2023-09-01 18:58:38.666 TableLayOutScreen:1690 - Seat 1 Tax - 495.00
[iOS_Ragav's 1 INFO ] 2023-09-01 18:58:38.819 TableLayOutScreen:1693 - Seat 1 Paid Amount - $ 0.00
[iOS_Ragav's 1 INFO ] 2023-09-01 18:58:38.971 TableLayOutScreen:1702 - subTotalTxt2 6190.0
[iOS_Ragav's 1 INFO ] 2023-09-01 18:58:38.972 TableLayOutScreen:1710 - Seat 1 Total - $ 66.85
[iOS_Ragav's 1 INFO ] 2023-09-01 18:58:45.723 TableLayOutScreen:1557 - Seat 1 Menu Name  - 1 Kara vadai  Quantity - 0.25 Prize - 16.87
[iOS_Ragav's 1 INFO ] 2023-09-01 18:58:52.129 TableLayOutScreen:1573 - Seat 1 Modifier - 1  peppery Qty - 0.25 Prize - 1.34
[iOS_Ragav's 1 INFO ] 2023-09-01 18:58:57.255 TableLayOutScreen:1557 - Seat 1 Menu Name  - 2 Kara vadai  Quantity - 0.25 Prize - 16.87
[iOS_Ragav's 1 INFO ] 2023-09-01 18:59:04.653 TableLayOutScreen:1573 - Seat 1 Modifier - 2  peppery Qty - 0.25 Prize - 1.34
[iOS_Ragav's 1 INFO ] 2023-09-01 18:59:10.092 TableLayOutScreen:1557 - Seat 1 Menu Name  - 3 Bhaw pajji  Quantity - 0.50 Prize - 13.20
[iOS_Ragav's 1 INFO ] 2023-09-01 18:59:16.831 TableLayOutScreen:1573 - Seat 1 Modifier - 3  masala Qty - 0.50 Prize - 12.28
[iOS_Ragav's 1 INFO ] 2023-09-01 18:59:24.043 TableLayOutScreen:1592 - Seat 2 Menu Name - 1 Kara vadai  Quantity - 0.25 Prize - 16.87
[iOS_Ragav's 1 INFO ] 2023-09-01 18:59:30.978 TableLayOutScreen:1608 - Seat 2 Modifier - 1  peppery Qty - 0.25 Prize - 1.34
[iOS_Ragav's 1 INFO ] 2023-09-01 18:59:36.132 TableLayOutScreen:1592 - Seat 2 Menu Name - 2 Kara vadai  Quantity - 0.25 Prize - 16.87
[iOS_Ragav's 1 INFO ] 2023-09-01 18:59:42.899 TableLayOutScreen:1608 - Seat 2 Modifier - 2  peppery Qty - 0.25 Prize - 1.34
[iOS_Ragav's 1 INFO ] 2023-09-01 18:59:48.070 TableLayOutScreen:1592 - Seat 2 Menu Name - 3 Bhaw pajji  Quantity - 0.50 Prize - 13.19
[iOS_Ragav's 1 INFO ] 2023-09-01 18:59:55.251 TableLayOutScreen:1608 - Seat 2 Modifier - 3  masala Qty - 0.50 Prize - 12.28
[iOS_Ragav's 1 INFO ] 2023-09-01 18:59:55.252 TableLayOutScreen:1616 - Menu Size is SAME - 3
[iOS_Ragav's 1 INFO ] 2023-09-01 18:59:55.252 TableLayOutScreen:1622 - Splitted Menu is SAME - 1 Kara vadai  Qty - 0.25 Prize - 16.87
[iOS_Ragav's 1 INFO ] 2023-09-01 18:59:55.252 TableLayOutScreen:1627 - Splitted Modifier is SAME - 1  peppery Qty - 0.25 Price - 1.34
[iOS_Ragav's 1 INFO ] 2023-09-01 18:59:55.253 TableLayOutScreen:1622 - Splitted Menu is SAME - 2 Kara vadai  Qty - 0.25 Prize - 16.87
[iOS_Ragav's 1 INFO ] 2023-09-01 18:59:55.253 TableLayOutScreen:1627 - Splitted Modifier is SAME - 2  peppery Qty - 0.25 Price - 1.34
[iOS_Ragav's 1 INFO ] 2023-09-01 18:59:55.253 TableLayOutScreen:1622 - Splitted Menu is SAME - 3 Bhaw pajji  Qty - 0.50 Prize - 13.20
[iOS_Ragav's 1 INFO ] 2023-09-01 18:59:55.253 TableLayOutScreen:1627 - Splitted Modifier is SAME - 3  masala Qty - 0.50 Price - 12.28
[iOS_Ragav's 1 INFO ] 2023-09-01 19:00:01.739 TableLayOutScreen:1662 - Seat 1 SubTotal - $ 61.90
[iOS_Ragav's 1 INFO ] 2023-09-01 19:00:01.742 TableLayOutScreen:1674 - Tax Value After Format - 495.00
[iOS_Ragav's 1 INFO ] 2023-09-01 19:00:01.883 TableLayOutScreen:1687 - taxTxt - 495.00
[iOS_Ragav's 1 INFO ] 2023-09-01 19:00:01.883 TableLayOutScreen:1688 - ActualValueTax3 - 495.00
[iOS_Ragav's 1 INFO ] 2023-09-01 19:00:01.883 TableLayOutScreen:1690 - Seat 1 Tax - 495.00
[iOS_Ragav's 1 INFO ] 2023-09-01 19:00:02.041 TableLayOutScreen:1693 - Seat 1 Paid Amount - $ 0.00
[iOS_Ragav's 1 INFO ] 2023-09-01 19:00:02.193 TableLayOutScreen:1702 - subTotalTxt2 6190.0
[iOS_Ragav's 1 INFO ] 2023-09-01 19:00:02.193 TableLayOutScreen:1710 - Seat 1 Total - $ 66.85
[iOS_Ragav's 1 INFO ] 2023-09-01 19:00:09.258 TableLayOutScreen:1737 - Seat 1 SubTotal - $ 61.89
[iOS_Ragav's 1 INFO ] 2023-09-01 19:00:09.428 TableLayOutScreen:1758 - Seat 2 Tax - 495.00
[iOS_Ragav's 1 INFO ] 2023-09-01 19:00:09.591 TableLayOutScreen:1761 - Seat 2 Paid Amount - $ 0.00
[iOS_Ragav's 1 INFO ] 2023-09-01 19:00:09.756 TableLayOutScreen:1770 - subTotalTxt2 6189.0
[iOS_Ragav's 1 INFO ] 2023-09-01 19:00:09.757 TableLayOutScreen:1778 - Seat 2 Total - $ 66.84
[iOS_Ragav's 1 INFO ] 2023-09-01 19:00:11.247 BasePage:301 - Selected Added Check
[iOS_Ragav's 1 INFO ] 2023-09-01 19:00:11.674 BasePage:301 - Tapped Seat 1
[iOS_Ragav's 1 INFO ] 2023-09-01 19:00:13.685 BasePage:301 - Tapped the Group Seats Button
[iOS_Ragav's 1 INFO ] 2023-09-01 19:00:22.050 TableLayOutScreen:1639 - Seat 1 Menu Count - 0
[iOS_Ragav's 1 INFO ] 2023-09-01 19:00:24.731 TableLayOutScreen:1642 - Seat 2 Menu Count - 6
[iOS_Ragav's 1 INFO ] 2023-09-01 19:00:27.055 TableLayOutScreen:2108 - menus1.size - 6
[iOS_Ragav's 1 INFO ] 2023-09-01 19:00:32.169 TableLayOutScreen:2120 - Seat 2 Menu Name - 1 Kara vadai  Quantity - 0.25 Prize - 16.87
[iOS_Ragav's 1 INFO ] 2023-09-01 19:00:38.862 TableLayOutScreen:2135 - Seat 2 Modifier - 1 peppery Qty - 0.25 Prize - 1.34
[iOS_Ragav's 1 INFO ] 2023-09-01 19:00:43.833 TableLayOutScreen:2120 - Seat 2 Menu Name - 2 Kara vadai  Quantity - 0.25 Prize - 16.87
[iOS_Ragav's 1 INFO ] 2023-09-01 19:00:50.557 TableLayOutScreen:2135 - Seat 2 Modifier - 2 peppery Qty - 0.25 Prize - 1.34
[iOS_Ragav's 1 INFO ] 2023-09-01 19:00:55.686 TableLayOutScreen:2120 - Seat 2 Menu Name - 3 Bhaw pajji  Quantity - 0.50 Prize - 13.19
[iOS_Ragav's 1 INFO ] 2023-09-01 19:01:02.336 TableLayOutScreen:2135 - Seat 2 Modifier - 3 masala Qty - 0.50 Prize - 12.28
[iOS_Ragav's 1 INFO ] 2023-09-01 19:01:07.544 TableLayOutScreen:2120 - Seat 2 Menu Name - 4 Kara vadai  Quantity - 0.25 Prize - 16.87
[iOS_Ragav's 1 INFO ] 2023-09-01 19:01:14.697 TableLayOutScreen:2135 - Seat 2 Modifier - 4 peppery Qty - 0.25 Prize - 1.34
[iOS_Ragav's 1 INFO ] 2023-09-01 19:01:19.669 TableLayOutScreen:2120 - Seat 2 Menu Name - 5 Kara vadai  Quantity - 0.25 Prize - 16.87
[iOS_Ragav's 1 INFO ] 2023-09-01 19:01:26.596 TableLayOutScreen:2135 - Seat 2 Modifier - 5 peppery Qty - 0.25 Prize - 1.34
[iOS_Ragav's 1 INFO ] 2023-09-01 19:01:31.604 TableLayOutScreen:2120 - Seat 2 Menu Name - 6 Bhaw pajji  Quantity - 0.50 Prize - 13.20
[iOS_Ragav's 1 INFO ] 2023-09-01 19:01:38.413 TableLayOutScreen:2135 - Seat 2 Modifier - 6 masala Qty - 0.50 Prize - 12.28
[iOS_Ragav's 1 INFO ] 2023-09-01 19:01:40.096 TableLayOutScreen:1822 - Subtotal is SAME After Group Seats Done - $ 123.79
[iOS_Ragav's 1 INFO ] 2023-09-01 19:01:42.048 TableLayOutScreen:1844 - Tax is SAME After Group Seats Done - $ 9.90
[iOS_Ragav's 1 INFO ] 2023-09-01 19:01:43.648 TableLayOutScreen:1862 - Paid AMount is SAME After Group Seats Done - $ 0.00
[iOS_Ragav's 1 INFO ] 2023-09-01 19:01:45.497 TableLayOutScreen:1886 - TOTAL is SAME After Group Seats Done - $ 133.69
[iOS_Ragav's 1 INFO ] 2023-09-01 19:01:45.499 BasePage:301 - Tapped Save&Close on Split Seat
[iOS_Ragav's 1 INFO ] 2023-09-01 19:01:47.770 TableLayOutScreen:656 - I should see Order Screen
[iOS_Ragav's 1 INFO ] 2023-09-01 19:01:47.776 BasePage:301 - Tapped Seat 2 for add menu item
[iOS_Ragav's 1 INFO ] 2023-09-01 19:01:49.844 TableLayOutScreen:1946 - orderMenu.size() 7
[iOS_Ragav's 1 INFO ] 2023-09-01 19:01:50.874 TableLayOutScreen:1955 - Order Screen menu SAME with Split Menu - 1 Kara vadai 
[iOS_Ragav's 1 INFO ] 2023-09-01 19:01:53.110 TableLayOutScreen:1962 - Modifier -  peppery
[iOS_Ragav's 1 INFO ] 2023-09-01 19:01:54.195 TableLayOutScreen:1955 - Order Screen menu SAME with Split Menu - 2 Kara vadai 
[iOS_Ragav's 1 INFO ] 2023-09-01 19:01:56.330 TableLayOutScreen:1962 - Modifier -  peppery
[iOS_Ragav's 1 INFO ] 2023-09-01 19:01:57.390 TableLayOutScreen:1955 - Order Screen menu SAME with Split Menu - 3 Bhaw pajji 
[iOS_Ragav's 1 INFO ] 2023-09-01 19:01:59.598 TableLayOutScreen:1962 - Modifier -  masala
[iOS_Ragav's 1 INFO ] 2023-09-01 19:02:01.095 TableLayOutScreen:1955 - Order Screen menu SAME with Split Menu - 4 Kara vadai 
[iOS_Ragav's 1 INFO ] 2023-09-01 19:02:03.068 TableLayOutScreen:1962 - Modifier -  peppery
[iOS_Ragav's 1 INFO ] 2023-09-01 19:02:04.265 TableLayOutScreen:1955 - Order Screen menu SAME with Split Menu - 5 Kara vadai 
[iOS_Ragav's 1 INFO ] 2023-09-01 19:02:06.504 TableLayOutScreen:1962 - Modifier -  peppery
[iOS_Ragav's 1 INFO ] 2023-09-01 19:02:07.648 TableLayOutScreen:1955 - Order Screen menu SAME with Split Menu - 6 Bhaw pajji 
[iOS_Ragav's 1 INFO ] 2023-09-01 19:02:09.860 TableLayOutScreen:1962 - Modifier -  masala
[iOS_Ragav's 1 INFO ] 2023-09-01 19:02:11.495 TableLayOutScreen:1894 - Subtotal is - $ 123.79
[iOS_Ragav's 1 INFO ] 2023-09-01 19:02:12.591 TableLayOutScreen:1898 - Tax is - $ 9.90
[iOS_Ragav's 1 INFO ] 2023-09-01 19:02:13.820 TableLayOutScreen:1902 - Total is - $ 133.69
[iOS_Ragav's 1 INFO ] 2023-09-01 19:02:15.070 TableLayOutScreen:1906 - Paid Amount is - $ 0.00
[iOS_Ragav's 1 INFO ] 2023-09-01 19:02:15.081 BasePage:301 - Tapped Split Icon From Order Management Screen
[iOS_Ragav's 1 INFO ] 2023-09-01 19:02:17.050 BasePage:301 - Tapped Split By Seat Button From Order Management Screen
[iOS_Ragav's 1 INFO ] 2023-09-01 19:02:18.649 TableLayOutScreen:568 - Split Seat Page is Visible
[iOS_Ragav's 1 INFO ] 2023-09-01 19:02:20.020 TableLayOutScreen:580 - Available - Seat 1
[iOS_Ragav's 1 INFO ] 2023-09-01 19:02:21.708 BasePage:301 - Selected Added Check
[iOS_Ragav's 1 INFO ] 2023-09-01 19:02:22.278 BasePage:301 - Tapped Pay Button in Split Seat Screen
[iOS_Ragav's 1 INFO ] 2023-09-01 19:02:24.847 BasePage:293 - Payment window title is -Select Payment Method
[iOS_Ragav's 1 INFO ] 2023-09-01 19:02:26.386 BasePage:301 - Tapped Cash Payment
[iOS_Ragav's 1 INFO ] 2023-09-01 19:02:28.223 BasePage:301 - Exit button is tapped
[iOS_Ragav's 1 INFO ] 2023-09-01 19:02:31.201 TableLayOutScreen:2148 - Displayed as - Paid
[iOS_Ragav's 1 INFO ] 2023-09-01 19:02:31.206 BasePage:301 - Tapped Split Evenly in the Split Seat
[iOS_Ragav's 1 INFO ] 2023-09-01 19:02:34.919 TableLayOutScreen:718 - Displayed popup as - Cannot split as payment(s) has been made in seats - 2
[iOS_Ragav's 1 INFO ] 2023-09-01 19:02:34.922 BasePage:301 - Tapped Done Button on the Popup
[iOS_Ragav's 1 INFO ] 2023-09-01 19:02:37.951 BasePage:301 - Selected Menu Item As - Kara vadai 
[iOS_Ragav's 1 INFO ] 2023-09-01 19:02:38.571 BasePage:301 - Tapped Seat 1
[iOS_Ragav's 1 INFO ] 2023-09-01 19:02:41.304 BasePage:293 - Order cannot moved txt is displayed - Order cannot be moved, Payment(s) has been made in seat - 2
[iOS_Ragav's 1 INFO ] 2023-09-01 19:02:41.310 BasePage:301 - Tapped Done Button on the Popup
[iOS_Ragav's 1 INFO ] 2023-09-01 19:02:42.465 BasePage:301 - Tapped Save&Close on Split Seat
[iOS_Ragav's 1 INFO ] 2023-09-01 19:02:43.822 BasePage:301 - finish button tapped
[iOS_Ragav's 1 INFO ] 2023-09-01 19:02:45.942 BasePage:301 - Tapped Check Stats Tab
[iOS_Ragav's 1 INFO ] 2023-09-01 19:02:47.108 Hooks:70 - Failed Scenario Name : Split Seat from Order Screen
[iOS_Ragav's 1 INFO ] 2023-09-01 19:02:50.460 GlobalParams:130 - PORT Number is - 9354
[iOS_Ragav's 1 INFO ] 2023-09-01 19:02:50.461 ServerManager:22 - starting appium server...
[iOS_Ragav's 1 INFO ] 2023-09-01 19:02:52.144 ServerManager:31 - Appium server started...
[iOS_Ragav's 1 INFO ] 2023-09-01 19:02:52.145 DriverManager:29 - initializing Appium driver
[iOS_Ragav's 1 INFO ] 2023-09-01 19:02:52.148 CapabilitiesManager:18 - getting capabilities...
[iOS_Ragav's 1 INFO ] 2023-09-01 19:04:33.928 ServerManager:22 - starting appium server...
[iOS_Ragav's 1 INFO ] 2023-09-01 19:04:35.363 ServerManager:31 - Appium server started...
[iOS_Ragav's 1 INFO ] 2023-09-01 19:04:35.390 DriverManager:29 - initializing Appium driver
[iOS_Ragav's 1 INFO ] 2023-09-01 19:04:35.401 PropertyManager:17 - loading config properties
[iOS_Ragav's 1 INFO ] 2023-09-01 19:04:35.402 CapabilitiesManager:18 - getting capabilities...
[iOS_Ragav's 1 INFO ] 2023-09-01 19:04:57.873 DriverManager:42 - Driver is initialized
[iOS_Ragav's 1 INFO ] 2023-09-01 19:04:57.874 Hooks:52 - Start Scenario Name : Upcharge (Role restriction)
[iOS_Ragav's 1 INFO ] 2023-09-01 19:04:57.986 BasePage:301 - Tapped pin 9 
[iOS_Ragav's 1 INFO ] 2023-09-01 19:04:58.667 BasePage:301 - Tapped pin 8
[iOS_Ragav's 1 INFO ] 2023-09-01 19:04:59.112 BasePage:301 - Tapped pin 9 
[iOS_Ragav's 1 INFO ] 2023-09-01 19:04:59.730 BasePage:301 - Tapped pin 8
[iOS_Ragav's 1 INFO ] 2023-09-01 19:05:00.277 BasePage:301 - Tapped Login.
[iOS_Ragav's 1 INFO ] 2023-09-01 19:05:05.479 BasePage:301 - Exit Button is tapped
[iOS_Ragav's 1 INFO ] 2023-09-01 19:05:07.528 BasePage:301 - the rest of the categories is listed
[iOS_Ragav's 1 INFO ] 2023-09-01 19:05:09.644 BasePage:301 - Tapped PAsta Button
[iOS_Ragav's 1 INFO ] 2023-09-01 19:05:10.756 BasePage:301 - Bubble Gum selected
[iOS_Ragav's 1 INFO ] 2023-09-01 19:05:11.695 OrderManagementScreen:740 - Subtotal Value is - $ 5.72
[iOS_Ragav's 1 INFO ] 2023-09-01 19:05:12.345 OrderManagementScreen:882 - Tax Value is - $ 0.57
[iOS_Ragav's 1 INFO ] 2023-09-01 19:05:18.476 Hooks:70 - Failed Scenario Name : Upcharge (Role restriction)
[iOS_Ragav's 1 INFO ] 2023-09-01 19:05:21.856 GlobalParams:130 - PORT Number is - 6469
[iOS_Ragav's 1 INFO ] 2023-09-01 19:05:21.856 ServerManager:22 - starting appium server...
[iOS_Ragav's 1 INFO ] 2023-09-01 19:05:22.841 ServerManager:31 - Appium server started...
[iOS_Ragav's 1 INFO ] 2023-09-01 19:05:22.841 DriverManager:29 - initializing Appium driver
[iOS_Ragav's 1 INFO ] 2023-09-01 19:05:22.841 CapabilitiesManager:18 - getting capabilities...
[iOS_Ragav's 1 INFO ] 2023-09-01 19:05:44.423 DriverManager:42 - Driver is initialized
[iOS_Ragav's 1 INFO ] 2023-09-01 19:05:44.423 Hooks:52 - Start Scenario Name : Menu Option - Verify the Menu option for the all service type by menu level in order screen
[iOS_Ragav's 1 INFO ] 2023-09-01 19:05:44.443 BasePage:301 - Tapped pin 1
[iOS_Ragav's 1 INFO ] 2023-09-01 19:05:45.212 BasePage:301 - Tapped pin 2
[iOS_Ragav's 1 INFO ] 2023-09-01 19:05:45.711 BasePage:301 - Tapped pin 3
[iOS_Ragav's 1 INFO ] 2023-09-01 19:05:46.117 BasePage:301 - Tapped pin 4
[iOS_Ragav's 1 INFO ] 2023-09-01 19:05:46.662 BasePage:301 - Tapped Login.
[iOS_Ragav's 1 INFO ] 2023-09-01 19:05:48.733 BasePage:301 - Order type selection is cancelled.
[iOS_Ragav's 1 INFO ] 2023-09-01 19:05:49.446 BasePage:301 - the rest of the categories is listed
[iOS_Ragav's 1 INFO ] 2023-09-01 19:05:50.976 BasePage:301 - Food Category selected
[iOS_Ragav's 1 INFO ] 2023-09-01 19:05:52.388 BasePage:301 - Onion Rings selected
[iOS_Ragav's 1 INFO ] 2023-09-01 19:05:53.566 BasePage:301 - Tapped Menu Items to see Menu Option Green
[iOS_Ragav's 1 INFO ] 2023-09-01 19:05:54.736 BasePage:293 - Menu Option Screen is Displayed - Menu Option - Onion Rings 
[iOS_Ragav's 1 INFO ] 2023-09-01 19:05:54.739 BasePage:301 - Tapped Fire Button
[iOS_Ragav's 1 INFO ] 2023-09-01 19:05:56.197 BasePage:301 - Tapped Menu Items to see Menu Option Green
[iOS_Ragav's 1 INFO ] 2023-09-01 19:05:57.492 BasePage:293 - Menu Option Screen is Displayed - Menu Option - Onion Rings 
[iOS_Ragav's 1 INFO ] 2023-09-01 19:05:57.496 BasePage:301 - Tapped void button
[iOS_Ragav's 1 INFO ] 2023-09-01 19:05:58.747 BasePage:293 - void Reason txt is displayed - Void Reason
[iOS_Ragav's 1 INFO ] 2023-09-01 19:05:58.752 BasePage:301 - Ordered wrongly is selected
[iOS_Ragav's 1 INFO ] 2023-09-01 19:05:59.525 BasePage:301 - Add (void reason) button is tapped
[iOS_Ragav's 1 INFO ] 2023-09-01 19:06:01.012 BasePage:293 - Receipt Printer is Displayed - Receipt Printer
[iOS_Ragav's 1 INFO ] 2023-09-01 19:06:01.019 BasePage:301 - Tapped Done Button on the Popup
[iOS_Ragav's 1 INFO ] 2023-09-01 19:06:01.806 BasePage:301 - Void button tapped
[iOS_Ragav's 1 INFO ] 2023-09-01 19:06:03.153 BasePage:293 - void Reason txt is displayed - Void Reason
[iOS_Ragav's 1 INFO ] 2023-09-01 19:06:03.158 BasePage:301 - Ordered wrongly is selected
[iOS_Ragav's 1 INFO ] 2023-09-01 19:06:03.890 BasePage:301 - Add (void reason) button is tapped
[iOS_Ragav's 1 INFO ] 2023-09-01 19:06:05.426 BasePage:293 - Receipt Printer is Displayed - Receipt Printer
[iOS_Ragav's 1 INFO ] 2023-09-01 19:06:05.431 BasePage:301 - Tapped Done Button on the Popup
[iOS_Ragav's 1 INFO ] 2023-09-01 19:06:07.234 BasePage:301 - Order type selection is cancelled.
[iOS_Ragav's 1 INFO ] 2023-09-01 19:06:08.075 BasePage:301 - the rest of the categories is listed
[iOS_Ragav's 1 INFO ] 2023-09-01 19:06:09.869 BasePage:301 - Food Category selected
[iOS_Ragav's 1 INFO ] 2023-09-01 19:06:11.306 BasePage:301 - mongo test selected
[iOS_Ragav's 1 INFO ] 2023-09-01 19:06:12.470 BasePage:301 - Tapped Menu Items to see Menu Option Green
[iOS_Ragav's 1 INFO ] 2023-09-01 19:06:13.671 BasePage:293 - Menu Option Screen is Displayed - Menu Option - mongo test 
[iOS_Ragav's 1 INFO ] 2023-09-01 19:06:13.674 BasePage:301 - Tapped Repeat Button
[iOS_Ragav's 1 INFO ] 2023-09-01 19:06:17.898 MenuOptionScreen:160 - Repeated Menu item is Visible
[iOS_Ragav's 1 INFO ] 2023-09-01 19:06:19.270 BasePage:301 - Tapped Menu Items to see Menu Option Green
[iOS_Ragav's 1 INFO ] 2023-09-01 19:06:20.786 BasePage:293 - Menu Option Screen is Displayed - Menu Option - mongo test 
[iOS_Ragav's 1 INFO ] 2023-09-01 19:06:20.789 BasePage:301 - Tapped Quantity Button
[iOS_Ragav's 1 INFO ] 2023-09-01 19:06:23.065 BasePage:301 - 3selected
[iOS_Ragav's 1 INFO ] 2023-09-01 19:06:23.514 BasePage:301 - Continue (Close Till) button is tapped.
[iOS_Ragav's 1 INFO ] 2023-09-01 19:06:25.919 MenuOptionScreen:178 - 3 Is Visible
[iOS_Ragav's 1 INFO ] 2023-09-01 19:06:26.892 BasePage:301 - Tapped Menu Items to see Menu Option Green
[iOS_Ragav's 1 INFO ] 2023-09-01 19:06:28.811 BasePage:293 - Menu Option Screen is Displayed - Menu Option - mongo test 
[iOS_Ragav's 1 INFO ] 2023-09-01 19:06:28.813 BasePage:301 - Tapped Quantity Button
[iOS_Ragav's 1 INFO ] 2023-09-01 19:06:31.653 BasePage:301 - 1selected
[iOS_Ragav's 1 INFO ] 2023-09-01 19:06:32.083 BasePage:301 - Continue (Close Till) button is tapped.
[iOS_Ragav's 1 INFO ] 2023-09-01 19:06:34.809 MenuOptionScreen:178 - 1 Is Visible
[iOS_Ragav's 1 INFO ] 2023-09-01 19:06:35.654 BasePage:301 - Tapped Menu Items to see Menu Option Green
[iOS_Ragav's 1 INFO ] 2023-09-01 19:06:37.198 BasePage:293 - Menu Option Screen is Displayed - Menu Option - mongo test 
[iOS_Ragav's 1 INFO ] 2023-09-01 19:06:37.201 BasePage:301 - Tapped Attach Button
[iOS_Ragav's 1 INFO ] 2023-09-01 19:06:38.602 BasePage:293 - Add Notes Screen Is Displayed - Add Notes
[iOS_Ragav's 1 INFO ] 2023-09-01 19:06:40.034 BasePage:301 - Tapped Reason  Spicy
[iOS_Ragav's 1 INFO ] 2023-09-01 19:06:41.620 MenuOptionScreen:292 - SpicyAdd Notes Reason is Tapped
[iOS_Ragav's 1 INFO ] 2023-09-01 19:06:41.623 BasePage:301 - Add (void reason) button is tapped
[iOS_Ragav's 1 INFO ] 2023-09-01 19:06:43.801 MenuOptionScreen:303 - SpicyAdd reason Is Applied on Order Screen
[iOS_Ragav's 1 INFO ] 2023-09-01 19:06:43.803 BasePage:301 - Void button tapped
[iOS_Ragav's 1 INFO ] 2023-09-01 19:06:45.020 BasePage:293 - All Orders are voided is Displayed - All orders are voided
[iOS_Ragav's 1 INFO ] 2023-09-01 19:06:45.025 BasePage:301 - Tapped Done Button on the Popup
[iOS_Ragav's 1 INFO ] 2023-09-01 19:06:45.772 BasePage:301 - the rest of the categories is listed
[iOS_Ragav's 1 INFO ] 2023-09-01 19:06:47.472 BasePage:301 - Food Category selected
[iOS_Ragav's 1 INFO ] 2023-09-01 19:06:48.846 BasePage:301 - mongo test selected
[iOS_Ragav's 1 INFO ] 2023-09-01 19:06:50.002 BasePage:301 - Tapped Menu Items to see Menu Option Green
[iOS_Ragav's 1 INFO ] 2023-09-01 19:06:51.165 BasePage:293 - Menu Option Screen is Displayed - Menu Option - mongo test 
[iOS_Ragav's 1 INFO ] 2023-09-01 19:06:51.167 BasePage:301 - Tapped Attach Button
[iOS_Ragav's 1 INFO ] 2023-09-01 19:06:53.897 BasePage:301 - selected Discount as - IB-AfterTax-Amount
[iOS_Ragav's 1 INFO ] 2023-09-01 19:06:55.872 MenuOptionScreen:199 - Discount is applied - IB-AfterTax-Amount
[iOS_Ragav's 1 INFO ] 2023-09-01 19:06:55.875 BasePage:301 - Void button tapped
[iOS_Ragav's 1 INFO ] 2023-09-01 19:06:57.073 BasePage:293 - All Orders are voided is Displayed - All orders are voided
[iOS_Ragav's 1 INFO ] 2023-09-01 19:06:57.076 BasePage:301 - Tapped Done Button on the Popup
[iOS_Ragav's 1 INFO ] 2023-09-01 19:06:58.381 BasePage:301 - mongo test selected
[iOS_Ragav's 1 INFO ] 2023-09-01 19:06:59.591 BasePage:301 - Tapped Menu Items to see Menu Option Green
[iOS_Ragav's 1 INFO ] 2023-09-01 19:07:00.868 BasePage:293 - Menu Option Screen is Displayed - Menu Option - mongo test 
[iOS_Ragav's 1 INFO ] 2023-09-01 19:07:00.880 BasePage:301 - - Tax Exempt is tapped
[iOS_Ragav's 1 INFO ] 2023-09-01 19:07:04.707 BasePage:293 - Open item Screen txt is Displayed - Open Item
[iOS_Ragav's 1 INFO ] 2023-09-01 19:07:04.716 BasePage:301 - Tapped Coursing name field
[iOS_Ragav's 1 INFO ] 2023-09-01 19:07:18.159 BasePage:301 - Price Field selected
[iOS_Ragav's 1 INFO ] 2023-09-01 19:07:22.209 BasePage:301 - 1 is selected 
[iOS_Ragav's 1 INFO ] 2023-09-01 19:07:24.831 BasePage:301 - 00 is selected - 
[iOS_Ragav's 1 INFO ] 2023-09-01 19:07:26.476 BasePage:301 - 00 is selected - 
[iOS_Ragav's 1 INFO ] 2023-09-01 19:07:28.042 BasePage:301 - Continue button is tapped - 
[iOS_Ragav's 1 INFO ] 2023-09-01 19:07:30.059 BasePage:301 - Done button is tapped - 
[iOS_Ragav's 1 INFO ] 2023-09-01 19:07:34.527 OrderManagementScreen:1257 - Open Item is added
[iOS_Ragav's 1 INFO ] 2023-09-01 19:07:34.529 BasePage:301 - Void button tapped
[iOS_Ragav's 1 INFO ] 2023-09-01 19:07:35.794 BasePage:293 - All Orders are voided is Displayed - All orders are voided
[iOS_Ragav's 1 INFO ] 2023-09-01 19:07:35.797 BasePage:301 - Tapped Done Button on the Popup
[iOS_Ragav's 1 INFO ] 2023-09-01 19:07:37.133 BasePage:301 - mongo test selected
[iOS_Ragav's 1 INFO ] 2023-09-01 19:07:38.814 Discount:78 - SubTotal of Menu Item - $ 10.00
[iOS_Ragav's 1 INFO ] 2023-09-01 19:07:40.119 OrderManagementScreen:1226 -  Tax is - $ 1.20
[iOS_Ragav's 1 INFO ] 2023-09-01 19:07:41.343 Discount:89 - Total of Menu Item is - $ 11.20
[iOS_Ragav's 1 INFO ] 2023-09-01 19:07:42.119 BasePage:301 - Tapped Menu Items to see Menu Option Green
[iOS_Ragav's 1 INFO ] 2023-09-01 19:07:43.461 BasePage:293 - Menu Option Screen is Displayed - Menu Option - mongo test 
[iOS_Ragav's 1 INFO ] 2023-09-01 19:07:43.462 BasePage:301 - Tapped Quantity Button
[iOS_Ragav's 1 INFO ] 2023-09-01 19:07:45.720 BasePage:301 - 2selected
[iOS_Ragav's 1 INFO ] 2023-09-01 19:07:46.647 BasePage:301 - Continue (Close Till) button is tapped.
[iOS_Ragav's 1 INFO ] 2023-09-01 19:07:49.067 MenuOptionScreen:178 - 2 Is Visible
[iOS_Ragav's 1 INFO ] 2023-09-01 19:07:49.868 BasePage:301 - Tapped Menu Items to see Menu Option Green
[iOS_Ragav's 1 INFO ] 2023-09-01 19:07:51.368 BasePage:293 - Menu Option Screen is Displayed - Menu Option - mongo test 
[iOS_Ragav's 1 INFO ] 2023-09-01 19:07:51.370 BasePage:301 - Tapped Open Discount Button
[iOS_Ragav's 1 INFO ] 2023-09-01 19:07:53.170 MenuOptionScreen:318 - Open Discount Screen Is Visible
[iOS_Ragav's 1 INFO ] 2023-09-01 19:07:53.178 BasePage:301 - Tapped Percentage Button
[iOS_Ragav's 1 INFO ] 2023-09-01 19:07:53.934 BasePage:301 - Tapped amount field
[iOS_Ragav's 1 INFO ] 2023-09-01 19:07:55.341 BasePage:301 - Tapped pin2
[iOS_Ragav's 1 INFO ] 2023-09-01 19:07:56.152 BasePage:301 - Tapped pin2
[iOS_Ragav's 1 INFO ] 2023-09-01 19:07:56.999 BasePage:301 - Tapped pin3
[iOS_Ragav's 1 INFO ] 2023-09-01 19:07:57.918 BasePage:301 - Tapped pin2
[iOS_Ragav's 1 INFO ] 2023-09-01 19:07:58.733 BasePage:301 - Taped continue for open Discount
[iOS_Ragav's 1 INFO ] 2023-09-01 19:08:03.313 BasePage:301 - Selected - Hide keyboard
[iOS_Ragav's 1 INFO ] 2023-09-01 19:08:05.206 BasePage:301 - Tapped - After
[iOS_Ragav's 1 INFO ] 2023-09-01 19:08:06.121 BasePage:301 - Tapped Apply Button
[iOS_Ragav's 1 INFO ] 2023-09-01 19:08:07.481 BasePage:293 - Discount is Added - Open-Item Discount
[iOS_Ragav's 1 INFO ] 2023-09-01 19:08:08.844 Discount:78 - SubTotal of Menu Item - $ 20.00
[iOS_Ragav's 1 INFO ] 2023-09-01 19:08:10.187 OrderManagementScreen:1226 -  Tax is - $ 2.40
[iOS_Ragav's 1 INFO ] 2023-09-01 19:08:11.582 OrderManagementScreen:1380 -  Discount is - $ 4.46
[iOS_Ragav's 1 INFO ] 2023-09-01 19:08:12.988 Discount:89 - Total of Menu Item is - $ 17.94
[iOS_Ragav's 1 INFO ] 2023-09-01 19:08:12.991 BasePage:301 - Void button tapped
[iOS_Ragav's 1 INFO ] 2023-09-01 19:08:14.224 BasePage:293 - All Orders are voided is Displayed - All orders are voided
[iOS_Ragav's 1 INFO ] 2023-09-01 19:08:14.227 BasePage:301 - Tapped Done Button on the Popup
[iOS_Ragav's 1 INFO ] 2023-09-01 19:08:15.604 BasePage:301 - mongo test selected
[iOS_Ragav's 1 INFO ] 2023-09-01 19:08:16.824 BasePage:301 - Tapped Menu Items to see Menu Option Green
[iOS_Ragav's 1 INFO ] 2023-09-01 19:08:18.929 BasePage:293 - Menu Option Screen is Displayed - Menu Option - mongo test 
[iOS_Ragav's 1 INFO ] 2023-09-01 19:08:18.931 BasePage:301 - Tapped Open Modifier Button
[iOS_Ragav's 1 INFO ] 2023-09-01 19:08:20.960 BasePage:293 - Open Modifiers Screen is displayed - Open Modifiers
[iOS_Ragav's 1 INFO ] 2023-09-01 19:08:25.368 BasePage:301 - Tapped price field
[iOS_Ragav's 1 INFO ] 2023-09-01 19:08:29.827 BasePage:301 - Tapped pin2
[iOS_Ragav's 1 INFO ] 2023-09-01 19:08:31.560 BasePage:301 - Tapped pin0
[iOS_Ragav's 1 INFO ] 2023-09-01 19:08:33.240 BasePage:301 - Tapped pin0
[iOS_Ragav's 1 INFO ] 2023-09-01 19:08:35.447 BasePage:301 - Tapped Continue button.
[iOS_Ragav's 1 INFO ] 2023-09-01 19:08:40.178 BasePage:301 - Tapped Add Button
[iOS_Ragav's 1 INFO ] 2023-09-01 19:08:45.469 MenuOptionScreen:453 - fruits - Modifiers Added in Open Modifier screen
[iOS_Ragav's 1 INFO ] 2023-09-01 19:08:45.473 BasePage:301 - Tapped Done Button on the Popup
[iOS_Ragav's 1 INFO ] 2023-09-01 19:08:47.160 BasePage:301 - Back Button selected
[iOS_Ragav's 1 INFO ] 2023-09-01 19:08:53.401 MenuOptionScreen:466 - fruits - Open Modifies is Added
[iOS_Ragav's 1 INFO ] 2023-09-01 19:08:53.403 BasePage:301 - Void button tapped
[iOS_Ragav's 1 INFO ] 2023-09-01 19:08:54.721 BasePage:293 - All Orders are voided is Displayed - All orders are voided
[iOS_Ragav's 1 INFO ] 2023-09-01 19:08:54.722 BasePage:301 - Tapped Done Button on the Popup
[iOS_Ragav's 1 INFO ] 2023-09-01 19:08:55.986 BasePage:301 - mongo test selected
[iOS_Ragav's 1 INFO ] 2023-09-01 19:08:57.216 BasePage:301 - Tapped Menu Items to see Menu Option Green
[iOS_Ragav's 1 INFO ] 2023-09-01 19:08:58.419 BasePage:293 - Menu Option Screen is Displayed - Menu Option - mongo test 
[iOS_Ragav's 1 INFO ] 2023-09-01 19:08:58.422 BasePage:301 - Tapped Open Modifier Button
[iOS_Ragav's 1 INFO ] 2023-09-01 19:09:02.738 BasePage:301 - Done button is tapped - 
[iOS_Ragav's 1 INFO ] 2023-09-01 19:09:07.662 MenuOptionScreen:426 - Coursing name is NOT Same - 
[iOS_Ragav's 1 INFO ] 2023-09-01 19:09:07.667 BasePage:301 - Void button tapped
[iOS_Ragav's 1 INFO ] 2023-09-01 19:09:09.088 BasePage:293 - All Orders are voided is Displayed - All orders are voided
[iOS_Ragav's 1 INFO ] 2023-09-01 19:09:09.090 BasePage:301 - Tapped Done Button on the Popup
[iOS_Ragav's 1 INFO ] 2023-09-01 19:09:09.918 BasePage:301 - Tapped log Off Button
[iOS_Ragav's 1 INFO ] 2023-09-01 19:09:11.216 BasePage:301 - Tapped pin 1
[iOS_Ragav's 1 INFO ] 2023-09-01 19:09:12.343 BasePage:301 - Tapped pin 2
[iOS_Ragav's 1 INFO ] 2023-09-01 19:09:12.874 BasePage:301 - Tapped pin 3
[iOS_Ragav's 1 INFO ] 2023-09-01 19:09:13.671 BasePage:301 - Tapped pin 4
[iOS_Ragav's 1 INFO ] 2023-09-01 19:09:14.448 BasePage:301 - Tapped Login.
[iOS_Ragav's 1 INFO ] 2023-09-01 19:09:16.568 BasePage:301 - Order type selection is cancelled.
[iOS_Ragav's 1 INFO ] 2023-09-01 19:09:17.404 BasePage:301 - Tapped All button
[iOS_Ragav's 1 INFO ] 2023-09-01 19:09:18.684 BasePage:301 - Tapped Table Layout Tab
[iOS_Ragav's 1 INFO ] 2023-09-01 19:09:20.494 BasePage:301 - Tapped New
[iOS_Ragav's 1 INFO ] 2023-09-01 19:09:24.384 Regression:6435 - 28
[iOS_Ragav's 1 INFO ] 2023-09-01 19:09:24.385 Regression:6447 - 25
[iOS_Ragav's 1 INFO ] 2023-09-01 19:09:24.846 Regression:6451 - Table Number  - T25
[iOS_Ragav's 1 INFO ] 2023-09-01 19:09:24.846 BasePage:301 - Tapped Table Number
[iOS_Ragav's 1 INFO ] 2023-09-01 19:09:25.736 BasePage:301 - Tapped seat Number
[iOS_Ragav's 1 INFO ] 2023-09-01 19:09:26.510 BasePage:301 - Tapped continue
[iOS_Ragav's 1 INFO ] 2023-09-01 19:09:30.077 OrderManagementScreen:1522 - 45-089
[iOS_Ragav's 1 INFO ] 2023-09-01 19:09:30.840 BasePage:301 - Arrow Done on iPad 1
[iOS_Ragav's 1 INFO ] 2023-09-01 19:09:31.484 BasePage:301 - Tapped category
[iOS_Ragav's 1 INFO ] 2023-09-01 19:09:37.898 Regression:6527 - Random Number - 1
[iOS_Ragav's 1 INFO ] 2023-09-01 19:09:38.332 BasePage:301 - Tapped Menu - Bhaw pajji
[iOS_Ragav's 1 INFO ] 2023-09-01 19:09:39.815 BasePage:301 - peppery - Tapped Main Modifier
[iOS_Ragav's 1 INFO ] 2023-09-01 19:09:40.773 BasePage:301 - Tapped Done
[iOS_Ragav's 1 INFO ] 2023-09-01 19:09:40.999 Regression:6527 - Random Number - 2
[iOS_Ragav's 1 INFO ] 2023-09-01 19:09:41.468 BasePage:301 - Tapped Menu - Bhel Poori
[iOS_Ragav's 1 INFO ] 2023-09-01 19:09:43.031 BasePage:301 - masala - Tapped Main Modifier
[iOS_Ragav's 1 INFO ] 2023-09-01 19:09:44.096 BasePage:301 - Tapped Done
[iOS_Ragav's 1 INFO ] 2023-09-01 19:09:44.397 BasePage:301 - Tapped Split Icon From Order Management Screen
[iOS_Ragav's 1 INFO ] 2023-09-01 19:09:46.173 BasePage:301 - Tapped Split By Seat Button From Order Management Screen
[iOS_Ragav's 1 INFO ] 2023-09-01 19:09:47.361 TableLayOutScreen:568 - Split Seat Page is Visible
[iOS_Ragav's 1 INFO ] 2023-09-01 19:09:48.316 TableLayOutScreen:580 - Available - Seat 1
[iOS_Ragav's 1 INFO ] 2023-09-01 19:09:48.319 BasePage:301 - Tapped Add Button in the Split Seat
[iOS_Ragav's 1 INFO ] 2023-09-01 19:09:49.529 TableLayOutScreen:722 - Seat2 is Added 
[iOS_Ragav's 1 INFO ] 2023-09-01 19:09:50.616 BasePage:301 - Selected Menu Item As - Bhaw pajji 
[iOS_Ragav's 1 INFO ] 2023-09-01 19:09:52.178 BasePage:301 - Selected Added Check
[iOS_Ragav's 1 INFO ] 2023-09-01 19:09:54.753 Regression:6983 - Menu item is Same - Bhaw pajji 
[iOS_Ragav's 1 INFO ] 2023-09-01 19:09:55.794 BasePage:301 - Selected Added Check
[iOS_Ragav's 1 INFO ] 2023-09-01 19:09:56.167 BasePage:301 - Tapped Print Button in the Split Seat Screen
[iOS_Ragav's 1 INFO ] 2023-09-01 19:09:58.033 BasePage:293 - items need to send to kitchen txt is dispalayed - item(s) need to send to kitchen
[iOS_Ragav's 1 INFO ] 2023-09-01 19:09:58.040 BasePage:301 - Yes (Close Till) button is tapped.
[iOS_Ragav's 1 INFO ] 2023-09-01 19:10:00.119 BasePage:293 - Receipt Printer is Displayed - Receipt Printer
[iOS_Ragav's 1 INFO ] 2023-09-01 19:10:00.121 BasePage:301 - Tapped Done Button on the Popup
[iOS_Ragav's 1 INFO ] 2023-09-01 19:10:03.500 Regression:7007 - Split Check Number - Seat 2
[iOS_Ragav's 1 INFO ] 2023-09-01 19:10:03.502 BasePage:301 - Tapped Print All Button in the Split seat
[iOS_Ragav's 1 INFO ] 2023-09-01 19:10:05.311 BasePage:293 - items need to send to kitchen txt is dispalayed - item(s) need to send to kitchen
[iOS_Ragav's 1 INFO ] 2023-09-01 19:10:05.318 BasePage:301 - Yes (Close Till) button is tapped.
[iOS_Ragav's 1 INFO ] 2023-09-01 19:10:07.419 BasePage:293 - Receipt Printer is Displayed - Receipt Printer
[iOS_Ragav's 1 INFO ] 2023-09-01 19:10:07.422 BasePage:301 - Tapped Done Button on the Popup
[iOS_Ragav's 1 INFO ] 2023-09-01 19:10:09.513 BasePage:301 - Selected Menu Item As - Bhel Poori 
[iOS_Ragav's 1 INFO ] 2023-09-01 19:10:10.041 BasePage:301 - Tapped Seperate Button
[iOS_Ragav's 1 INFO ] 2023-09-01 19:10:12.634 BasePage:301 - Selected - 2
[iOS_Ragav's 1 INFO ] 2023-09-01 19:10:13.543 BasePage:301 - Continue (Close Till) button is tapped.
[iOS_Ragav's 1 INFO ] 2023-09-01 19:10:18.457 TableLayOutScreen:361 - Menu Count = 2 Bhel Poori 
[iOS_Ragav's 1 INFO ] 2023-09-01 19:10:18.462 BasePage:301 - Tapped Save&Close on Split Seat
[iOS_Ragav's 1 INFO ] 2023-09-01 19:10:20.583 TableLayOutScreen:656 - I should see Order Screen
[iOS_Ragav's 1 INFO ] 2023-09-01 19:10:20.588 BasePage:301 - Tapped Split Icon From Order Management Screen
[iOS_Ragav's 1 INFO ] 2023-09-01 19:10:22.386 BasePage:301 - Tapped Split By Seat Button From Order Management Screen
[iOS_Ragav's 1 INFO ] 2023-09-01 19:10:23.784 TableLayOutScreen:568 - Split Seat Page is Visible
[iOS_Ragav's 1 INFO ] 2023-09-01 19:10:24.886 TableLayOutScreen:580 - Available - Seat 1
[iOS_Ragav's 1 INFO ] 2023-09-01 19:10:24.889 BasePage:301 - Tapped Split Evenly in the Split Seat
[iOS_Ragav's 1 INFO ] 2023-09-01 19:10:28.391 TableLayOutScreen:741 - Seperate Icon Is Disable
[iOS_Ragav's 1 INFO ] 2023-09-01 19:10:34.191 TableLayOutScreen:1662 - Seat 1 SubTotal - $ 41.75
[iOS_Ragav's 1 INFO ] 2023-09-01 19:10:34.213 TableLayOutScreen:1674 - Tax Value After Format - 334.00
[iOS_Ragav's 1 INFO ] 2023-09-01 19:10:34.388 TableLayOutScreen:1687 - taxTxt - 334.00
[iOS_Ragav's 1 INFO ] 2023-09-01 19:10:34.389 TableLayOutScreen:1688 - ActualValueTax3 - 334.00
[iOS_Ragav's 1 INFO ] 2023-09-01 19:10:34.389 TableLayOutScreen:1690 - Seat 1 Tax - 334.00
[iOS_Ragav's 1 INFO ] 2023-09-01 19:10:34.553 TableLayOutScreen:1693 - Seat 1 Paid Amount - $ 0.00
[iOS_Ragav's 1 INFO ] 2023-09-01 19:10:34.712 TableLayOutScreen:1702 - subTotalTxt2 4175.0
[iOS_Ragav's 1 INFO ] 2023-09-01 19:10:34.712 TableLayOutScreen:1710 - Seat 1 Total - $ 45.09
[iOS_Ragav's 1 INFO ] 2023-09-01 19:10:41.262 TableLayOutScreen:1557 - Seat 1 Menu Name  - 1 Bhel Poori  Quantity - 0.25 Prize - 5.04
[iOS_Ragav's 1 INFO ] 2023-09-01 19:10:47.525 TableLayOutScreen:1573 - Seat 1 Modifier - 1  masala Qty - 0.25 Prize - 8.72
[iOS_Ragav's 1 INFO ] 2023-09-01 19:10:52.507 TableLayOutScreen:1557 - Seat 1 Menu Name  - 2 Bhel Poori  Quantity - 0.25 Prize - 5.04
[iOS_Ragav's 1 INFO ] 2023-09-01 19:10:59.649 TableLayOutScreen:1573 - Seat 1 Modifier - 2  masala Qty - 0.25 Prize - 8.71
[iOS_Ragav's 1 INFO ] 2023-09-01 19:11:05.174 TableLayOutScreen:1557 - Seat 1 Menu Name  - 3 Bhaw pajji  Quantity - 0.50 Prize - 13.20
[iOS_Ragav's 1 INFO ] 2023-09-01 19:11:12.190 TableLayOutScreen:1573 - Seat 1 Modifier - 3  peppery Qty - 0.50 Prize - 1.04
[iOS_Ragav's 1 INFO ] 2023-09-01 19:11:19.257 TableLayOutScreen:1592 - Seat 2 Menu Name - 1 Bhel Poori  Quantity - 0.25 Prize - 5.04
[iOS_Ragav's 1 INFO ] 2023-09-01 19:11:26.209 TableLayOutScreen:1608 - Seat 2 Modifier - 1  masala Qty - 0.25 Prize - 8.71
[iOS_Ragav's 1 INFO ] 2023-09-01 19:11:31.658 TableLayOutScreen:1592 - Seat 2 Menu Name - 2 Bhel Poori  Quantity - 0.25 Prize - 5.03
[iOS_Ragav's 1 INFO ] 2023-09-01 19:11:38.873 TableLayOutScreen:1608 - Seat 2 Modifier - 2  masala Qty - 0.25 Prize - 8.71
[iOS_Ragav's 1 INFO ] 2023-09-01 19:11:44.118 TableLayOutScreen:1592 - Seat 2 Menu Name - 3 Bhaw pajji  Quantity - 0.50 Prize - 13.19
[iOS_Ragav's 1 INFO ] 2023-09-01 19:11:51.008 TableLayOutScreen:1608 - Seat 2 Modifier - 3  peppery Qty - 0.50 Prize - 1.03
[iOS_Ragav's 1 INFO ] 2023-09-01 19:11:51.010 TableLayOutScreen:1616 - Menu Size is SAME - 3
[iOS_Ragav's 1 INFO ] 2023-09-01 19:11:51.010 TableLayOutScreen:1622 - Splitted Menu is SAME - 1 Bhel Poori  Qty - 0.25 Prize - 5.04
[iOS_Ragav's 1 INFO ] 2023-09-01 19:11:51.010 TableLayOutScreen:1627 - Splitted Modifier is SAME - 1  masala Qty - 0.25 Price - 8.72
[iOS_Ragav's 1 INFO ] 2023-09-01 19:11:51.010 TableLayOutScreen:1622 - Splitted Menu is SAME - 2 Bhel Poori  Qty - 0.25 Prize - 5.04
[iOS_Ragav's 1 INFO ] 2023-09-01 19:11:51.011 TableLayOutScreen:1627 - Splitted Modifier is SAME - 2  masala Qty - 0.25 Price - 8.71
[iOS_Ragav's 1 INFO ] 2023-09-01 19:11:51.011 TableLayOutScreen:1622 - Splitted Menu is SAME - 3 Bhaw pajji  Qty - 0.50 Prize - 13.20
[iOS_Ragav's 1 INFO ] 2023-09-01 19:11:51.011 TableLayOutScreen:1627 - Splitted Modifier is SAME - 3  peppery Qty - 0.50 Price - 1.04
[iOS_Ragav's 1 INFO ] 2023-09-01 19:11:57.764 TableLayOutScreen:1662 - Seat 1 SubTotal - $ 41.75
[iOS_Ragav's 1 INFO ] 2023-09-01 19:11:57.767 TableLayOutScreen:1674 - Tax Value After Format - 334.00
[iOS_Ragav's 1 INFO ] 2023-09-01 19:11:57.916 TableLayOutScreen:1687 - taxTxt - 334.00
[iOS_Ragav's 1 INFO ] 2023-09-01 19:11:57.916 TableLayOutScreen:1688 - ActualValueTax3 - 334.00
[iOS_Ragav's 1 INFO ] 2023-09-01 19:11:57.917 TableLayOutScreen:1690 - Seat 1 Tax - 334.00
[iOS_Ragav's 1 INFO ] 2023-09-01 19:11:58.065 TableLayOutScreen:1693 - Seat 1 Paid Amount - $ 0.00
[iOS_Ragav's 1 INFO ] 2023-09-01 19:11:58.230 TableLayOutScreen:1702 - subTotalTxt2 4175.0
[iOS_Ragav's 1 INFO ] 2023-09-01 19:11:58.230 TableLayOutScreen:1710 - Seat 1 Total - $ 45.09
[iOS_Ragav's 1 INFO ] 2023-09-01 19:12:05.027 TableLayOutScreen:1737 - Seat 1 SubTotal - $ 41.71
[iOS_Ragav's 1 INFO ] 2023-09-01 19:12:05.201 TableLayOutScreen:1758 - Seat 2 Tax - 334.00
[iOS_Ragav's 1 INFO ] 2023-09-01 19:12:05.357 TableLayOutScreen:1761 - Seat 2 Paid Amount - $ 0.00
[iOS_Ragav's 1 INFO ] 2023-09-01 19:12:05.508 TableLayOutScreen:1770 - subTotalTxt2 4171.0
[iOS_Ragav's 1 INFO ] 2023-09-01 19:12:05.508 TableLayOutScreen:1778 - Seat 2 Total - $ 45.05
[iOS_Ragav's 1 INFO ] 2023-09-01 19:12:07.149 BasePage:301 - Selected Added Check
[iOS_Ragav's 1 INFO ] 2023-09-01 19:12:07.578 BasePage:301 - Tapped Seat 1
[iOS_Ragav's 1 INFO ] 2023-09-01 19:12:09.601 BasePage:301 - Tapped the Group Seats Button
[iOS_Ragav's 1 INFO ] 2023-09-01 19:12:16.878 TableLayOutScreen:1639 - Seat 1 Menu Count - 0
[iOS_Ragav's 1 INFO ] 2023-09-01 19:12:19.315 TableLayOutScreen:1642 - Seat 2 Menu Count - 6
[iOS_Ragav's 1 INFO ] 2023-09-01 19:12:22.473 TableLayOutScreen:2108 - menus1.size - 6
[iOS_Ragav's 1 INFO ] 2023-09-01 19:12:27.594 TableLayOutScreen:2120 - Seat 2 Menu Name - 1 Bhel Poori  Quantity - 0.25 Prize - 5.04
[iOS_Ragav's 1 INFO ] 2023-09-01 19:12:35.110 TableLayOutScreen:2135 - Seat 2 Modifier - 1 masala Qty - 0.25 Prize - 8.71
[iOS_Ragav's 1 INFO ] 2023-09-01 19:12:40.474 TableLayOutScreen:2120 - Seat 2 Menu Name - 2 Bhel Poori  Quantity - 0.25 Prize - 5.03
[iOS_Ragav's 1 INFO ] 2023-09-01 19:12:47.549 TableLayOutScreen:2135 - Seat 2 Modifier - 2 masala Qty - 0.25 Prize - 8.71
[iOS_Ragav's 1 INFO ] 2023-09-01 19:12:52.847 TableLayOutScreen:2120 - Seat 2 Menu Name - 3 Bhaw pajji  Quantity - 0.50 Prize - 13.19
[iOS_Ragav's 1 INFO ] 2023-09-01 19:12:59.482 TableLayOutScreen:2135 - Seat 2 Modifier - 3 peppery Qty - 0.50 Prize - 1.03
[iOS_Ragav's 1 INFO ] 2023-09-01 19:13:04.968 TableLayOutScreen:2120 - Seat 2 Menu Name - 4 Bhel Poori  Quantity - 0.25 Prize - 5.04
[iOS_Ragav's 1 INFO ] 2023-09-01 19:13:11.797 TableLayOutScreen:2135 - Seat 2 Modifier - 4 masala Qty - 0.25 Prize - 8.72
[iOS_Ragav's 1 INFO ] 2023-09-01 19:13:17.156 TableLayOutScreen:2120 - Seat 2 Menu Name - 5 Bhel Poori  Quantity - 0.25 Prize - 5.04
[iOS_Ragav's 1 INFO ] 2023-09-01 19:13:24.863 TableLayOutScreen:2135 - Seat 2 Modifier - 5 masala Qty - 0.25 Prize - 8.71
[iOS_Ragav's 1 INFO ] 2023-09-01 19:13:30.197 TableLayOutScreen:2120 - Seat 2 Menu Name - 6 Bhaw pajji  Quantity - 0.50 Prize - 13.20
[iOS_Ragav's 1 INFO ] 2023-09-01 19:13:37.000 TableLayOutScreen:2135 - Seat 2 Modifier - 6 peppery Qty - 0.50 Prize - 1.04
[iOS_Ragav's 1 INFO ] 2023-09-01 19:13:38.836 TableLayOutScreen:1822 - Subtotal is SAME After Group Seats Done - $ 83.46
[iOS_Ragav's 1 INFO ] 2023-09-01 19:13:40.617 TableLayOutScreen:1844 - Tax is SAME After Group Seats Done - $ 6.68
[iOS_Ragav's 1 INFO ] 2023-09-01 19:13:42.313 TableLayOutScreen:1862 - Paid AMount is SAME After Group Seats Done - $ 0.00
[iOS_Ragav's 1 INFO ] 2023-09-01 19:13:44.072 TableLayOutScreen:1886 - TOTAL is SAME After Group Seats Done - $ 90.14
[iOS_Ragav's 1 INFO ] 2023-09-01 19:13:44.083 BasePage:301 - Tapped Save&Close on Split Seat
[iOS_Ragav's 1 INFO ] 2023-09-01 19:13:46.405 TableLayOutScreen:656 - I should see Order Screen
[iOS_Ragav's 1 INFO ] 2023-09-01 19:13:46.408 BasePage:301 - Tapped Seat 2 for add menu item
[iOS_Ragav's 1 INFO ] 2023-09-01 19:13:48.465 TableLayOutScreen:1946 - orderMenu.size() 7
[iOS_Ragav's 1 INFO ] 2023-09-01 19:13:49.624 TableLayOutScreen:1955 - Order Screen menu SAME with Split Menu - 1 Bhel Poori 
[iOS_Ragav's 1 INFO ] 2023-09-01 19:13:51.768 TableLayOutScreen:1962 - Modifier -  masala
[iOS_Ragav's 1 INFO ] 2023-09-01 19:13:52.895 TableLayOutScreen:1955 - Order Screen menu SAME with Split Menu - 2 Bhel Poori 
[iOS_Ragav's 1 INFO ] 2023-09-01 19:13:54.956 TableLayOutScreen:1962 - Modifier -  masala
[iOS_Ragav's 1 INFO ] 2023-09-01 19:13:56.031 TableLayOutScreen:1955 - Order Screen menu SAME with Split Menu - 3 Bhaw pajji 
[iOS_Ragav's 1 INFO ] 2023-09-01 19:13:58.248 TableLayOutScreen:1962 - Modifier -  peppery
[iOS_Ragav's 1 INFO ] 2023-09-01 19:13:59.320 TableLayOutScreen:1955 - Order Screen menu SAME with Split Menu - 4 Bhel Poori 
[iOS_Ragav's 1 INFO ] 2023-09-01 19:14:01.518 TableLayOutScreen:1962 - Modifier -  masala
[iOS_Ragav's 1 INFO ] 2023-09-01 19:14:02.582 TableLayOutScreen:1955 - Order Screen menu SAME with Split Menu - 5 Bhel Poori 
[iOS_Ragav's 1 INFO ] 2023-09-01 19:14:04.839 TableLayOutScreen:1962 - Modifier -  masala
[iOS_Ragav's 1 INFO ] 2023-09-01 19:14:05.896 TableLayOutScreen:1955 - Order Screen menu SAME with Split Menu - 6 Bhaw pajji 
[iOS_Ragav's 1 INFO ] 2023-09-01 19:14:08.068 TableLayOutScreen:1962 - Modifier -  peppery
[iOS_Ragav's 1 INFO ] 2023-09-01 19:14:09.386 TableLayOutScreen:1894 - Subtotal is - $ 83.46
[iOS_Ragav's 1 INFO ] 2023-09-01 19:14:10.621 TableLayOutScreen:1898 - Tax is - $ 6.68
[iOS_Ragav's 1 INFO ] 2023-09-01 19:14:11.774 TableLayOutScreen:1902 - Total is - $ 90.14
[iOS_Ragav's 1 INFO ] 2023-09-01 19:14:13.203 TableLayOutScreen:1906 - Paid Amount is - $ 0.00
[iOS_Ragav's 1 INFO ] 2023-09-01 19:14:13.216 BasePage:301 - Tapped Split Icon From Order Management Screen
[iOS_Ragav's 1 INFO ] 2023-09-01 19:14:15.170 BasePage:301 - Tapped Split By Seat Button From Order Management Screen
[iOS_Ragav's 1 INFO ] 2023-09-01 19:14:18.237 TableLayOutScreen:568 - Split Seat Page is Visible
[iOS_Ragav's 1 INFO ] 2023-09-01 19:14:19.680 TableLayOutScreen:580 - Available - Seat 1
[iOS_Ragav's 1 INFO ] 2023-09-01 19:14:21.204 BasePage:301 - Selected Added Check
[iOS_Ragav's 1 INFO ] 2023-09-01 19:14:21.657 BasePage:301 - Tapped Pay Button in Split Seat Screen
[iOS_Ragav's 1 INFO ] 2023-09-01 19:14:24.866 BasePage:293 - Payment window title is -Select Payment Method
[iOS_Ragav's 1 INFO ] 2023-09-01 19:14:26.352 BasePage:301 - Tapped Cash Payment
[iOS_Ragav's 1 INFO ] 2023-09-01 19:14:28.195 BasePage:301 - Exit button is tapped
[iOS_Ragav's 1 INFO ] 2023-09-01 19:14:31.313 TableLayOutScreen:2148 - Displayed as - Paid
[iOS_Ragav's 1 INFO ] 2023-09-01 19:14:31.318 BasePage:301 - Tapped Split Evenly in the Split Seat
[iOS_Ragav's 1 INFO ] 2023-09-01 19:14:34.980 TableLayOutScreen:718 - Displayed popup as - Cannot split as payment(s) has been made in seats - 2
[iOS_Ragav's 1 INFO ] 2023-09-01 19:14:34.984 BasePage:301 - Tapped Done Button on the Popup
[iOS_Ragav's 1 INFO ] 2023-09-01 19:14:38.585 BasePage:301 - Selected Menu Item As - Bhel Poori 
[iOS_Ragav's 1 INFO ] 2023-09-01 19:14:39.208 BasePage:301 - Tapped Seat 1
[iOS_Ragav's 1 INFO ] 2023-09-01 19:14:42.013 BasePage:293 - Order cannot moved txt is displayed - Order cannot be moved, Payment(s) has been made in seat - 2
[iOS_Ragav's 1 INFO ] 2023-09-01 19:14:42.015 BasePage:301 - Tapped Done Button on the Popup
[iOS_Ragav's 1 INFO ] 2023-09-01 19:14:43.179 BasePage:301 - Tapped Save&Close on Split Seat
[iOS_Ragav's 1 INFO ] 2023-09-01 19:14:44.451 BasePage:301 - finish button tapped
[iOS_Ragav's 1 INFO ] 2023-09-01 19:14:46.617 BasePage:301 - Tapped Check Stats Tab
[iOS_Ragav's 1 INFO ] 2023-09-01 19:14:54.022 PhoneOrderScreen:471 - 45-089 - Closed Check is displayed in Active tab
[iOS_Ragav's 1 INFO ] 2023-09-01 19:14:54.130 BasePage:301 - Keyboard hidden.
[iOS_Ragav's 1 INFO ] 2023-09-01 19:14:55.439 BasePage:301 - Tapped Table Layout Tab
[iOS_Ragav's 1 INFO ] 2023-09-01 19:14:57.316 BasePage:66 - Power button is clicked
[iOS_Ragav's 1 INFO ] 2023-09-01 19:14:58.211 BasePage:301 - Tapped pin 1
[iOS_Ragav's 1 INFO ] 2023-09-01 19:14:58.972 BasePage:301 - Tapped pin 2
[iOS_Ragav's 1 INFO ] 2023-09-01 19:14:59.652 BasePage:301 - Tapped pin 3
[iOS_Ragav's 1 INFO ] 2023-09-01 19:15:00.288 BasePage:301 - Tapped pin 4
[iOS_Ragav's 1 INFO ] 2023-09-01 19:15:00.904 BasePage:301 - Tapped Login.
[iOS_Ragav's 1 INFO ] 2023-09-01 19:15:02.916 BasePage:301 - Order type selection is cancelled.
[iOS_Ragav's 1 INFO ] 2023-09-01 19:15:03.686 BasePage:301 - Tapped All button
[iOS_Ragav's 1 INFO ] 2023-09-01 19:15:04.731 BasePage:301 - Tapped Table Layout Tab
[iOS_Ragav's 1 INFO ] 2023-09-01 19:15:06.111 BasePage:301 - Tapped New Check Button
[iOS_Ragav's 1 INFO ] 2023-09-01 19:15:08.675 BasePage:301 - T22 selected
[iOS_Ragav's 1 INFO ] 2023-09-01 19:15:13.912 BasePage:301 - 1 selected
[iOS_Ragav's 1 INFO ] 2023-09-01 19:15:14.317 BasePage:301 - Tapped Continue button
[iOS_Ragav's 1 INFO ] 2023-09-01 19:15:15.339 BasePage:301 - the rest of the categories is listed
[iOS_Ragav's 1 INFO ] 2023-09-01 19:15:16.921 BasePage:301 -  Selected Category as - Menu
[iOS_Ragav's 1 INFO ] 2023-09-01 19:15:17.670 BasePage:301 - lattoos selected
[iOS_Ragav's 1 INFO ] 2023-09-01 19:15:18.685 OrderManagementScreen:740 - Subtotal Value is - $ 5.15
[iOS_Ragav's 1 INFO ] 2023-09-01 19:15:18.688 BasePage:301 - Void button tapped
[iOS_Ragav's 1 INFO ] 2023-09-01 19:15:19.740 BasePage:293 - All Orders are voided is Displayed - All orders are voided
[iOS_Ragav's 1 INFO ] 2023-09-01 19:15:19.743 BasePage:301 - Tapped Done Button on the Popup
[iOS_Ragav's 1 INFO ] 2023-09-01 19:15:20.431 BasePage:301 - customer list is opened
[iOS_Ragav's 1 INFO ] 2023-09-01 19:15:21.174 BasePage:301 - Tapped Add New Button
[iOS_Ragav's 1 INFO ] 2023-09-01 19:15:26.552 BasePage:301 - Tapped search Phone
[iOS_Ragav's 1 INFO ] 2023-09-01 19:15:27.958 BasePage:83 - Customer name is entered - auto membership
[iOS_Ragav's 1 INFO ] 2023-09-01 19:15:30.461 BasePage:301 - Selected Customer - auto membership 876997065 
[iOS_Ragav's 1 INFO ] 2023-09-01 19:15:31.537 BasePage:301 - pressed Save button
[iOS_Ragav's 1 INFO ] 2023-09-01 19:15:35.261 TableLayOutScreen:656 - I should see Order Screen
[iOS_Ragav's 1 INFO ] 2023-09-01 19:15:36.364 OrderManagementScreen:1436 - auto m - Customer Is added on Order Screen 
[iOS_Ragav's 1 INFO ] 2023-09-01 19:15:38.975 OrderManagementScreen:1522 - 45-090
[iOS_Ragav's 1 INFO ] 2023-09-01 19:15:38.984 BasePage:301 - the rest of the categories is listed
[iOS_Ragav's 1 INFO ] 2023-09-01 19:15:40.395 BasePage:301 -  Selected Category as - Menu
[iOS_Ragav's 1 INFO ] 2023-09-01 19:15:41.209 BasePage:301 - lattoos selected
[iOS_Ragav's 1 INFO ] 2023-09-01 19:15:42.253 OrderManagementScreen:740 - Subtotal Value is - $ 7.51
[iOS_Ragav's 1 INFO ] 2023-09-01 19:15:43.012 OrderManagementScreen:882 - Tax Value is - $ 0.75
[iOS_Ragav's 1 INFO ] 2023-09-01 19:15:43.015 BasePage:301 - Payment button is tapped
[iOS_Ragav's 1 INFO ] 2023-09-01 19:15:46.036 OrderManagementScreen:1059 - Subtotal same with cash value - 7.51
[iOS_Ragav's 1 INFO ] 2023-09-01 19:15:47.129 BasePage:301 - Tapped Cash Payment
[iOS_Ragav's 1 INFO ] 2023-09-01 19:15:54.222 BasePage:301 - Tapped Check Stats Tab
[iOS_Ragav's 1 INFO ] 2023-09-01 19:15:55.114 BasePage:301 - Tapped closed Tab button
[iOS_Ragav's 1 INFO ] 2023-09-01 19:16:01.182 BasePage:301 - Tapped Closed Checks
[iOS_Ragav's 1 INFO ] 2023-09-01 19:16:01.563 PhoneOrderScreen:485 - 45-090 - Closed Check is displayed in closed tab
[iOS_Ragav's 1 INFO ] 2023-09-01 19:16:01.959 BasePage:301 - Selected Button as - CheckDetialsIcon
[iOS_Ragav's 1 INFO ] 2023-09-01 19:16:04.951 OrderManagementScreen:1876 - Subtotal Same with Order summary subtotal - $7.51
[iOS_Ragav's 1 INFO ] 2023-09-01 19:16:05.417 BasePage:66 - Power button is clicked
[iOS_Ragav's 1 INFO ] 2023-09-01 19:16:06.347 BasePage:301 - Tapped pin 1
[iOS_Ragav's 1 INFO ] 2023-09-01 19:16:06.913 BasePage:301 - Tapped pin 2
[iOS_Ragav's 1 INFO ] 2023-09-01 19:16:07.545 BasePage:301 - Tapped pin 3
[iOS_Ragav's 1 INFO ] 2023-09-01 19:16:08.210 BasePage:301 - Tapped pin 4
[iOS_Ragav's 1 INFO ] 2023-09-01 19:16:08.861 BasePage:301 - Tapped Login.
[iOS_Ragav's 1 INFO ] 2023-09-01 19:16:10.876 BasePage:301 - Order type selection is cancelled.
[iOS_Ragav's 1 INFO ] 2023-09-01 19:16:11.681 BasePage:301 - Tapped All button
[iOS_Ragav's 1 INFO ] 2023-09-01 19:16:12.696 BasePage:301 - Tapped Table Layout Tab
[iOS_Ragav's 1 INFO ] 2023-09-01 19:16:14.102 BasePage:301 - Tapped New Check Button
[iOS_Ragav's 1 INFO ] 2023-09-01 19:16:16.663 BasePage:301 - T22 selected
[iOS_Ragav's 1 INFO ] 2023-09-01 19:16:21.879 BasePage:301 - 1 selected
[iOS_Ragav's 1 INFO ] 2023-09-01 19:16:22.751 BasePage:301 - Tapped Continue button
[iOS_Ragav's 1 INFO ] 2023-09-01 19:16:23.833 BasePage:301 - customer list is opened
[iOS_Ragav's 1 INFO ] 2023-09-01 19:16:24.498 BasePage:301 - Tapped Add New Button
[iOS_Ragav's 1 INFO ] 2023-09-01 19:16:29.948 BasePage:301 - Tapped search Phone
[iOS_Ragav's 1 INFO ] 2023-09-01 19:16:32.076 BasePage:83 - Enter the customer - auto membership1
[iOS_Ragav's 1 INFO ] 2023-09-01 19:16:37.357 BasePage:301 - Selected Customer as - auto membership1 5876568 
[iOS_Ragav's 1 INFO ] 2023-09-01 19:16:37.982 BasePage:301 - Tapped Customer Plan Button
[iOS_Ragav's 1 INFO ] 2023-09-01 19:16:42.092 CustomerProfileWindow:224 - Account Types Screen is Displayed
[iOS_Ragav's 1 INFO ] 2023-09-01 19:16:45.605 BasePage:301 - Selected Arrow - 
[iOS_Ragav's 1 INFO ] 2023-09-01 19:16:50.830 BasePage:301 - Selected button as - Membership
[iOS_Ragav's 1 INFO ] 2023-09-01 19:16:52.978 CustomerProfileWindow:231 - Card Number - 5876568
[iOS_Ragav's 1 INFO ] 2023-09-01 19:16:55.311 CustomerProfileWindow:234 - Membership Name - Basic Level 2
[iOS_Ragav's 1 INFO ] 2023-09-01 19:16:57.632 CustomerProfileWindow:237 - Membership Type - Price Level 2
[iOS_Ragav's 1 INFO ] 2023-09-01 19:16:57.632 BasePage:301 - Update Button selected
[iOS_Ragav's 1 INFO ] 2023-09-01 19:17:02.991 OrderManagementScreen:1436 - auto m - Customer Is added on Order Screen 
[iOS_Ragav's 1 INFO ] 2023-09-01 19:17:05.706 OrderManagementScreen:1522 - 45-091
[iOS_Ragav's 1 INFO ] 2023-09-01 19:17:05.714 BasePage:301 - the rest of the categories is listed
[iOS_Ragav's 1 INFO ] 2023-09-01 19:17:07.080 BasePage:301 -  Selected Category as - Menu
[iOS_Ragav's 1 INFO ] 2023-09-01 19:17:07.794 BasePage:301 - lattoos selected
[iOS_Ragav's 1 INFO ] 2023-09-01 19:17:09.002 OrderManagementScreen:740 - Subtotal Value is - $ 7.51
[iOS_Ragav's 1 INFO ] 2023-09-01 19:17:09.793 OrderManagementScreen:882 - Tax Value is - $ 0.75
[iOS_Ragav's 1 INFO ] 2023-09-01 19:17:09.795 BasePage:301 - Payment button is tapped
[iOS_Ragav's 1 INFO ] 2023-09-01 19:17:12.961 OrderManagementScreen:1059 - Subtotal same with cash value - 7.51
[iOS_Ragav's 1 INFO ] 2023-09-01 19:17:14.245 BasePage:301 - Tapped Cash Payment
[iOS_Ragav's 1 INFO ] 2023-09-01 19:17:21.390 BasePage:301 - Tapped Check Stats Tab
[iOS_Ragav's 1 INFO ] 2023-09-01 19:17:22.270 BasePage:301 - Tapped closed Tab button
[iOS_Ragav's 1 INFO ] 2023-09-01 19:17:31.056 BasePage:301 - Tapped Closed Checks
[iOS_Ragav's 1 INFO ] 2023-09-01 19:17:31.387 PhoneOrderScreen:485 - 45-091 - Closed Check is displayed in closed tab
[iOS_Ragav's 1 INFO ] 2023-09-01 19:17:31.721 BasePage:301 - Selected Button as - CheckDetialsIcon
[iOS_Ragav's 1 INFO ] 2023-09-01 19:17:34.610 OrderManagementScreen:1876 - Subtotal Same with Order summary subtotal - $7.51
[iOS_Ragav's 1 INFO ] 2023-09-01 19:17:35.165 BasePage:66 - Power button is clicked
[iOS_Ragav's 1 INFO ] 2023-09-01 19:17:36.244 BasePage:301 - Tapped pin 1
[iOS_Ragav's 1 INFO ] 2023-09-01 19:17:36.783 BasePage:301 - Tapped pin 2
[iOS_Ragav's 1 INFO ] 2023-09-01 19:17:37.232 BasePage:301 - Tapped pin 3
[iOS_Ragav's 1 INFO ] 2023-09-01 19:17:37.899 BasePage:301 - Tapped pin 4
[iOS_Ragav's 1 INFO ] 2023-09-01 19:17:38.582 BasePage:301 - Tapped Login.
[iOS_Ragav's 1 INFO ] 2023-09-01 19:17:40.600 BasePage:301 - Order type selection is cancelled.
[iOS_Ragav's 1 INFO ] 2023-09-01 19:17:41.434 BasePage:301 - Tapped All button
[iOS_Ragav's 1 INFO ] 2023-09-01 19:17:42.472 BasePage:301 - Tapped Table Layout Tab
[iOS_Ragav's 1 INFO ] 2023-09-01 19:17:43.891 BasePage:301 - Tapped New Check Button
[iOS_Ragav's 1 INFO ] 2023-09-01 19:17:46.448 BasePage:301 - T22 selected
[iOS_Ragav's 1 INFO ] 2023-09-01 19:17:51.695 BasePage:301 - 1 selected
[iOS_Ragav's 1 INFO ] 2023-09-01 19:17:52.571 BasePage:301 - Tapped Continue button
[iOS_Ragav's 1 INFO ] 2023-09-01 19:17:56.102 OrderManagementScreen:1522 - 45-092
[iOS_Ragav's 1 INFO ] 2023-09-01 19:17:56.111 BasePage:301 - the rest of the categories is listed
[iOS_Ragav's 1 INFO ] 2023-09-01 19:17:58.219 BasePage:301 -  Selected Category as - Membership
[iOS_Ragav's 1 INFO ] 2023-09-01 19:17:58.945 BasePage:301 - lattoos selected
[iOS_Ragav's 1 INFO ] 2023-09-01 19:17:59.997 OrderManagementScreen:740 - Subtotal Value is - $ 7.51
[iOS_Ragav's 1 INFO ] 2023-09-01 19:18:00.599 OrderManagementScreen:882 - Tax Value is - $ 0.75
[iOS_Ragav's 1 INFO ] 2023-09-01 19:18:00.615 BasePage:301 - Payment button is tapped
[iOS_Ragav's 1 INFO ] 2023-09-01 19:18:03.134 OrderManagementScreen:1059 - Subtotal same with cash value - 7.51
[iOS_Ragav's 1 INFO ] 2023-09-01 19:18:04.111 BasePage:301 - Tapped Cash Payment
[iOS_Ragav's 1 INFO ] 2023-09-01 19:18:10.387 BasePage:301 - Tapped Check Stats Tab
[iOS_Ragav's 1 INFO ] 2023-09-01 19:18:11.233 BasePage:301 - Tapped closed Tab button
[iOS_Ragav's 1 INFO ] 2023-09-01 19:18:20.405 BasePage:301 - Tapped Closed Checks
[iOS_Ragav's 1 INFO ] 2023-09-01 19:18:20.740 PhoneOrderScreen:485 - 45-092 - Closed Check is displayed in closed tab
[iOS_Ragav's 1 INFO ] 2023-09-01 19:18:21.101 BasePage:301 - Selected Button as - CheckDetialsIcon
[iOS_Ragav's 1 INFO ] 2023-09-01 19:18:23.410 OrderManagementScreen:1876 - Subtotal Same with Order summary subtotal - $7.51
[iOS_Ragav's 1 INFO ] 2023-09-01 19:18:23.906 BasePage:66 - Power button is clicked
[iOS_Ragav's 1 INFO ] 2023-09-01 19:18:24.833 BasePage:301 - Tapped pin 1
[iOS_Ragav's 1 INFO ] 2023-09-01 19:18:25.615 BasePage:301 - Tapped pin 2
[iOS_Ragav's 1 INFO ] 2023-09-01 19:18:26.265 BasePage:301 - Tapped pin 3
[iOS_Ragav's 1 INFO ] 2023-09-01 19:18:26.915 BasePage:301 - Tapped pin 4
[iOS_Ragav's 1 INFO ] 2023-09-01 19:18:27.566 BasePage:301 - Tapped Login.
[iOS_Ragav's 1 INFO ] 2023-09-01 19:18:29.595 BasePage:301 - Order type selection is cancelled.
[iOS_Ragav's 1 INFO ] 2023-09-01 19:18:30.368 BasePage:301 - Tapped All button
[iOS_Ragav's 1 INFO ] 2023-09-01 19:18:31.365 BasePage:301 - Tapped Table Layout Tab
[iOS_Ragav's 1 INFO ] 2023-09-01 19:18:33.272 BasePage:301 - Tapped New
[iOS_Ragav's 1 INFO ] 2023-09-01 19:18:36.998 Regression:7234 - 28
[iOS_Ragav's 1 INFO ] 2023-09-01 19:18:36.999 Regression:7246 - 25
[iOS_Ragav's 1 INFO ] 2023-09-01 19:18:37.534 Regression:7250 - Table Number  - T25
[iOS_Ragav's 1 INFO ] 2023-09-01 19:18:37.534 BasePage:301 - Tapped Table Number
[iOS_Ragav's 1 INFO ] 2023-09-01 19:18:38.332 BasePage:301 - Tapped seat Number
[iOS_Ragav's 1 INFO ] 2023-09-01 19:18:39.690 BasePage:301 - Tapped continue
[iOS_Ragav's 1 INFO ] 2023-09-01 19:18:42.735 OrderManagementScreen:1660 - 45-093
[iOS_Ragav's 1 INFO ] 2023-09-01 19:18:42.745 BasePage:301 - the rest of the categories is listed
[iOS_Ragav's 1 INFO ] 2023-09-01 19:18:44.074 BasePage:301 -  Selected Category as - FOOD
[iOS_Ragav's 1 INFO ] 2023-09-01 19:18:45.005 BasePage:301 - Chicken Schnitzel selected
[iOS_Ragav's 1 INFO ] 2023-09-01 19:18:46.223 OrderManagementScreen:740 - Subtotal Value is - $ 12.00
[iOS_Ragav's 1 INFO ] 2023-09-01 19:18:47.515 OrderManagementScreen:882 - Tax Value is - $ 1.20
[iOS_Ragav's 1 INFO ] 2023-09-01 19:18:53.115 Hooks:70 - Failed Scenario Name : When applying 2 different fixed gratuity for 3 seat it taking only one fixed gratuity
