[iOS_Ragav's 1 INFO ] 2023-11-14 20:04:37.431 ServerManager:22 - starting appium server...
[iOS_Ragav's 1 INFO ] 2023-11-14 20:04:38.475 ServerManager:31 - Appium server started...
[iOS_Ragav's 1 INFO ] 2023-11-14 20:04:38.493 DriverManager:29 - initializing Appium driver
[iOS_Ragav's 1 INFO ] 2023-11-14 20:04:38.508 PropertyManager:17 - loading config properties
[iOS_Ragav's 1 INFO ] 2023-11-14 20:04:38.509 CapabilitiesManager:18 - getting capabilities...
[iOS_Ragav's 1 INFO ] 2023-11-14 20:05:01.194 DriverManager:42 - Driver is initialized
[iOS_Ragav's 1 INFO ] 2023-11-14 20:05:01.195 Hooks:52 - Start Scenario Name : LIN - 22195 - Application crash : When we delete the repeat order item
[iOS_Ragav's 1 INFO ] 2023-11-14 20:05:01.354 BasePage:301 - Tapped pin 1
[iOS_Ragav's 1 INFO ] 2023-11-14 20:05:02.413 BasePage:301 - Tapped pin 2
[iOS_Ragav's 1 INFO ] 2023-11-14 20:05:03.235 BasePage:301 - Tapped pin 3
[iOS_Ragav's 1 INFO ] 2023-11-14 20:05:04.002 BasePage:301 - Tapped pin 4
[iOS_Ragav's 1 INFO ] 2023-11-14 20:05:04.762 BasePage:301 - Tapped Login.
[iOS_Ragav's 1 INFO ] 2023-11-14 20:05:07.338 BasePage:301 - Order type selection is cancelled.
[iOS_Ragav's 1 INFO ] 2023-11-14 20:05:08.264 BasePage:301 - customer list is opened
[iOS_Ragav's 1 INFO ] 2023-11-14 20:05:09.128 BasePage:301 - Tapped Add New Button
[iOS_Ragav's 1 INFO ] 2023-11-14 20:05:14.764 BasePage:293 - Customer profile window is displayed - Customer Profile
[iOS_Ragav's 1 INFO ] 2023-11-14 20:05:14.773 BasePage:301 - Tapped search Phone
[iOS_Ragav's 1 INFO ] 2023-11-14 20:05:16.215 BasePage:83 - Customer name is entered - Auto test
[iOS_Ragav's 1 INFO ] 2023-11-14 20:05:19.345 BasePage:301 - Selected customer as - auto test 987879 
[iOS_Ragav's 1 INFO ] 2023-11-14 20:05:21.695 BasePage:301 - Selected Latest sale of customer
[iOS_Ragav's 1 INFO ] 2023-11-14 20:05:22.123 BasePage:301 - pressed Save button
[iOS_Ragav's 1 INFO ] 2023-11-14 20:05:27.403 OrderManagementScreen:1530 - 37-014
[iOS_Ragav's 1 INFO ] 2023-11-14 20:05:27.415 BasePage:301 - the rest of the categories is listed
[iOS_Ragav's 1 INFO ] 2023-11-14 20:05:28.782 BasePage:301 -  Selected Category as - FOOD
[iOS_Ragav's 1 INFO ] 2023-11-14 20:05:29.856 BasePage:301 - Onion Rings selected
[iOS_Ragav's 1 INFO ] 2023-11-14 20:05:30.798 BasePage:301 - Pancake selected
[iOS_Ragav's 1 INFO ] 2023-11-14 20:05:33.097 OrderManagementScreen:1833 - Menus Are - Onion Rings  - 9.00
[iOS_Ragav's 1 INFO ] 2023-11-14 20:05:41.306 OrderManagementScreen:1833 - Menus Are - Pancake  - 1.00
[iOS_Ragav's 1 INFO ] 2023-11-14 20:05:49.428 OrderManagementScreen:740 - Subtotal Value is - $ 10.00
[iOS_Ragav's 1 INFO ] 2023-11-14 20:05:51.751 OrderManagementScreen:882 - Tax Value is - $ 1.21
[iOS_Ragav's 1 INFO ] 2023-11-14 20:05:59.173 Hooks:70 - Failed Scenario Name : LIN - 22195 - Application crash : When we delete the repeat order item
[iOS_Ragav's 1 INFO ] 2023-11-14 20:06:50.325 ServerManager:22 - starting appium server...
[iOS_Ragav's 1 INFO ] 2023-11-14 20:06:51.842 ServerManager:31 - Appium server started...
[iOS_Ragav's 1 INFO ] 2023-11-14 20:06:51.853 DriverManager:29 - initializing Appium driver
[iOS_Ragav's 1 INFO ] 2023-11-14 20:06:51.872 PropertyManager:17 - loading config properties
[iOS_Ragav's 1 INFO ] 2023-11-14 20:06:51.873 CapabilitiesManager:18 - getting capabilities...
[iOS_Ragav's 1 INFO ] 2023-11-14 20:07:21.231 DriverManager:42 - Driver is initialized
[iOS_Ragav's 1 INFO ] 2023-11-14 20:07:21.235 Hooks:52 - Start Scenario Name : LIN - 22195 - Application crash : When we delete the repeat order item
[iOS_Ragav's 1 INFO ] 2023-11-14 20:07:21.515 BasePage:301 - Tapped pin 1
[iOS_Ragav's 1 INFO ] 2023-11-14 20:07:23.571 BasePage:301 - Tapped pin 2
[iOS_Ragav's 1 INFO ] 2023-11-14 20:07:25.499 BasePage:301 - Tapped pin 3
[iOS_Ragav's 1 INFO ] 2023-11-14 20:07:26.439 BasePage:301 - Tapped pin 4
[iOS_Ragav's 1 INFO ] 2023-11-14 20:07:28.243 BasePage:301 - Tapped Login.
[iOS_Ragav's 1 INFO ] 2023-11-14 20:07:30.835 BasePage:301 - Order type selection is cancelled.
[iOS_Ragav's 1 INFO ] 2023-11-14 20:07:31.858 BasePage:301 - customer list is opened
[iOS_Ragav's 1 INFO ] 2023-11-14 20:07:32.726 BasePage:301 - Tapped Add New Button
[iOS_Ragav's 1 INFO ] 2023-11-14 20:07:38.327 BasePage:293 - Customer profile window is displayed - Customer Profile
[iOS_Ragav's 1 INFO ] 2023-11-14 20:07:38.343 BasePage:301 - Tapped search Phone
[iOS_Ragav's 1 INFO ] 2023-11-14 20:07:39.815 BasePage:83 - Customer name is entered - Auto test
[iOS_Ragav's 1 INFO ] 2023-11-14 20:07:44.847 BasePage:301 - Selected customer as - auto test 987879 
[iOS_Ragav's 1 INFO ] 2023-11-14 20:07:45.512 BasePage:301 - pressed Save button
[iOS_Ragav's 1 INFO ] 2023-11-14 20:07:52.967 OrderManagementScreen:1530 - 37-015
[iOS_Ragav's 1 INFO ] 2023-11-14 20:07:53.001 BasePage:301 - the rest of the categories is listed
[iOS_Ragav's 1 INFO ] 2023-11-14 20:07:55.943 BasePage:301 -  Selected Category as - FOOD
[iOS_Ragav's 1 INFO ] 2023-11-14 20:07:57.385 BasePage:301 - Onion Rings selected
[iOS_Ragav's 1 INFO ] 2023-11-14 20:07:58.625 BasePage:301 - Pancake selected
[iOS_Ragav's 1 INFO ] 2023-11-14 20:08:03.081 OrderManagementScreen:1833 - Menus Are - Onion Rings  - 9.00
[iOS_Ragav's 1 INFO ] 2023-11-14 20:08:11.649 OrderManagementScreen:1833 - Menus Are - Pancake  - 1.00
[iOS_Ragav's 1 INFO ] 2023-11-14 20:08:19.827 OrderManagementScreen:740 - Subtotal Value is - $ 10.00
[iOS_Ragav's 1 INFO ] 2023-11-14 20:08:21.020 OrderManagementScreen:882 - Tax Value is - $ 1.21
[iOS_Ragav's 1 INFO ] 2023-11-14 20:08:27.220 Hooks:70 - Failed Scenario Name : LIN - 22195 - Application crash : When we delete the repeat order item
[iOS_Ragav's 1 INFO ] 2023-11-14 20:09:05.129 ServerManager:22 - starting appium server...
[iOS_Ragav's 1 INFO ] 2023-11-14 20:09:07.305 ServerManager:31 - Appium server started...
[iOS_Ragav's 1 INFO ] 2023-11-14 20:09:07.356 DriverManager:29 - initializing Appium driver
[iOS_Ragav's 1 INFO ] 2023-11-14 20:09:07.393 PropertyManager:17 - loading config properties
[iOS_Ragav's 1 INFO ] 2023-11-14 20:09:07.395 CapabilitiesManager:18 - getting capabilities...
[iOS_Ragav's 1 INFO ] 2023-11-14 20:09:48.399 DriverManager:42 - Driver is initialized
[iOS_Ragav's 1 INFO ] 2023-11-14 20:09:48.407 Hooks:52 - Start Scenario Name : LIN - 22195 - Application crash : When we delete the repeat order item
[iOS_Ragav's 1 INFO ] 2023-11-14 20:09:48.747 BasePage:301 - Tapped pin 1
[iOS_Ragav's 1 INFO ] 2023-11-14 20:09:50.893 BasePage:301 - Tapped pin 2
[iOS_Ragav's 1 INFO ] 2023-11-14 20:09:52.740 BasePage:301 - Tapped pin 3
[iOS_Ragav's 1 INFO ] 2023-11-14 20:09:54.678 BasePage:301 - Tapped pin 4
[iOS_Ragav's 1 INFO ] 2023-11-14 20:09:56.648 BasePage:301 - Tapped Login.
[iOS_Ragav's 1 INFO ] 2023-11-14 20:09:59.387 BasePage:301 - Order type selection is cancelled.
[iOS_Ragav's 1 INFO ] 2023-11-14 20:10:00.553 BasePage:301 - customer list is opened
[iOS_Ragav's 1 INFO ] 2023-11-14 20:10:01.645 BasePage:301 - Tapped Add New Button
[iOS_Ragav's 1 INFO ] 2023-11-14 20:10:07.208 BasePage:293 - Customer profile window is displayed - Customer Profile
[iOS_Ragav's 1 INFO ] 2023-11-14 20:10:07.235 BasePage:301 - Tapped search Phone
[iOS_Ragav's 1 INFO ] 2023-11-14 20:10:10.275 BasePage:83 - Customer name is entered - Auto test
[iOS_Ragav's 1 INFO ] 2023-11-14 20:10:13.276 BasePage:301 - Selected customer as - auto test 987879 
[iOS_Ragav's 1 INFO ] 2023-11-14 20:10:13.921 BasePage:301 - pressed Save button
[iOS_Ragav's 1 INFO ] 2023-11-14 20:10:20.618 OrderManagementScreen:1530 - 37-016
[iOS_Ragav's 1 INFO ] 2023-11-14 20:10:20.664 BasePage:301 - the rest of the categories is listed
[iOS_Ragav's 1 INFO ] 2023-11-14 20:10:23.641 BasePage:301 -  Selected Category as - FOOD
[iOS_Ragav's 1 INFO ] 2023-11-14 20:10:24.861 BasePage:301 - Onion Rings selected
[iOS_Ragav's 1 INFO ] 2023-11-14 20:10:26.044 BasePage:301 - Pancake selected
[iOS_Ragav's 1 INFO ] 2023-11-14 20:10:28.948 OrderManagementScreen:1833 - Menus Are - Onion Rings  - 9.00
[iOS_Ragav's 1 INFO ] 2023-11-14 20:10:37.424 OrderManagementScreen:1833 - Menus Are - Pancake  - 1.00
[iOS_Ragav's 1 INFO ] 2023-11-14 20:10:46.045 OrderManagementScreen:740 - Subtotal Value is - $ 10.00
[iOS_Ragav's 1 INFO ] 2023-11-14 20:10:48.658 OrderManagementScreen:882 - Tax Value is - $ 1.21
[iOS_Ragav's 1 INFO ] 2023-11-14 20:10:51.821 OrderManagementScreen:941 - Total Value is SAME - $ 11.10
[iOS_Ragav's 1 INFO ] 2023-11-14 20:10:59.160 Hooks:70 - Failed Scenario Name : LIN - 22195 - Application crash : When we delete the repeat order item
