[iOS_Ragav's 1 INFO ] 2023-09-28 10:07:42.179 ServerManager:22 - starting appium server...
[iOS_Ragav's 1 INFO ] 2023-09-28 10:07:43.216 ServerManager:31 - Appium server started...
[iOS_Ragav's 1 INFO ] 2023-09-28 10:07:43.233 DriverManager:29 - initializing Appium driver
[iOS_Ragav's 1 INFO ] 2023-09-28 10:07:43.282 PropertyManager:17 - loading config properties
[iOS_Ragav's 1 INFO ] 2023-09-28 10:07:43.283 CapabilitiesManager:18 - getting capabilities...
[iOS_Ragav's 1 INFO ] 2023-09-28 10:07:44.667 GlobalParams:130 - PORT Number is - 7108
[iOS_Ragav's 1 INFO ] 2023-09-28 10:07:44.667 ServerManager:22 - starting appium server...
[iOS_Ragav's 1 INFO ] 2023-09-28 10:07:45.353 ServerManager:31 - Appium server started...
[iOS_Ragav's 1 INFO ] 2023-09-28 10:07:45.353 DriverManager:29 - initializing Appium driver
[iOS_Ragav's 1 INFO ] 2023-09-28 10:07:45.354 CapabilitiesManager:18 - getting capabilities...
[iOS_Ragav's 1 INFO ] 2023-09-28 10:08:09.802 ServerManager:22 - starting appium server...
[iOS_Ragav's 1 INFO ] 2023-09-28 10:08:11.266 ServerManager:31 - Appium server started...
[iOS_Ragav's 1 INFO ] 2023-09-28 10:08:11.275 DriverManager:29 - initializing Appium driver
[iOS_Ragav's 1 INFO ] 2023-09-28 10:08:11.295 PropertyManager:17 - loading config properties
[iOS_Ragav's 1 INFO ] 2023-09-28 10:08:11.297 CapabilitiesManager:18 - getting capabilities...
[iOS_Ragav's 1 INFO ] 2023-09-28 10:11:09.458 ServerManager:22 - starting appium server...
[iOS_Ragav's 1 INFO ] 2023-09-28 10:11:10.875 ServerManager:31 - Appium server started...
[iOS_Ragav's 1 INFO ] 2023-09-28 10:11:10.896 DriverManager:29 - initializing Appium driver
[iOS_Ragav's 1 INFO ] 2023-09-28 10:11:10.945 PropertyManager:17 - loading config properties
[iOS_Ragav's 1 INFO ] 2023-09-28 10:11:10.947 CapabilitiesManager:18 - getting capabilities...
[iOS_Ragav's 1 INFO ] 2023-09-28 10:11:12.567 GlobalParams:130 - PORT Number is - 6059
[iOS_Ragav's 1 INFO ] 2023-09-28 10:11:12.567 ServerManager:22 - starting appium server...
[iOS_Ragav's 1 INFO ] 2023-09-28 10:11:13.234 ServerManager:31 - Appium server started...
[iOS_Ragav's 1 INFO ] 2023-09-28 10:11:13.238 DriverManager:29 - initializing Appium driver
[iOS_Ragav's 1 INFO ] 2023-09-28 10:11:13.239 CapabilitiesManager:18 - getting capabilities...
[iOS_Ragav's 1 INFO ] 2023-09-28 10:11:14.370 GlobalParams:130 - PORT Number is - 5874
[iOS_Ragav's 1 INFO ] 2023-09-28 10:11:14.371 ServerManager:22 - starting appium server...
[iOS_Ragav's 1 INFO ] 2023-09-28 10:11:15.372 ServerManager:31 - Appium server started...
[iOS_Ragav's 1 INFO ] 2023-09-28 10:11:15.373 DriverManager:29 - initializing Appium driver
[iOS_Ragav's 1 INFO ] 2023-09-28 10:11:15.373 CapabilitiesManager:18 - getting capabilities...
[iOS_Ragav's 1 INFO ] 2023-09-28 10:11:16.641 GlobalParams:130 - PORT Number is - 7102
[iOS_Ragav's 1 INFO ] 2023-09-28 10:11:16.642 ServerManager:22 - starting appium server...
[iOS_Ragav's 1 INFO ] 2023-09-28 10:11:17.319 ServerManager:31 - Appium server started...
[iOS_Ragav's 1 INFO ] 2023-09-28 10:11:17.320 DriverManager:29 - initializing Appium driver
[iOS_Ragav's 1 INFO ] 2023-09-28 10:11:17.321 CapabilitiesManager:18 - getting capabilities...
[iOS_Ragav's 1 INFO ] 2023-09-28 10:11:30.540 ServerManager:22 - starting appium server...
[iOS_Ragav's 1 INFO ] 2023-09-28 10:11:31.952 ServerManager:31 - Appium server started...
[iOS_Ragav's 1 INFO ] 2023-09-28 10:11:31.975 DriverManager:29 - initializing Appium driver
[iOS_Ragav's 1 INFO ] 2023-09-28 10:11:32.002 PropertyManager:17 - loading config properties
[iOS_Ragav's 1 INFO ] 2023-09-28 10:11:32.009 CapabilitiesManager:18 - getting capabilities...
[iOS_Ragav's 1 INFO ] 2023-09-28 10:12:15.473 DriverManager:42 - Driver is initialized
[iOS_Ragav's 1 INFO ] 2023-09-28 10:12:15.478 Hooks:52 - Start Scenario Name : User Till
[iOS_Ragav's 1 INFO ] 2023-09-28 10:12:15.840 BasePage:301 - Tapped pin 1
[iOS_Ragav's 1 INFO ] 2023-09-28 10:12:17.122 BasePage:301 - Tapped pin 2
[iOS_Ragav's 1 INFO ] 2023-09-28 10:12:18.328 BasePage:301 - Tapped pin 3
[iOS_Ragav's 1 INFO ] 2023-09-28 10:12:19.879 BasePage:301 - Tapped pin 4
[iOS_Ragav's 1 INFO ] 2023-09-28 10:12:21.264 BasePage:301 - Tapped Login.
[iOS_Ragav's 1 INFO ] 2023-09-28 10:31:39.256 ServerManager:22 - starting appium server...
[iOS_Ragav's 1 INFO ] 2023-09-28 10:31:41.335 ServerManager:31 - Appium server started...
[iOS_Ragav's 1 INFO ] 2023-09-28 10:31:41.357 DriverManager:29 - initializing Appium driver
[iOS_Ragav's 1 INFO ] 2023-09-28 10:31:41.422 PropertyManager:17 - loading config properties
[iOS_Ragav's 1 INFO ] 2023-09-28 10:31:41.424 CapabilitiesManager:18 - getting capabilities...
[iOS_Ragav's 1 INFO ] 2023-09-28 10:32:10.823 DriverManager:42 - Driver is initialized
[iOS_Ragav's 1 INFO ] 2023-09-28 10:32:10.826 Hooks:52 - Start Scenario Name : User Till
[iOS_Ragav's 1 INFO ] 2023-09-28 10:32:11.181 BasePage:301 - Tapped pin 1
[iOS_Ragav's 1 INFO ] 2023-09-28 10:32:13.368 BasePage:301 - Tapped pin 2
[iOS_Ragav's 1 INFO ] 2023-09-28 10:32:14.974 BasePage:301 - Tapped pin 3
[iOS_Ragav's 1 INFO ] 2023-09-28 10:32:16.623 BasePage:301 - Tapped pin 4
[iOS_Ragav's 1 INFO ] 2023-09-28 10:47:41.331 ServerManager:22 - starting appium server...
[iOS_Ragav's 1 INFO ] 2023-09-28 10:47:43.525 ServerManager:31 - Appium server started...
[iOS_Ragav's 1 INFO ] 2023-09-28 10:47:43.540 DriverManager:29 - initializing Appium driver
[iOS_Ragav's 1 INFO ] 2023-09-28 10:47:43.582 PropertyManager:17 - loading config properties
[iOS_Ragav's 1 INFO ] 2023-09-28 10:47:43.587 CapabilitiesManager:18 - getting capabilities...
[iOS_Ragav's 1 INFO ] 2023-09-28 10:48:08.279 DriverManager:42 - Driver is initialized
[iOS_Ragav's 1 INFO ] 2023-09-28 10:48:08.287 Hooks:52 - Start Scenario Name : User Till
[iOS_Ragav's 1 INFO ] 2023-09-28 10:48:08.627 BasePage:301 - Tapped pin 1
[iOS_Ragav's 1 INFO ] 2023-09-28 10:48:11.157 BasePage:301 - Tapped pin 2
[iOS_Ragav's 1 INFO ] 2023-09-28 10:48:13.085 BasePage:301 - Tapped pin 3
[iOS_Ragav's 1 INFO ] 2023-09-28 10:48:15.135 BasePage:301 - Tapped pin 4
[iOS_Ragav's 1 INFO ] 2023-09-28 10:48:16.997 BasePage:301 - Tapped Login.
[iOS_Ragav's 1 INFO ] 2023-09-28 10:48:20.388 BasePage:301 - Order type selection is cancelled.
[iOS_Ragav's 1 INFO ] 2023-09-28 10:48:21.697 BasePage:301 - Counting Machine button pressed - 
[iOS_Ragav's 1 INFO ] 2023-09-28 10:48:24.885 TillManagementScreen:834 - Active Till is NOT Available
[iOS_Ragav's 1 INFO ] 2023-09-28 10:48:27.219 GlobalParams:130 - PORT Number is - 10083
[iOS_Ragav's 1 INFO ] 2023-09-28 10:48:27.219 ServerManager:22 - starting appium server...
[iOS_Ragav's 1 INFO ] 2023-09-28 10:48:28.893 ServerManager:31 - Appium server started...
[iOS_Ragav's 1 INFO ] 2023-09-28 10:48:28.895 DriverManager:29 - initializing Appium driver
[iOS_Ragav's 1 INFO ] 2023-09-28 10:48:28.896 CapabilitiesManager:18 - getting capabilities...
[iOS_Ragav's 1 INFO ] 2023-09-28 10:48:31.163 GlobalParams:130 - PORT Number is - 9366
[iOS_Ragav's 1 INFO ] 2023-09-28 10:48:31.164 ServerManager:22 - starting appium server...
[iOS_Ragav's 1 INFO ] 2023-09-28 10:48:31.840 ServerManager:31 - Appium server started...
[iOS_Ragav's 1 INFO ] 2023-09-28 10:48:31.840 DriverManager:29 - initializing Appium driver
[iOS_Ragav's 1 INFO ] 2023-09-28 10:48:31.840 CapabilitiesManager:18 - getting capabilities...
[iOS_Ragav's 1 INFO ] 2023-09-28 11:16:13.011 ServerManager:22 - starting appium server...
[iOS_Ragav's 1 INFO ] 2023-09-28 11:16:14.076 ServerManager:31 - Appium server started...
[iOS_Ragav's 1 INFO ] 2023-09-28 11:16:14.088 DriverManager:29 - initializing Appium driver
[iOS_Ragav's 1 INFO ] 2023-09-28 11:16:14.109 PropertyManager:17 - loading config properties
[iOS_Ragav's 1 INFO ] 2023-09-28 11:16:14.110 CapabilitiesManager:18 - getting capabilities...
[iOS_Ragav's 1 INFO ] 2023-09-28 11:16:31.475 DriverManager:42 - Driver is initialized
[iOS_Ragav's 1 INFO ] 2023-09-28 11:16:31.476 Hooks:52 - Start Scenario Name : User Till
[iOS_Ragav's 1 INFO ] 2023-09-28 11:16:31.619 BasePage:301 - Tapped pin 1
[iOS_Ragav's 1 INFO ] 2023-09-28 11:16:33.323 BasePage:301 - Tapped pin 2
[iOS_Ragav's 1 INFO ] 2023-09-28 11:16:34.829 BasePage:301 - Tapped pin 3
[iOS_Ragav's 1 INFO ] 2023-09-28 11:16:36.325 BasePage:301 - Tapped pin 4
[iOS_Ragav's 1 INFO ] 2023-09-28 11:16:37.792 BasePage:301 - Tapped Login.
[iOS_Ragav's 1 INFO ] 2023-09-28 11:16:40.287 BasePage:301 - Order type selection is cancelled.
[iOS_Ragav's 1 INFO ] 2023-09-28 11:16:41.173 BasePage:301 - Counting Machine button pressed - 
