[iOS_Ragav's 1 INFO ] 2023-11-23 10:58:29.967 ServerManager:22 - starting appium server...
[iOS_Ragav's 1 INFO ] 2023-11-23 10:58:31.350 ServerManager:31 - Appium server started...
[iOS_Ragav's 1 INFO ] 2023-11-23 10:58:31.377 DriverManager:29 - initializing Appium driver
[iOS_Ragav's 1 INFO ] 2023-11-23 10:58:31.399 PropertyManager:17 - loading config properties
[iOS_Ragav's 1 INFO ] 2023-11-23 10:58:31.401 CapabilitiesManager:18 - getting capabilities...
[iOS_Ragav's 1 INFO ] 2023-11-23 10:58:54.894 DriverManager:42 - Driver is initialized
[iOS_Ragav's 1 INFO ] 2023-11-23 10:58:54.895 Hooks:52 - Start Scenario Name : LIN-22431 - In batch screen when the Apply Total Toggle is enabled Tip is accepting for the lesser amount than check total.
[iOS_Ragav's 1 INFO ] 2023-11-23 10:58:55.026 BasePage:301 - Tapped pin 1
[iOS_Ragav's 1 INFO ] 2023-11-23 10:58:55.971 BasePage:301 - Tapped pin 2
[iOS_Ragav's 1 INFO ] 2023-11-23 10:58:57.106 BasePage:301 - Tapped pin 3
[iOS_Ragav's 1 INFO ] 2023-11-23 10:58:58.219 BasePage:301 - Tapped pin 4
[iOS_Ragav's 1 INFO ] 2023-11-23 10:58:59.043 BasePage:301 - Tapped Login.
[iOS_Ragav's 1 INFO ] 2023-11-23 10:59:01.669 BasePage:301 - Order type selection is cancelled.
[iOS_Ragav's 1 INFO ] 2023-11-23 10:59:02.791 BasePage:301 - Tapped All button
[iOS_Ragav's 1 INFO ] 2023-11-23 10:59:04.259 BasePage:301 - Tapped Table Layout Tab
[iOS_Ragav's 1 INFO ] 2023-11-23 10:59:05.939 BasePage:301 - Tapped New
[iOS_Ragav's 1 INFO ] 2023-11-23 10:59:11.172 Regression:2206 - 28
[iOS_Ragav's 1 INFO ] 2023-11-23 10:59:11.173 Regression:2214 - 4
[iOS_Ragav's 1 INFO ] 2023-11-23 10:59:11.833 Regression:2217 - Table Number  - T4
[iOS_Ragav's 1 INFO ] 2023-11-23 10:59:11.833 BasePage:301 - Tapped Table Number
[iOS_Ragav's 1 INFO ] 2023-11-23 10:59:12.773 BasePage:301 - Tapped seat Number
[iOS_Ragav's 1 INFO ] 2023-11-23 10:59:14.535 BasePage:301 - Tapped continue
[iOS_Ragav's 1 INFO ] 2023-11-23 10:59:18.552 OrderManagementScreen:1540 - 48-002
[iOS_Ragav's 1 INFO ] 2023-11-23 10:59:19.878 BasePage:301 - Arrow Done on iPad 1
[iOS_Ragav's 1 INFO ] 2023-11-23 10:59:20.841 BasePage:301 - Tapped category
[iOS_Ragav's 1 INFO ] 2023-11-23 10:59:29.132 Regression:2280 - Random Number - 1
[iOS_Ragav's 1 INFO ] 2023-11-23 10:59:30.376 BasePage:301 - Tapped Menu - CAPRESE
[iOS_Ragav's 1 INFO ] 2023-11-23 10:59:36.022 BasePage:301 - Maple-Candied Walnuts - Tapped Main Modifier
[iOS_Ragav's 1 INFO ] 2023-11-23 10:59:38.088 BasePage:301 - Tapped Done
[iOS_Ragav's 1 INFO ] 2023-11-23 10:59:38.416 Regression:2280 - Random Number - 5
[iOS_Ragav's 1 INFO ] 2023-11-23 10:59:38.984 BasePage:301 - Tapped Menu - BLUE CHEESE
[iOS_Ragav's 1 INFO ] 2023-11-23 10:59:45.296 Regression:2311 - Subtotal Value as Same with Price Level 2 - $ 10.00
[iOS_Ragav's 1 INFO ] 2023-11-23 10:59:46.198 Regression:2315 - Tax Value is SAME - $ 1.00
[iOS_Ragav's 1 INFO ] 2023-11-23 10:59:46.968 Regression:2319 - Tptal Value is SAME - $ 11.00
[iOS_Ragav's 1 INFO ] 2023-11-23 10:59:53.481 Hooks:70 - Failed Scenario Name : LIN-22431 - In batch screen when the Apply Total Toggle is enabled Tip is accepting for the lesser amount than check total.
[iOS_Ragav's 1 INFO ] 2023-11-23 11:26:43.323 ServerManager:22 - starting appium server...
[iOS_Ragav's 1 INFO ] 2023-11-23 11:26:44.395 ServerManager:31 - Appium server started...
[iOS_Ragav's 1 INFO ] 2023-11-23 11:26:44.416 DriverManager:29 - initializing Appium driver
[iOS_Ragav's 1 INFO ] 2023-11-23 11:26:44.432 PropertyManager:17 - loading config properties
[iOS_Ragav's 1 INFO ] 2023-11-23 11:26:44.433 CapabilitiesManager:18 - getting capabilities...
[iOS_Ragav's 1 INFO ] 2023-11-23 11:27:06.896 DriverManager:42 - Driver is initialized
[iOS_Ragav's 1 INFO ] 2023-11-23 11:27:06.906 Hooks:52 - Start Scenario Name : LIN-22431 - In batch screen when the Apply Total Toggle is enabled Tip is accepting for the lesser amount than check total.
[iOS_Ragav's 1 INFO ] 2023-11-23 11:27:07.227 BasePage:301 - Tapped pin 1
[iOS_Ragav's 1 INFO ] 2023-11-23 11:27:08.486 BasePage:301 - Tapped pin 2
[iOS_Ragav's 1 INFO ] 2023-11-23 11:27:09.546 BasePage:301 - Tapped pin 3
[iOS_Ragav's 1 INFO ] 2023-11-23 11:27:11.503 BasePage:301 - Tapped pin 4
[iOS_Ragav's 1 INFO ] 2023-11-23 11:27:13.620 BasePage:301 - Tapped Login.
[iOS_Ragav's 1 INFO ] 2023-11-23 11:27:16.468 BasePage:301 - Order type selection is cancelled.
[iOS_Ragav's 1 INFO ] 2023-11-23 11:27:17.812 BasePage:301 - Tapped All button
[iOS_Ragav's 1 INFO ] 2023-11-23 11:27:19.659 BasePage:301 - Tapped Table Layout Tab
[iOS_Ragav's 1 INFO ] 2023-11-23 11:27:21.242 BasePage:301 - Tapped New
[iOS_Ragav's 1 INFO ] 2023-11-23 11:27:26.535 Regression:2206 - 28
[iOS_Ragav's 1 INFO ] 2023-11-23 11:27:26.542 Regression:2214 - 25
[iOS_Ragav's 1 INFO ] 2023-11-23 11:27:27.995 Regression:2217 - Table Number  - T25
[iOS_Ragav's 1 INFO ] 2023-11-23 11:27:27.998 BasePage:301 - Tapped Table Number
[iOS_Ragav's 1 INFO ] 2023-11-23 11:27:29.302 BasePage:301 - Tapped seat Number
[iOS_Ragav's 1 INFO ] 2023-11-23 11:27:31.173 BasePage:301 - Tapped continue
[iOS_Ragav's 1 INFO ] 2023-11-23 11:27:36.815 OrderManagementScreen:1540 - 48-003
[iOS_Ragav's 1 INFO ] 2023-11-23 11:27:39.106 BasePage:301 - Arrow Done on iPad 1
[iOS_Ragav's 1 INFO ] 2023-11-23 11:27:40.285 BasePage:301 - Tapped category
[iOS_Ragav's 1 INFO ] 2023-11-23 11:27:48.771 Regression:2280 - Random Number - 5
[iOS_Ragav's 1 INFO ] 2023-11-23 11:27:50.207 BasePage:301 - Tapped Menu - GARDEN
[iOS_Ragav's 1 INFO ] 2023-11-23 11:27:59.288 BasePage:301 - Croutons - Tapped Main Modifier
[iOS_Ragav's 1 INFO ] 2023-11-23 11:28:01.049 BasePage:301 - Tapped Done
[iOS_Ragav's 1 INFO ] 2023-11-23 11:28:01.622 Regression:2280 - Random Number - 2
[iOS_Ragav's 1 INFO ] 2023-11-23 11:28:03.170 BasePage:301 - Tapped Menu - CAESAR
[iOS_Ragav's 1 INFO ] 2023-11-23 11:28:05.608 BasePage:301 - Anchovy - Tapped Main Modifier
[iOS_Ragav's 1 INFO ] 2023-11-23 11:28:06.908 BasePage:301 - Tapped Done
[iOS_Ragav's 1 INFO ] 2023-11-23 11:28:08.212 Regression:2311 - Subtotal Value as Same with Price Level 2 - $ 12.00
[iOS_Ragav's 1 INFO ] 2023-11-23 11:28:10.580 Regression:2315 - Tax Value is SAME - $ 1.90
[iOS_Ragav's 1 INFO ] 2023-11-23 11:28:12.746 Regression:2319 - Tptal Value is SAME - $ 14.60
[iOS_Ragav's 1 INFO ] 2023-11-23 11:28:14.933 Regression:2324 - Cash Discount Value is SAME - $ 13.90
[iOS_Ragav's 1 INFO ] 2023-11-23 11:28:15.015 BasePage:301 - Payment button is tapped
[iOS_Ragav's 1 INFO ] 2023-11-23 11:28:19.794 cashOption:23 - Balance Due Amount in Payment Screen - $ 14.60
[iOS_Ragav's 1 INFO ] 2023-11-23 11:28:21.289 cashOption:32 - Cash Price Amount in Payment Screen - $ 13.90
[iOS_Ragav's 1 INFO ] 2023-11-23 11:28:22.456 BasePage:301 - Tapped Side CC Button
[iOS_Ragav's 1 INFO ] 2023-11-23 11:28:24.427 Regression:7273 - Tip Screen is displayed
[iOS_Ragav's 1 INFO ] 2023-11-23 11:28:28.069 Regression:7281 - Tip Amount - $ 10.00
[iOS_Ragav's 1 INFO ] 2023-11-23 11:28:28.241 BasePage:301 - Selected TIP as - $ 10.00
[iOS_Ragav's 1 INFO ] 2023-11-23 11:28:29.196 BasePage:301 - Tapped Continue Button
[iOS_Ragav's 1 INFO ] 2023-11-23 11:28:31.471 Regression:7198 - Card Details Entry Screen - Your Order
[iOS_Ragav's 1 INFO ] 2023-11-23 11:28:32.372 Regression:7204 - Subtotal Value Same With Card Details Screen - $ 12.00
[iOS_Ragav's 1 INFO ] 2023-11-23 11:28:33.578 Regression:7207 - Tax Value Same With Card Details Screen - $ 1.90
[iOS_Ragav's 1 INFO ] 2023-11-23 11:28:34.463 Regression:7210 - Service Charge - $ 0.70
[iOS_Ragav's 1 INFO ] 2023-11-23 11:28:35.286 Regression:7213 - Total Value Same With Card Details Screen - $ 14.60
[iOS_Ragav's 1 INFO ] 2023-11-23 11:28:36.217 Regression:7192 - Tip Value Same With Card Details Screen - $ 10.00
[iOS_Ragav's 1 INFO ] 2023-11-23 11:28:37.150 Regression:7185 -  paid amount is Zero - $ 0.00
[iOS_Ragav's 1 INFO ] 2023-11-23 11:28:37.971 Regression:7258 - Need to Pay AMount $ 24.60
[iOS_Ragav's 1 INFO ] 2023-11-23 11:28:39.238 Regression:7118 - Displayed - Card reader is not connected
[iOS_Ragav's 1 INFO ] 2023-11-23 11:28:39.330 Regression:7152 - Amount for Sale - 15.30
[iOS_Ragav's 1 INFO ] 2023-11-23 11:28:39.333 Regression:7155 - Calculation check total - 14.60
[iOS_Ragav's 1 INFO ] 2023-11-23 11:28:39.334 Regression:7156 - Calculation service charge - 0.70
[iOS_Ragav's 1 INFO ] 2023-11-23 11:28:39.336 Regression:7157 - Calculation tipValue - 10.00
[iOS_Ragav's 1 INFO ] 2023-11-23 11:28:39.338 Regression:7158 - Calculation PayAmount - 24.60
[iOS_Ragav's 1 INFO ] 2023-11-23 11:28:39.348 Regression:7161 - Calculation Pay Amount is Same With the Card details Screen Pay amount - 24.6
[iOS_Ragav's 1 INFO ] 2023-11-23 11:28:39.371 BasePage:301 - Tapped Manual Button
[iOS_Ragav's 1 INFO ] 2023-11-23 11:28:54.167 BasePage:301 - Tapped Process Button
[iOS_Ragav's 1 INFO ] 2023-11-23 11:28:55.268 BasePage:301 - Tapped Ok Button on the Popup
[iOS_Ragav's 1 INFO ] 2023-11-23 11:29:01.230 BasePage:301 - Submit button is tapped
[iOS_Ragav's 1 INFO ] 2023-11-23 11:29:04.349 BasePage:293 - Table layout screen is displayed - Table Layout
[iOS_Ragav's 1 INFO ] 2023-11-23 11:29:04.375 BasePage:301 - Tapped Operation Button on the Table Layout
[iOS_Ragav's 1 INFO ] 2023-11-23 11:29:05.857 BasePage:301 -  Tapped Batch/Tip Adjustment Button
[iOS_Ragav's 1 INFO ] 2023-11-23 11:29:11.900 BasePage:301 - Selected - Drop Down Black
[iOS_Ragav's 1 INFO ] 2023-11-23 11:29:13.237 TableLayOutScreen:1320 - List of device - 8
[iOS_Ragav's 1 INFO ] 2023-11-23 11:29:13.763 BasePage:301 - MPPG AUTH device is selected - MPPG Auth
[iOS_Ragav's 1 INFO ] 2023-11-23 11:29:18.023 TableLayOutScreen:1302 - Batch Check count - 5
[iOS_Ragav's 1 INFO ] 2023-11-23 11:29:19.755 BasePage:301 - Keyboard hidden.
[iOS_Ragav's 1 INFO ] 2023-11-23 11:29:22.319 PaymentWindow:1681 - Length of the Card Number 14
[iOS_Ragav's 1 INFO ] 2023-11-23 11:29:22.320 PaymentWindow:1683 - Size of the Card Number 10
[iOS_Ragav's 1 INFO ] 2023-11-23 11:29:22.320 PaymentWindow:1686 - Encrypted Card Number - *
[iOS_Ragav's 1 INFO ] 2023-11-23 11:29:22.321 PaymentWindow:1686 - Encrypted Card Number - *
[iOS_Ragav's 1 INFO ] 2023-11-23 11:29:22.321 PaymentWindow:1686 - Encrypted Card Number - *
[iOS_Ragav's 1 INFO ] 2023-11-23 11:29:22.321 PaymentWindow:1686 - Encrypted Card Number - *
[iOS_Ragav's 1 INFO ] 2023-11-23 11:29:22.321 PaymentWindow:1686 - Encrypted Card Number - *
[iOS_Ragav's 1 INFO ] 2023-11-23 11:29:22.322 PaymentWindow:1686 - Encrypted Card Number - *
[iOS_Ragav's 1 INFO ] 2023-11-23 11:29:22.322 PaymentWindow:1686 - Encrypted Card Number - *
[iOS_Ragav's 1 INFO ] 2023-11-23 11:29:22.322 PaymentWindow:1686 - Encrypted Card Number - *
[iOS_Ragav's 1 INFO ] 2023-11-23 11:29:22.322 PaymentWindow:1686 - Encrypted Card Number - *
[iOS_Ragav's 1 INFO ] 2023-11-23 11:29:22.322 PaymentWindow:1686 - Encrypted Card Number - *
[iOS_Ragav's 1 INFO ] 2023-11-23 11:29:22.323 PaymentWindow:1692 - Expected Encrypted Credit card Number - 1111
[iOS_Ragav's 1 INFO ] 2023-11-23 11:29:22.323 PaymentWindow:1694 - Actual Encrypted Credit card Number - 1111
[iOS_Ragav's 1 INFO ] 2023-11-23 11:29:22.617 PaymentWindow:1787 - Apply total toggle is enabled
[iOS_Ragav's 1 INFO ] 2023-11-23 11:29:22.627 BasePage:301 - Tapped pinC
[iOS_Ragav's 1 INFO ] 2023-11-23 11:29:26.341 Hooks:70 - Failed Scenario Name : LIN-22431 - In batch screen when the Apply Total Toggle is enabled Tip is accepting for the lesser amount than check total.
[iOS_Ragav's 1 INFO ] 2023-11-23 11:32:39.845 ServerManager:22 - starting appium server...
[iOS_Ragav's 1 INFO ] 2023-11-23 11:32:42.288 ServerManager:31 - Appium server started...
[iOS_Ragav's 1 INFO ] 2023-11-23 11:32:42.316 DriverManager:29 - initializing Appium driver
[iOS_Ragav's 1 INFO ] 2023-11-23 11:32:42.399 PropertyManager:17 - loading config properties
[iOS_Ragav's 1 INFO ] 2023-11-23 11:32:42.421 CapabilitiesManager:18 - getting capabilities...
[iOS_Ragav's 1 INFO ] 2023-11-23 11:33:21.190 DriverManager:42 - Driver is initialized
[iOS_Ragav's 1 INFO ] 2023-11-23 11:33:21.196 Hooks:52 - Start Scenario Name : LIN-22431 - In batch screen when the Apply Total Toggle is enabled Tip is accepting for the lesser amount than check total.
[iOS_Ragav's 1 INFO ] 2023-11-23 11:33:21.552 BasePage:301 - Tapped pin 1
[iOS_Ragav's 1 INFO ] 2023-11-23 11:33:22.512 BasePage:301 - Tapped pin 2
[iOS_Ragav's 1 INFO ] 2023-11-23 11:33:23.309 BasePage:301 - Tapped pin 3
[iOS_Ragav's 1 INFO ] 2023-11-23 11:33:24.492 BasePage:301 - Tapped pin 4
[iOS_Ragav's 1 INFO ] 2023-11-23 11:33:26.536 BasePage:301 - Tapped Login.
[iOS_Ragav's 1 INFO ] 2023-11-23 11:33:29.236 BasePage:301 - Order type selection is cancelled.
[iOS_Ragav's 1 INFO ] 2023-11-23 11:33:30.527 BasePage:301 - Tapped All button
[iOS_Ragav's 1 INFO ] 2023-11-23 11:33:32.106 BasePage:301 - Tapped Table Layout Tab
[iOS_Ragav's 1 INFO ] 2023-11-23 11:33:34.115 BasePage:301 - Tapped New
[iOS_Ragav's 1 INFO ] 2023-11-23 11:33:39.137 Regression:2206 - 28
[iOS_Ragav's 1 INFO ] 2023-11-23 11:33:39.138 Regression:2214 - 16
[iOS_Ragav's 1 INFO ] 2023-11-23 11:33:40.324 Regression:2217 - Table Number  - T16
[iOS_Ragav's 1 INFO ] 2023-11-23 11:33:40.326 BasePage:301 - Tapped Table Number
[iOS_Ragav's 1 INFO ] 2023-11-23 11:33:41.442 BasePage:301 - Tapped seat Number
[iOS_Ragav's 1 INFO ] 2023-11-23 11:33:43.226 BasePage:301 - Tapped continue
[iOS_Ragav's 1 INFO ] 2023-11-23 11:33:48.592 OrderManagementScreen:1540 - 48-004
[iOS_Ragav's 1 INFO ] 2023-11-23 11:33:50.531 BasePage:301 - Arrow Done on iPad 1
[iOS_Ragav's 1 INFO ] 2023-11-23 11:33:51.746 BasePage:301 - Tapped category
[iOS_Ragav's 1 INFO ] 2023-11-23 11:34:00.598 Regression:2280 - Random Number - 1
[iOS_Ragav's 1 INFO ] 2023-11-23 11:34:02.266 BasePage:301 - Tapped Menu - BLUE CHEESE
[iOS_Ragav's 1 INFO ] 2023-11-23 11:34:08.351 Regression:2280 - Random Number - 1
[iOS_Ragav's 1 INFO ] 2023-11-23 11:34:11.003 BasePage:301 - Tapped Menu - BLUE CHEESE
[iOS_Ragav's 1 INFO ] 2023-11-23 11:34:19.500 Regression:2311 - Subtotal Value as Same with Price Level 2 - $ 18.00
[iOS_Ragav's 1 INFO ] 2023-11-23 11:34:21.715 Regression:2315 - Tax Value is SAME - $ 1.80
[iOS_Ragav's 1 INFO ] 2023-11-23 11:34:24.005 Regression:2319 - Tptal Value is SAME - $ 20.79
[iOS_Ragav's 1 INFO ] 2023-11-23 11:34:26.212 Regression:2324 - Cash Discount Value is SAME - $ 19.80
[iOS_Ragav's 1 INFO ] 2023-11-23 11:34:26.269 BasePage:301 - Payment button is tapped
[iOS_Ragav's 1 INFO ] 2023-11-23 11:34:31.104 cashOption:23 - Balance Due Amount in Payment Screen - $ 20.79
[iOS_Ragav's 1 INFO ] 2023-11-23 11:34:34.061 cashOption:32 - Cash Price Amount in Payment Screen - $ 19.80
[iOS_Ragav's 1 INFO ] 2023-11-23 11:34:35.186 BasePage:301 - Tapped Side CC Button
[iOS_Ragav's 1 INFO ] 2023-11-23 11:34:37.128 Regression:7273 - Tip Screen is displayed
[iOS_Ragav's 1 INFO ] 2023-11-23 11:34:40.788 Regression:7281 - Tip Amount - $ 10.00
[iOS_Ragav's 1 INFO ] 2023-11-23 11:34:40.920 BasePage:301 - Selected TIP as - $ 10.00
[iOS_Ragav's 1 INFO ] 2023-11-23 11:34:41.878 BasePage:301 - Tapped Continue Button
[iOS_Ragav's 1 INFO ] 2023-11-23 11:34:44.177 Regression:7198 - Card Details Entry Screen - Your Order
[iOS_Ragav's 1 INFO ] 2023-11-23 11:34:45.307 Regression:7204 - Subtotal Value Same With Card Details Screen - $ 18.00
[iOS_Ragav's 1 INFO ] 2023-11-23 11:34:46.559 Regression:7207 - Tax Value Same With Card Details Screen - $ 1.80
[iOS_Ragav's 1 INFO ] 2023-11-23 11:34:47.377 Regression:7210 - Service Charge - $ 0.99
[iOS_Ragav's 1 INFO ] 2023-11-23 11:34:48.578 Regression:7213 - Total Value Same With Card Details Screen - $ 20.79
[iOS_Ragav's 1 INFO ] 2023-11-23 11:34:49.507 Regression:7192 - Tip Value Same With Card Details Screen - $ 10.00
[iOS_Ragav's 1 INFO ] 2023-11-23 11:34:50.434 Regression:7185 -  paid amount is Zero - $ 0.00
[iOS_Ragav's 1 INFO ] 2023-11-23 11:34:51.222 Regression:7258 - Need to Pay AMount $ 30.79
[iOS_Ragav's 1 INFO ] 2023-11-23 11:34:52.513 Regression:7118 - Displayed - Card reader is not connected
[iOS_Ragav's 1 INFO ] 2023-11-23 11:34:52.728 Regression:7152 - Amount for Sale - 21.78
[iOS_Ragav's 1 INFO ] 2023-11-23 11:34:52.730 Regression:7155 - Calculation check total - 20.79
[iOS_Ragav's 1 INFO ] 2023-11-23 11:34:52.730 Regression:7156 - Calculation service charge - 0.99
[iOS_Ragav's 1 INFO ] 2023-11-23 11:34:52.731 Regression:7157 - Calculation tipValue - 10.00
[iOS_Ragav's 1 INFO ] 2023-11-23 11:34:52.733 Regression:7158 - Calculation PayAmount - 30.79
[iOS_Ragav's 1 INFO ] 2023-11-23 11:34:52.746 Regression:7161 - Calculation Pay Amount is Same With the Card details Screen Pay amount - 30.79
[iOS_Ragav's 1 INFO ] 2023-11-23 11:34:52.763 BasePage:301 - Tapped Manual Button
[iOS_Ragav's 1 INFO ] 2023-11-23 11:35:11.657 BasePage:301 - Tapped Process Button
[iOS_Ragav's 1 INFO ] 2023-11-23 11:35:12.474 BasePage:301 - Tapped Ok Button on the Popup
[iOS_Ragav's 1 INFO ] 2023-11-23 11:35:18.134 BasePage:301 - Submit button is tapped
[iOS_Ragav's 1 INFO ] 2023-11-23 11:35:21.438 BasePage:293 - Table layout screen is displayed - Table Layout
[iOS_Ragav's 1 INFO ] 2023-11-23 11:35:22.020 BasePage:301 - Tapped Operation Button on the Table Layout
[iOS_Ragav's 1 INFO ] 2023-11-23 11:35:25.483 BasePage:301 -  Tapped Batch/Tip Adjustment Button
[iOS_Ragav's 1 INFO ] 2023-11-23 11:35:31.834 BasePage:301 - Selected - Drop Down Black
[iOS_Ragav's 1 INFO ] 2023-11-23 11:35:34.587 TableLayOutScreen:1320 - List of device - 8
[iOS_Ragav's 1 INFO ] 2023-11-23 11:35:35.475 BasePage:301 - MPPG AUTH device is selected - MPPG Auth
[iOS_Ragav's 1 INFO ] 2023-11-23 11:35:39.718 TableLayOutScreen:1302 - Batch Check count - 6
[iOS_Ragav's 1 INFO ] 2023-11-23 11:35:42.822 BasePage:301 - Tapped Batch Check in Batch Screen - 48-004
[iOS_Ragav's 1 INFO ] 2023-11-23 11:35:43.304 BasePage:301 - Keyboard hidden.
[iOS_Ragav's 1 INFO ] 2023-11-23 11:35:53.424 Hooks:70 - Failed Scenario Name : LIN-22431 - In batch screen when the Apply Total Toggle is enabled Tip is accepting for the lesser amount than check total.
[iOS_Ragav's 1 INFO ] 2023-11-23 11:43:00.374 ServerManager:22 - starting appium server...
[iOS_Ragav's 1 INFO ] 2023-11-23 11:43:03.591 ServerManager:31 - Appium server started...
[iOS_Ragav's 1 INFO ] 2023-11-23 11:43:03.607 DriverManager:29 - initializing Appium driver
[iOS_Ragav's 1 INFO ] 2023-11-23 11:43:03.626 PropertyManager:17 - loading config properties
[iOS_Ragav's 1 INFO ] 2023-11-23 11:43:03.627 CapabilitiesManager:18 - getting capabilities...
[iOS_Ragav's 1 INFO ] 2023-11-23 11:44:03.858 DriverManager:42 - Driver is initialized
[iOS_Ragav's 1 INFO ] 2023-11-23 11:44:03.869 Hooks:52 - Start Scenario Name : LIN-22431 - In batch screen when the Apply Total Toggle is enabled Tip is accepting for the lesser amount than check total.
[iOS_Ragav's 1 INFO ] 2023-11-23 11:44:04.498 BasePage:301 - Tapped pin 1
[iOS_Ragav's 1 INFO ] 2023-11-23 11:44:06.113 BasePage:301 - Tapped pin 2
[iOS_Ragav's 1 INFO ] 2023-11-23 11:44:07.039 BasePage:301 - Tapped pin 3
[iOS_Ragav's 1 INFO ] 2023-11-23 11:44:08.528 BasePage:301 - Tapped pin 4
[iOS_Ragav's 1 INFO ] 2023-11-23 11:44:10.742 BasePage:301 - Tapped Login.
[iOS_Ragav's 1 INFO ] 2023-11-23 11:44:13.675 BasePage:301 - Order type selection is cancelled.
[iOS_Ragav's 1 INFO ] 2023-11-23 11:44:14.900 BasePage:301 - Tapped All button
[iOS_Ragav's 1 INFO ] 2023-11-23 11:44:16.083 BasePage:301 - Tapped Table Layout Tab
[iOS_Ragav's 1 INFO ] 2023-11-23 11:44:18.338 BasePage:301 - Tapped New
[iOS_Ragav's 1 INFO ] 2023-11-23 11:44:24.114 Regression:2206 - 28
[iOS_Ragav's 1 INFO ] 2023-11-23 11:44:24.124 Regression:2214 - 25
[iOS_Ragav's 1 INFO ] 2023-11-23 11:44:24.862 Regression:2217 - Table Number  - T25
[iOS_Ragav's 1 INFO ] 2023-11-23 11:44:24.863 BasePage:301 - Tapped Table Number
[iOS_Ragav's 1 INFO ] 2023-11-23 11:44:26.033 BasePage:301 - Tapped seat Number
[iOS_Ragav's 1 INFO ] 2023-11-23 11:44:27.875 BasePage:301 - Tapped continue
[iOS_Ragav's 1 INFO ] 2023-11-23 11:44:31.986 OrderManagementScreen:1540 - 48-005
[iOS_Ragav's 1 INFO ] 2023-11-23 11:44:34.214 BasePage:301 - Arrow Done on iPad 1
[iOS_Ragav's 1 INFO ] 2023-11-23 11:44:35.290 BasePage:301 - Tapped category
[iOS_Ragav's 1 INFO ] 2023-11-23 11:44:43.918 Regression:2280 - Random Number - 4
[iOS_Ragav's 1 INFO ] 2023-11-23 11:44:45.247 BasePage:301 - Tapped Menu - CAPRESE
[iOS_Ragav's 1 INFO ] 2023-11-23 11:44:54.091 BasePage:301 - Bacon - Tapped Main Modifier
[iOS_Ragav's 1 INFO ] 2023-11-23 11:44:55.859 BasePage:301 - Tapped Done
[iOS_Ragav's 1 INFO ] 2023-11-23 11:44:56.268 Regression:2280 - Random Number - 1
[iOS_Ragav's 1 INFO ] 2023-11-23 11:44:56.871 BasePage:301 - Tapped Menu - BLUE CHEESE
[iOS_Ragav's 1 INFO ] 2023-11-23 11:45:05.234 Regression:2311 - Subtotal Value as Same with Price Level 2 - $ 10.00
[iOS_Ragav's 1 INFO ] 2023-11-23 11:45:07.373 Regression:2315 - Tax Value is SAME - $ 1.00
[iOS_Ragav's 1 INFO ] 2023-11-23 11:45:09.537 Regression:2319 - Tptal Value is SAME - $ 11.55
[iOS_Ragav's 1 INFO ] 2023-11-23 11:45:11.690 Regression:2324 - Cash Discount Value is SAME - $ 11.00
[iOS_Ragav's 1 INFO ] 2023-11-23 11:45:11.707 BasePage:301 - Payment button is tapped
[iOS_Ragav's 1 INFO ] 2023-11-23 11:45:15.863 cashOption:23 - Balance Due Amount in Payment Screen - $ 11.55
[iOS_Ragav's 1 INFO ] 2023-11-23 11:45:17.144 cashOption:32 - Cash Price Amount in Payment Screen - $ 11.00
[iOS_Ragav's 1 INFO ] 2023-11-23 11:45:18.127 BasePage:301 - Tapped Side CC Button
[iOS_Ragav's 1 INFO ] 2023-11-23 11:45:20.014 Regression:7273 - Tip Screen is displayed
[iOS_Ragav's 1 INFO ] 2023-11-23 11:45:23.471 Regression:7281 - Tip Amount - $ 10.00
[iOS_Ragav's 1 INFO ] 2023-11-23 11:45:23.600 BasePage:301 - Selected TIP as - $ 10.00
[iOS_Ragav's 1 INFO ] 2023-11-23 11:45:24.453 BasePage:301 - Tapped Continue Button
[iOS_Ragav's 1 INFO ] 2023-11-23 11:45:26.419 Regression:7198 - Card Details Entry Screen - Your Order
[iOS_Ragav's 1 INFO ] 2023-11-23 11:45:27.191 Regression:7204 - Subtotal Value Same With Card Details Screen - $ 10.00
[iOS_Ragav's 1 INFO ] 2023-11-23 11:45:28.258 Regression:7207 - Tax Value Same With Card Details Screen - $ 1.00
[iOS_Ragav's 1 INFO ] 2023-11-23 11:45:29.036 Regression:7210 - Service Charge - $ 0.55
[iOS_Ragav's 1 INFO ] 2023-11-23 11:45:29.818 Regression:7213 - Total Value Same With Card Details Screen - $ 11.55
[iOS_Ragav's 1 INFO ] 2023-11-23 11:45:30.582 Regression:7192 - Tip Value Same With Card Details Screen - $ 10.00
[iOS_Ragav's 1 INFO ] 2023-11-23 11:45:31.373 Regression:7185 -  paid amount is Zero - $ 0.00
[iOS_Ragav's 1 INFO ] 2023-11-23 11:45:31.961 Regression:7258 - Need to Pay AMount $ 21.55
[iOS_Ragav's 1 INFO ] 2023-11-23 11:45:32.973 Regression:7118 - Displayed - Card reader is not connected
[iOS_Ragav's 1 INFO ] 2023-11-23 11:45:32.991 Regression:7152 - Amount for Sale - 12.10
[iOS_Ragav's 1 INFO ] 2023-11-23 11:45:32.992 Regression:7155 - Calculation check total - 11.55
[iOS_Ragav's 1 INFO ] 2023-11-23 11:45:32.992 Regression:7156 - Calculation service charge - 0.55
[iOS_Ragav's 1 INFO ] 2023-11-23 11:45:32.992 Regression:7157 - Calculation tipValue - 10.00
[iOS_Ragav's 1 INFO ] 2023-11-23 11:45:32.992 Regression:7158 - Calculation PayAmount - 21.55
[iOS_Ragav's 1 INFO ] 2023-11-23 11:45:32.994 Regression:7161 - Calculation Pay Amount is Same With the Card details Screen Pay amount - 21.55
[iOS_Ragav's 1 INFO ] 2023-11-23 11:45:33.050 BasePage:301 - Tapped Manual Button
[iOS_Ragav's 1 INFO ] 2023-11-23 11:45:46.089 BasePage:301 - Tapped Process Button
[iOS_Ragav's 1 INFO ] 2023-11-23 11:45:46.850 BasePage:301 - Tapped Ok Button on the Popup
[iOS_Ragav's 1 INFO ] 2023-11-23 11:45:52.919 BasePage:301 - Submit button is tapped
[iOS_Ragav's 1 INFO ] 2023-11-23 11:45:55.916 BasePage:293 - Table layout screen is displayed - Table Layout
[iOS_Ragav's 1 INFO ] 2023-11-23 11:45:55.930 BasePage:301 - Tapped Operation Button on the Table Layout
[iOS_Ragav's 1 INFO ] 2023-11-23 11:45:57.309 BasePage:301 -  Tapped Batch/Tip Adjustment Button
[iOS_Ragav's 1 INFO ] 2023-11-23 11:46:03.308 BasePage:301 - Selected - Drop Down Black
[iOS_Ragav's 1 INFO ] 2023-11-23 11:46:04.537 TableLayOutScreen:1320 - List of device - 8
[iOS_Ragav's 1 INFO ] 2023-11-23 11:46:05.069 BasePage:301 - MPPG AUTH device is selected - MPPG Auth
[iOS_Ragav's 1 INFO ] 2023-11-23 11:46:09.766 TableLayOutScreen:1302 - Batch Check count - 7
[iOS_Ragav's 1 INFO ] 2023-11-23 11:46:10.929 PaymentWindow:1787 - Apply total toggle is enabled
[iOS_Ragav's 1 INFO ] 2023-11-23 11:46:12.797 BasePage:301 - Keyboard hidden.
[iOS_Ragav's 1 INFO ] 2023-11-23 11:46:15.153 PaymentWindow:1681 - Length of the Card Number 14
[iOS_Ragav's 1 INFO ] 2023-11-23 11:46:15.153 PaymentWindow:1683 - Size of the Card Number 10
[iOS_Ragav's 1 INFO ] 2023-11-23 11:46:15.153 PaymentWindow:1686 - Encrypted Card Number - *
[iOS_Ragav's 1 INFO ] 2023-11-23 11:46:15.154 PaymentWindow:1686 - Encrypted Card Number - *
[iOS_Ragav's 1 INFO ] 2023-11-23 11:46:15.154 PaymentWindow:1686 - Encrypted Card Number - *
[iOS_Ragav's 1 INFO ] 2023-11-23 11:46:15.154 PaymentWindow:1686 - Encrypted Card Number - *
[iOS_Ragav's 1 INFO ] 2023-11-23 11:46:15.154 PaymentWindow:1686 - Encrypted Card Number - *
[iOS_Ragav's 1 INFO ] 2023-11-23 11:46:15.155 PaymentWindow:1686 - Encrypted Card Number - *
[iOS_Ragav's 1 INFO ] 2023-11-23 11:46:15.155 PaymentWindow:1686 - Encrypted Card Number - *
[iOS_Ragav's 1 INFO ] 2023-11-23 11:46:15.156 PaymentWindow:1686 - Encrypted Card Number - *
[iOS_Ragav's 1 INFO ] 2023-11-23 11:46:15.157 PaymentWindow:1686 - Encrypted Card Number - *
[iOS_Ragav's 1 INFO ] 2023-11-23 11:46:15.157 PaymentWindow:1686 - Encrypted Card Number - *
[iOS_Ragav's 1 INFO ] 2023-11-23 11:46:15.157 PaymentWindow:1692 - Expected Encrypted Credit card Number - 1111
[iOS_Ragav's 1 INFO ] 2023-11-23 11:46:15.158 PaymentWindow:1694 - Actual Encrypted Credit card Number - 1111
[iOS_Ragav's 1 INFO ] 2023-11-23 11:46:15.865 BasePage:301 - Tapped Batch Check in Batch Screen - 48-005
[iOS_Ragav's 1 INFO ] 2023-11-23 11:46:16.073 BasePage:301 - Tapped pinC
[iOS_Ragav's 1 INFO ] 2023-11-23 11:46:17.295 BasePage:301 - Tapped pin5
[iOS_Ragav's 1 INFO ] 2023-11-23 11:46:18.647 BasePage:301 - Tapped pin0
[iOS_Ragav's 1 INFO ] 2023-11-23 11:46:19.903 BasePage:301 - Selected Continue 
[iOS_Ragav's 1 INFO ] 2023-11-23 11:46:21.166 TableLayOutScreen:1452 - Displayed as - Total amount must be greater than check amount.
[iOS_Ragav's 1 INFO ] 2023-11-23 11:46:21.169 BasePage:301 - Tapped Done Button on the Popup
[iOS_Ragav's 1 INFO ] 2023-11-23 11:46:22.232 BasePage:66 - Power button is clicked
