[iOS_Ragav's 1 INFO ] 2023-08-01 16:35:35.762 ServerManager:21 - starting appium server...
[iOS_Ragav's 1 INFO ] 2023-08-01 16:35:37.214 ServerManager:30 - Appium server started...
[iOS_Ragav's 1 INFO ] 2023-08-01 16:35:37.246 DriverManager:29 - initializing Appium driver
[iOS_Ragav's 1 INFO ] 2023-08-01 16:35:37.330 PropertyManager:17 - loading config properties
[iOS_Ragav's 1 INFO ] 2023-08-01 16:35:37.423 CapabilitiesManager:18 - getting capabilities...
[iOS_Ragav's 1 INFO ] 2023-08-01 16:39:10.527 ServerManager:21 - starting appium server...
[iOS_Ragav's 1 INFO ] 2023-08-01 16:39:11.571 ServerManager:30 - Appium server started...
[iOS_Ragav's 1 INFO ] 2023-08-01 16:39:11.584 DriverManager:29 - initializing Appium driver
[iOS_Ragav's 1 INFO ] 2023-08-01 16:39:11.597 PropertyManager:17 - loading config properties
[iOS_Ragav's 1 INFO ] 2023-08-01 16:39:11.598 CapabilitiesManager:18 - getting capabilities...
[iOS_Ragav's 1 INFO ] 2023-08-01 16:40:14.123 ServerManager:21 - starting appium server...
[iOS_Ragav's 1 INFO ] 2023-08-01 16:40:16.751 ServerManager:30 - Appium server started...
[iOS_Ragav's 1 INFO ] 2023-08-01 16:40:16.825 DriverManager:29 - initializing Appium driver
[iOS_Ragav's 1 INFO ] 2023-08-01 16:40:16.982 PropertyManager:17 - loading config properties
[iOS_Ragav's 1 INFO ] 2023-08-01 16:40:16.987 CapabilitiesManager:18 - getting capabilities...
[iOS_Ragav's 1 INFO ] 2023-08-01 16:47:22.925 ServerManager:21 - starting appium server...
[iOS_Ragav's 1 INFO ] 2023-08-01 16:47:24.687 ServerManager:30 - Appium server started...
[iOS_Ragav's 1 INFO ] 2023-08-01 16:47:24.713 DriverManager:29 - initializing Appium driver
[iOS_Ragav's 1 INFO ] 2023-08-01 16:47:24.740 PropertyManager:17 - loading config properties
[iOS_Ragav's 1 INFO ] 2023-08-01 16:47:24.743 CapabilitiesManager:18 - getting capabilities...
[iOS_Ragav's 1 INFO ] 2023-08-01 17:01:21.715 ServerManager:21 - starting appium server...
[iOS_Ragav's 1 INFO ] 2023-08-01 17:01:22.429 ServerManager:30 - Appium server started...
[iOS_Ragav's 1 INFO ] 2023-08-01 17:01:22.439 DriverManager:29 - initializing Appium driver
[iOS_Ragav's 1 INFO ] 2023-08-01 17:01:22.449 PropertyManager:17 - loading config properties
[iOS_Ragav's 1 INFO ] 2023-08-01 17:01:22.450 CapabilitiesManager:18 - getting capabilities...
[iOS_Ragav's 1 INFO ] 2023-08-01 17:01:44.229 ServerManager:21 - starting appium server...
[iOS_Ragav's 1 INFO ] 2023-08-01 17:01:44.943 ServerManager:30 - Appium server started...
[iOS_Ragav's 1 INFO ] 2023-08-01 17:01:44.954 DriverManager:29 - initializing Appium driver
[iOS_Ragav's 1 INFO ] 2023-08-01 17:01:44.964 PropertyManager:17 - loading config properties
[iOS_Ragav's 1 INFO ] 2023-08-01 17:01:44.965 CapabilitiesManager:18 - getting capabilities...
[iOS_Ragav's 1 INFO ] 2023-08-01 17:03:00.507 ServerManager:21 - starting appium server...
[iOS_Ragav's 1 INFO ] 2023-08-01 17:03:01.226 ServerManager:30 - Appium server started...
[iOS_Ragav's 1 INFO ] 2023-08-01 17:03:01.234 DriverManager:29 - initializing Appium driver
[iOS_Ragav's 1 INFO ] 2023-08-01 17:03:01.244 PropertyManager:17 - loading config properties
[iOS_Ragav's 1 INFO ] 2023-08-01 17:03:01.245 CapabilitiesManager:18 - getting capabilities...
[iOS_Ragav's 1 INFO ] 2023-08-01 17:08:48.135 ServerManager:21 - starting appium server...
[iOS_Ragav's 1 INFO ] 2023-08-01 17:08:49.184 ServerManager:30 - Appium server started...
[iOS_Ragav's 1 INFO ] 2023-08-01 17:08:49.193 DriverManager:29 - initializing Appium driver
[iOS_Ragav's 1 INFO ] 2023-08-01 17:08:49.203 PropertyManager:17 - loading config properties
[iOS_Ragav's 1 INFO ] 2023-08-01 17:08:49.204 CapabilitiesManager:18 - getting capabilities...
[iOS_Ragav's 1 INFO ] 2023-08-01 17:10:12.469 ServerManager:21 - starting appium server...
[iOS_Ragav's 1 INFO ] 2023-08-01 17:10:13.167 ServerManager:30 - Appium server started...
[iOS_Ragav's 1 INFO ] 2023-08-01 17:10:13.173 DriverManager:29 - initializing Appium driver
[iOS_Ragav's 1 INFO ] 2023-08-01 17:10:13.181 PropertyManager:17 - loading config properties
[iOS_Ragav's 1 INFO ] 2023-08-01 17:10:13.182 CapabilitiesManager:18 - getting capabilities...
[iOS_Ragav's 1 INFO ] 2023-08-01 17:10:30.664 DriverManager:42 - Driver is initialized
[iOS_Ragav's 1 INFO ] 2023-08-01 17:10:30.665 Hooks:52 - Start Scenario Name : Customer
[iOS_Ragav's 1 INFO ] 2023-08-01 17:10:30.779 BasePage:301 - Tapped pin 1
[iOS_Ragav's 1 INFO ] 2023-08-01 17:10:36.520 Hooks:70 - Failed Scenario Name : Customer
[iOS_Ragav's 1 INFO ] 2023-08-01 17:11:06.291 ServerManager:21 - starting appium server...
[iOS_Ragav's 1 INFO ] 2023-08-01 17:11:07.000 ServerManager:30 - Appium server started...
[iOS_Ragav's 1 INFO ] 2023-08-01 17:11:07.007 DriverManager:29 - initializing Appium driver
[iOS_Ragav's 1 INFO ] 2023-08-01 17:11:07.018 PropertyManager:17 - loading config properties
[iOS_Ragav's 1 INFO ] 2023-08-01 17:11:07.019 CapabilitiesManager:18 - getting capabilities...
[iOS_Ragav's 1 INFO ] 2023-08-01 17:11:22.565 DriverManager:42 - Driver is initialized
[iOS_Ragav's 1 INFO ] 2023-08-01 17:11:22.565 Hooks:52 - Start Scenario Name : Customer
[iOS_Ragav's 1 INFO ] 2023-08-01 17:11:22.672 BasePage:301 - Tapped pin 1
[iOS_Ragav's 1 INFO ] 2023-08-01 17:11:28.406 Hooks:70 - Failed Scenario Name : Customer
[iOS_Ragav's 1 INFO ] 2023-08-01 17:16:55.216 ServerManager:21 - starting appium server...
[iOS_Ragav's 1 INFO ] 2023-08-01 17:16:56.264 ServerManager:30 - Appium server started...
[iOS_Ragav's 1 INFO ] 2023-08-01 17:16:56.276 DriverManager:29 - initializing Appium driver
[iOS_Ragav's 1 INFO ] 2023-08-01 17:16:56.289 PropertyManager:17 - loading config properties
[iOS_Ragav's 1 INFO ] 2023-08-01 17:16:56.290 CapabilitiesManager:18 - getting capabilities...
[iOS_Ragav's 1 INFO ] 2023-08-01 17:17:16.099 DriverManager:42 - Driver is initialized
[iOS_Ragav's 1 INFO ] 2023-08-01 17:17:16.101 Hooks:52 - Start Scenario Name : Customer
[iOS_Ragav's 1 INFO ] 2023-08-01 17:17:16.219 BasePage:301 - Tapped pin 1
[iOS_Ragav's 1 INFO ] 2023-08-01 17:17:21.941 Hooks:70 - Failed Scenario Name : Customer
[iOS_Ragav's 1 INFO ] 2023-08-01 17:17:37.484 ServerManager:21 - starting appium server...
[iOS_Ragav's 1 INFO ] 2023-08-01 17:17:38.194 ServerManager:30 - Appium server started...
[iOS_Ragav's 1 INFO ] 2023-08-01 17:17:38.202 DriverManager:29 - initializing Appium driver
[iOS_Ragav's 1 INFO ] 2023-08-01 17:17:38.212 PropertyManager:17 - loading config properties
[iOS_Ragav's 1 INFO ] 2023-08-01 17:17:38.213 CapabilitiesManager:18 - getting capabilities...
[iOS_Ragav's 1 INFO ] 2023-08-01 17:18:03.721 ServerManager:21 - starting appium server...
[iOS_Ragav's 1 INFO ] 2023-08-01 17:18:04.439 ServerManager:30 - Appium server started...
[iOS_Ragav's 1 INFO ] 2023-08-01 17:18:04.450 DriverManager:29 - initializing Appium driver
[iOS_Ragav's 1 INFO ] 2023-08-01 17:18:04.468 PropertyManager:17 - loading config properties
[iOS_Ragav's 1 INFO ] 2023-08-01 17:18:04.469 CapabilitiesManager:18 - getting capabilities...
[iOS_Ragav's 1 INFO ] 2023-08-01 17:18:22.213 DriverManager:42 - Driver is initialized
[iOS_Ragav's 1 INFO ] 2023-08-01 17:18:22.216 Hooks:52 - Start Scenario Name : Customer
[iOS_Ragav's 1 INFO ] 2023-08-01 17:18:22.386 BasePage:301 - Tapped pin 1
[iOS_Ragav's 1 INFO ] 2023-08-01 17:18:32.526 ServerManager:21 - starting appium server...
[iOS_Ragav's 1 INFO ] 2023-08-01 17:18:33.231 ServerManager:30 - Appium server started...
[iOS_Ragav's 1 INFO ] 2023-08-01 17:18:33.238 DriverManager:29 - initializing Appium driver
[iOS_Ragav's 1 INFO ] 2023-08-01 17:18:33.246 PropertyManager:17 - loading config properties
[iOS_Ragav's 1 INFO ] 2023-08-01 17:18:33.246 CapabilitiesManager:18 - getting capabilities...
[iOS_Ragav's 1 INFO ] 2023-08-01 17:20:18.591 ServerManager:21 - starting appium server...
[iOS_Ragav's 1 INFO ] 2023-08-01 17:20:19.308 ServerManager:30 - Appium server started...
[iOS_Ragav's 1 INFO ] 2023-08-01 17:20:19.315 DriverManager:29 - initializing Appium driver
[iOS_Ragav's 1 INFO ] 2023-08-01 17:20:19.325 PropertyManager:17 - loading config properties
[iOS_Ragav's 1 INFO ] 2023-08-01 17:20:19.326 CapabilitiesManager:18 - getting capabilities...
[iOS_Ragav's 1 INFO ] 2023-08-01 17:21:33.397 ServerManager:21 - starting appium server...
[iOS_Ragav's 1 INFO ] 2023-08-01 17:21:34.464 ServerManager:30 - Appium server started...
[iOS_Ragav's 1 INFO ] 2023-08-01 17:21:34.475 DriverManager:29 - initializing Appium driver
[iOS_Ragav's 1 INFO ] 2023-08-01 17:21:34.490 PropertyManager:17 - loading config properties
[iOS_Ragav's 1 INFO ] 2023-08-01 17:21:34.491 CapabilitiesManager:18 - getting capabilities...
[iOS_Ragav's 1 INFO ] 2023-08-01 17:25:45.621 ServerManager:21 - starting appium server...
[iOS_Ragav's 1 INFO ] 2023-08-01 17:25:46.670 ServerManager:30 - Appium server started...
[iOS_Ragav's 1 INFO ] 2023-08-01 17:25:46.681 DriverManager:29 - initializing Appium driver
[iOS_Ragav's 1 INFO ] 2023-08-01 17:25:46.693 PropertyManager:17 - loading config properties
[iOS_Ragav's 1 INFO ] 2023-08-01 17:25:46.694 CapabilitiesManager:18 - getting capabilities...
[iOS_Ragav's 1 INFO ] 2023-08-01 17:25:54.553 ServerManager:21 - starting appium server...
[iOS_Ragav's 1 INFO ] 2023-08-01 17:25:55.266 ServerManager:30 - Appium server started...
[iOS_Ragav's 1 INFO ] 2023-08-01 17:25:55.284 DriverManager:29 - initializing Appium driver
[iOS_Ragav's 1 INFO ] 2023-08-01 17:25:55.294 PropertyManager:17 - loading config properties
[iOS_Ragav's 1 INFO ] 2023-08-01 17:25:55.295 CapabilitiesManager:18 - getting capabilities...
[iOS_Ragav's 1 INFO ] 2023-08-01 17:27:32.877 ServerManager:21 - starting appium server...
[iOS_Ragav's 1 INFO ] 2023-08-01 17:27:33.914 ServerManager:30 - Appium server started...
[iOS_Ragav's 1 INFO ] 2023-08-01 17:27:33.922 DriverManager:29 - initializing Appium driver
[iOS_Ragav's 1 INFO ] 2023-08-01 17:27:33.937 PropertyManager:17 - loading config properties
[iOS_Ragav's 1 INFO ] 2023-08-01 17:27:33.938 CapabilitiesManager:18 - getting capabilities...
[iOS_Ragav's 1 INFO ] 2023-08-01 17:28:04.794 ServerManager:21 - starting appium server...
[iOS_Ragav's 1 INFO ] 2023-08-01 17:28:05.502 ServerManager:30 - Appium server started...
[iOS_Ragav's 1 INFO ] 2023-08-01 17:28:05.510 DriverManager:29 - initializing Appium driver
[iOS_Ragav's 1 INFO ] 2023-08-01 17:28:05.519 PropertyManager:17 - loading config properties
[iOS_Ragav's 1 INFO ] 2023-08-01 17:28:05.520 CapabilitiesManager:18 - getting capabilities...
[iOS_Ragav's 1 INFO ] 2023-08-01 17:28:43.261 ServerManager:21 - starting appium server...
[iOS_Ragav's 1 INFO ] 2023-08-01 17:28:43.974 ServerManager:30 - Appium server started...
[iOS_Ragav's 1 INFO ] 2023-08-01 17:28:43.980 DriverManager:29 - initializing Appium driver
[iOS_Ragav's 1 INFO ] 2023-08-01 17:28:43.990 PropertyManager:17 - loading config properties
[iOS_Ragav's 1 INFO ] 2023-08-01 17:28:43.993 CapabilitiesManager:18 - getting capabilities...
[iOS_Ragav's 1 INFO ] 2023-08-01 17:31:52.811 ServerManager:21 - starting appium server...
[iOS_Ragav's 1 INFO ] 2023-08-01 17:31:53.522 ServerManager:30 - Appium server started...
[iOS_Ragav's 1 INFO ] 2023-08-01 17:31:53.530 DriverManager:29 - initializing Appium driver
[iOS_Ragav's 1 INFO ] 2023-08-01 17:31:53.539 PropertyManager:17 - loading config properties
[iOS_Ragav's 1 INFO ] 2023-08-01 17:31:53.540 CapabilitiesManager:18 - getting capabilities...
[iOS_Ragav's 1 INFO ] 2023-08-01 17:32:29.981 ServerManager:21 - starting appium server...
[iOS_Ragav's 1 INFO ] 2023-08-01 17:32:30.681 ServerManager:30 - Appium server started...
[iOS_Ragav's 1 INFO ] 2023-08-01 17:32:30.689 DriverManager:29 - initializing Appium driver
[iOS_Ragav's 1 INFO ] 2023-08-01 17:32:30.696 PropertyManager:17 - loading config properties
[iOS_Ragav's 1 INFO ] 2023-08-01 17:32:30.697 CapabilitiesManager:18 - getting capabilities...
[iOS_Ragav's 1 INFO ] 2023-08-01 17:36:49.837 ServerManager:21 - starting appium server...
[iOS_Ragav's 1 INFO ] 2023-08-01 17:36:50.879 ServerManager:30 - Appium server started...
[iOS_Ragav's 1 INFO ] 2023-08-01 17:36:50.890 DriverManager:29 - initializing Appium driver
[iOS_Ragav's 1 INFO ] 2023-08-01 17:36:50.899 PropertyManager:17 - loading config properties
[iOS_Ragav's 1 INFO ] 2023-08-01 17:36:50.900 CapabilitiesManager:18 - getting capabilities...
[iOS_Ragav's 1 INFO ] 2023-08-01 17:37:54.652 ServerManager:21 - starting appium server...
[iOS_Ragav's 1 INFO ] 2023-08-01 17:37:55.365 ServerManager:30 - Appium server started...
[iOS_Ragav's 1 INFO ] 2023-08-01 17:37:55.372 DriverManager:29 - initializing Appium driver
[iOS_Ragav's 1 INFO ] 2023-08-01 17:37:55.380 PropertyManager:17 - loading config properties
[iOS_Ragav's 1 INFO ] 2023-08-01 17:37:55.381 CapabilitiesManager:18 - getting capabilities...
[iOS_Ragav's 1 INFO ] 2023-08-01 17:39:32.683 ServerManager:24 - starting appium server...
[iOS_Ragav's 1 INFO ] 2023-08-01 17:39:33.396 ServerManager:33 - Appium server started...
[iOS_Ragav's 1 INFO ] 2023-08-01 17:39:33.407 DriverManager:29 - initializing Appium driver
[iOS_Ragav's 1 INFO ] 2023-08-01 17:39:33.426 PropertyManager:17 - loading config properties
[iOS_Ragav's 1 INFO ] 2023-08-01 17:39:33.427 CapabilitiesManager:18 - getting capabilities...
[iOS_Ragav's 1 INFO ] 2023-08-01 17:45:36.755 ServerManager:22 - starting appium server...
[iOS_Ragav's 1 INFO ] 2023-08-01 17:45:37.812 ServerManager:31 - Appium server started...
[iOS_Ragav's 1 INFO ] 2023-08-01 17:45:37.824 DriverManager:29 - initializing Appium driver
[iOS_Ragav's 1 INFO ] 2023-08-01 17:45:37.836 PropertyManager:17 - loading config properties
[iOS_Ragav's 1 INFO ] 2023-08-01 17:45:37.837 CapabilitiesManager:18 - getting capabilities...
[iOS_Ragav's 1 INFO ] 2023-08-01 17:47:45.738 ServerManager:22 - starting appium server...
[iOS_Ragav's 1 INFO ] 2023-08-01 17:47:46.452 ServerManager:31 - Appium server started...
[iOS_Ragav's 1 INFO ] 2023-08-01 17:47:46.461 DriverManager:29 - initializing Appium driver
[iOS_Ragav's 1 INFO ] 2023-08-01 17:47:46.471 PropertyManager:17 - loading config properties
[iOS_Ragav's 1 INFO ] 2023-08-01 17:47:46.472 CapabilitiesManager:18 - getting capabilities...
[iOS_Ragav's 1 INFO ] 2023-08-01 17:49:39.160 ServerManager:22 - starting appium server...
[iOS_Ragav's 1 INFO ] 2023-08-01 17:49:39.862 ServerManager:31 - Appium server started...
[iOS_Ragav's 1 INFO ] 2023-08-01 17:49:39.868 DriverManager:29 - initializing Appium driver
[iOS_Ragav's 1 INFO ] 2023-08-01 17:49:39.876 PropertyManager:17 - loading config properties
[iOS_Ragav's 1 INFO ] 2023-08-01 17:49:39.877 CapabilitiesManager:18 - getting capabilities...
[iOS_Ragav's 1 INFO ] 2023-08-01 17:52:21.636 ServerManager:22 - starting appium server...
[iOS_Ragav's 1 INFO ] 2023-08-01 17:52:22.680 ServerManager:31 - Appium server started...
[iOS_Ragav's 1 INFO ] 2023-08-01 17:52:22.691 DriverManager:29 - initializing Appium driver
[iOS_Ragav's 1 INFO ] 2023-08-01 17:52:22.703 PropertyManager:17 - loading config properties
[iOS_Ragav's 1 INFO ] 2023-08-01 17:52:22.704 CapabilitiesManager:18 - getting capabilities...
[iOS_Ragav's 1 INFO ] 2023-08-01 17:52:45.843 ServerManager:22 - starting appium server...
[iOS_Ragav's 1 INFO ] 2023-08-01 17:52:46.568 ServerManager:31 - Appium server started...
[iOS_Ragav's 1 INFO ] 2023-08-01 17:52:46.577 DriverManager:29 - initializing Appium driver
[iOS_Ragav's 1 INFO ] 2023-08-01 17:52:46.588 PropertyManager:17 - loading config properties
[iOS_Ragav's 1 INFO ] 2023-08-01 17:52:46.588 CapabilitiesManager:18 - getting capabilities...
[iOS_Ragav's 1 INFO ] 2023-08-01 17:54:06.637 ServerManager:22 - starting appium server...
[iOS_Ragav's 1 INFO ] 2023-08-01 17:54:07.678 ServerManager:31 - Appium server started...
[iOS_Ragav's 1 INFO ] 2023-08-01 17:54:07.700 DriverManager:29 - initializing Appium driver
[iOS_Ragav's 1 INFO ] 2023-08-01 17:54:07.735 PropertyManager:17 - loading config properties
[iOS_Ragav's 1 INFO ] 2023-08-01 17:54:07.737 CapabilitiesManager:18 - getting capabilities...
[iOS_Ragav's 1 INFO ] 2023-08-01 18:04:04.666 ServerManager:22 - starting appium server...
[iOS_Ragav's 1 INFO ] 2023-08-01 18:04:05.722 ServerManager:31 - Appium server started...
[iOS_Ragav's 1 INFO ] 2023-08-01 18:04:05.732 DriverManager:29 - initializing Appium driver
[iOS_Ragav's 1 INFO ] 2023-08-01 18:04:05.741 PropertyManager:17 - loading config properties
[iOS_Ragav's 1 INFO ] 2023-08-01 18:04:05.742 CapabilitiesManager:18 - getting capabilities...
[iOS_Ragav's 1 INFO ] 2023-08-01 18:09:07.253 ServerManager:22 - starting appium server...
[iOS_Ragav's 1 INFO ] 2023-08-01 18:09:08.302 ServerManager:31 - Appium server started...
[iOS_Ragav's 1 INFO ] 2023-08-01 18:09:08.313 DriverManager:29 - initializing Appium driver
[iOS_Ragav's 1 INFO ] 2023-08-01 18:09:08.326 PropertyManager:17 - loading config properties
[iOS_Ragav's 1 INFO ] 2023-08-01 18:09:08.327 CapabilitiesManager:18 - getting capabilities...
[iOS_Ragav's 1 INFO ] 2023-08-01 18:09:28.217 DriverManager:42 - Driver is initialized
[iOS_Ragav's 1 INFO ] 2023-08-01 18:09:28.218 Hooks:52 - Start Scenario Name : Customer
[iOS_Ragav's 1 INFO ] 2023-08-01 18:09:28.371 BasePage:301 - Tapped pin 1
[iOS_Ragav's 1 INFO ] 2023-08-01 18:09:29.311 BasePage:301 - Tapped pin 2
[iOS_Ragav's 1 INFO ] 2023-08-01 18:09:30.065 BasePage:301 - Tapped pin 3
[iOS_Ragav's 1 INFO ] 2023-08-01 18:09:30.800 BasePage:301 - Tapped pin 4
[iOS_Ragav's 1 INFO ] 2023-08-01 18:09:31.540 BasePage:301 - Tapped Login.
[iOS_Ragav's 1 INFO ] 2023-08-01 18:09:33.757 BasePage:301 - Order type selection is cancelled.
[iOS_Ragav's 1 INFO ] 2023-08-01 18:09:36.761 BasePage:301 - customer list is opened
[iOS_Ragav's 1 INFO ] 2023-08-01 18:09:37.520 BasePage:301 - Tapped Add New Button
