[iOS_Ragav's 1 INFO ] 2023-07-13 18:46:50.084 ServerManager:21 - starting appium server...
[iOS_Ragav's 1 INFO ] 2023-07-13 18:46:51.457 ServerManager:30 - Appium server started...
[iOS_Ragav's 1 INFO ] 2023-07-13 18:46:51.474 DriverManager:29 - initializing Appium driver
[iOS_Ragav's 1 INFO ] 2023-07-13 18:46:51.487 PropertyManager:17 - loading config properties
[iOS_Ragav's 1 INFO ] 2023-07-13 18:46:51.488 CapabilitiesManager:18 - getting capabilities...
[iOS_Ragav's 1 INFO ] 2023-07-13 18:47:07.619 DriverManager:42 - Driver is initialized
[iOS_Ragav's 1 INFO ] 2023-07-13 18:47:07.620 Hooks:52 - Start Scenario Name : Customer
[iOS_Ragav's 1 INFO ] 2023-07-13 18:47:07.757 BasePage:301 - Tapped pin 1
[iOS_Ragav's 1 INFO ] 2023-07-13 18:47:09.101 BasePage:301 - Tapped pin 2
[iOS_Ragav's 1 INFO ] 2023-07-13 18:47:09.913 BasePage:301 - Tapped pin 3
[iOS_Ragav's 1 INFO ] 2023-07-13 18:47:10.672 BasePage:301 - Tapped pin 4
[iOS_Ragav's 1 INFO ] 2023-07-13 18:47:11.432 BasePage:301 - Tapped Login.
[iOS_Ragav's 1 INFO ] 2023-07-13 18:47:13.944 BasePage:301 - Order type selection is cancelled.
[iOS_Ragav's 1 INFO ] 2023-07-13 18:47:14.876 BasePage:301 - customer list is opened
[iOS_Ragav's 1 INFO ] 2023-07-13 18:47:15.674 BasePage:301 - Tapped Add New Button
[iOS_Ragav's 1 INFO ] 2023-07-13 18:47:22.152 BasePage:293 - Customer profile window is displayed - Customer Profile
[iOS_Ragav's 1 INFO ] 2023-07-13 18:47:23.859 PaymentWindow:730 - First Name - kqzsFW
[iOS_Ragav's 1 INFO ] 2023-07-13 18:47:25.971 PaymentWindow:734 - Last name - JLvoc
[iOS_Ragav's 1 INFO ] 2023-07-13 18:47:25.973 PaymentWindow:737 - Mobile Number - 5845597397
[iOS_Ragav's 1 INFO ] 2023-07-13 18:47:25.974 BasePage:301 - Tapped Add button for Enter Mobile Number
[iOS_Ragav's 1 INFO ] 2023-07-13 18:47:30.906 BasePage:301 - Tapped Save button
[iOS_Ragav's 1 INFO ] 2023-07-13 18:47:32.445 BasePage:301 - Tapped Save
[iOS_Ragav's 1 INFO ] 2023-07-13 18:47:33.948 BasePage:301 - Add cutoemr button
[iOS_Ragav's 1 INFO ] 2023-07-13 18:47:39.147 BasePage:301 - Remove button
[iOS_Ragav's 1 INFO ] 2023-07-13 18:47:41.993 BasePage:301 - Tapped log Off Button
[iOS_Ragav's 1 INFO ] 2023-07-13 19:14:12.334 ServerManager:21 - starting appium server...
[iOS_Ragav's 1 INFO ] 2023-07-13 19:14:13.363 ServerManager:30 - Appium server started...
[iOS_Ragav's 1 INFO ] 2023-07-13 19:14:13.371 DriverManager:29 - initializing Appium driver
[iOS_Ragav's 1 INFO ] 2023-07-13 19:14:13.381 PropertyManager:17 - loading config properties
[iOS_Ragav's 1 INFO ] 2023-07-13 19:14:13.382 CapabilitiesManager:18 - getting capabilities...
[iOS_Ragav's 1 INFO ] 2023-07-13 19:14:28.807 DriverManager:42 - Driver is initialized
[iOS_Ragav's 1 INFO ] 2023-07-13 19:14:28.808 Hooks:52 - Start Scenario Name : Customer
[iOS_Ragav's 1 INFO ] 2023-07-13 19:14:28.946 BasePage:301 - Tapped pin 1
[iOS_Ragav's 1 INFO ] 2023-07-13 19:14:30.947 BasePage:301 - Tapped pin 2
[iOS_Ragav's 1 INFO ] 2023-07-13 19:14:32.752 BasePage:301 - Tapped pin 3
[iOS_Ragav's 1 INFO ] 2023-07-13 19:14:33.519 BasePage:301 - Tapped pin 4
[iOS_Ragav's 1 INFO ] 2023-07-13 19:14:35.186 BasePage:301 - Tapped Login.
[iOS_Ragav's 1 INFO ] 2023-07-13 19:14:37.689 BasePage:301 - Order type selection is cancelled.
[iOS_Ragav's 1 INFO ] 2023-07-13 19:14:38.589 BasePage:301 - customer list is opened
[iOS_Ragav's 1 INFO ] 2023-07-13 19:14:39.317 BasePage:301 - Tapped Add New Button
[iOS_Ragav's 1 INFO ] 2023-07-13 19:14:45.757 BasePage:293 - Customer profile window is displayed - Customer Profile
[iOS_Ragav's 1 INFO ] 2023-07-13 19:14:47.500 PaymentWindow:730 - First Name - iKiLQu
[iOS_Ragav's 1 INFO ] 2023-07-13 19:14:51.091 PaymentWindow:734 - Last name - ckrXc
[iOS_Ragav's 1 INFO ] 2023-07-13 19:14:51.093 PaymentWindow:737 - Mobile Number - 4369307017
[iOS_Ragav's 1 INFO ] 2023-07-13 19:14:51.094 BasePage:301 - Tapped Add button for Enter Mobile Number
[iOS_Ragav's 1 INFO ] 2023-07-13 19:14:55.995 BasePage:301 - Tapped Save button
[iOS_Ragav's 1 INFO ] 2023-07-13 19:14:58.306 BasePage:301 - Tapped Save
[iOS_Ragav's 1 INFO ] 2023-07-13 19:15:01.030 BasePage:301 - Add cutoemr button
[iOS_Ragav's 1 INFO ] 2023-07-13 19:15:04.990 BasePage:301 - Remove button
[iOS_Ragav's 1 INFO ] 2023-07-13 19:15:07.894 BasePage:301 - Tapped log Off Button
[iOS_Ragav's 1 INFO ] 2023-07-13 19:48:48.630 ServerManager:21 - starting appium server...
[iOS_Ragav's 1 INFO ] 2023-07-13 19:48:49.669 ServerManager:30 - Appium server started...
[iOS_Ragav's 1 INFO ] 2023-07-13 19:48:49.677 DriverManager:29 - initializing Appium driver
[iOS_Ragav's 1 INFO ] 2023-07-13 19:48:49.686 PropertyManager:17 - loading config properties
[iOS_Ragav's 1 INFO ] 2023-07-13 19:48:49.687 CapabilitiesManager:18 - getting capabilities...
[iOS_Ragav's 1 INFO ] 2023-07-13 19:49:05.196 DriverManager:42 - Driver is initialized
[iOS_Ragav's 1 INFO ] 2023-07-13 19:49:05.198 Hooks:52 - Start Scenario Name : Customer
[iOS_Ragav's 1 INFO ] 2023-07-13 19:49:05.426 BasePage:301 - Tapped pin 1
[iOS_Ragav's 1 INFO ] 2023-07-13 19:49:06.974 BasePage:301 - Tapped pin 2
[iOS_Ragav's 1 INFO ] 2023-07-13 19:49:09.060 BasePage:301 - Tapped pin 3
[iOS_Ragav's 1 INFO ] 2023-07-13 19:49:10.636 BasePage:301 - Tapped pin 4
[iOS_Ragav's 1 INFO ] 2023-07-13 19:49:12.479 BasePage:301 - Tapped Login.
[iOS_Ragav's 1 INFO ] 2023-07-13 19:49:15.028 BasePage:301 - Order type selection is cancelled.
[iOS_Ragav's 1 INFO ] 2023-07-13 19:49:23.698 Hooks:70 - Failed Scenario Name : Customer
