[iOS_Ragav's 1 INFO ] 2023-05-10 11:16:57.691 ServerManager:21 - starting appium server...
[iOS_Ragav's 1 INFO ] 2023-05-10 11:16:58.735 ServerManager:30 - Appium server started...
[iOS_Ragav's 1 INFO ] 2023-05-10 11:16:58.745 DriverManager:29 - initializing Appium driver
[iOS_Ragav's 1 INFO ] 2023-05-10 11:16:58.755 PropertyManager:17 - loading config properties
[iOS_Ragav's 1 INFO ] 2023-05-10 11:16:58.756 CapabilitiesManager:18 - getting capabilities...
[iOS_Ragav's 1 INFO ] 2023-05-10 11:17:30.645 DriverManager:42 - Driver is initialized
[iOS_Ragav's 1 INFO ] 2023-05-10 11:17:30.646 Hooks:52 - Start Scenario Name : verify cash reward with Item based Discount & Inclusive Tax
[iOS_Ragav's 1 INFO ] 2023-05-10 11:17:30.782 BasePage:301 - Tapped pin 1
[iOS_Ragav's 1 INFO ] 2023-05-10 11:17:32.502 BasePage:301 - Tapped pin 2
[iOS_Ragav's 1 INFO ] 2023-05-10 11:17:34.152 BasePage:301 - Tapped pin 3
[iOS_Ragav's 1 INFO ] 2023-05-10 11:17:35.960 BasePage:301 - Tapped pin 4
[iOS_Ragav's 1 INFO ] 2023-05-10 11:17:37.696 BasePage:301 - Tapped Login.
[iOS_Ragav's 1 INFO ] 2023-05-10 11:17:40.803 BasePage:301 - Order type selection is cancelled.
[iOS_Ragav's 1 INFO ] 2023-05-10 11:17:47.325 OrderManagementScreen:1312 - 46-002
[iOS_Ragav's 1 INFO ] 2023-05-10 11:17:47.345 BasePage:301 - the rest of the categories is listed
[iOS_Ragav's 1 INFO ] 2023-05-10 11:17:49.902 BasePage:301 -  Selected Category as - Pasta
[iOS_Ragav's 1 INFO ] 2023-05-10 11:17:52.173 BasePage:301 - Ravioli Pesto selected
[iOS_Ragav's 1 INFO ] 2023-05-10 11:17:54.476 BasePage:301 - Butter selected
[iOS_Ragav's 1 INFO ] 2023-05-10 11:17:55.013 BasePage:301 - done for the menu item
[iOS_Ragav's 1 INFO ] 2023-05-10 11:17:56.091 BasePage:301 - Tapped Discount on Check Based
[iOS_Ragav's 1 INFO ] 2023-05-10 11:17:57.870 BasePage:293 - Discount Page txt is Displayed - Discounts
[iOS_Ragav's 1 INFO ] 2023-05-10 11:18:07.538 BasePage:301 - IB-AfterTax-Percentage Selected
[iOS_Ragav's 1 INFO ] 2023-05-10 11:18:08.262 BasePage:301 - Tapped Back Button
[iOS_Ragav's 1 INFO ] 2023-05-10 11:18:13.976 OrderManagementScreen:720 - Subtotal Value is - $ 15.00
[iOS_Ragav's 1 INFO ] 2023-05-10 11:18:18.012 OrderManagementScreen:729 - Tax Value is - $ 1.36
[iOS_Ragav's 1 INFO ] 2023-05-10 11:18:22.040 OrderManagementScreen:739 - Tax Value is - $ 1.36
[iOS_Ragav's 1 INFO ] 2023-05-10 11:18:26.248 OrderManagementScreen:787 - Cash Option Value is SAME - $ 13.64
[iOS_Ragav's 1 INFO ] 2023-05-10 11:18:30.389 OrderManagementScreen:685 - Cash Price is SAME - $ 11.97
[iOS_Ragav's 1 INFO ] 2023-05-10 11:18:30.400 BasePage:301 - Tapped Cash button for Close Sale
[iOS_Ragav's 1 INFO ] 2023-05-10 11:18:38.482 PaymentWindow:905 - Fast Cash Value is SAME with cash price - $ 11.97
[iOS_Ragav's 1 INFO ] 2023-05-10 11:18:38.492 BasePage:301 - Tapped Exact button 
[iOS_Ragav's 1 INFO ] 2023-05-10 11:18:42.460 PaymentWindow:912 - Cash value is SAME - $ 11.97
[iOS_Ragav's 1 INFO ] 2023-05-10 11:18:42.462 BasePage:301 - Tapped Enter for Finish Sale
[iOS_Ragav's 1 INFO ] 2023-05-10 11:18:44.768 BasePage:293 - I Should see the Popup is - Print Or Send Receipt
[iOS_Ragav's 1 INFO ] 2023-05-10 11:18:46.728 PaymentWindow:822 - 11.97
[iOS_Ragav's 1 INFO ] 2023-05-10 11:18:46.728 PaymentWindow:824 - Cash Price Value is Same with the Digital Receipt Screen - 11.97
[iOS_Ragav's 1 INFO ] 2023-05-10 11:18:46.731 BasePage:301 - Tapped No Thanks button 
[iOS_Ragav's 1 INFO ] 2023-05-10 11:18:49.142 BasePage:301 - Order type selection is cancelled.
[iOS_Ragav's 1 INFO ] 2023-05-10 11:18:50.131 BasePage:301 - Tapped log Off Button
[iOS_Ragav's 1 INFO ] 2023-05-10 11:31:12.900 ServerManager:21 - starting appium server...
[iOS_Ragav's 1 INFO ] 2023-05-10 11:31:14.701 ServerManager:30 - Appium server started...
[iOS_Ragav's 1 INFO ] 2023-05-10 11:31:14.716 DriverManager:29 - initializing Appium driver
[iOS_Ragav's 1 INFO ] 2023-05-10 11:31:14.731 PropertyManager:17 - loading config properties
[iOS_Ragav's 1 INFO ] 2023-05-10 11:31:14.734 CapabilitiesManager:18 - getting capabilities...
[iOS_Ragav's 1 INFO ] 2023-05-10 11:31:40.218 DriverManager:42 - Driver is initialized
[iOS_Ragav's 1 INFO ] 2023-05-10 11:31:40.220 Hooks:52 - Start Scenario Name : verify cash reward with check based Discount & Inclusive Tax
[iOS_Ragav's 1 INFO ] 2023-05-10 11:31:40.511 BasePage:301 - Tapped pin 1
[iOS_Ragav's 1 INFO ] 2023-05-10 11:31:42.389 BasePage:301 - Tapped pin 2
[iOS_Ragav's 1 INFO ] 2023-05-10 11:31:44.110 BasePage:301 - Tapped pin 3
[iOS_Ragav's 1 INFO ] 2023-05-10 11:31:45.838 BasePage:301 - Tapped pin 4
[iOS_Ragav's 1 INFO ] 2023-05-10 11:31:47.602 BasePage:301 - Tapped Login.
[iOS_Ragav's 1 INFO ] 2023-05-10 11:31:50.780 BasePage:301 - Order type selection is cancelled.
[iOS_Ragav's 1 INFO ] 2023-05-10 11:31:57.481 OrderManagementScreen:1312 - 46-004
[iOS_Ragav's 1 INFO ] 2023-05-10 11:31:57.538 BasePage:301 - the rest of the categories is listed
[iOS_Ragav's 1 INFO ] 2023-05-10 11:32:00.172 BasePage:301 -  Selected Category as - Pasta
[iOS_Ragav's 1 INFO ] 2023-05-10 11:32:02.462 BasePage:301 - Ravioli Pesto selected
[iOS_Ragav's 1 INFO ] 2023-05-10 11:32:04.813 BasePage:301 - Butter selected
[iOS_Ragav's 1 INFO ] 2023-05-10 11:32:05.395 BasePage:301 - done for the menu item
[iOS_Ragav's 1 INFO ] 2023-05-10 11:32:06.471 BasePage:301 - Tapped Discount on Check Based
[iOS_Ragav's 1 INFO ] 2023-05-10 11:32:08.495 BasePage:293 - Discount Page txt is Displayed - Discounts
[iOS_Ragav's 1 INFO ] 2023-05-10 11:32:18.275 BasePage:301 - CB-AfterTax-SetPrice1000 Selected
[iOS_Ragav's 1 INFO ] 2023-05-10 11:32:19.052 BasePage:301 - Tapped Back Button
[iOS_Ragav's 1 INFO ] 2023-05-10 11:32:24.640 OrderManagementScreen:720 - Subtotal Value is - $ 15.00
[iOS_Ragav's 1 INFO ] 2023-05-10 11:32:28.699 OrderManagementScreen:729 - Tax Value is - $ 1.36
[iOS_Ragav's 1 INFO ] 2023-05-10 11:32:32.876 OrderManagementScreen:739 - Tax Value is - $ 5.00
[iOS_Ragav's 1 INFO ] 2023-05-10 11:32:36.914 OrderManagementScreen:787 - Cash Option Value is SAME - $ 10.00
[iOS_Ragav's 1 INFO ] 2023-05-10 11:32:41.117 OrderManagementScreen:685 - Cash Price is SAME - $ 8.77
[iOS_Ragav's 1 INFO ] 2023-05-10 11:32:41.129 BasePage:301 - Tapped Cash button for Close Sale
[iOS_Ragav's 1 INFO ] 2023-05-10 11:32:49.185 PaymentWindow:905 - Fast Cash Value is SAME with cash price - $ 8.77
[iOS_Ragav's 1 INFO ] 2023-05-10 11:32:49.194 BasePage:301 - Tapped Exact button 
[iOS_Ragav's 1 INFO ] 2023-05-10 11:32:53.315 PaymentWindow:912 - Cash value is SAME - $ 8.77
[iOS_Ragav's 1 INFO ] 2023-05-10 11:32:53.328 BasePage:301 - Tapped Enter for Finish Sale
[iOS_Ragav's 1 INFO ] 2023-05-10 11:32:55.954 BasePage:293 - I Should see the Popup is - Print Or Send Receipt
[iOS_Ragav's 1 INFO ] 2023-05-10 11:32:58.071 PaymentWindow:822 - 8.77
[iOS_Ragav's 1 INFO ] 2023-05-10 11:32:58.073 PaymentWindow:824 - Cash Price Value is Same with the Digital Receipt Screen - 8.77
[iOS_Ragav's 1 INFO ] 2023-05-10 11:32:58.082 BasePage:301 - Tapped No Thanks button 
[iOS_Ragav's 1 INFO ] 2023-05-10 11:33:00.554 BasePage:301 - Order type selection is cancelled.
[iOS_Ragav's 1 INFO ] 2023-05-10 11:33:01.601 BasePage:301 - Tapped log Off Button
[iOS_Ragav's 1 INFO ] 2023-05-10 11:35:34.473 ServerManager:21 - starting appium server...
[iOS_Ragav's 1 INFO ] 2023-05-10 11:35:35.880 ServerManager:30 - Appium server started...
[iOS_Ragav's 1 INFO ] 2023-05-10 11:35:35.924 DriverManager:29 - initializing Appium driver
[iOS_Ragav's 1 INFO ] 2023-05-10 11:35:35.940 PropertyManager:17 - loading config properties
[iOS_Ragav's 1 INFO ] 2023-05-10 11:35:35.945 CapabilitiesManager:18 - getting capabilities...
[iOS_Ragav's 1 INFO ] 2023-05-10 11:35:57.504 DriverManager:42 - Driver is initialized
[iOS_Ragav's 1 INFO ] 2023-05-10 11:35:57.507 Hooks:52 - Start Scenario Name : verify cash reward with open item Discount & Inclusive Tax
[iOS_Ragav's 1 INFO ] 2023-05-10 11:35:57.699 BasePage:301 - Tapped pin 1
[iOS_Ragav's 1 INFO ] 2023-05-10 11:35:59.381 BasePage:301 - Tapped pin 2
[iOS_Ragav's 1 INFO ] 2023-05-10 11:36:01.070 BasePage:301 - Tapped pin 3
[iOS_Ragav's 1 INFO ] 2023-05-10 11:36:02.622 BasePage:301 - Tapped pin 4
[iOS_Ragav's 1 INFO ] 2023-05-10 11:36:04.216 BasePage:301 - Tapped Login.
[iOS_Ragav's 1 INFO ] 2023-05-10 11:36:07.267 BasePage:301 - Order type selection is cancelled.
[iOS_Ragav's 1 INFO ] 2023-05-10 11:36:14.125 OrderManagementScreen:1312 - 46-005
[iOS_Ragav's 1 INFO ] 2023-05-10 11:36:14.140 BasePage:301 - the rest of the categories is listed
[iOS_Ragav's 1 INFO ] 2023-05-10 11:36:16.863 BasePage:301 -  Selected Category as - Pasta
[iOS_Ragav's 1 INFO ] 2023-05-10 11:36:19.095 BasePage:301 - Ravioli Pesto selected
[iOS_Ragav's 1 INFO ] 2023-05-10 11:36:21.346 BasePage:301 - Butter selected
[iOS_Ragav's 1 INFO ] 2023-05-10 11:36:21.891 BasePage:301 - done for the menu item
[iOS_Ragav's 1 INFO ] 2023-05-10 11:36:26.922 BasePage:301 - Tapped Menu Items to see Menu Option Green
[iOS_Ragav's 1 INFO ] 2023-05-10 11:36:32.600 BasePage:293 - Menu Option Screen is Displayed - Menu Option - Ravioli Pesto 
[iOS_Ragav's 1 INFO ] 2023-05-10 11:36:32.604 BasePage:301 - Tapped Open Discount Button
[iOS_Ragav's 1 INFO ] 2023-05-10 11:36:39.315 MenuOptionScreen:318 - Open Discount Screen Is Visible
[iOS_Ragav's 1 INFO ] 2023-05-10 11:36:39.321 BasePage:301 - Tapped Percentage Button
[iOS_Ragav's 1 INFO ] 2023-05-10 11:36:40.950 BasePage:301 - Tapped amount field
[iOS_Ragav's 1 INFO ] 2023-05-10 11:36:46.888 BasePage:301 - Tapped pin2
[iOS_Ragav's 1 INFO ] 2023-05-10 11:36:48.831 BasePage:301 - Tapped pin2
[iOS_Ragav's 1 INFO ] 2023-05-10 11:36:50.635 BasePage:301 - Tapped pin3
[iOS_Ragav's 1 INFO ] 2023-05-10 11:36:52.291 BasePage:301 - Tapped pin2
[iOS_Ragav's 1 INFO ] 2023-05-10 11:36:53.974 BasePage:301 - Taped continue for open Discount
[iOS_Ragav's 1 INFO ] 2023-05-10 11:37:09.466 BasePage:301 - Selected - Hide keyboard
[iOS_Ragav's 1 INFO ] 2023-05-10 11:37:18.138 BasePage:301 - Tapped - After
[iOS_Ragav's 1 INFO ] 2023-05-10 11:37:19.230 BasePage:301 - Tapped Apply Button
[iOS_Ragav's 1 INFO ] 2023-05-10 11:37:21.005 BasePage:293 - Discount is Added - Open-Item Discount
[iOS_Ragav's 1 INFO ] 2023-05-10 11:40:08.194 ServerManager:21 - starting appium server...
[iOS_Ragav's 1 INFO ] 2023-05-10 11:40:10.304 ServerManager:30 - Appium server started...
[iOS_Ragav's 1 INFO ] 2023-05-10 11:40:10.329 DriverManager:29 - initializing Appium driver
[iOS_Ragav's 1 INFO ] 2023-05-10 11:40:10.349 PropertyManager:17 - loading config properties
[iOS_Ragav's 1 INFO ] 2023-05-10 11:40:10.350 CapabilitiesManager:18 - getting capabilities...
[iOS_Ragav's 1 INFO ] 2023-05-10 11:40:32.462 DriverManager:42 - Driver is initialized
[iOS_Ragav's 1 INFO ] 2023-05-10 11:40:32.464 Hooks:52 - Start Scenario Name : verify cash reward with open item Discount & Inclusive Tax
[iOS_Ragav's 1 INFO ] 2023-05-10 11:40:32.673 BasePage:301 - Tapped pin 1
[iOS_Ragav's 1 INFO ] 2023-05-10 11:40:34.400 BasePage:301 - Tapped pin 2
[iOS_Ragav's 1 INFO ] 2023-05-10 11:40:36.177 BasePage:301 - Tapped pin 3
[iOS_Ragav's 1 INFO ] 2023-05-10 11:40:37.701 BasePage:301 - Tapped pin 4
[iOS_Ragav's 1 INFO ] 2023-05-10 11:40:39.408 BasePage:301 - Tapped Login.
[iOS_Ragav's 1 INFO ] 2023-05-10 11:40:42.443 BasePage:301 - Order type selection is cancelled.
[iOS_Ragav's 1 INFO ] 2023-05-10 11:40:49.159 OrderManagementScreen:1312 - 46-006
[iOS_Ragav's 1 INFO ] 2023-05-10 11:40:49.181 BasePage:301 - the rest of the categories is listed
[iOS_Ragav's 1 INFO ] 2023-05-10 11:40:51.942 BasePage:301 -  Selected Category as - Pasta
[iOS_Ragav's 1 INFO ] 2023-05-10 11:40:54.196 BasePage:301 - Ravioli Pesto selected
[iOS_Ragav's 1 INFO ] 2023-05-10 11:40:56.451 BasePage:301 - Butter selected
[iOS_Ragav's 1 INFO ] 2023-05-10 11:40:56.997 BasePage:301 - done for the menu item
[iOS_Ragav's 1 INFO ] 2023-05-10 11:41:02.059 BasePage:301 - Tapped Menu Items to see Menu Option Green
[iOS_Ragav's 1 INFO ] 2023-05-10 11:41:07.526 BasePage:293 - Menu Option Screen is Displayed - Menu Option - Ravioli Pesto 
[iOS_Ragav's 1 INFO ] 2023-05-10 11:41:07.529 BasePage:301 - Tapped Open Discount Button
[iOS_Ragav's 1 INFO ] 2023-05-10 11:41:14.231 MenuOptionScreen:318 - Open Discount Screen Is Visible
[iOS_Ragav's 1 INFO ] 2023-05-10 11:41:14.237 BasePage:301 - Tapped Percentage Button
[iOS_Ragav's 1 INFO ] 2023-05-10 11:41:15.867 BasePage:301 - Tapped amount field
[iOS_Ragav's 1 INFO ] 2023-05-10 11:41:22.089 BasePage:301 - Tapped pin2
[iOS_Ragav's 1 INFO ] 2023-05-10 11:41:24.108 BasePage:301 - Tapped pin2
[iOS_Ragav's 1 INFO ] 2023-05-10 11:41:25.858 BasePage:301 - Tapped pin3
[iOS_Ragav's 1 INFO ] 2023-05-10 11:41:27.628 BasePage:301 - Tapped pin2
[iOS_Ragav's 1 INFO ] 2023-05-10 11:41:29.387 BasePage:301 - Taped continue for open Discount
[iOS_Ragav's 1 INFO ] 2023-05-10 11:41:45.261 BasePage:301 - Selected - Hide keyboard
[iOS_Ragav's 1 INFO ] 2023-05-10 11:41:53.894 BasePage:301 - Tapped - After
[iOS_Ragav's 1 INFO ] 2023-05-10 11:41:55.004 BasePage:301 - Tapped Apply Button
[iOS_Ragav's 1 INFO ] 2023-05-10 11:41:56.798 BasePage:293 - Discount is Added - Open-Item Discount
[iOS_Ragav's 1 INFO ] 2023-05-10 11:42:00.796 OrderManagementScreen:720 - Subtotal Value is - $ 15.00
[iOS_Ragav's 1 INFO ] 2023-05-10 11:42:05.166 OrderManagementScreen:729 - Tax Value is - $ 1.36
[iOS_Ragav's 1 INFO ] 2023-05-10 11:42:09.313 OrderManagementScreen:739 - Tax Value is - $ 3.04
[iOS_Ragav's 1 INFO ] 2023-05-10 11:42:13.452 OrderManagementScreen:787 - Cash Option Value is SAME - $ 11.96
[iOS_Ragav's 1 INFO ] 2023-05-10 11:42:17.787 OrderManagementScreen:685 - Cash Price is SAME - $ 10.49
[iOS_Ragav's 1 INFO ] 2023-05-10 11:42:17.790 BasePage:301 - Tapped Cash button for Close Sale
[iOS_Ragav's 1 INFO ] 2023-05-10 11:42:26.184 PaymentWindow:905 - Fast Cash Value is SAME with cash price - $ 10.49
[iOS_Ragav's 1 INFO ] 2023-05-10 11:42:26.188 BasePage:301 - Tapped Exact button 
[iOS_Ragav's 1 INFO ] 2023-05-10 11:42:30.030 PaymentWindow:912 - Cash value is SAME - $ 10.49
[iOS_Ragav's 1 INFO ] 2023-05-10 11:42:30.033 BasePage:301 - Tapped Enter for Finish Sale
[iOS_Ragav's 1 INFO ] 2023-05-10 11:42:32.326 BasePage:293 - I Should see the Popup is - Print Or Send Receipt
[iOS_Ragav's 1 INFO ] 2023-05-10 11:42:34.479 PaymentWindow:822 - 10.49
[iOS_Ragav's 1 INFO ] 2023-05-10 11:42:34.479 PaymentWindow:824 - Cash Price Value is Same with the Digital Receipt Screen - 10.49
[iOS_Ragav's 1 INFO ] 2023-05-10 11:42:34.483 BasePage:301 - Tapped No Thanks button 
[iOS_Ragav's 1 INFO ] 2023-05-10 11:42:36.924 BasePage:301 - Order type selection is cancelled.
[iOS_Ragav's 1 INFO ] 2023-05-10 11:42:37.935 BasePage:301 - Tapped log Off Button
[iOS_Ragav's 1 INFO ] 2023-05-10 11:58:00.843 ServerManager:21 - starting appium server...
[iOS_Ragav's 1 INFO ] 2023-05-10 11:58:02.642 ServerManager:30 - Appium server started...
[iOS_Ragav's 1 INFO ] 2023-05-10 11:58:02.656 DriverManager:29 - initializing Appium driver
[iOS_Ragav's 1 INFO ] 2023-05-10 11:58:02.671 PropertyManager:17 - loading config properties
[iOS_Ragav's 1 INFO ] 2023-05-10 11:58:02.673 CapabilitiesManager:18 - getting capabilities...
[iOS_Ragav's 1 INFO ] 2023-05-10 11:58:29.268 DriverManager:42 - Driver is initialized
[iOS_Ragav's 1 INFO ] 2023-05-10 11:58:29.269 Hooks:52 - Start Scenario Name : verify cash reward with Item based Discount & Quantity based Tax
[iOS_Ragav's 1 INFO ] 2023-05-10 11:58:29.439 BasePage:301 - Tapped pin 1
[iOS_Ragav's 1 INFO ] 2023-05-10 11:58:31.369 BasePage:301 - Tapped pin 2
[iOS_Ragav's 1 INFO ] 2023-05-10 11:58:32.952 BasePage:301 - Tapped pin 3
[iOS_Ragav's 1 INFO ] 2023-05-10 11:58:34.614 BasePage:301 - Tapped pin 4
[iOS_Ragav's 1 INFO ] 2023-05-10 11:58:36.335 BasePage:301 - Tapped Login.
[iOS_Ragav's 1 INFO ] 2023-05-10 11:58:39.427 BasePage:301 - Order type selection is cancelled.
[iOS_Ragav's 1 INFO ] 2023-05-10 11:58:46.516 OrderManagementScreen:1312 - 46-008
[iOS_Ragav's 1 INFO ] 2023-05-10 11:58:46.530 BasePage:301 - the rest of the categories is listed
[iOS_Ragav's 1 INFO ] 2023-05-10 11:58:49.358 BasePage:301 -  Selected Category as - Appetizers
[iOS_Ragav's 1 INFO ] 2023-05-10 11:58:51.491 BasePage:301 - RAPINI selected
[iOS_Ragav's 1 INFO ] 2023-05-10 11:58:51.966 BasePage:301 - Tapped Discount on Check Based
[iOS_Ragav's 1 INFO ] 2023-05-10 11:58:53.571 BasePage:293 - Discount Page txt is Displayed - Discounts
[iOS_Ragav's 1 INFO ] 2023-05-10 11:59:02.164 BasePage:301 - IB-AfterTax-Percentage Selected
[iOS_Ragav's 1 INFO ] 2023-05-10 11:59:02.840 BasePage:301 - Tapped Back Button
[iOS_Ragav's 1 INFO ] 2023-05-10 11:59:08.068 OrderManagementScreen:720 - Subtotal Value is - $ 13.00
[iOS_Ragav's 1 INFO ] 2023-05-10 11:59:11.951 OrderManagementScreen:729 - Tax Value is - $ 0.65
[iOS_Ragav's 1 INFO ] 2023-05-10 11:59:15.705 OrderManagementScreen:739 - Tax Value is - $ 1.30
[iOS_Ragav's 1 INFO ] 2023-05-10 11:59:19.448 OrderManagementScreen:787 - Cash Option Value is SAME - $ 12.35
[iOS_Ragav's 1 INFO ] 2023-05-10 11:59:23.291 OrderManagementScreen:685 - Cash Price is SAME - $ 10.84
[iOS_Ragav's 1 INFO ] 2023-05-10 11:59:47.856 BasePage:301 - 5 selected
[iOS_Ragav's 1 INFO ] 2023-05-10 11:59:48.790 BasePage:301 - Tapped Continue
[iOS_Ragav's 1 INFO ] 2023-05-10 11:59:53.506 OrderManagementScreen:720 - Subtotal Value is - $ 65.00
[iOS_Ragav's 1 INFO ] 2023-05-10 11:59:57.395 OrderManagementScreen:729 - Tax Value is - $ 6.50
[iOS_Ragav's 1 INFO ] 2023-05-10 12:00:01.157 OrderManagementScreen:739 - Tax Value is - $ 6.50
[iOS_Ragav's 1 INFO ] 2023-05-10 12:00:05.016 OrderManagementScreen:787 - Cash Option Value is SAME - $ 65.00
[iOS_Ragav's 1 INFO ] 2023-05-10 12:00:08.752 OrderManagementScreen:685 - Cash Price is SAME - $ 57.04
[iOS_Ragav's 1 INFO ] 2023-05-10 12:00:33.925 BasePage:301 -  selected
[iOS_Ragav's 1 INFO ] 2023-05-10 12:00:34.832 BasePage:301 - Tapped Continue
[iOS_Ragav's 1 INFO ] 2023-05-10 12:00:39.763 OrderManagementScreen:720 - Subtotal Value is - $ 104.00
[iOS_Ragav's 1 INFO ] 2023-05-10 12:00:43.497 OrderManagementScreen:729 - Tax Value is - $ 15.60
[iOS_Ragav's 1 INFO ] 2023-05-10 12:00:47.385 OrderManagementScreen:739 - Tax Value is - $ 10.40
[iOS_Ragav's 1 INFO ] 2023-05-10 12:00:51.272 OrderManagementScreen:787 - Cash Option Value is SAME - $ 109.20
[iOS_Ragav's 1 INFO ] 2023-05-10 12:00:55.085 OrderManagementScreen:685 - Cash Price is SAME - $ 95.82
[iOS_Ragav's 1 INFO ] 2023-05-10 12:00:55.087 BasePage:301 - Tapped Cash button for Close Sale
[iOS_Ragav's 1 INFO ] 2023-05-10 12:01:03.002 PaymentWindow:905 - Fast Cash Value is SAME with cash price - $ 95.82
[iOS_Ragav's 1 INFO ] 2023-05-10 12:01:03.007 BasePage:301 - Tapped Exact button 
[iOS_Ragav's 1 INFO ] 2023-05-10 12:01:06.689 PaymentWindow:912 - Cash value is SAME - $ 95.82
[iOS_Ragav's 1 INFO ] 2023-05-10 12:01:06.692 BasePage:301 - Tapped Enter for Finish Sale
[iOS_Ragav's 1 INFO ] 2023-05-10 12:01:08.866 BasePage:293 - I Should see the Popup is - Print Or Send Receipt
[iOS_Ragav's 1 INFO ] 2023-05-10 12:01:10.935 PaymentWindow:822 - 95.82
[iOS_Ragav's 1 INFO ] 2023-05-10 12:01:10.936 PaymentWindow:824 - Cash Price Value is Same with the Digital Receipt Screen - 95.82
[iOS_Ragav's 1 INFO ] 2023-05-10 12:01:10.940 BasePage:301 - Tapped No Thanks button 
[iOS_Ragav's 1 INFO ] 2023-05-10 12:01:13.319 BasePage:301 - Order type selection is cancelled.
[iOS_Ragav's 1 INFO ] 2023-05-10 12:01:14.320 BasePage:301 - Tapped log Off Button
[iOS_Ragav's 1 INFO ] 2023-05-10 12:10:03.003 ServerManager:21 - starting appium server...
[iOS_Ragav's 1 INFO ] 2023-05-10 12:10:05.431 ServerManager:30 - Appium server started...
[iOS_Ragav's 1 INFO ] 2023-05-10 12:10:05.449 DriverManager:29 - initializing Appium driver
[iOS_Ragav's 1 INFO ] 2023-05-10 12:10:05.471 PropertyManager:17 - loading config properties
[iOS_Ragav's 1 INFO ] 2023-05-10 12:10:05.474 CapabilitiesManager:18 - getting capabilities...
[iOS_Ragav's 1 INFO ] 2023-05-10 12:10:33.761 DriverManager:42 - Driver is initialized
[iOS_Ragav's 1 INFO ] 2023-05-10 12:10:33.762 Hooks:52 - Start Scenario Name : verify cash reward with Item based Discount & Quantity based Tax
[iOS_Ragav's 1 INFO ] 2023-05-10 12:10:33.989 BasePage:301 - Tapped pin 1
[iOS_Ragav's 1 INFO ] 2023-05-10 12:10:35.629 BasePage:301 - Tapped pin 2
[iOS_Ragav's 1 INFO ] 2023-05-10 12:10:37.429 BasePage:301 - Tapped pin 3
[iOS_Ragav's 1 INFO ] 2023-05-10 12:10:39.146 BasePage:301 - Tapped pin 4
[iOS_Ragav's 1 INFO ] 2023-05-10 12:10:40.754 BasePage:301 - Tapped Login.
[iOS_Ragav's 1 INFO ] 2023-05-10 12:10:43.932 BasePage:301 - Order type selection is cancelled.
[iOS_Ragav's 1 INFO ] 2023-05-10 12:10:50.797 OrderManagementScreen:1312 - 46-010
[iOS_Ragav's 1 INFO ] 2023-05-10 12:10:50.813 BasePage:301 - the rest of the categories is listed
[iOS_Ragav's 1 INFO ] 2023-05-10 12:10:53.605 BasePage:301 -  Selected Category as - Appetizers
[iOS_Ragav's 1 INFO ] 2023-05-10 12:10:55.811 BasePage:301 - RAPINI selected
[iOS_Ragav's 1 INFO ] 2023-05-10 12:10:56.267 BasePage:301 - Tapped Discount on Check Based
[iOS_Ragav's 1 INFO ] 2023-05-10 12:10:57.893 BasePage:293 - Discount Page txt is Displayed - Discounts
[iOS_Ragav's 1 INFO ] 2023-05-10 12:11:06.477 BasePage:301 - IB-AfterTax-Percentage Selected
[iOS_Ragav's 1 INFO ] 2023-05-10 12:11:07.122 BasePage:301 - Tapped Back Button
[iOS_Ragav's 1 INFO ] 2023-05-10 12:11:12.277 OrderManagementScreen:720 - Subtotal Value is - $ 13.00
[iOS_Ragav's 1 INFO ] 2023-05-10 12:11:16.216 OrderManagementScreen:729 - Tax Value is - $ 0.65
[iOS_Ragav's 1 INFO ] 2023-05-10 12:11:19.970 OrderManagementScreen:739 - Tax Value is - $ 1.30
[iOS_Ragav's 1 INFO ] 2023-05-10 12:11:23.717 OrderManagementScreen:787 - Cash Option Value is SAME - $ 12.35
[iOS_Ragav's 1 INFO ] 2023-05-10 12:11:27.552 OrderManagementScreen:685 - Cash Price is SAME - $ 10.84
[iOS_Ragav's 1 INFO ] 2023-05-10 12:11:52.283 BasePage:301 - 5 selected
[iOS_Ragav's 1 INFO ] 2023-05-10 12:11:53.197 BasePage:301 - Tapped Continue
[iOS_Ragav's 1 INFO ] 2023-05-10 12:11:58.020 OrderManagementScreen:720 - Subtotal Value is - $ 65.00
[iOS_Ragav's 1 INFO ] 2023-05-10 12:12:01.795 OrderManagementScreen:729 - Tax Value is - $ 6.50
[iOS_Ragav's 1 INFO ] 2023-05-10 12:12:05.523 OrderManagementScreen:739 - Tax Value is - $ 6.50
[iOS_Ragav's 1 INFO ] 2023-05-10 12:12:09.386 OrderManagementScreen:787 - Cash Option Value is SAME - $ 65.00
[iOS_Ragav's 1 INFO ] 2023-05-10 12:12:13.116 OrderManagementScreen:685 - Cash Price is SAME - $ 57.04
[iOS_Ragav's 1 INFO ] 2023-05-10 12:12:38.389 BasePage:301 -  selected
[iOS_Ragav's 1 INFO ] 2023-05-10 12:12:39.273 BasePage:301 - Tapped Continue
[iOS_Ragav's 1 INFO ] 2023-05-10 12:12:44.270 OrderManagementScreen:720 - Subtotal Value is - $ 104.00
[iOS_Ragav's 1 INFO ] 2023-05-10 12:12:47.990 OrderManagementScreen:729 - Tax Value is - $ 15.60
[iOS_Ragav's 1 INFO ] 2023-05-10 12:12:51.735 OrderManagementScreen:739 - Tax Value is - $ 10.40
[iOS_Ragav's 1 INFO ] 2023-05-10 12:12:55.690 OrderManagementScreen:787 - Cash Option Value is SAME - $ 109.20
[iOS_Ragav's 1 INFO ] 2023-05-10 12:12:59.495 OrderManagementScreen:685 - Cash Price is SAME - $ 95.82
[iOS_Ragav's 1 INFO ] 2023-05-10 12:12:59.499 BasePage:301 - Tapped Cash button for Close Sale
[iOS_Ragav's 1 INFO ] 2023-05-10 12:13:07.359 PaymentWindow:905 - Fast Cash Value is SAME with cash price - $ 95.82
[iOS_Ragav's 1 INFO ] 2023-05-10 12:13:07.362 BasePage:301 - Tapped Exact button 
[iOS_Ragav's 1 INFO ] 2023-05-10 12:13:10.966 PaymentWindow:912 - Cash value is SAME - $ 95.82
[iOS_Ragav's 1 INFO ] 2023-05-10 12:13:10.970 BasePage:301 - Tapped Enter for Finish Sale
[iOS_Ragav's 1 INFO ] 2023-05-10 12:13:13.176 BasePage:293 - I Should see the Popup is - Print Or Send Receipt
[iOS_Ragav's 1 INFO ] 2023-05-10 12:13:15.339 PaymentWindow:822 - 95.82
[iOS_Ragav's 1 INFO ] 2023-05-10 12:13:15.341 PaymentWindow:824 - Cash Price Value is Same with the Digital Receipt Screen - 95.82
[iOS_Ragav's 1 INFO ] 2023-05-10 12:13:15.343 BasePage:301 - Tapped No Thanks button 
[iOS_Ragav's 1 INFO ] 2023-05-10 12:13:17.869 BasePage:301 - Order type selection is cancelled.
[iOS_Ragav's 1 INFO ] 2023-05-10 12:13:18.903 BasePage:301 - Tapped log Off Button
[iOS_Ragav's 1 INFO ] 2023-05-10 12:13:20.264 BasePage:301 - Tapped pin 1
[iOS_Ragav's 1 INFO ] 2023-05-10 12:13:23.443 BasePage:301 - Tapped pin 2
[iOS_Ragav's 1 INFO ] 2023-05-10 12:13:25.079 BasePage:301 - Tapped pin 3
[iOS_Ragav's 1 INFO ] 2023-05-10 12:13:26.721 BasePage:301 - Tapped pin 4
[iOS_Ragav's 1 INFO ] 2023-05-10 12:13:28.443 BasePage:301 - Tapped Login.
[iOS_Ragav's 1 INFO ] 2023-05-10 12:13:31.271 BasePage:301 - Order type selection is cancelled.
[iOS_Ragav's 1 INFO ] 2023-05-10 12:13:38.443 OrderManagementScreen:1312 - 46-011
[iOS_Ragav's 1 INFO ] 2023-05-10 12:13:38.451 BasePage:301 - the rest of the categories is listed
[iOS_Ragav's 1 INFO ] 2023-05-10 12:13:41.092 BasePage:301 -  Selected Category as - Appetizers
[iOS_Ragav's 1 INFO ] 2023-05-10 12:13:43.242 BasePage:301 - RAPINI selected
[iOS_Ragav's 1 INFO ] 2023-05-10 12:13:43.715 BasePage:301 - Tapped Discount on Check Based
[iOS_Ragav's 1 INFO ] 2023-05-10 12:13:45.348 BasePage:293 - Discount Page txt is Displayed - Discounts
[iOS_Ragav's 1 INFO ] 2023-05-10 12:13:53.820 BasePage:301 - CB-AfterTax-SetPrice Selected
[iOS_Ragav's 1 INFO ] 2023-05-10 12:13:54.504 BasePage:301 - Tapped Back Button
[iOS_Ragav's 1 INFO ] 2023-05-10 12:13:59.955 OrderManagementScreen:720 - Subtotal Value is - $ 13.00
[iOS_Ragav's 1 INFO ] 2023-05-10 12:14:03.839 OrderManagementScreen:729 - Tax Value is - $ 0.65
[iOS_Ragav's 1 INFO ] 2023-05-10 12:14:07.738 OrderManagementScreen:739 - Tax Value is - $ 12.61
[iOS_Ragav's 1 INFO ] 2023-05-10 12:14:11.500 OrderManagementScreen:787 - Cash Option Value is SAME - $ 1.04
[iOS_Ragav's 1 INFO ] 2023-05-10 12:14:15.160 OrderManagementScreen:685 - Cash Price is SAME - $ 0.91
[iOS_Ragav's 1 INFO ] 2023-05-10 12:14:40.429 BasePage:301 - 5 selected
[iOS_Ragav's 1 INFO ] 2023-05-10 12:14:41.350 BasePage:301 - Tapped Continue
[iOS_Ragav's 1 INFO ] 2023-05-10 12:14:46.061 OrderManagementScreen:720 - Subtotal Value is - $ 65.00
[iOS_Ragav's 1 INFO ] 2023-05-10 12:14:49.803 OrderManagementScreen:729 - Tax Value is - $ 6.50
[iOS_Ragav's 1 INFO ] 2023-05-10 12:14:54.215 Hooks:70 - Failed Scenario Name : verify cash reward with Item based Discount & Quantity based Tax
[iOS_Ragav's 1 INFO ] 2023-05-10 12:16:33.991 ServerManager:21 - starting appium server...
[iOS_Ragav's 1 INFO ] 2023-05-10 12:16:35.438 ServerManager:30 - Appium server started...
[iOS_Ragav's 1 INFO ] 2023-05-10 12:16:35.482 DriverManager:29 - initializing Appium driver
[iOS_Ragav's 1 INFO ] 2023-05-10 12:16:35.512 PropertyManager:17 - loading config properties
[iOS_Ragav's 1 INFO ] 2023-05-10 12:16:35.516 CapabilitiesManager:18 - getting capabilities...
[iOS_Ragav's 1 INFO ] 2023-05-10 12:16:59.509 DriverManager:42 - Driver is initialized
[iOS_Ragav's 1 INFO ] 2023-05-10 12:16:59.511 Hooks:52 - Start Scenario Name : verify cash reward with check based Discount & Quantity based Tax
[iOS_Ragav's 1 INFO ] 2023-05-10 12:16:59.746 BasePage:301 - Tapped pin 1
[iOS_Ragav's 1 INFO ] 2023-05-10 12:17:01.770 BasePage:301 - Tapped pin 2
[iOS_Ragav's 1 INFO ] 2023-05-10 12:17:03.545 BasePage:301 - Tapped pin 3
[iOS_Ragav's 1 INFO ] 2023-05-10 12:17:05.136 BasePage:301 - Tapped pin 4
[iOS_Ragav's 1 INFO ] 2023-05-10 12:17:06.829 BasePage:301 - Tapped Login.
[iOS_Ragav's 1 INFO ] 2023-05-10 12:17:09.858 BasePage:301 - Order type selection is cancelled.
[iOS_Ragav's 1 INFO ] 2023-05-10 12:17:16.453 OrderManagementScreen:1312 - 46-013
[iOS_Ragav's 1 INFO ] 2023-05-10 12:17:16.469 BasePage:301 - the rest of the categories is listed
[iOS_Ragav's 1 INFO ] 2023-05-10 12:17:19.192 BasePage:301 -  Selected Category as - Appetizers
[iOS_Ragav's 1 INFO ] 2023-05-10 12:17:21.377 BasePage:301 - RAPINI selected
[iOS_Ragav's 1 INFO ] 2023-05-10 12:17:21.821 BasePage:301 - Tapped Discount on Check Based
[iOS_Ragav's 1 INFO ] 2023-05-10 12:17:23.458 BasePage:293 - Discount Page txt is Displayed - Discounts
[iOS_Ragav's 1 INFO ] 2023-05-10 12:17:31.989 BasePage:301 - CB-AfterTax-SetPrice Selected
[iOS_Ragav's 1 INFO ] 2023-05-10 12:17:32.680 BasePage:301 - Tapped Back Button
[iOS_Ragav's 1 INFO ] 2023-05-10 12:17:37.881 OrderManagementScreen:720 - Subtotal Value is - $ 13.00
[iOS_Ragav's 1 INFO ] 2023-05-10 12:17:41.770 OrderManagementScreen:729 - Tax Value is - $ 0.65
[iOS_Ragav's 1 INFO ] 2023-05-10 12:17:45.516 OrderManagementScreen:739 - Tax Value is - $ 12.61
[iOS_Ragav's 1 INFO ] 2023-05-10 12:17:49.227 OrderManagementScreen:787 - Cash Option Value is SAME - $ 1.04
[iOS_Ragav's 1 INFO ] 2023-05-10 12:17:53.028 OrderManagementScreen:685 - Cash Price is SAME - $ 0.91
[iOS_Ragav's 1 INFO ] 2023-05-10 12:18:17.649 BasePage:301 - 5 selected
[iOS_Ragav's 1 INFO ] 2023-05-10 12:18:18.537 BasePage:301 - Tapped Continue
[iOS_Ragav's 1 INFO ] 2023-05-10 12:18:23.302 OrderManagementScreen:720 - Subtotal Value is - $ 65.00
[iOS_Ragav's 1 INFO ] 2023-05-10 12:18:27.180 OrderManagementScreen:729 - Tax Value is - $ 6.50
[iOS_Ragav's 1 INFO ] 2023-05-10 12:18:30.897 OrderManagementScreen:739 - Tax Value is - $ 64.61
[iOS_Ragav's 1 INFO ] 2023-05-10 12:18:34.615 OrderManagementScreen:787 - Cash Option Value is SAME - $ 6.89
[iOS_Ragav's 1 INFO ] 2023-05-10 12:18:38.514 OrderManagementScreen:685 - Cash Price is SAME - $ 6.05
[iOS_Ragav's 1 INFO ] 2023-05-10 12:19:03.703 BasePage:301 -  selected
[iOS_Ragav's 1 INFO ] 2023-05-10 12:19:04.592 BasePage:301 - Tapped Continue
[iOS_Ragav's 1 INFO ] 2023-05-10 12:19:09.473 OrderManagementScreen:720 - Subtotal Value is - $ 104.00
[iOS_Ragav's 1 INFO ] 2023-05-10 12:19:13.188 OrderManagementScreen:729 - Tax Value is - $ 15.60
[iOS_Ragav's 1 INFO ] 2023-05-10 12:19:16.870 OrderManagementScreen:739 - Tax Value is - $ 103.61
[iOS_Ragav's 1 INFO ] 2023-05-10 12:19:21.142 Hooks:70 - Failed Scenario Name : verify cash reward with check based Discount & Quantity based Tax
[iOS_Ragav's 1 INFO ] 2023-05-10 12:19:29.959 ServerManager:21 - starting appium server...
[iOS_Ragav's 1 INFO ] 2023-05-10 12:19:31.675 ServerManager:30 - Appium server started...
[iOS_Ragav's 1 INFO ] 2023-05-10 12:19:31.691 DriverManager:29 - initializing Appium driver
[iOS_Ragav's 1 INFO ] 2023-05-10 12:19:31.709 PropertyManager:17 - loading config properties
[iOS_Ragav's 1 INFO ] 2023-05-10 12:19:31.711 CapabilitiesManager:18 - getting capabilities...
[iOS_Ragav's 1 INFO ] 2023-05-10 12:19:51.657 DriverManager:42 - Driver is initialized
[iOS_Ragav's 1 INFO ] 2023-05-10 12:19:51.661 Hooks:52 - Start Scenario Name : verify cash reward with check based Discount & Quantity based Tax
[iOS_Ragav's 1 INFO ] 2023-05-10 12:19:51.851 BasePage:301 - Tapped pin 1
[iOS_Ragav's 1 INFO ] 2023-05-10 12:19:53.613 BasePage:301 - Tapped pin 2
[iOS_Ragav's 1 INFO ] 2023-05-10 12:19:55.521 BasePage:301 - Tapped pin 3
[iOS_Ragav's 1 INFO ] 2023-05-10 12:19:57.262 BasePage:301 - Tapped pin 4
[iOS_Ragav's 1 INFO ] 2023-05-10 12:19:59.093 BasePage:301 - Tapped Login.
[iOS_Ragav's 1 INFO ] 2023-05-10 12:20:02.173 BasePage:301 - Order type selection is cancelled.
[iOS_Ragav's 1 INFO ] 2023-05-10 12:20:08.694 OrderManagementScreen:1312 - 46-014
[iOS_Ragav's 1 INFO ] 2023-05-10 12:20:08.709 BasePage:301 - the rest of the categories is listed
[iOS_Ragav's 1 INFO ] 2023-05-10 12:20:11.527 BasePage:301 -  Selected Category as - Appetizers
[iOS_Ragav's 1 INFO ] 2023-05-10 12:20:13.729 BasePage:301 - RAPINI selected
[iOS_Ragav's 1 INFO ] 2023-05-10 12:20:14.170 BasePage:301 - Tapped Discount on Check Based
[iOS_Ragav's 1 INFO ] 2023-05-10 12:20:15.781 BasePage:293 - Discount Page txt is Displayed - Discounts
[iOS_Ragav's 1 INFO ] 2023-05-10 12:20:24.386 BasePage:301 - CB-AfterTax-SetPrice Selected
[iOS_Ragav's 1 INFO ] 2023-05-10 12:20:25.051 BasePage:301 - Tapped Back Button
[iOS_Ragav's 1 INFO ] 2023-05-10 12:20:30.293 OrderManagementScreen:720 - Subtotal Value is - $ 13.00
[iOS_Ragav's 1 INFO ] 2023-05-10 12:20:34.132 OrderManagementScreen:729 - Tax Value is - $ 0.65
[iOS_Ragav's 1 INFO ] 2023-05-10 12:20:37.857 OrderManagementScreen:739 - Tax Value is - $ 12.61
[iOS_Ragav's 1 INFO ] 2023-05-10 12:20:41.544 OrderManagementScreen:787 - Cash Option Value is SAME - $ 1.04
[iOS_Ragav's 1 INFO ] 2023-05-10 12:20:45.418 OrderManagementScreen:685 - Cash Price is SAME - $ 0.91
[iOS_Ragav's 1 INFO ] 2023-05-10 12:21:10.068 BasePage:301 - 5 selected
[iOS_Ragav's 1 INFO ] 2023-05-10 12:21:10.976 BasePage:301 - Tapped Continue
[iOS_Ragav's 1 INFO ] 2023-05-10 12:21:15.725 OrderManagementScreen:720 - Subtotal Value is - $ 65.00
[iOS_Ragav's 1 INFO ] 2023-05-10 12:21:19.626 OrderManagementScreen:729 - Tax Value is - $ 6.50
[iOS_Ragav's 1 INFO ] 2023-05-10 12:21:23.337 OrderManagementScreen:739 - Tax Value is - $ 64.61
[iOS_Ragav's 1 INFO ] 2023-05-10 12:21:27.049 OrderManagementScreen:787 - Cash Option Value is SAME - $ 6.89
[iOS_Ragav's 1 INFO ] 2023-05-10 12:21:30.929 OrderManagementScreen:685 - Cash Price is SAME - $ 6.05
[iOS_Ragav's 1 INFO ] 2023-05-10 12:21:55.975 BasePage:301 -  selected
[iOS_Ragav's 1 INFO ] 2023-05-10 12:21:56.890 BasePage:301 - Tapped Continue
[iOS_Ragav's 1 INFO ] 2023-05-10 12:22:01.760 OrderManagementScreen:720 - Subtotal Value is - $ 104.00
[iOS_Ragav's 1 INFO ] 2023-05-10 12:22:05.544 OrderManagementScreen:729 - Tax Value is - $ 15.60
[iOS_Ragav's 1 INFO ] 2023-05-10 12:22:09.243 OrderManagementScreen:739 - Tax Value is - $ 103.61
[iOS_Ragav's 1 INFO ] 2023-05-10 12:22:13.120 OrderManagementScreen:787 - Cash Option Value is SAME - $ 15.99
[iOS_Ragav's 1 INFO ] 2023-05-10 12:22:16.842 OrderManagementScreen:685 - Cash Price is SAME - $ 14.03
[iOS_Ragav's 1 INFO ] 2023-05-10 12:22:16.848 BasePage:301 - Tapped Cash button for Close Sale
[iOS_Ragav's 1 INFO ] 2023-05-10 12:22:24.608 PaymentWindow:905 - Fast Cash Value is SAME with cash price - $ 14.03
[iOS_Ragav's 1 INFO ] 2023-05-10 12:22:24.611 BasePage:301 - Tapped Exact button 
[iOS_Ragav's 1 INFO ] 2023-05-10 12:22:28.148 PaymentWindow:912 - Cash value is SAME - $ 14.03
[iOS_Ragav's 1 INFO ] 2023-05-10 12:22:28.153 BasePage:301 - Tapped Enter for Finish Sale
[iOS_Ragav's 1 INFO ] 2023-05-10 12:22:30.388 BasePage:293 - I Should see the Popup is - Print Or Send Receipt
[iOS_Ragav's 1 INFO ] 2023-05-10 12:22:32.308 PaymentWindow:822 - 14.03
[iOS_Ragav's 1 INFO ] 2023-05-10 12:22:32.309 PaymentWindow:824 - Cash Price Value is Same with the Digital Receipt Screen - 14.03
[iOS_Ragav's 1 INFO ] 2023-05-10 12:22:32.311 BasePage:301 - Tapped No Thanks button 
[iOS_Ragav's 1 INFO ] 2023-05-10 12:22:34.763 BasePage:301 - Order type selection is cancelled.
[iOS_Ragav's 1 INFO ] 2023-05-10 12:22:35.769 BasePage:301 - Tapped log Off Button
[iOS_Ragav's 1 INFO ] 2023-05-10 12:26:26.722 ServerManager:21 - starting appium server...
[iOS_Ragav's 1 INFO ] 2023-05-10 12:26:28.135 ServerManager:30 - Appium server started...
[iOS_Ragav's 1 INFO ] 2023-05-10 12:26:28.148 DriverManager:29 - initializing Appium driver
[iOS_Ragav's 1 INFO ] 2023-05-10 12:26:28.163 PropertyManager:17 - loading config properties
[iOS_Ragav's 1 INFO ] 2023-05-10 12:26:28.164 CapabilitiesManager:18 - getting capabilities...
[iOS_Ragav's 1 INFO ] 2023-05-10 12:26:49.318 DriverManager:42 - Driver is initialized
[iOS_Ragav's 1 INFO ] 2023-05-10 12:26:49.320 Hooks:52 - Start Scenario Name : verify cash reward with open item Discount & Quantity based Tax
[iOS_Ragav's 1 INFO ] 2023-05-10 12:26:49.551 BasePage:301 - Tapped pin 1
[iOS_Ragav's 1 INFO ] 2023-05-10 12:26:51.287 BasePage:301 - Tapped pin 2
[iOS_Ragav's 1 INFO ] 2023-05-10 12:26:52.821 BasePage:301 - Tapped pin 3
[iOS_Ragav's 1 INFO ] 2023-05-10 12:26:54.488 BasePage:301 - Tapped pin 4
[iOS_Ragav's 1 INFO ] 2023-05-10 12:26:56.153 BasePage:301 - Tapped Login.
[iOS_Ragav's 1 INFO ] 2023-05-10 12:26:59.171 BasePage:301 - Order type selection is cancelled.
[iOS_Ragav's 1 INFO ] 2023-05-10 12:27:05.773 OrderManagementScreen:1312 - 46-015
[iOS_Ragav's 1 INFO ] 2023-05-10 12:27:05.789 BasePage:301 - the rest of the categories is listed
[iOS_Ragav's 1 INFO ] 2023-05-10 12:27:08.415 BasePage:301 -  Selected Category as - Appetizers
[iOS_Ragav's 1 INFO ] 2023-05-10 12:27:10.555 BasePage:301 - RAPINI selected
[iOS_Ragav's 1 INFO ] 2023-05-10 12:27:17.725 BasePage:754 - element not found
[iOS_Ragav's 1 INFO ] 2023-05-10 12:27:24.892 Hooks:70 - Failed Scenario Name : verify cash reward with open item Discount & Quantity based Tax
[iOS_Ragav's 1 INFO ] 2023-05-10 12:27:44.797 ServerManager:21 - starting appium server...
[iOS_Ragav's 1 INFO ] 2023-05-10 12:27:47.194 ServerManager:30 - Appium server started...
[iOS_Ragav's 1 INFO ] 2023-05-10 12:27:47.224 DriverManager:29 - initializing Appium driver
[iOS_Ragav's 1 INFO ] 2023-05-10 12:27:47.238 PropertyManager:17 - loading config properties
[iOS_Ragav's 1 INFO ] 2023-05-10 12:27:47.242 CapabilitiesManager:18 - getting capabilities...
[iOS_Ragav's 1 INFO ] 2023-05-10 12:28:05.933 DriverManager:42 - Driver is initialized
[iOS_Ragav's 1 INFO ] 2023-05-10 12:28:05.936 Hooks:52 - Start Scenario Name : verify cash reward with open item Discount & Quantity based Tax
[iOS_Ragav's 1 INFO ] 2023-05-10 12:28:06.193 BasePage:301 - Tapped pin 1
[iOS_Ragav's 1 INFO ] 2023-05-10 12:28:07.713 BasePage:301 - Tapped pin 2
[iOS_Ragav's 1 INFO ] 2023-05-10 12:28:09.319 BasePage:301 - Tapped pin 3
[iOS_Ragav's 1 INFO ] 2023-05-10 12:28:11.014 BasePage:301 - Tapped pin 4
[iOS_Ragav's 1 INFO ] 2023-05-10 12:28:12.758 BasePage:301 - Tapped Login.
[iOS_Ragav's 1 INFO ] 2023-05-10 12:28:15.802 BasePage:301 - Order type selection is cancelled.
[iOS_Ragav's 1 INFO ] 2023-05-10 12:28:22.732 OrderManagementScreen:1312 - 46-016
[iOS_Ragav's 1 INFO ] 2023-05-10 12:28:22.747 BasePage:301 - the rest of the categories is listed
[iOS_Ragav's 1 INFO ] 2023-05-10 12:28:25.515 BasePage:301 -  Selected Category as - Appetizers
[iOS_Ragav's 1 INFO ] 2023-05-10 12:28:27.658 BasePage:301 - RAPINI selected
[iOS_Ragav's 1 INFO ] 2023-05-10 12:28:51.481 BasePage:301 - 8 selected
[iOS_Ragav's 1 INFO ] 2023-05-10 12:28:52.374 BasePage:301 - Tapped Continue
[iOS_Ragav's 1 INFO ] 2023-05-10 12:28:56.785 BasePage:301 - Tapped Menu Items to see Menu Option Green
[iOS_Ragav's 1 INFO ] 2023-05-10 12:29:01.166 BasePage:293 - Menu Option Screen is Displayed - Menu Option - RAPINI 
[iOS_Ragav's 1 INFO ] 2023-05-10 12:29:01.169 BasePage:301 - Tapped Open Discount Button
[iOS_Ragav's 1 INFO ] 2023-05-10 12:29:06.857 MenuOptionScreen:318 - Open Discount Screen Is Visible
[iOS_Ragav's 1 INFO ] 2023-05-10 12:29:06.866 BasePage:301 - Tapped Percentage Button
[iOS_Ragav's 1 INFO ] 2023-05-10 12:29:08.391 BasePage:301 - Tapped amount field
[iOS_Ragav's 1 INFO ] 2023-05-10 12:29:13.521 BasePage:301 - Tapped pin2
[iOS_Ragav's 1 INFO ] 2023-05-10 12:29:15.286 BasePage:301 - Tapped pin2
[iOS_Ragav's 1 INFO ] 2023-05-10 12:29:16.873 BasePage:301 - Tapped pin3
[iOS_Ragav's 1 INFO ] 2023-05-10 12:29:18.469 BasePage:301 - Tapped pin2
[iOS_Ragav's 1 INFO ] 2023-05-10 12:29:20.055 BasePage:301 - Taped continue for open Discount
[iOS_Ragav's 1 INFO ] 2023-05-10 12:29:33.525 BasePage:301 - Selected - Hide keyboard
[iOS_Ragav's 1 INFO ] 2023-05-10 12:29:41.204 BasePage:301 - Tapped - After
[iOS_Ragav's 1 INFO ] 2023-05-10 12:29:42.222 BasePage:301 - Tapped Apply Button
[iOS_Ragav's 1 INFO ] 2023-05-10 12:29:43.848 BasePage:293 - Discount is Added - Open-Item Discount
[iOS_Ragav's 1 INFO ] 2023-05-10 12:31:35.204 ServerManager:21 - starting appium server...
[iOS_Ragav's 1 INFO ] 2023-05-10 12:31:37.261 ServerManager:30 - Appium server started...
[iOS_Ragav's 1 INFO ] 2023-05-10 12:31:37.282 DriverManager:29 - initializing Appium driver
[iOS_Ragav's 1 INFO ] 2023-05-10 12:31:37.300 PropertyManager:17 - loading config properties
[iOS_Ragav's 1 INFO ] 2023-05-10 12:31:37.305 CapabilitiesManager:18 - getting capabilities...
[iOS_Ragav's 1 INFO ] 2023-05-10 12:31:59.309 DriverManager:42 - Driver is initialized
[iOS_Ragav's 1 INFO ] 2023-05-10 12:31:59.310 Hooks:52 - Start Scenario Name : verify cash reward with open item Discount & Quantity based Tax
[iOS_Ragav's 1 INFO ] 2023-05-10 12:31:59.608 BasePage:301 - Tapped pin 1
[iOS_Ragav's 1 INFO ] 2023-05-10 12:32:01.278 BasePage:301 - Tapped pin 2
[iOS_Ragav's 1 INFO ] 2023-05-10 12:32:02.854 BasePage:301 - Tapped pin 3
[iOS_Ragav's 1 INFO ] 2023-05-10 12:32:04.499 BasePage:301 - Tapped pin 4
[iOS_Ragav's 1 INFO ] 2023-05-10 12:32:06.140 BasePage:301 - Tapped Login.
[iOS_Ragav's 1 INFO ] 2023-05-10 12:32:09.218 BasePage:301 - Order type selection is cancelled.
[iOS_Ragav's 1 INFO ] 2023-05-10 12:32:15.700 OrderManagementScreen:1312 - 46-017
[iOS_Ragav's 1 INFO ] 2023-05-10 12:32:15.716 BasePage:301 - the rest of the categories is listed
[iOS_Ragav's 1 INFO ] 2023-05-10 12:32:18.453 BasePage:301 -  Selected Category as - Appetizers
[iOS_Ragav's 1 INFO ] 2023-05-10 12:32:20.609 BasePage:301 - RAPINI selected
[iOS_Ragav's 1 INFO ] 2023-05-10 12:32:44.523 BasePage:301 - 8 selected
[iOS_Ragav's 1 INFO ] 2023-05-10 12:32:45.435 BasePage:301 - Tapped Continue
[iOS_Ragav's 1 INFO ] 2023-05-10 12:32:49.944 BasePage:301 - Tapped Menu Items to see Menu Option Green
[iOS_Ragav's 1 INFO ] 2023-05-10 12:32:54.537 BasePage:293 - Menu Option Screen is Displayed - Menu Option - RAPINI 
[iOS_Ragav's 1 INFO ] 2023-05-10 12:32:54.541 BasePage:301 - Tapped Open Discount Button
[iOS_Ragav's 1 INFO ] 2023-05-10 12:33:00.163 MenuOptionScreen:318 - Open Discount Screen Is Visible
[iOS_Ragav's 1 INFO ] 2023-05-10 12:33:00.171 BasePage:301 - Tapped Percentage Button
[iOS_Ragav's 1 INFO ] 2023-05-10 12:33:01.727 BasePage:301 - Tapped amount field
[iOS_Ragav's 1 INFO ] 2023-05-10 12:33:06.731 BasePage:301 - Tapped pin2
[iOS_Ragav's 1 INFO ] 2023-05-10 12:33:08.414 BasePage:301 - Tapped pin2
[iOS_Ragav's 1 INFO ] 2023-05-10 12:33:09.991 BasePage:301 - Tapped pin3
[iOS_Ragav's 1 INFO ] 2023-05-10 12:33:11.640 BasePage:301 - Tapped pin2
[iOS_Ragav's 1 INFO ] 2023-05-10 12:33:13.219 BasePage:301 - Taped continue for open Discount
[iOS_Ragav's 1 INFO ] 2023-05-10 12:33:26.974 BasePage:301 - Selected - Hide keyboard
[iOS_Ragav's 1 INFO ] 2023-05-10 12:33:34.639 BasePage:301 - Tapped - After
[iOS_Ragav's 1 INFO ] 2023-05-10 12:33:35.691 BasePage:301 - Tapped Apply Button
[iOS_Ragav's 1 INFO ] 2023-05-10 12:33:37.340 BasePage:293 - Discount is Added - Open-Item Discount
[iOS_Ragav's 1 INFO ] 2023-05-10 12:33:41.058 OrderManagementScreen:720 - Subtotal Value is - $ 104.00
[iOS_Ragav's 1 INFO ] 2023-05-10 12:33:44.888 OrderManagementScreen:729 - Tax Value is - $ 15.60
[iOS_Ragav's 1 INFO ] 2023-05-10 12:33:48.625 OrderManagementScreen:739 - Tax Value is - $ 23.21
[iOS_Ragav's 1 INFO ] 2023-05-10 12:33:52.308 OrderManagementScreen:787 - Cash Option Value is SAME - $ 96.39
[iOS_Ragav's 1 INFO ] 2023-05-10 12:33:56.191 OrderManagementScreen:685 - Cash Price is SAME - $ 84.58
[iOS_Ragav's 1 INFO ] 2023-05-10 12:33:56.195 BasePage:301 - Tapped Cash button for Close Sale
[iOS_Ragav's 1 INFO ] 2023-05-10 12:34:03.842 PaymentWindow:905 - Fast Cash Value is SAME with cash price - $ 84.58
[iOS_Ragav's 1 INFO ] 2023-05-10 12:34:03.844 BasePage:301 - Tapped Exact button 
[iOS_Ragav's 1 INFO ] 2023-05-10 12:34:07.116 PaymentWindow:912 - Cash value is SAME - $ 84.58
[iOS_Ragav's 1 INFO ] 2023-05-10 12:34:07.119 BasePage:301 - Tapped Enter for Finish Sale
[iOS_Ragav's 1 INFO ] 2023-05-10 12:34:09.291 BasePage:293 - I Should see the Popup is - Print Or Send Receipt
[iOS_Ragav's 1 INFO ] 2023-05-10 12:34:11.169 PaymentWindow:822 - 84.58
[iOS_Ragav's 1 INFO ] 2023-05-10 12:34:11.169 PaymentWindow:824 - Cash Price Value is Same with the Digital Receipt Screen - 84.58
[iOS_Ragav's 1 INFO ] 2023-05-10 12:34:11.172 BasePage:301 - Tapped No Thanks button 
[iOS_Ragav's 1 INFO ] 2023-05-10 12:34:13.563 BasePage:301 - Order type selection is cancelled.
[iOS_Ragav's 1 INFO ] 2023-05-10 12:34:14.565 BasePage:301 - Tapped log Off Button
