[iOS_Ragav's 1 INFO ] 2023-11-20 11:17:24.231 ServerManager:22 - starting appium server...
[iOS_Ragav's 1 INFO ] 2023-11-20 11:17:25.273 ServerManager:31 - Appium server started...
[iOS_Ragav's 1 INFO ] 2023-11-20 11:17:25.287 DriverManager:29 - initializing Appium driver
[iOS_Ragav's 1 INFO ] 2023-11-20 11:17:25.298 PropertyManager:17 - loading config properties
[iOS_Ragav's 1 INFO ] 2023-11-20 11:17:25.300 CapabilitiesManager:18 - getting capabilities...
[iOS_Ragav's 1 INFO ] 2023-11-20 11:17:46.616 DriverManager:42 - Driver is initialized
[iOS_Ragav's 1 INFO ] 2023-11-20 11:17:46.619 Hooks:52 - Start Scenario Name : Verify the Tokenized credit Card number is displayed as Encrypted in the "Refund Screen"
[iOS_Ragav's 1 INFO ] 2023-11-20 11:17:46.901 BasePage:301 - Tapped pin 1
[iOS_Ragav's 1 INFO ] 2023-11-20 11:17:47.887 BasePage:301 - Tapped pin 2
[iOS_Ragav's 1 INFO ] 2023-11-20 11:17:48.929 BasePage:301 - Tapped pin 3
[iOS_Ragav's 1 INFO ] 2023-11-20 11:17:50.422 BasePage:301 - Tapped pin 4
[iOS_Ragav's 1 INFO ] 2023-11-20 11:17:51.214 BasePage:301 - Tapped Login.
[iOS_Ragav's 1 INFO ] 2023-11-20 11:17:54.058 BasePage:301 - Order type selection is cancelled.
[iOS_Ragav's 1 INFO ] 2023-11-20 11:17:55.153 BasePage:301 - Order type combo is pressed
[iOS_Ragav's 1 INFO ] 2023-11-20 11:17:58.545 BasePage:301 - Selected - Bar Tab
[iOS_Ragav's 1 INFO ] 2023-11-20 11:17:59.312 BasePage:301 - Exit Button is tapped
[iOS_Ragav's 1 INFO ] 2023-11-20 11:18:00.740 BasePage:301 - customer list is opened
[iOS_Ragav's 1 INFO ] 2023-11-20 11:18:01.780 BasePage:301 - Tapped Add New Button
[iOS_Ragav's 1 INFO ] 2023-11-20 11:18:11.482 BasePage:293 - Customer profile window is displayed - Customer Profile
[iOS_Ragav's 1 INFO ] 2023-11-20 11:18:13.763 PaymentWindow:781 - First Name - jKcQvM
[iOS_Ragav's 1 INFO ] 2023-11-20 11:18:16.211 PaymentWindow:786 - Last name - OaHaZ
[iOS_Ragav's 1 INFO ] 2023-11-20 11:18:16.223 PaymentWindow:790 - Mobile Number - 7355235572
[iOS_Ragav's 1 INFO ] 2023-11-20 11:18:16.224 BasePage:301 - Tapped Add button for Enter Mobile Number
[iOS_Ragav's 1 INFO ] 2023-11-20 11:18:20.169 BasePage:301 - Tapped Save button
[iOS_Ragav's 1 INFO ] 2023-11-20 11:18:26.336 BasePage:301 - Selected Phone number field on the customer profile screen
[iOS_Ragav's 1 INFO ] 2023-11-20 11:18:27.484 PaymentWindow:1685 - Customer has Mobile number - 7355235572
[iOS_Ragav's 1 INFO ] 2023-11-20 11:18:27.508 BasePage:301 - pressed Save button
[iOS_Ragav's 1 INFO ] 2023-11-20 11:18:32.704 OrderManagementScreen:1530 - 48-001
[iOS_Ragav's 1 INFO ] 2023-11-20 11:18:32.727 BasePage:301 - the rest of the categories is listed
[iOS_Ragav's 1 INFO ] 2023-11-20 11:18:35.431 BasePage:301 -  Selected Category as - FOOD
[iOS_Ragav's 1 INFO ] 2023-11-20 11:18:36.756 BasePage:301 - SANDWICHES selected
[iOS_Ragav's 1 INFO ] 2023-11-20 11:18:38.320 OrderManagementScreen:740 - Subtotal Value is - $ 1.00
[iOS_Ragav's 1 INFO ] 2023-11-20 11:18:39.268 OrderManagementScreen:882 - Tax Value is - $ 0.10
[iOS_Ragav's 1 INFO ] 2023-11-20 11:18:40.276 OrderManagementScreen:941 - Total Value is SAME - $ 1.16
[iOS_Ragav's 1 INFO ] 2023-11-20 11:18:40.281 BasePage:301 - Payment button is tapped
[iOS_Ragav's 1 INFO ] 2023-11-20 11:18:43.350 BasePage:301 - Tapped Mppg Auth Payment
[iOS_Ragav's 1 INFO ] 2023-11-20 11:18:45.488 Regression:7273 - Tip Screen is displayed
[iOS_Ragav's 1 INFO ] 2023-11-20 11:18:48.914 Regression:7281 - Tip Amount - $ 10.00
[iOS_Ragav's 1 INFO ] 2023-11-20 11:18:49.029 BasePage:301 - Selected TIP as - $ 10.00
[iOS_Ragav's 1 INFO ] 2023-11-20 11:18:49.841 BasePage:301 - Tapped Continue Button
[iOS_Ragav's 1 INFO ] 2023-11-20 11:18:51.925 Regression:7198 - Card Details Entry Screen - Your Order
[iOS_Ragav's 1 INFO ] 2023-11-20 11:18:52.573 Regression:7204 - Subtotal Value Same With Card Details Screen - $ 1.00
[iOS_Ragav's 1 INFO ] 2023-11-20 11:18:53.593 Regression:7207 - Tax Value Same With Card Details Screen - $ 0.10
[iOS_Ragav's 1 INFO ] 2023-11-20 11:18:54.436 Regression:7210 - Service Charge - $ 0.06
[iOS_Ragav's 1 INFO ] 2023-11-20 11:18:55.201 Regression:7213 - Total Value Same With Card Details Screen - $ 1.16
[iOS_Ragav's 1 INFO ] 2023-11-20 11:18:56.031 Regression:7192 - Tip Value Same With Card Details Screen - $ 10.00
[iOS_Ragav's 1 INFO ] 2023-11-20 11:18:56.826 Regression:7185 -  paid amount is Zero - $ 0.00
[iOS_Ragav's 1 INFO ] 2023-11-20 11:18:57.481 Regression:7258 - Need to Pay AMount $ 11.16
[iOS_Ragav's 1 INFO ] 2023-11-20 11:18:58.540 Regression:7118 - Displayed - Card reader is not connected
[iOS_Ragav's 1 INFO ] 2023-11-20 11:18:58.554 Regression:7152 - Amount for Sale - 1.22
[iOS_Ragav's 1 INFO ] 2023-11-20 11:18:58.554 Regression:7155 - Calculation check total - 1.16
[iOS_Ragav's 1 INFO ] 2023-11-20 11:18:58.555 Regression:7156 - Calculation service charge - 0.06
[iOS_Ragav's 1 INFO ] 2023-11-20 11:18:58.555 Regression:7157 - Calculation tipValue - 10.00
[iOS_Ragav's 1 INFO ] 2023-11-20 11:18:58.556 Regression:7158 - Calculation PayAmount - 11.16
[iOS_Ragav's 1 INFO ] 2023-11-20 11:18:58.558 Regression:7161 - Calculation Pay Amount is Same With the Card details Screen Pay amount - 11.16
[iOS_Ragav's 1 INFO ] 2023-11-20 11:18:58.565 BasePage:301 - Tapped Manual Button
[iOS_Ragav's 1 INFO ] 2023-11-20 11:19:11.254 BasePage:301 - Tapped Process Button
[iOS_Ragav's 1 INFO ] 2023-11-20 11:19:16.998 PaymentWindow:1364 - Displayed Popup as - Do you want to tokenize your card?
[iOS_Ragav's 1 INFO ] 2023-11-20 11:19:17.618 BasePage:301 - Selected YES Button
[iOS_Ragav's 1 INFO ] 2023-11-20 11:19:18.383 BasePage:301 - Tapped Ok Button on the Popup
[iOS_Ragav's 1 INFO ] 2023-11-20 11:19:20.594 BasePage:301 - Submit button is tapped
[iOS_Ragav's 1 INFO ] 2023-11-20 11:19:22.720 BasePage:301 - Tapped QSR button
[iOS_Ragav's 1 INFO ] 2023-11-20 11:19:24.859 BasePage:301 - Order type selection is cancelled.
[iOS_Ragav's 1 INFO ] 2023-11-20 11:19:25.959 BasePage:301 - Tapped the settings button
[iOS_Ragav's 1 INFO ] 2023-11-20 11:19:28.933 BasePage:301 - Tapped close day
[iOS_Ragav's 1 INFO ] 2023-11-20 11:19:32.753 TableLayOutScreen:1238 - Close day is Displayed
[iOS_Ragav's 1 INFO ] 2023-11-20 11:19:35.746 BasePage:301 - Click Close All Cashiers
[iOS_Ragav's 1 INFO ] 2023-11-20 11:20:00.926 BasePage:301 - Selected - Cash
[iOS_Ragav's 1 INFO ] 2023-11-20 11:20:22.625 Hooks:70 - Failed Scenario Name : Verify the Tokenized credit Card number is displayed as Encrypted in the "Refund Screen"
[iOS_Ragav's 1 INFO ] 2023-11-20 11:20:40.604 ServerManager:22 - starting appium server...
[iOS_Ragav's 1 INFO ] 2023-11-20 11:20:43.098 ServerManager:31 - Appium server started...
[iOS_Ragav's 1 INFO ] 2023-11-20 11:20:43.143 DriverManager:29 - initializing Appium driver
[iOS_Ragav's 1 INFO ] 2023-11-20 11:20:43.191 PropertyManager:17 - loading config properties
[iOS_Ragav's 1 INFO ] 2023-11-20 11:20:43.192 CapabilitiesManager:18 - getting capabilities...
[iOS_Ragav's 1 INFO ] 2023-11-20 11:21:21.402 DriverManager:42 - Driver is initialized
[iOS_Ragav's 1 INFO ] 2023-11-20 11:21:21.409 Hooks:52 - Start Scenario Name : Verify the Tokenized credit Card number is displayed as Encrypted in the "Refund Screen"
[iOS_Ragav's 1 INFO ] 2023-11-20 11:21:21.766 BasePage:301 - Tapped pin 1
[iOS_Ragav's 1 INFO ] 2023-11-20 11:21:22.888 BasePage:301 - Tapped pin 2
[iOS_Ragav's 1 INFO ] 2023-11-20 11:21:23.684 BasePage:301 - Tapped pin 3
[iOS_Ragav's 1 INFO ] 2023-11-20 11:21:24.495 BasePage:301 - Tapped pin 4
[iOS_Ragav's 1 INFO ] 2023-11-20 11:21:25.313 BasePage:301 - Tapped Login.
[iOS_Ragav's 1 INFO ] 2023-11-20 11:21:28.007 BasePage:301 - Order type selection is cancelled.
[iOS_Ragav's 1 INFO ] 2023-11-20 11:21:29.162 BasePage:301 - Order type combo is pressed
[iOS_Ragav's 1 INFO ] 2023-11-20 11:21:32.232 BasePage:301 - Selected - Bar Tab
[iOS_Ragav's 1 INFO ] 2023-11-20 11:21:32.955 BasePage:301 - Exit Button is tapped
[iOS_Ragav's 1 INFO ] 2023-11-20 11:21:34.447 BasePage:301 - customer list is opened
[iOS_Ragav's 1 INFO ] 2023-11-20 11:21:35.472 BasePage:301 - Tapped Add New Button
[iOS_Ragav's 1 INFO ] 2023-11-20 11:21:44.966 BasePage:293 - Customer profile window is displayed - Customer Profile
[iOS_Ragav's 1 INFO ] 2023-11-20 11:21:48.202 PaymentWindow:781 - First Name - zUIrgG
[iOS_Ragav's 1 INFO ] 2023-11-20 11:21:50.593 PaymentWindow:786 - Last name - bXPnk
[iOS_Ragav's 1 INFO ] 2023-11-20 11:21:50.594 PaymentWindow:790 - Mobile Number - 7842513143
[iOS_Ragav's 1 INFO ] 2023-11-20 11:21:50.595 BasePage:301 - Tapped Add button for Enter Mobile Number
[iOS_Ragav's 1 INFO ] 2023-11-20 11:21:56.852 BasePage:301 - Tapped Save button
[iOS_Ragav's 1 INFO ] 2023-11-20 11:22:02.996 BasePage:301 - Selected Phone number field on the customer profile screen
[iOS_Ragav's 1 INFO ] 2023-11-20 11:22:04.435 PaymentWindow:1685 - Customer has Mobile number - 7842513143
[iOS_Ragav's 1 INFO ] 2023-11-20 11:22:04.462 BasePage:301 - pressed Save button
[iOS_Ragav's 1 INFO ] 2023-11-20 11:22:12.385 OrderManagementScreen:1530 - 48-002
[iOS_Ragav's 1 INFO ] 2023-11-20 11:22:12.401 BasePage:301 - the rest of the categories is listed
[iOS_Ragav's 1 INFO ] 2023-11-20 11:22:14.342 BasePage:301 -  Selected Category as - FOOD
[iOS_Ragav's 1 INFO ] 2023-11-20 11:22:15.777 BasePage:301 - SANDWICHES selected
[iOS_Ragav's 1 INFO ] 2023-11-20 11:22:17.436 OrderManagementScreen:740 - Subtotal Value is - $ 1.00
[iOS_Ragav's 1 INFO ] 2023-11-20 11:22:19.422 OrderManagementScreen:882 - Tax Value is - $ 0.10
[iOS_Ragav's 1 INFO ] 2023-11-20 11:22:20.638 OrderManagementScreen:941 - Total Value is SAME - $ 1.16
[iOS_Ragav's 1 INFO ] 2023-11-20 11:22:20.649 BasePage:301 - Payment button is tapped
[iOS_Ragav's 1 INFO ] 2023-11-20 11:22:24.384 BasePage:301 - Tapped Mppg Auth Payment
[iOS_Ragav's 1 INFO ] 2023-11-20 11:22:26.494 Regression:7273 - Tip Screen is displayed
[iOS_Ragav's 1 INFO ] 2023-11-20 11:22:29.967 Regression:7281 - Tip Amount - $ 10.00
[iOS_Ragav's 1 INFO ] 2023-11-20 11:22:30.109 BasePage:301 - Selected TIP as - $ 10.00
[iOS_Ragav's 1 INFO ] 2023-11-20 11:22:30.973 BasePage:301 - Tapped Continue Button
[iOS_Ragav's 1 INFO ] 2023-11-20 11:22:32.994 Regression:7198 - Card Details Entry Screen - Your Order
[iOS_Ragav's 1 INFO ] 2023-11-20 11:22:33.793 Regression:7204 - Subtotal Value Same With Card Details Screen - $ 1.00
[iOS_Ragav's 1 INFO ] 2023-11-20 11:22:34.803 Regression:7207 - Tax Value Same With Card Details Screen - $ 0.10
[iOS_Ragav's 1 INFO ] 2023-11-20 11:22:35.531 Regression:7210 - Service Charge - $ 0.06
[iOS_Ragav's 1 INFO ] 2023-11-20 11:22:36.295 Regression:7213 - Total Value Same With Card Details Screen - $ 1.16
[iOS_Ragav's 1 INFO ] 2023-11-20 11:22:36.976 Regression:7192 - Tip Value Same With Card Details Screen - $ 10.00
[iOS_Ragav's 1 INFO ] 2023-11-20 11:22:37.792 Regression:7185 -  paid amount is Zero - $ 0.00
[iOS_Ragav's 1 INFO ] 2023-11-20 11:22:38.478 Regression:7258 - Need to Pay AMount $ 11.16
[iOS_Ragav's 1 INFO ] 2023-11-20 11:22:39.484 Regression:7118 - Displayed - Card reader is not connected
[iOS_Ragav's 1 INFO ] 2023-11-20 11:22:39.498 Regression:7152 - Amount for Sale - 1.22
[iOS_Ragav's 1 INFO ] 2023-11-20 11:22:39.498 Regression:7155 - Calculation check total - 1.16
[iOS_Ragav's 1 INFO ] 2023-11-20 11:22:39.499 Regression:7156 - Calculation service charge - 0.06
[iOS_Ragav's 1 INFO ] 2023-11-20 11:22:39.499 Regression:7157 - Calculation tipValue - 10.00
[iOS_Ragav's 1 INFO ] 2023-11-20 11:22:39.499 Regression:7158 - Calculation PayAmount - 11.16
[iOS_Ragav's 1 INFO ] 2023-11-20 11:22:39.500 Regression:7161 - Calculation Pay Amount is Same With the Card details Screen Pay amount - 11.16
[iOS_Ragav's 1 INFO ] 2023-11-20 11:22:39.502 BasePage:301 - Tapped Manual Button
[iOS_Ragav's 1 INFO ] 2023-11-20 11:22:50.102 BasePage:301 - Tapped Process Button
[iOS_Ragav's 1 INFO ] 2023-11-20 11:22:57.136 PaymentWindow:1364 - Displayed Popup as - Do you want to tokenize your card?
[iOS_Ragav's 1 INFO ] 2023-11-20 11:22:57.753 BasePage:301 - Selected YES Button
[iOS_Ragav's 1 INFO ] 2023-11-20 11:22:58.552 BasePage:301 - Tapped Ok Button on the Popup
[iOS_Ragav's 1 INFO ] 2023-11-20 11:23:00.729 BasePage:301 - Submit button is tapped
[iOS_Ragav's 1 INFO ] 2023-11-20 11:23:02.585 BasePage:301 - Tapped QSR button
[iOS_Ragav's 1 INFO ] 2023-11-20 11:23:05.282 BasePage:301 - Order type selection is cancelled.
[iOS_Ragav's 1 INFO ] 2023-11-20 11:23:06.392 BasePage:301 - Tapped the settings button
[iOS_Ragav's 1 INFO ] 2023-11-20 11:23:09.247 BasePage:301 - Tapped close day
[iOS_Ragav's 1 INFO ] 2023-11-20 11:23:11.889 TableLayOutScreen:1238 - Close day is Displayed
[iOS_Ragav's 1 INFO ] 2023-11-20 11:23:14.916 BasePage:301 - Click Close All Cashiers
[iOS_Ragav's 1 INFO ] 2023-11-20 11:23:39.937 BasePage:301 - Selected - Cash
[iOS_Ragav's 1 INFO ] 2023-11-20 11:24:01.388 Hooks:70 - Failed Scenario Name : Verify the Tokenized credit Card number is displayed as Encrypted in the "Refund Screen"
[iOS_Ragav's 1 INFO ] 2023-11-20 11:25:53.604 ServerManager:22 - starting appium server...
[iOS_Ragav's 1 INFO ] 2023-11-20 11:25:54.646 ServerManager:31 - Appium server started...
[iOS_Ragav's 1 INFO ] 2023-11-20 11:25:54.653 DriverManager:29 - initializing Appium driver
[iOS_Ragav's 1 INFO ] 2023-11-20 11:25:54.671 PropertyManager:17 - loading config properties
[iOS_Ragav's 1 INFO ] 2023-11-20 11:25:54.672 CapabilitiesManager:18 - getting capabilities...
[iOS_Ragav's 1 INFO ] 2023-11-20 11:26:15.116 DriverManager:42 - Driver is initialized
[iOS_Ragav's 1 INFO ] 2023-11-20 11:26:15.117 Hooks:52 - Start Scenario Name : Verify the Tokenized credit Card number is displayed as Encrypted in the "Refund Screen"
[iOS_Ragav's 1 INFO ] 2023-11-20 11:26:15.261 BasePage:301 - Tapped pin 1
[iOS_Ragav's 1 INFO ] 2023-11-20 11:26:16.126 BasePage:301 - Tapped pin 2
[iOS_Ragav's 1 INFO ] 2023-11-20 11:26:16.844 BasePage:301 - Tapped pin 3
[iOS_Ragav's 1 INFO ] 2023-11-20 11:26:17.590 BasePage:301 - Tapped pin 4
[iOS_Ragav's 1 INFO ] 2023-11-20 11:26:19.349 BasePage:301 - Tapped Login.
[iOS_Ragav's 1 INFO ] 2023-11-20 11:26:22.399 BasePage:301 - Order type selection is cancelled.
[iOS_Ragav's 1 INFO ] 2023-11-20 11:26:23.416 BasePage:301 - Order type combo is pressed
[iOS_Ragav's 1 INFO ] 2023-11-20 11:26:25.772 BasePage:301 - Selected - Bar Tab
[iOS_Ragav's 1 INFO ] 2023-11-20 11:26:26.421 BasePage:301 - Exit Button is tapped
[iOS_Ragav's 1 INFO ] 2023-11-20 11:26:27.817 BasePage:301 - customer list is opened
[iOS_Ragav's 1 INFO ] 2023-11-20 11:26:28.819 BasePage:301 - Tapped Add New Button
[iOS_Ragav's 1 INFO ] 2023-11-20 11:26:38.561 BasePage:293 - Customer profile window is displayed - Customer Profile
[iOS_Ragav's 1 INFO ] 2023-11-20 11:26:41.325 PaymentWindow:781 - First Name - wHbBIl
[iOS_Ragav's 1 INFO ] 2023-11-20 11:26:45.510 PaymentWindow:786 - Last name - pTNLn
[iOS_Ragav's 1 INFO ] 2023-11-20 11:26:45.512 PaymentWindow:790 - Mobile Number - 7453447305
[iOS_Ragav's 1 INFO ] 2023-11-20 11:26:45.512 BasePage:301 - Tapped Add button for Enter Mobile Number
[iOS_Ragav's 1 INFO ] 2023-11-20 11:26:51.449 BasePage:301 - Tapped Save button
[iOS_Ragav's 1 INFO ] 2023-11-20 11:26:58.397 BasePage:301 - Selected Phone number field on the customer profile screen
[iOS_Ragav's 1 INFO ] 2023-11-20 11:26:59.832 PaymentWindow:1685 - Customer has Mobile number - 7453447305
[iOS_Ragav's 1 INFO ] 2023-11-20 11:26:59.884 BasePage:301 - pressed Save button
[iOS_Ragav's 1 INFO ] 2023-11-20 11:27:07.993 OrderManagementScreen:1530 - 48-003
[iOS_Ragav's 1 INFO ] 2023-11-20 11:27:08.012 BasePage:301 - the rest of the categories is listed
[iOS_Ragav's 1 INFO ] 2023-11-20 11:27:11.132 BasePage:301 -  Selected Category as - FOOD
[iOS_Ragav's 1 INFO ] 2023-11-20 11:27:12.487 BasePage:301 - SANDWICHES selected
[iOS_Ragav's 1 INFO ] 2023-11-20 11:27:14.109 OrderManagementScreen:740 - Subtotal Value is - $ 1.00
[iOS_Ragav's 1 INFO ] 2023-11-20 11:27:15.079 OrderManagementScreen:882 - Tax Value is - $ 0.10
[iOS_Ragav's 1 INFO ] 2023-11-20 11:27:17.437 OrderManagementScreen:941 - Total Value is SAME - $ 1.16
[iOS_Ragav's 1 INFO ] 2023-11-20 11:27:17.452 BasePage:301 - Payment button is tapped
[iOS_Ragav's 1 INFO ] 2023-11-20 11:27:21.860 BasePage:301 - Tapped Mppg Auth Payment
[iOS_Ragav's 1 INFO ] 2023-11-20 11:27:24.086 Regression:7273 - Tip Screen is displayed
[iOS_Ragav's 1 INFO ] 2023-11-20 11:27:27.679 Regression:7281 - Tip Amount - $ 10.00
[iOS_Ragav's 1 INFO ] 2023-11-20 11:27:27.826 BasePage:301 - Selected TIP as - $ 10.00
[iOS_Ragav's 1 INFO ] 2023-11-20 11:27:28.752 BasePage:301 - Tapped Continue Button
[iOS_Ragav's 1 INFO ] 2023-11-20 11:27:31.007 Regression:7198 - Card Details Entry Screen - Your Order
[iOS_Ragav's 1 INFO ] 2023-11-20 11:27:31.917 Regression:7204 - Subtotal Value Same With Card Details Screen - $ 1.00
[iOS_Ragav's 1 INFO ] 2023-11-20 11:27:33.110 Regression:7207 - Tax Value Same With Card Details Screen - $ 0.10
[iOS_Ragav's 1 INFO ] 2023-11-20 11:27:33.979 Regression:7210 - Service Charge - $ 0.06
[iOS_Ragav's 1 INFO ] 2023-11-20 11:27:34.839 Regression:7213 - Total Value Same With Card Details Screen - $ 1.16
[iOS_Ragav's 1 INFO ] 2023-11-20 11:27:35.793 Regression:7192 - Tip Value Same With Card Details Screen - $ 10.00
[iOS_Ragav's 1 INFO ] 2023-11-20 11:27:36.834 Regression:7185 -  paid amount is Zero - $ 0.00
[iOS_Ragav's 1 INFO ] 2023-11-20 11:27:37.520 Regression:7258 - Need to Pay AMount $ 11.16
[iOS_Ragav's 1 INFO ] 2023-11-20 11:27:38.792 Regression:7118 - Displayed - Card reader is not connected
[iOS_Ragav's 1 INFO ] 2023-11-20 11:27:38.834 Regression:7152 - Amount for Sale - 1.22
[iOS_Ragav's 1 INFO ] 2023-11-20 11:27:38.835 Regression:7155 - Calculation check total - 1.16
[iOS_Ragav's 1 INFO ] 2023-11-20 11:27:38.836 Regression:7156 - Calculation service charge - 0.06
[iOS_Ragav's 1 INFO ] 2023-11-20 11:27:38.836 Regression:7157 - Calculation tipValue - 10.00
[iOS_Ragav's 1 INFO ] 2023-11-20 11:27:38.836 Regression:7158 - Calculation PayAmount - 11.16
[iOS_Ragav's 1 INFO ] 2023-11-20 11:27:38.847 Regression:7161 - Calculation Pay Amount is Same With the Card details Screen Pay amount - 11.16
[iOS_Ragav's 1 INFO ] 2023-11-20 11:27:38.856 BasePage:301 - Tapped Manual Button
[iOS_Ragav's 1 INFO ] 2023-11-20 11:27:50.578 BasePage:301 - Tapped Process Button
[iOS_Ragav's 1 INFO ] 2023-11-20 11:27:57.619 PaymentWindow:1364 - Displayed Popup as - Do you want to tokenize your card?
[iOS_Ragav's 1 INFO ] 2023-11-20 11:27:58.306 BasePage:301 - Selected YES Button
[iOS_Ragav's 1 INFO ] 2023-11-20 11:27:59.238 BasePage:301 - Tapped Ok Button on the Popup
[iOS_Ragav's 1 INFO ] 2023-11-20 11:28:01.853 BasePage:301 - Submit button is tapped
[iOS_Ragav's 1 INFO ] 2023-11-20 11:28:03.685 BasePage:301 - Tapped QSR button
[iOS_Ragav's 1 INFO ] 2023-11-20 11:28:05.726 BasePage:301 - Order type selection is cancelled.
[iOS_Ragav's 1 INFO ] 2023-11-20 11:28:06.817 BasePage:301 - Tapped the settings button
[iOS_Ragav's 1 INFO ] 2023-11-20 11:28:09.721 BasePage:301 - Tapped close day
[iOS_Ragav's 1 INFO ] 2023-11-20 11:28:12.369 TableLayOutScreen:1238 - Close day is Displayed
[iOS_Ragav's 1 INFO ] 2023-11-20 11:28:14.777 BasePage:301 - Click Close All Cashiers
[iOS_Ragav's 1 INFO ] 2023-11-20 11:28:19.672 Regression:7324 - Displayed Popup as - Cashier out saved successfully
[iOS_Ragav's 1 INFO ] 2023-11-20 11:28:19.674 BasePage:301 - Tapped Done Button on the Popup
[iOS_Ragav's 1 INFO ] 2023-11-20 11:28:23.336 BasePage:301 - Click Close The Day
[iOS_Ragav's 1 INFO ] 2023-11-20 11:28:29.204 BasePage:392 - Xpath//XCUIElementTypeButton[@name="Close The Day"]element not found
[iOS_Ragav's 1 INFO ] 2023-11-20 11:28:29.207 BasePage:301 - Tapped Yes Button on the Hold Popup
[iOS_Ragav's 1 INFO ] 2023-11-20 11:28:34.754 BasePage:301 - click submit button
[iOS_Ragav's 1 INFO ] 2023-11-20 11:28:35.461 BasePage:301 - Tapped Done Button on the Popup
[iOS_Ragav's 1 INFO ] 2023-11-20 11:28:38.605 BasePage:301 - Tapped the Toggle Icon button
[iOS_Ragav's 1 INFO ] 2023-11-20 11:28:40.151 BasePage:301 - Refund Button Selected
[iOS_Ragav's 1 INFO ] 2023-11-20 11:28:45.956 BasePage:301 - Search Button Tapped
[iOS_Ragav's 1 INFO ] 2023-11-20 11:28:47.494 BasePage:301 - Tapped Closed Check in closed tab - 48-003
[iOS_Ragav's 1 INFO ] 2023-11-20 11:28:48.279 PaymentWindow:1628 - Length of the Card Number 14
[iOS_Ragav's 1 INFO ] 2023-11-20 11:28:48.279 PaymentWindow:1630 - Size of the Card Number 10
[iOS_Ragav's 1 INFO ] 2023-11-20 11:28:48.280 PaymentWindow:1633 - Encrypted Card Number - *
[iOS_Ragav's 1 INFO ] 2023-11-20 11:28:48.280 PaymentWindow:1633 - Encrypted Card Number - *
[iOS_Ragav's 1 INFO ] 2023-11-20 11:28:48.280 PaymentWindow:1633 - Encrypted Card Number - *
[iOS_Ragav's 1 INFO ] 2023-11-20 11:28:48.280 PaymentWindow:1633 - Encrypted Card Number - *
[iOS_Ragav's 1 INFO ] 2023-11-20 11:28:48.280 PaymentWindow:1633 - Encrypted Card Number - *
[iOS_Ragav's 1 INFO ] 2023-11-20 11:28:48.281 PaymentWindow:1633 - Encrypted Card Number - *
[iOS_Ragav's 1 INFO ] 2023-11-20 11:28:48.281 PaymentWindow:1633 - Encrypted Card Number - *
[iOS_Ragav's 1 INFO ] 2023-11-20 11:28:48.281 PaymentWindow:1633 - Encrypted Card Number - *
[iOS_Ragav's 1 INFO ] 2023-11-20 11:28:48.281 PaymentWindow:1633 - Encrypted Card Number - *
[iOS_Ragav's 1 INFO ] 2023-11-20 11:28:48.282 PaymentWindow:1633 - Encrypted Card Number - *
[iOS_Ragav's 1 INFO ] 2023-11-20 11:28:48.282 PaymentWindow:1639 - Expected Encrypted Credit card Number - 1111
[iOS_Ragav's 1 INFO ] 2023-11-20 11:28:48.282 PaymentWindow:1641 - Actual Encrypted Credit card Number - 1111
[iOS_Ragav's 1 INFO ] 2023-11-20 11:28:48.695 BasePage:66 - Power button is clicked
[iOS_Ragav's 1 INFO ] 2023-11-20 11:56:08.113 ServerManager:22 - starting appium server...
[iOS_Ragav's 1 INFO ] 2023-11-20 11:56:09.159 ServerManager:31 - Appium server started...
[iOS_Ragav's 1 INFO ] 2023-11-20 11:56:09.165 DriverManager:29 - initializing Appium driver
[iOS_Ragav's 1 INFO ] 2023-11-20 11:56:09.188 PropertyManager:17 - loading config properties
[iOS_Ragav's 1 INFO ] 2023-11-20 11:56:09.189 CapabilitiesManager:18 - getting capabilities...
[iOS_Ragav's 1 INFO ] 2023-11-20 11:56:32.820 DriverManager:42 - Driver is initialized
[iOS_Ragav's 1 INFO ] 2023-11-20 11:56:32.821 Hooks:52 - Start Scenario Name : Verify the Tokenized credit Card number is displayed as Encrypted in the "Refund Screen"
[iOS_Ragav's 1 INFO ] 2023-11-20 11:56:32.947 BasePage:301 - Tapped pin 1
[iOS_Ragav's 1 INFO ] 2023-11-20 11:56:33.740 BasePage:301 - Tapped pin 2
[iOS_Ragav's 1 INFO ] 2023-11-20 11:56:34.533 BasePage:301 - Tapped pin 3
[iOS_Ragav's 1 INFO ] 2023-11-20 11:56:35.418 BasePage:301 - Tapped pin 4
[iOS_Ragav's 1 INFO ] 2023-11-20 11:56:36.125 BasePage:301 - Tapped Login.
[iOS_Ragav's 1 INFO ] 2023-11-20 11:56:38.835 BasePage:301 - Order type selection is cancelled.
[iOS_Ragav's 1 INFO ] 2023-11-20 11:56:39.860 BasePage:301 - Order type combo is pressed
[iOS_Ragav's 1 INFO ] 2023-11-20 11:56:41.474 BasePage:301 - Selected - Bar Tab
[iOS_Ragav's 1 INFO ] 2023-11-20 11:56:42.116 BasePage:301 - Exit Button is tapped
[iOS_Ragav's 1 INFO ] 2023-11-20 11:56:43.520 BasePage:301 - customer list is opened
[iOS_Ragav's 1 INFO ] 2023-11-20 11:56:44.511 BasePage:301 - Tapped Add New Button
[iOS_Ragav's 1 INFO ] 2023-11-20 11:56:54.368 BasePage:293 - Customer profile window is displayed - Customer Profile
[iOS_Ragav's 1 INFO ] 2023-11-20 11:56:56.543 PaymentWindow:781 - First Name - eURYJS
[iOS_Ragav's 1 INFO ] 2023-11-20 11:56:58.961 PaymentWindow:786 - Last name - pvSvz
[iOS_Ragav's 1 INFO ] 2023-11-20 11:56:58.962 PaymentWindow:790 - Mobile Number - 5857660260
[iOS_Ragav's 1 INFO ] 2023-11-20 11:56:58.962 BasePage:301 - Tapped Add button for Enter Mobile Number
[iOS_Ragav's 1 INFO ] 2023-11-20 11:57:04.287 BasePage:301 - Tapped Save button
[iOS_Ragav's 1 INFO ] 2023-11-20 11:57:14.150 BasePage:301 - Selected Phone number field on the customer profile screen
[iOS_Ragav's 1 INFO ] 2023-11-20 11:57:15.577 PaymentWindow:1685 - Customer has Mobile number - 5857660260
[iOS_Ragav's 1 INFO ] 2023-11-20 11:57:15.595 BasePage:301 - pressed Save button
[iOS_Ragav's 1 INFO ] 2023-11-20 11:57:22.041 OrderManagementScreen:1530 - 48-004
[iOS_Ragav's 1 INFO ] 2023-11-20 11:57:22.053 BasePage:301 - the rest of the categories is listed
[iOS_Ragav's 1 INFO ] 2023-11-20 11:57:25.189 BasePage:301 -  Selected Category as - FOOD
[iOS_Ragav's 1 INFO ] 2023-11-20 11:57:26.555 BasePage:301 - SANDWICHES selected
[iOS_Ragav's 1 INFO ] 2023-11-20 11:57:28.326 OrderManagementScreen:740 - Subtotal Value is - $ 1.00
[iOS_Ragav's 1 INFO ] 2023-11-20 11:57:29.344 OrderManagementScreen:882 - Tax Value is - $ 0.10
[iOS_Ragav's 1 INFO ] 2023-11-20 11:57:30.376 OrderManagementScreen:941 - Total Value is SAME - $ 1.16
[iOS_Ragav's 1 INFO ] 2023-11-20 11:57:30.380 BasePage:301 - Payment button is tapped
[iOS_Ragav's 1 INFO ] 2023-11-20 11:57:33.238 BasePage:301 - Tapped Mppg Auth Payment
[iOS_Ragav's 1 INFO ] 2023-11-20 11:57:35.251 Regression:7273 - Tip Screen is displayed
[iOS_Ragav's 1 INFO ] 2023-11-20 11:57:38.741 Regression:7281 - Tip Amount - $ 10.00
[iOS_Ragav's 1 INFO ] 2023-11-20 11:57:38.855 BasePage:301 - Selected TIP as - $ 10.00
[iOS_Ragav's 1 INFO ] 2023-11-20 11:57:39.717 BasePage:301 - Tapped Continue Button
[iOS_Ragav's 1 INFO ] 2023-11-20 11:57:41.775 Regression:7198 - Card Details Entry Screen - Your Order
[iOS_Ragav's 1 INFO ] 2023-11-20 11:57:42.556 Regression:7204 - Subtotal Value Same With Card Details Screen - $ 1.00
[iOS_Ragav's 1 INFO ] 2023-11-20 11:57:43.621 Regression:7207 - Tax Value Same With Card Details Screen - $ 0.10
[iOS_Ragav's 1 INFO ] 2023-11-20 11:57:44.366 Regression:7210 - Service Charge - $ 0.06
[iOS_Ragav's 1 INFO ] 2023-11-20 11:57:45.097 Regression:7213 - Total Value Same With Card Details Screen - $ 1.16
[iOS_Ragav's 1 INFO ] 2023-11-20 11:57:45.926 Regression:7192 - Tip Value Same With Card Details Screen - $ 10.00
[iOS_Ragav's 1 INFO ] 2023-11-20 11:57:46.768 Regression:7185 -  paid amount is Zero - $ 0.00
[iOS_Ragav's 1 INFO ] 2023-11-20 11:57:47.377 Regression:7258 - Need to Pay AMount $ 11.16
[iOS_Ragav's 1 INFO ] 2023-11-20 11:57:48.441 Regression:7118 - Displayed - Card reader is not connected
[iOS_Ragav's 1 INFO ] 2023-11-20 11:57:48.450 Regression:7152 - Amount for Sale - 1.22
[iOS_Ragav's 1 INFO ] 2023-11-20 11:57:48.450 Regression:7155 - Calculation check total - 1.16
[iOS_Ragav's 1 INFO ] 2023-11-20 11:57:48.450 Regression:7156 - Calculation service charge - 0.06
[iOS_Ragav's 1 INFO ] 2023-11-20 11:57:48.450 Regression:7157 - Calculation tipValue - 10.00
[iOS_Ragav's 1 INFO ] 2023-11-20 11:57:48.451 Regression:7158 - Calculation PayAmount - 11.16
[iOS_Ragav's 1 INFO ] 2023-11-20 11:57:48.451 Regression:7161 - Calculation Pay Amount is Same With the Card details Screen Pay amount - 11.16
[iOS_Ragav's 1 INFO ] 2023-11-20 11:57:48.453 BasePage:301 - Tapped Manual Button
[iOS_Ragav's 1 INFO ] 2023-11-20 11:58:01.414 BasePage:301 - Tapped Process Button
[iOS_Ragav's 1 INFO ] 2023-11-20 11:58:07.584 PaymentWindow:1364 - Displayed Popup as - Do you want to tokenize your card?
[iOS_Ragav's 1 INFO ] 2023-11-20 11:58:08.223 BasePage:301 - Selected YES Button
[iOS_Ragav's 1 INFO ] 2023-11-20 11:58:08.989 BasePage:301 - Tapped Ok Button on the Popup
[iOS_Ragav's 1 INFO ] 2023-11-20 11:58:11.209 BasePage:301 - Submit button is tapped
[iOS_Ragav's 1 INFO ] 2023-11-20 11:58:13.008 BasePage:301 - Tapped QSR button
[iOS_Ragav's 1 INFO ] 2023-11-20 11:58:15.103 BasePage:301 - Order type selection is cancelled.
[iOS_Ragav's 1 INFO ] 2023-11-20 11:58:16.211 BasePage:301 - Tapped the settings button
[iOS_Ragav's 1 INFO ] 2023-11-20 11:58:19.176 BasePage:301 - Tapped close day
[iOS_Ragav's 1 INFO ] 2023-11-20 11:58:21.576 TableLayOutScreen:1238 - Close day is Displayed
[iOS_Ragav's 1 INFO ] 2023-11-20 11:58:23.989 BasePage:301 - Click Close All Cashiers
[iOS_Ragav's 1 INFO ] 2023-11-20 11:58:29.065 Regression:7324 - Displayed Popup as - Cashier out saved successfully
[iOS_Ragav's 1 INFO ] 2023-11-20 11:58:29.067 BasePage:301 - Tapped Done Button on the Popup
[iOS_Ragav's 1 INFO ] 2023-11-20 11:58:32.858 BasePage:301 - Click Close The Day
[iOS_Ragav's 1 INFO ] 2023-11-20 11:58:42.137 BasePage:392 - Xpath//XCUIElementTypeButton[@name="Close The Day"]element not found
[iOS_Ragav's 1 INFO ] 2023-11-20 11:58:42.142 BasePage:301 - Tapped Yes Button on the Hold Popup
[iOS_Ragav's 1 INFO ] 2023-11-20 11:58:47.071 BasePage:301 - click submit button
[iOS_Ragav's 1 INFO ] 2023-11-20 11:58:47.979 BasePage:301 - Tapped Done Button on the Popup
[iOS_Ragav's 1 INFO ] 2023-11-20 11:58:50.189 BasePage:301 - Tapped the Toggle Icon button
[iOS_Ragav's 1 INFO ] 2023-11-20 11:58:51.727 BasePage:301 - Refund Button Selected
[iOS_Ragav's 1 INFO ] 2023-11-20 11:58:59.052 BasePage:301 - Search Button Tapped
[iOS_Ragav's 1 INFO ] 2023-11-20 11:59:00.538 BasePage:301 - Tapped Closed Check in closed tab - 48-004
[iOS_Ragav's 1 INFO ] 2023-11-20 11:59:01.290 PaymentWindow:1628 - Length of the Card Number 14
[iOS_Ragav's 1 INFO ] 2023-11-20 11:59:01.290 PaymentWindow:1630 - Size of the Card Number 10
[iOS_Ragav's 1 INFO ] 2023-11-20 11:59:01.291 PaymentWindow:1633 - Encrypted Card Number - *
[iOS_Ragav's 1 INFO ] 2023-11-20 11:59:01.291 PaymentWindow:1633 - Encrypted Card Number - *
[iOS_Ragav's 1 INFO ] 2023-11-20 11:59:01.292 PaymentWindow:1633 - Encrypted Card Number - *
[iOS_Ragav's 1 INFO ] 2023-11-20 11:59:01.292 PaymentWindow:1633 - Encrypted Card Number - *
[iOS_Ragav's 1 INFO ] 2023-11-20 11:59:01.292 PaymentWindow:1633 - Encrypted Card Number - *
[iOS_Ragav's 1 INFO ] 2023-11-20 11:59:01.292 PaymentWindow:1633 - Encrypted Card Number - *
[iOS_Ragav's 1 INFO ] 2023-11-20 11:59:01.293 PaymentWindow:1633 - Encrypted Card Number - *
[iOS_Ragav's 1 INFO ] 2023-11-20 11:59:01.293 PaymentWindow:1633 - Encrypted Card Number - *
[iOS_Ragav's 1 INFO ] 2023-11-20 11:59:01.293 PaymentWindow:1633 - Encrypted Card Number - *
[iOS_Ragav's 1 INFO ] 2023-11-20 11:59:01.293 PaymentWindow:1633 - Encrypted Card Number - *
[iOS_Ragav's 1 INFO ] 2023-11-20 11:59:01.294 PaymentWindow:1639 - Expected Encrypted Credit card Number - 1111
[iOS_Ragav's 1 INFO ] 2023-11-20 11:59:01.294 PaymentWindow:1641 - Actual Encrypted Credit card Number - 1111
[iOS_Ragav's 1 INFO ] 2023-11-20 11:59:01.734 BasePage:66 - Power button is clicked
[iOS_Ragav's 1 INFO ] 2023-11-20 11:59:02.576 BasePage:301 - Tapped pin 9 
[iOS_Ragav's 1 INFO ] 2023-11-20 11:59:03.868 BasePage:301 - Tapped pin 8
[iOS_Ragav's 1 INFO ] 2023-11-20 11:59:05.621 BasePage:301 - Tapped pin 9 
[iOS_Ragav's 1 INFO ] 2023-11-20 11:59:07.402 BasePage:301 - Tapped pin 8
[iOS_Ragav's 1 INFO ] 2023-11-20 11:59:09.200 BasePage:301 - Tapped Login.
[iOS_Ragav's 1 INFO ] 2023-11-20 11:59:17.769 BasePage:301 - Exit Button is tapped
[iOS_Ragav's 1 INFO ] 2023-11-20 11:59:20.083 BasePage:301 - the rest of the categories is listed
[iOS_Ragav's 1 INFO ] 2023-11-20 11:59:23.491 BasePage:301 - Tapped PAsta Button
[iOS_Ragav's 1 INFO ] 2023-11-20 11:59:25.017 BasePage:301 - Bubble Gum selected
[iOS_Ragav's 1 INFO ] 2023-11-20 11:59:26.092 OrderManagementScreen:740 - Subtotal Value is - $ 5.72
[iOS_Ragav's 1 INFO ] 2023-11-20 11:59:26.850 OrderManagementScreen:882 - Tax Value is - $ 0.57
[iOS_Ragav's 1 INFO ] 2023-11-20 11:59:27.494 OrderManagementScreen:932 - Cash Price Value is SAME - $ 6.29
[iOS_Ragav's 1 INFO ] 2023-11-20 11:59:28.152 BasePage:301 - Tapped Cash button for Close Sale
[iOS_Ragav's 1 INFO ] 2023-11-20 11:59:30.679 OrderManagementScreen:1054 - Total Value is SAME With FAst cash Screen - $ 6.29
[iOS_Ragav's 1 INFO ] 2023-11-20 11:59:30.681 BasePage:301 - Tapped Exact button 
[iOS_Ragav's 1 INFO ] 2023-11-20 11:59:31.951 BasePage:301 - Tapped Enter for Finish Sale
[iOS_Ragav's 1 INFO ] 2023-11-20 11:59:32.953 BasePage:301 - Tapped Table Layout Tab
[iOS_Ragav's 1 INFO ] 2023-11-20 11:59:36.897 BasePage:66 - Power button is clicked
[iOS_Ragav's 1 INFO ] 2023-11-20 11:59:37.916 BasePage:301 - Tapped pin 1
[iOS_Ragav's 1 INFO ] 2023-11-20 11:59:39.077 BasePage:301 - Tapped pin 2
[iOS_Ragav's 1 INFO ] 2023-11-20 11:59:40.900 BasePage:301 - Tapped pin 3
[iOS_Ragav's 1 INFO ] 2023-11-20 11:59:42.698 BasePage:301 - Tapped pin 4
[iOS_Ragav's 1 INFO ] 2023-11-20 11:59:44.513 BasePage:301 - Tapped Login.
[iOS_Ragav's 1 INFO ] 2023-11-20 11:59:46.991 BasePage:301 - Order type selection is cancelled.
[iOS_Ragav's 1 INFO ] 2023-11-20 11:59:48.026 BasePage:301 - Tapped All button
[iOS_Ragav's 1 INFO ] 2023-11-20 11:59:48.919 BasePage:301 - Tapped Table Layout Tab
[iOS_Ragav's 1 INFO ] 2023-11-20 11:59:50.579 BasePage:301 - Tapped New Check Button
[iOS_Ragav's 1 INFO ] 2023-11-20 11:59:54.271 BasePage:301 - T25 selected
[iOS_Ragav's 1 INFO ] 2023-11-20 12:00:04.056 BasePage:301 - 1 selected
[iOS_Ragav's 1 INFO ] 2023-11-20 12:00:05.189 BasePage:301 - Tapped Continue button
[iOS_Ragav's 1 INFO ] 2023-11-20 12:00:11.048 OrderManagementScreen:1530 - 48-006
[iOS_Ragav's 1 INFO ] 2023-11-20 12:00:11.052 BasePage:301 - the rest of the categories is listed
[iOS_Ragav's 1 INFO ] 2023-11-20 12:00:23.686 BasePage:301 - Tapped Pasta Button
[iOS_Ragav's 1 INFO ] 2023-11-20 12:00:25.842 BasePage:301 - Bubble Gum selected
[iOS_Ragav's 1 INFO ] 2023-11-20 12:00:27.517 OrderManagementScreen:740 - Subtotal Value is - $ 5.55
[iOS_Ragav's 1 INFO ] 2023-11-20 12:00:29.194 OrderManagementScreen:882 - Tax Value is - $ 0.56
[iOS_Ragav's 1 INFO ] 2023-11-20 12:00:30.849 OrderManagementScreen:932 - Cash Price Value is SAME - $ 6.11
[iOS_Ragav's 1 INFO ] 2023-11-20 12:00:32.497 BasePage:301 - Tapped Cash button for Close Sale
[iOS_Ragav's 1 INFO ] 2023-11-20 12:00:35.157 OrderManagementScreen:1054 - Total Value is SAME With FAst cash Screen - $ 6.11
[iOS_Ragav's 1 INFO ] 2023-11-20 12:00:35.160 BasePage:301 - Tapped Exact button 
[iOS_Ragav's 1 INFO ] 2023-11-20 12:00:36.511 BasePage:301 - Tapped Enter for Finish Sale
[iOS_Ragav's 1 INFO ] 2023-11-20 12:00:37.536 BasePage:301 - Tapped Table Layout Tab
[iOS_Ragav's 1 INFO ] 2023-11-20 12:00:42.314 BasePage:301 - Tapped Check Stats Tab
[iOS_Ragav's 1 INFO ] 2023-11-20 12:00:43.403 BasePage:301 - Tapped closed Tab button
[iOS_Ragav's 1 INFO ] 2023-11-20 12:00:50.607 BasePage:301 - Tapped Closed Checks
[iOS_Ragav's 1 INFO ] 2023-11-20 12:00:51.576 PhoneOrderScreen:485 - 48-006 - Closed Check is displayed in closed tab
[iOS_Ragav's 1 INFO ] 2023-11-20 12:00:52.015 BasePage:301 - Selected Button as - CheckDetialsIcon
[iOS_Ragav's 1 INFO ] 2023-11-20 12:00:54.761 OrderManagementScreen:1885 - Subtotal Same with Order summary subtotal - $5.55
[iOS_Ragav's 1 INFO ] 2023-11-20 12:00:55.304 BasePage:66 - Power button is clicked
[iOS_Ragav's 1 INFO ] 2023-11-20 12:00:56.483 BasePage:301 - Tapped pin 1
[iOS_Ragav's 1 INFO ] 2023-11-20 12:00:57.574 BasePage:301 - Tapped pin 2
[iOS_Ragav's 1 INFO ] 2023-11-20 12:00:58.318 BasePage:301 - Tapped pin 3
[iOS_Ragav's 1 INFO ] 2023-11-20 12:00:59.053 BasePage:301 - Tapped pin 4
[iOS_Ragav's 1 INFO ] 2023-11-20 12:00:59.794 BasePage:301 - Tapped Login.
[iOS_Ragav's 1 INFO ] 2023-11-20 12:01:02.195 BasePage:301 - Order type selection is cancelled.
[iOS_Ragav's 1 INFO ] 2023-11-20 12:01:03.268 BasePage:301 - Tapped All button
[iOS_Ragav's 1 INFO ] 2023-11-20 12:01:05.603 BasePage:301 - Tapped BarTab Layout
[iOS_Ragav's 1 INFO ] 2023-11-20 12:01:10.461 BasePage:301 - Tapped Process Button
[iOS_Ragav's 1 INFO ] 2023-11-20 12:01:13.375 BasePage:109 - Device Txt is Displayed as - No Device is connected to this iPad
[iOS_Ragav's 1 INFO ] 2023-11-20 12:01:13.379 BasePage:301 - Tapped Done Button on the Popup
[iOS_Ragav's 1 INFO ] 2023-11-20 12:01:14.441 BasePage:301 - Exit Button is tapped
[iOS_Ragav's 1 INFO ] 2023-11-20 12:01:22.553 OrderManagementScreen:1530 - 48-007
[iOS_Ragav's 1 INFO ] 2023-11-20 12:01:22.563 BasePage:301 - Arrow Down
[iOS_Ragav's 1 INFO ] 2023-11-20 12:01:25.644 BasePage:301 - Tapped category
[iOS_Ragav's 1 INFO ] 2023-11-20 12:01:33.310 Regression:2372 - 1
[iOS_Ragav's 1 INFO ] 2023-11-20 12:01:34.385 Regression:2374 - BLUE CHEESE
[iOS_Ragav's 1 INFO ] 2023-11-20 12:01:34.385 BasePage:301 - Tapped Menu
[iOS_Ragav's 1 INFO ] 2023-11-20 12:01:40.510 BasePage:301 - finish button tapped
[iOS_Ragav's 1 INFO ] 2023-11-20 12:01:44.084 BasePage:109 - BarTab Screen is displayed - BarTab
[iOS_Ragav's 1 INFO ] 2023-11-20 12:01:52.037 BasePage:301 - Tapped Closed Check in closed tab - 48-007
[iOS_Ragav's 1 INFO ] 2023-11-20 12:01:52.649 BasePage:301 - Payment button is tapped
[iOS_Ragav's 1 INFO ] 2023-11-20 12:01:56.325 BasePage:301 - Tapped Cash Payment
[iOS_Ragav's 1 INFO ] 2023-11-20 12:01:59.828 BasePage:301 - Submit button is tapped
[iOS_Ragav's 1 INFO ] 2023-11-20 12:02:02.584 BasePage:66 - Power button is clicked
[iOS_Ragav's 1 INFO ] 2023-11-20 12:02:03.552 BasePage:301 - Tapped pin 1
[iOS_Ragav's 1 INFO ] 2023-11-20 12:02:04.625 BasePage:301 - Tapped pin 2
[iOS_Ragav's 1 INFO ] 2023-11-20 12:02:05.330 BasePage:301 - Tapped pin 3
[iOS_Ragav's 1 INFO ] 2023-11-20 12:02:07.039 BasePage:301 - Tapped pin 4
[iOS_Ragav's 1 INFO ] 2023-11-20 12:02:08.820 BasePage:301 - Tapped Login.
[iOS_Ragav's 1 INFO ] 2023-11-20 12:02:11.327 BasePage:301 - Order type selection is cancelled.
[iOS_Ragav's 1 INFO ] 2023-11-20 12:02:12.417 BasePage:301 - Tapped All button
[iOS_Ragav's 1 INFO ] 2023-11-20 12:02:14.705 BasePage:301 - Tapped BarTab Layout
[iOS_Ragav's 1 INFO ] 2023-11-20 12:02:15.902 BasePage:301 - Tapped Newtab from BarTab Layout
[iOS_Ragav's 1 INFO ] 2023-11-20 12:02:20.059 BasePage:301 - click Exit Button
[iOS_Ragav's 1 INFO ] 2023-11-20 12:02:27.690 OrderManagementScreen:1530 - 48-008
[iOS_Ragav's 1 INFO ] 2023-11-20 12:02:27.692 BasePage:301 - Arrow Down
[iOS_Ragav's 1 INFO ] 2023-11-20 12:02:30.778 BasePage:301 - Tapped category
[iOS_Ragav's 1 INFO ] 2023-11-20 12:02:40.657 Regression:5895 - 4
[iOS_Ragav's 1 INFO ] 2023-11-20 12:02:40.658 Regression:5904 - 1
[iOS_Ragav's 1 INFO ] 2023-11-20 12:02:41.669 Regression:5908 - Bhaw pajji
[iOS_Ragav's 1 INFO ] 2023-11-20 12:02:41.669 BasePage:301 - Tapped Menu
[iOS_Ragav's 1 INFO ] 2023-11-20 12:02:42.690 BasePage:301 - masala - Tapped Main Modifier
[iOS_Ragav's 1 INFO ] 2023-11-20 12:02:50.030 BasePage:787 - element not found
[iOS_Ragav's 1 INFO ] 2023-11-20 12:02:57.206 BasePage:301 - Tapped Done
[iOS_Ragav's 1 INFO ] 2023-11-20 12:02:59.366 Regression:5904 - 2
[iOS_Ragav's 1 INFO ] 2023-11-20 12:03:00.460 Regression:5908 - Bhel Poori
[iOS_Ragav's 1 INFO ] 2023-11-20 12:03:00.461 BasePage:301 - Tapped Menu
[iOS_Ragav's 1 INFO ] 2023-11-20 12:03:01.590 BasePage:301 - masala - Tapped Main Modifier
[iOS_Ragav's 1 INFO ] 2023-11-20 12:03:09.090 BasePage:787 - element not found
[iOS_Ragav's 1 INFO ] 2023-11-20 12:03:16.349 BasePage:301 - Tapped Done
[iOS_Ragav's 1 INFO ] 2023-11-20 12:03:22.298 Regression:5989 - orderMenu.size() 3
[iOS_Ragav's 1 INFO ] 2023-11-20 12:03:26.182 Regression:5998 - Order Screen menu SAME with Split Menu 1 - 1 Bhaw pajji  Prize 26.39
[iOS_Ragav's 1 INFO ] 2023-11-20 12:03:26.977 Regression:6001 -  MOdifier 1 Size - 1
[iOS_Ragav's 1 INFO ] 2023-11-20 12:03:27.997 Regression:6006 - modifier1.getText() -  masala
[iOS_Ragav's 1 INFO ] 2023-11-20 12:03:28.898 Regression:6010 -   TestUtils.modifierPrize[m] - 24.56
[iOS_Ragav's 1 INFO ] 2023-11-20 12:03:28.902 Regression:6011 - Modifier  - 1 masala Prize - 24.56
[iOS_Ragav's 1 INFO ] 2023-11-20 12:03:38.994 Regression:5998 - Order Screen menu SAME with Split Menu 1 - 2 Bhel Poori  Prize 20.15
[iOS_Ragav's 1 INFO ] 2023-11-20 12:03:40.695 Regression:6001 -  MOdifier 1 Size - 1
[iOS_Ragav's 1 INFO ] 2023-11-20 12:03:41.585 Regression:6006 - modifier1.getText() -  masala
[iOS_Ragav's 1 INFO ] 2023-11-20 12:03:42.437 Regression:6010 -   TestUtils.modifierPrize[m] - 34.85
[iOS_Ragav's 1 INFO ] 2023-11-20 12:03:42.438 Regression:6011 - Modifier  - 1 masala Prize - 34.85
[iOS_Ragav's 1 INFO ] 2023-11-20 12:03:51.045 Regression:3508 - Size of Field 5
[iOS_Ragav's 1 INFO ] 2023-11-20 12:03:53.099 Regression:3516 -  Subtotal Values - $ 105.95
[iOS_Ragav's 1 INFO ] 2023-11-20 12:03:54.977 Regression:3528 -  Tax Values - $ 8.48
[iOS_Ragav's 1 INFO ] 2023-11-20 12:03:56.835 Regression:3534 -  Total Values - $ 120.15
[iOS_Ragav's 1 INFO ] 2023-11-20 12:03:58.747 Regression:3540 -  Cash Price Values - $ 114.43
[iOS_Ragav's 1 INFO ] 2023-11-20 12:03:58.748 Regression:3543 - Cash Discount Value - 572
[iOS_Ragav's 1 INFO ] 2023-11-20 12:03:58.748 Regression:3545 - Cash Discount Values - 572
[iOS_Ragav's 1 INFO ] 2023-11-20 12:03:58.771 BasePage:301 - finish button tapped
[iOS_Ragav's 1 INFO ] 2023-11-20 12:04:00.660 BasePage:301 - Tapped BarTab Layout
[iOS_Ragav's 1 INFO ] 2023-11-20 12:04:02.042 BasePage:301 - Tapped Newtab from BarTab Layout
[iOS_Ragav's 1 INFO ] 2023-11-20 12:04:06.312 BasePage:301 - click Exit Button
[iOS_Ragav's 1 INFO ] 2023-11-20 12:04:13.943 OrderManagementScreen:1668 - 48-009
[iOS_Ragav's 1 INFO ] 2023-11-20 12:04:13.944 BasePage:301 - Arrow Down
[iOS_Ragav's 1 INFO ] 2023-11-20 12:04:17.158 BasePage:301 - Tapped category
[iOS_Ragav's 1 INFO ] 2023-11-20 12:04:26.974 Regression:5440 - 1
[iOS_Ragav's 1 INFO ] 2023-11-20 12:04:27.973 Regression:5444 - Bhaw pajji
[iOS_Ragav's 1 INFO ] 2023-11-20 12:04:27.974 BasePage:301 - Tapped Menu
[iOS_Ragav's 1 INFO ] 2023-11-20 12:04:28.960 BasePage:301 - masala - Tapped Main Modifier
[iOS_Ragav's 1 INFO ] 2023-11-20 12:04:36.352 BasePage:787 - element not found
[iOS_Ragav's 1 INFO ] 2023-11-20 12:04:43.506 BasePage:301 - Tapped Done
[iOS_Ragav's 1 INFO ] 2023-11-20 12:04:49.105 Regression:6082 - orderMenu.size() - 2
[iOS_Ragav's 1 INFO ] 2023-11-20 12:04:52.709 Regression:6092 - Order Screen menu SAME with Split Menu 2 - 1 Bhaw pajji  Prize 26.39
[iOS_Ragav's 1 INFO ] 2023-11-20 12:04:57.801 Regression:6102 - Modifier 2 -  masala Prize - 24.56
[iOS_Ragav's 1 INFO ] 2023-11-20 12:05:06.344 Regression:3601 - Size of Field 5
[iOS_Ragav's 1 INFO ] 2023-11-20 12:05:08.177 Regression:3609 -  Subtotal Values - $ 50.95
[iOS_Ragav's 1 INFO ] 2023-11-20 12:05:09.974 Regression:3620 -  Tax Values - $ 4.08
[iOS_Ragav's 1 INFO ] 2023-11-20 12:05:11.683 Regression:3626 -  Total Values - $ 57.78
[iOS_Ragav's 1 INFO ] 2023-11-20 12:05:13.424 Regression:3632 -  Cash Price Values - $ 55.03
[iOS_Ragav's 1 INFO ] 2023-11-20 12:05:13.424 Regression:3635 - Cash Discount Value - 275
[iOS_Ragav's 1 INFO ] 2023-11-20 12:05:13.425 Regression:3637 - Cash Discount Values - 275
[iOS_Ragav's 1 INFO ] 2023-11-20 12:05:13.430 BasePage:301 - finish button tapped
[iOS_Ragav's 1 INFO ] 2023-11-20 12:05:15.262 BasePage:301 - Tapped BarTab Layout
[iOS_Ragav's 1 INFO ] 2023-11-20 12:05:16.176 BasePage:301 - Merge button is tapped
[iOS_Ragav's 1 INFO ] 2023-11-20 12:05:19.378 BasePage:301 - Tapped select check - 48-008
[iOS_Ragav's 1 INFO ] 2023-11-20 12:05:19.797 BasePage:301 - Keyboard hidden.
[iOS_Ragav's 1 INFO ] 2023-11-20 12:05:23.340 BasePage:301 - Selected - Clear text
[iOS_Ragav's 1 INFO ] 2023-11-20 12:05:26.201 BasePage:301 - Tapped select check - 48-009
[iOS_Ragav's 1 INFO ] 2023-11-20 12:05:26.678 BasePage:301 - Keyboard hidden.
[iOS_Ragav's 1 INFO ] 2023-11-20 12:05:29.549 BasePage:301 - Done (Merge) button is tapped
[iOS_Ragav's 1 INFO ] 2023-11-20 12:05:33.740 TableLayOutScreen:436 - Displayed popup as - Checks [ 48-008,48-009 ]  are merged to 48-008 for TestAppiumUSD t
[iOS_Ragav's 1 INFO ] 2023-11-20 12:05:33.742 BasePage:301 - Tapped Done Button on the Popup
[iOS_Ragav's 1 INFO ] 2023-11-20 12:05:34.819 BasePage:301 - Tapped Clear Text
[iOS_Ragav's 1 INFO ] 2023-11-20 12:05:39.376 BasePage:301 - Tapped select check - 
[iOS_Ragav's 1 INFO ] 2023-11-20 12:05:41.631 TableLayOutScreen:656 - I should see Order Screen
[iOS_Ragav's 1 INFO ] 2023-11-20 12:05:42.899 Regression:6075 - After Merged open check - 48-008
[iOS_Ragav's 1 INFO ] 2023-11-20 12:05:44.199 Regression:6067 - Seat Number Count is SAME - 2
[iOS_Ragav's 1 INFO ] 2023-11-20 12:05:44.204 BasePage:301 - selected seat 1
[iOS_Ragav's 1 INFO ] 2023-11-20 12:05:47.114 TableLayOutScreen:2052 - orderMenu.size() 3
[iOS_Ragav's 1 INFO ] 2023-11-20 12:05:49.436 TableLayOutScreen:2065 - Order Screen menu SAME with Seat 1 Menu - 1 Bhaw pajji  Prize 26.39
[iOS_Ragav's 1 INFO ] 2023-11-20 12:05:54.844 Hooks:70 - Failed Scenario Name : Verify the Merge option from Bar Tab screen
[iOS_Ragav's 1 INFO ] 2023-11-20 12:05:58.144 GlobalParams:130 - PORT Number is - 10879
[iOS_Ragav's 1 INFO ] 2023-11-20 12:05:58.145 ServerManager:22 - starting appium server...
[iOS_Ragav's 1 INFO ] 2023-11-20 12:05:59.187 ServerManager:31 - Appium server started...
[iOS_Ragav's 1 INFO ] 2023-11-20 12:05:59.188 DriverManager:29 - initializing Appium driver
[iOS_Ragav's 1 INFO ] 2023-11-20 12:05:59.188 CapabilitiesManager:18 - getting capabilities...
[iOS_Ragav's 1 INFO ] 2023-11-20 12:06:18.505 DriverManager:42 - Driver is initialized
[iOS_Ragav's 1 INFO ] 2023-11-20 12:06:18.506 Hooks:52 - Start Scenario Name : LIN - 21416 - The Already Tokenized Credit card number is allowed to save once again while manually tokenize the credit card in customer profile screen
[iOS_Ragav's 1 INFO ] 2023-11-20 12:06:18.541 BasePage:301 - Tapped pin 1
[iOS_Ragav's 1 INFO ] 2023-11-20 12:06:19.624 BasePage:301 - Tapped pin 2
[iOS_Ragav's 1 INFO ] 2023-11-20 12:06:20.671 BasePage:301 - Tapped pin 3
[iOS_Ragav's 1 INFO ] 2023-11-20 12:06:22.572 BasePage:301 - Tapped pin 4
[iOS_Ragav's 1 INFO ] 2023-11-20 12:06:24.388 BasePage:301 - Tapped Login.
[iOS_Ragav's 1 INFO ] 2023-11-20 12:06:27.067 BasePage:301 - Order type selection is cancelled.
[iOS_Ragav's 1 INFO ] 2023-11-20 12:06:28.156 BasePage:301 - Order type combo is pressed
[iOS_Ragav's 1 INFO ] 2023-11-20 12:06:31.257 BasePage:301 - Selected - Bar Tab
[iOS_Ragav's 1 INFO ] 2023-11-20 12:06:31.903 BasePage:301 - Exit Button is tapped
[iOS_Ragav's 1 INFO ] 2023-11-20 12:06:33.314 BasePage:301 - customer list is opened
[iOS_Ragav's 1 INFO ] 2023-11-20 12:06:34.325 BasePage:301 - Tapped Add New Button
[iOS_Ragav's 1 INFO ] 2023-11-20 12:06:43.975 BasePage:293 - Customer profile window is displayed - Customer Profile
[iOS_Ragav's 1 INFO ] 2023-11-20 12:06:46.002 PaymentWindow:781 - First Name - tLOaoj
[iOS_Ragav's 1 INFO ] 2023-11-20 12:06:48.137 PaymentWindow:786 - Last name - ADwwY
[iOS_Ragav's 1 INFO ] 2023-11-20 12:06:48.144 PaymentWindow:790 - Mobile Number - 3063752113
[iOS_Ragav's 1 INFO ] 2023-11-20 12:06:48.144 BasePage:301 - Tapped Add button for Enter Mobile Number
[iOS_Ragav's 1 INFO ] 2023-11-20 12:06:54.774 BasePage:301 - Tapped Save button
[iOS_Ragav's 1 INFO ] 2023-11-20 12:07:02.862 BasePage:301 - Selected Phone number field on the customer profile screen
[iOS_Ragav's 1 INFO ] 2023-11-20 12:07:04.204 PaymentWindow:1685 - Customer has Mobile number - 3063752113
[iOS_Ragav's 1 INFO ] 2023-11-20 12:07:04.212 BasePage:301 - pressed Save button
[iOS_Ragav's 1 INFO ] 2023-11-20 12:07:12.498 OrderManagementScreen:1530 - 48-009
[iOS_Ragav's 1 INFO ] 2023-11-20 12:07:12.516 BasePage:301 - the rest of the categories is listed
[iOS_Ragav's 1 INFO ] 2023-11-20 12:07:15.813 BasePage:301 -  Selected Category as - FOOD
[iOS_Ragav's 1 INFO ] 2023-11-20 12:07:17.211 BasePage:301 - SANDWICHES selected
[iOS_Ragav's 1 INFO ] 2023-11-20 12:07:19.345 OrderManagementScreen:740 - Subtotal Value is - $ 1.00
[iOS_Ragav's 1 INFO ] 2023-11-20 12:07:21.831 OrderManagementScreen:882 - Tax Value is - $ 0.10
[iOS_Ragav's 1 INFO ] 2023-11-20 12:07:24.365 OrderManagementScreen:941 - Total Value is SAME - $ 1.16
[iOS_Ragav's 1 INFO ] 2023-11-20 12:07:24.383 BasePage:301 - Payment button is tapped
[iOS_Ragav's 1 INFO ] 2023-11-20 12:07:29.073 BasePage:301 - Tapped Mppg Auth Payment
[iOS_Ragav's 1 INFO ] 2023-11-20 12:07:31.251 Regression:7273 - Tip Screen is displayed
[iOS_Ragav's 1 INFO ] 2023-11-20 12:07:34.784 Regression:7281 - Tip Amount - $ 10.00
[iOS_Ragav's 1 INFO ] 2023-11-20 12:07:34.941 BasePage:301 - Selected TIP as - $ 10.00
[iOS_Ragav's 1 INFO ] 2023-11-20 12:07:35.854 BasePage:301 - Tapped Continue Button
[iOS_Ragav's 1 INFO ] 2023-11-20 12:07:38.005 Regression:7198 - Card Details Entry Screen - Your Order
[iOS_Ragav's 1 INFO ] 2023-11-20 12:07:38.858 Regression:7204 - Subtotal Value Same With Card Details Screen - $ 1.00
[iOS_Ragav's 1 INFO ] 2023-11-20 12:07:40.008 Regression:7207 - Tax Value Same With Card Details Screen - $ 0.10
[iOS_Ragav's 1 INFO ] 2023-11-20 12:07:40.851 Regression:7210 - Service Charge - $ 0.06
[iOS_Ragav's 1 INFO ] 2023-11-20 12:07:41.638 Regression:7213 - Total Value Same With Card Details Screen - $ 1.16
[iOS_Ragav's 1 INFO ] 2023-11-20 12:07:42.507 Regression:7192 - Tip Value Same With Card Details Screen - $ 10.00
[iOS_Ragav's 1 INFO ] 2023-11-20 12:07:43.375 Regression:7185 -  paid amount is Zero - $ 0.00
[iOS_Ragav's 1 INFO ] 2023-11-20 12:07:44.047 Regression:7258 - Need to Pay AMount $ 11.16
[iOS_Ragav's 1 INFO ] 2023-11-20 12:07:45.236 Regression:7118 - Displayed - Card reader is not connected
[iOS_Ragav's 1 INFO ] 2023-11-20 12:07:45.251 Regression:7152 - Amount for Sale - 1.22
[iOS_Ragav's 1 INFO ] 2023-11-20 12:07:45.252 Regression:7155 - Calculation check total - 1.16
[iOS_Ragav's 1 INFO ] 2023-11-20 12:07:45.252 Regression:7156 - Calculation service charge - 0.06
[iOS_Ragav's 1 INFO ] 2023-11-20 12:07:45.252 Regression:7157 - Calculation tipValue - 10.00
[iOS_Ragav's 1 INFO ] 2023-11-20 12:07:45.252 Regression:7158 - Calculation PayAmount - 11.16
[iOS_Ragav's 1 INFO ] 2023-11-20 12:07:45.253 Regression:7161 - Calculation Pay Amount is Same With the Card details Screen Pay amount - 11.16
[iOS_Ragav's 1 INFO ] 2023-11-20 12:07:45.258 BasePage:301 - Tapped Manual Button
[iOS_Ragav's 1 INFO ] 2023-11-20 12:07:56.646 BasePage:301 - Tapped Process Button
[iOS_Ragav's 1 INFO ] 2023-11-20 12:08:03.487 PaymentWindow:1364 - Displayed Popup as - Do you want to tokenize your card?
[iOS_Ragav's 1 INFO ] 2023-11-20 12:08:04.265 BasePage:301 - Selected YES Button
[iOS_Ragav's 1 INFO ] 2023-11-20 12:08:05.137 BasePage:301 - Tapped Ok Button on the Popup
[iOS_Ragav's 1 INFO ] 2023-11-20 12:08:07.389 BasePage:301 - Submit button is tapped
[iOS_Ragav's 1 INFO ] 2023-11-20 12:08:09.180 BasePage:301 - Tapped QSR button
[iOS_Ragav's 1 INFO ] 2023-11-20 12:08:11.461 BasePage:301 - Order type selection is cancelled.
[iOS_Ragav's 1 INFO ] 2023-11-20 12:08:19.479 OrderManagementScreen:1530 - 48-010
[iOS_Ragav's 1 INFO ] 2023-11-20 12:08:19.490 BasePage:301 - customer list is opened
[iOS_Ragav's 1 INFO ] 2023-11-20 12:08:51.852 PaymentWindow:1385 - Existing customer As - tLOaojADwwY
[iOS_Ragav's 1 INFO ] 2023-11-20 12:08:52.883 BasePage:301 - Selected Existing customer as - tLOaoj ADwwY
[iOS_Ragav's 1 INFO ] 2023-11-20 12:08:54.089 PaymentWindow:1391 - Customer name splited - [tLOaoj, ADwwY]
[iOS_Ragav's 1 INFO ] 2023-11-20 12:08:56.344 BasePage:301 - Selected name as - tLOaoj A
[iOS_Ragav's 1 INFO ] 2023-11-20 12:08:57.965 BasePage:293 - Customer profile window is displayed - Customer Profile
[iOS_Ragav's 1 INFO ] 2023-11-20 12:09:01.031 PaymentWindow:1408 - First Name of customer profile screen is SAME with existing customer first name - tLOaoj
[iOS_Ragav's 1 INFO ] 2023-11-20 12:09:02.969 PaymentWindow:1412 - Last Name of customer profile screen is SAME with existing customer last name - ADwwY
[iOS_Ragav's 1 INFO ] 2023-11-20 12:09:04.044 PaymentWindow:1416 - Phone Number of customer profile screen is SAME with existing customer Phone number - 3063752113
[iOS_Ragav's 1 INFO ] 2023-11-20 12:09:05.498 PaymentWindow:1419 - Email from the customer details screen 
[iOS_Ragav's 1 INFO ] 2023-11-20 12:09:10.815 BasePage:301 - Selected Credit card button on the customer profile screen
[iOS_Ragav's 1 INFO ] 2023-11-20 12:09:12.852 PaymentWindow:1462 - List of credit card - 1
[iOS_Ragav's 1 INFO ] 2023-11-20 12:09:14.566 PaymentWindow:1468 - Credit card for the customer - 4111*****1111
[iOS_Ragav's 1 INFO ] 2023-11-20 12:09:16.992 PaymentWindow:1492 - List of credit card - 1
[iOS_Ragav's 1 INFO ] 2023-11-20 12:09:17.871 PaymentWindow:1497 - Credit card for the customer Crypted - 4111*****1111
[iOS_Ragav's 1 INFO ] 2023-11-20 12:09:17.874 PaymentWindow:1499 - Length of the Card Number 13
[iOS_Ragav's 1 INFO ] 2023-11-20 12:09:17.874 PaymentWindow:1501 - Size of the Card Number 9
[iOS_Ragav's 1 INFO ] 2023-11-20 12:09:17.874 PaymentWindow:1504 - Encrypted Card Number - *
[iOS_Ragav's 1 INFO ] 2023-11-20 12:09:17.874 PaymentWindow:1504 - Encrypted Card Number - *
[iOS_Ragav's 1 INFO ] 2023-11-20 12:09:17.875 PaymentWindow:1504 - Encrypted Card Number - *
[iOS_Ragav's 1 INFO ] 2023-11-20 12:09:17.875 PaymentWindow:1504 - Encrypted Card Number - *
[iOS_Ragav's 1 INFO ] 2023-11-20 12:09:17.875 PaymentWindow:1510 - Expected Encrypted Credit card Number - 1111
[iOS_Ragav's 1 INFO ] 2023-11-20 12:09:17.875 PaymentWindow:1512 - Actual Encrypted Credit card Number - 1111
[iOS_Ragav's 1 INFO ] 2023-11-20 12:09:17.875 PaymentWindow:1515 - Credit card for the customer in Encrypted - 4111*****1111
[iOS_Ragav's 1 INFO ] 2023-11-20 12:09:20.752 BasePage:301 - Selected Add Button of the credit card
[iOS_Ragav's 1 INFO ] 2023-11-20 12:09:22.203 BasePage:301 - Seen Add Card Popup
[iOS_Ragav's 1 INFO ] 2023-11-20 12:09:25.905 PaymentWindow:1540 - Card Number as - 3530111333300000
[iOS_Ragav's 1 INFO ] 2023-11-20 12:09:28.752 PaymentWindow:1544 - Expiry Date - 1224
[iOS_Ragav's 1 INFO ] 2023-11-20 12:09:28.867 BasePage:301 - Keyboard hidden.
[iOS_Ragav's 1 INFO ] 2023-11-20 12:09:32.007 BasePage:301 - Selected Process Token Button
[iOS_Ragav's 1 INFO ] 2023-11-20 12:09:33.433 BasePage:301 - Selected Credit card button on the customer profile screen
[iOS_Ragav's 1 INFO ] 2023-11-20 12:09:35.024 PaymentWindow:1560 - List of credit card - 2
[iOS_Ragav's 1 INFO ] 2023-11-20 12:09:36.028 PaymentWindow:1566 - Length of the Card Number 14
[iOS_Ragav's 1 INFO ] 2023-11-20 12:09:36.044 PaymentWindow:1568 - Size of the Card Number 10
[iOS_Ragav's 1 INFO ] 2023-11-20 12:09:36.045 PaymentWindow:1571 - Encrypted Card Number - *
[iOS_Ragav's 1 INFO ] 2023-11-20 12:09:36.045 PaymentWindow:1571 - Encrypted Card Number - *
[iOS_Ragav's 1 INFO ] 2023-11-20 12:09:36.045 PaymentWindow:1571 - Encrypted Card Number - *
[iOS_Ragav's 1 INFO ] 2023-11-20 12:09:36.045 PaymentWindow:1571 - Encrypted Card Number - *
[iOS_Ragav's 1 INFO ] 2023-11-20 12:09:36.045 PaymentWindow:1571 - Encrypted Card Number - *
[iOS_Ragav's 1 INFO ] 2023-11-20 12:09:36.045 PaymentWindow:1571 - Encrypted Card Number - *
[iOS_Ragav's 1 INFO ] 2023-11-20 12:09:36.046 PaymentWindow:1571 - Encrypted Card Number - *
[iOS_Ragav's 1 INFO ] 2023-11-20 12:09:36.046 PaymentWindow:1571 - Encrypted Card Number - *
[iOS_Ragav's 1 INFO ] 2023-11-20 12:09:36.046 PaymentWindow:1571 - Encrypted Card Number - *
[iOS_Ragav's 1 INFO ] 2023-11-20 12:09:36.046 PaymentWindow:1571 - Encrypted Card Number - *
[iOS_Ragav's 1 INFO ] 2023-11-20 12:09:36.047 PaymentWindow:1577 - Expected Encrypted Credit card Number - 0000
[iOS_Ragav's 1 INFO ] 2023-11-20 12:09:36.047 PaymentWindow:1579 - Actual Encrypted Credit card Number - 0000
[iOS_Ragav's 1 INFO ] 2023-11-20 12:09:36.047 PaymentWindow:1584 - Newly Credit card for the customer is Encrypted- **********0000
[iOS_Ragav's 1 INFO ] 2023-11-20 12:09:36.073 BasePage:301 - pressed Save button
[iOS_Ragav's 1 INFO ] 2023-11-20 12:09:39.818 BasePage:301 - Tapped All button
[iOS_Ragav's 1 INFO ] 2023-11-20 12:09:42.098 BasePage:66 - Power button is clicked
[iOS_Ragav's 1 INFO ] 2023-11-20 12:09:43.134 BasePage:301 - Tapped pin 1
[iOS_Ragav's 1 INFO ] 2023-11-20 12:09:44.107 BasePage:301 - Tapped pin 2
[iOS_Ragav's 1 INFO ] 2023-11-20 12:09:44.789 BasePage:301 - Tapped pin 3
[iOS_Ragav's 1 INFO ] 2023-11-20 12:09:46.767 BasePage:301 - Tapped pin 4
[iOS_Ragav's 1 INFO ] 2023-11-20 12:09:48.768 BasePage:301 - Tapped Login.
[iOS_Ragav's 1 INFO ] 2023-11-20 12:09:51.259 BasePage:301 - Order type selection is cancelled.
[iOS_Ragav's 1 INFO ] 2023-11-20 12:09:52.321 BasePage:301 - Order type combo is pressed
[iOS_Ragav's 1 INFO ] 2023-11-20 12:09:54.480 BasePage:301 - Selected - Bar Tab
[iOS_Ragav's 1 INFO ] 2023-11-20 12:09:55.153 BasePage:301 - Exit Button is tapped
[iOS_Ragav's 1 INFO ] 2023-11-20 12:09:56.735 BasePage:301 - customer list is opened
[iOS_Ragav's 1 INFO ] 2023-11-20 12:09:57.744 BasePage:301 - Tapped Add New Button
[iOS_Ragav's 1 INFO ] 2023-11-20 12:10:07.375 BasePage:293 - Customer profile window is displayed - Customer Profile
[iOS_Ragav's 1 INFO ] 2023-11-20 12:10:11.151 PaymentWindow:781 - First Name - spGOos
[iOS_Ragav's 1 INFO ] 2023-11-20 12:10:15.325 PaymentWindow:786 - Last name - TEsYX
[iOS_Ragav's 1 INFO ] 2023-11-20 12:10:15.329 PaymentWindow:790 - Mobile Number - 6456523651
[iOS_Ragav's 1 INFO ] 2023-11-20 12:10:15.330 BasePage:301 - Tapped Add button for Enter Mobile Number
[iOS_Ragav's 1 INFO ] 2023-11-20 12:10:18.966 BasePage:301 - Tapped Save button
[iOS_Ragav's 1 INFO ] 2023-11-20 12:10:29.052 BasePage:301 - Selected Phone number field on the customer profile screen
[iOS_Ragav's 1 INFO ] 2023-11-20 12:10:30.555 PaymentWindow:1685 - Customer has Mobile number - 6456523651
[iOS_Ragav's 1 INFO ] 2023-11-20 12:10:30.578 BasePage:301 - pressed Save button
[iOS_Ragav's 1 INFO ] 2023-11-20 12:10:37.181 OrderManagementScreen:1530 - 48-010
[iOS_Ragav's 1 INFO ] 2023-11-20 12:10:37.210 BasePage:301 - the rest of the categories is listed
[iOS_Ragav's 1 INFO ] 2023-11-20 12:10:40.505 BasePage:301 -  Selected Category as - FOOD
[iOS_Ragav's 1 INFO ] 2023-11-20 12:10:41.839 BasePage:301 - SANDWICHES selected
[iOS_Ragav's 1 INFO ] 2023-11-20 12:10:43.359 OrderManagementScreen:740 - Subtotal Value is - $ 1.00
[iOS_Ragav's 1 INFO ] 2023-11-20 12:10:44.326 OrderManagementScreen:882 - Tax Value is - $ 0.10
[iOS_Ragav's 1 INFO ] 2023-11-20 12:10:45.312 OrderManagementScreen:941 - Total Value is SAME - $ 1.16
[iOS_Ragav's 1 INFO ] 2023-11-20 12:10:45.314 BasePage:301 - Payment button is tapped
[iOS_Ragav's 1 INFO ] 2023-11-20 12:10:48.570 BasePage:301 - Tapped Mppg Auth Payment
[iOS_Ragav's 1 INFO ] 2023-11-20 12:10:50.709 Regression:7273 - Tip Screen is displayed
[iOS_Ragav's 1 INFO ] 2023-11-20 12:10:54.283 Regression:7281 - Tip Amount - $ 10.00
[iOS_Ragav's 1 INFO ] 2023-11-20 12:10:54.430 BasePage:301 - Selected TIP as - $ 10.00
[iOS_Ragav's 1 INFO ] 2023-11-20 12:10:55.308 BasePage:301 - Tapped Continue Button
[iOS_Ragav's 1 INFO ] 2023-11-20 12:10:57.491 Regression:7198 - Card Details Entry Screen - Your Order
[iOS_Ragav's 1 INFO ] 2023-11-20 12:10:58.310 Regression:7204 - Subtotal Value Same With Card Details Screen - $ 1.00
[iOS_Ragav's 1 INFO ] 2023-11-20 12:10:59.466 Regression:7207 - Tax Value Same With Card Details Screen - $ 0.10
[iOS_Ragav's 1 INFO ] 2023-11-20 12:11:00.289 Regression:7210 - Service Charge - $ 0.06
[iOS_Ragav's 1 INFO ] 2023-11-20 12:11:01.141 Regression:7213 - Total Value Same With Card Details Screen - $ 1.16
[iOS_Ragav's 1 INFO ] 2023-11-20 12:11:02.015 Regression:7192 - Tip Value Same With Card Details Screen - $ 10.00
[iOS_Ragav's 1 INFO ] 2023-11-20 12:11:02.983 Regression:7185 -  paid amount is Zero - $ 0.00
[iOS_Ragav's 1 INFO ] 2023-11-20 12:11:03.630 Regression:7258 - Need to Pay AMount $ 11.16
[iOS_Ragav's 1 INFO ] 2023-11-20 12:11:04.890 Regression:7118 - Displayed - Card reader is not connected
[iOS_Ragav's 1 INFO ] 2023-11-20 12:11:04.922 Regression:7152 - Amount for Sale - 1.22
[iOS_Ragav's 1 INFO ] 2023-11-20 12:11:04.923 Regression:7155 - Calculation check total - 1.16
[iOS_Ragav's 1 INFO ] 2023-11-20 12:11:04.923 Regression:7156 - Calculation service charge - 0.06
[iOS_Ragav's 1 INFO ] 2023-11-20 12:11:04.923 Regression:7157 - Calculation tipValue - 10.00
[iOS_Ragav's 1 INFO ] 2023-11-20 12:11:04.923 Regression:7158 - Calculation PayAmount - 11.16
[iOS_Ragav's 1 INFO ] 2023-11-20 12:11:04.923 Regression:7161 - Calculation Pay Amount is Same With the Card details Screen Pay amount - 11.16
[iOS_Ragav's 1 INFO ] 2023-11-20 12:11:04.924 BasePage:301 - Tapped Manual Button
[iOS_Ragav's 1 INFO ] 2023-11-20 12:11:18.923 BasePage:301 - Tapped Process Button
[iOS_Ragav's 1 INFO ] 2023-11-20 12:11:24.480 PaymentWindow:1364 - Displayed Popup as - Do you want to tokenize your card?
[iOS_Ragav's 1 INFO ] 2023-11-20 12:11:25.154 BasePage:301 - Selected YES Button
[iOS_Ragav's 1 INFO ] 2023-11-20 12:11:25.914 BasePage:301 - Tapped Ok Button on the Popup
[iOS_Ragav's 1 INFO ] 2023-11-20 12:11:28.116 BasePage:301 - Submit button is tapped
[iOS_Ragav's 1 INFO ] 2023-11-20 12:11:29.965 BasePage:301 - Tapped QSR button
[iOS_Ragav's 1 INFO ] 2023-11-20 12:11:32.122 BasePage:301 - Order type selection is cancelled.
[iOS_Ragav's 1 INFO ] 2023-11-20 12:11:33.272 BasePage:301 - Order type combo is pressed
[iOS_Ragav's 1 INFO ] 2023-11-20 12:11:36.883 BasePage:301 - Selected - Bar Tab
[iOS_Ragav's 1 INFO ] 2023-11-20 12:11:37.553 BasePage:301 - Exit Button is tapped
[iOS_Ragav's 1 INFO ] 2023-11-20 12:11:45.926 OrderManagementScreen:1530 - 48-011
[iOS_Ragav's 1 INFO ] 2023-11-20 12:11:45.929 BasePage:301 - customer list is opened
[iOS_Ragav's 1 INFO ] 2023-11-20 12:12:19.084 PaymentWindow:1385 - Existing customer As - spGOosTEsYX
[iOS_Ragav's 1 INFO ] 2023-11-20 12:12:20.988 BasePage:301 - Selected Existing customer as - spGOos TEsYX
[iOS_Ragav's 1 INFO ] 2023-11-20 12:12:22.142 PaymentWindow:1391 - Customer name splited - [spGOos, TEsYX]
[iOS_Ragav's 1 INFO ] 2023-11-20 12:12:22.168 BasePage:301 - the rest of the categories is listed
[iOS_Ragav's 1 INFO ] 2023-11-20 12:12:23.843 BasePage:301 -  Selected Category as - FOOD
[iOS_Ragav's 1 INFO ] 2023-11-20 12:12:25.161 BasePage:301 - SANDWICHES selected
[iOS_Ragav's 1 INFO ] 2023-11-20 12:12:26.673 OrderManagementScreen:740 - Subtotal Value is - $ 1.00
[iOS_Ragav's 1 INFO ] 2023-11-20 12:12:28.945 OrderManagementScreen:882 - Tax Value is - $ 0.10
[iOS_Ragav's 1 INFO ] 2023-11-20 12:12:31.516 OrderManagementScreen:932 - Cash Price Value is SAME - $ 1.10
[iOS_Ragav's 1 INFO ] 2023-11-20 12:12:31.519 BasePage:301 - Order button pressed - 
[iOS_Ragav's 1 INFO ] 2023-11-20 12:12:32.535 BasePage:301 - Print button is tapped
[iOS_Ragav's 1 INFO ] 2023-11-20 12:12:34.319 BasePage:293 - Receipt Printer is Displayed - Receipt Printer
[iOS_Ragav's 1 INFO ] 2023-11-20 12:12:34.320 BasePage:301 - Tapped Done Button on the Popup
[iOS_Ragav's 1 INFO ] 2023-11-20 12:12:35.400 BasePage:301 - Options button is tapped
[iOS_Ragav's 1 INFO ] 2023-11-20 12:12:37.523 BasePage:293 - Check Options title is - Check Options
[iOS_Ragav's 1 INFO ] 2023-11-20 12:12:37.524 BasePage:301 - Print button is tapped
[iOS_Ragav's 1 INFO ] 2023-11-20 12:12:39.317 BasePage:293 - Receipt Printer is Displayed - Receipt Printer
[iOS_Ragav's 1 INFO ] 2023-11-20 12:12:39.320 BasePage:301 - Tapped Done Button on the Popup
[iOS_Ragav's 1 INFO ] 2023-11-20 12:12:40.504 BasePage:301 - Payment button is tapped
[iOS_Ragav's 1 INFO ] 2023-11-20 12:12:45.267 BasePage:301 - Tapped Mppg Auth Payment
[iOS_Ragav's 1 INFO ] 2023-11-20 12:12:47.333 Regression:7273 - Tip Screen is displayed
[iOS_Ragav's 1 INFO ] 2023-11-20 12:12:50.866 Regression:7281 - Tip Amount - $ 10.00
[iOS_Ragav's 1 INFO ] 2023-11-20 12:12:51.015 BasePage:301 - Selected TIP as - $ 10.00
[iOS_Ragav's 1 INFO ] 2023-11-20 12:12:51.885 BasePage:301 - Tapped Continue Button
[iOS_Ragav's 1 INFO ] 2023-11-20 12:12:53.826 BasePage:293 - Choose card window is displayed - Choose Card
[iOS_Ragav's 1 INFO ] 2023-11-20 12:12:55.774 PaymentWindow:1651 - Length of the Card Number 13
[iOS_Ragav's 1 INFO ] 2023-11-20 12:12:55.775 PaymentWindow:1653 - Size of the Card Number 9
[iOS_Ragav's 1 INFO ] 2023-11-20 12:12:55.776 PaymentWindow:1658 - Not Encrypted Card Number - 4
[iOS_Ragav's 1 INFO ] 2023-11-20 12:12:55.777 PaymentWindow:1662 - Expected Encrypted Credit card Number - 1111
[iOS_Ragav's 1 INFO ] 2023-11-20 12:12:55.777 PaymentWindow:1664 - Actual Encrypted Credit card Number - 1111
[iOS_Ragav's 1 INFO ] 2023-11-20 12:12:57.539 BasePage:301 - Tapped credit card
[iOS_Ragav's 1 INFO ] 2023-11-20 12:12:58.121 BasePage:301 - Tapped Pay Button
[iOS_Ragav's 1 INFO ] 2023-11-20 12:12:59.479 BasePage:301 - Tapped Ok Button on the Popup
[iOS_Ragav's 1 INFO ] 2023-11-20 12:13:03.642 BasePage:301 - Submit button is tapped
[iOS_Ragav's 1 INFO ] 2023-11-20 12:13:06.337 BasePage:66 - Power button is clicked
[iOS_Ragav's 1 INFO ] 2023-11-20 12:13:07.347 BasePage:301 - Tapped pin 1
[iOS_Ragav's 1 INFO ] 2023-11-20 12:13:08.695 BasePage:301 - Tapped pin 2
[iOS_Ragav's 1 INFO ] 2023-11-20 12:13:10.644 BasePage:301 - Tapped pin 3
[iOS_Ragav's 1 INFO ] 2023-11-20 12:13:12.551 BasePage:301 - Tapped pin 4
[iOS_Ragav's 1 INFO ] 2023-11-20 12:13:14.507 BasePage:301 - Tapped Login.
[iOS_Ragav's 1 INFO ] 2023-11-20 12:13:17.072 BasePage:301 - Order type selection is cancelled.
[iOS_Ragav's 1 INFO ] 2023-11-20 12:13:18.193 BasePage:301 - Order type combo is pressed
[iOS_Ragav's 1 INFO ] 2023-11-20 12:13:21.840 BasePage:301 - Selected - Bar Tab
[iOS_Ragav's 1 INFO ] 2023-11-20 12:13:22.492 BasePage:301 - Exit Button is tapped
[iOS_Ragav's 1 INFO ] 2023-11-20 12:13:23.919 BasePage:301 - customer list is opened
[iOS_Ragav's 1 INFO ] 2023-11-20 12:13:25.059 BasePage:301 - Tapped Add New Button
[iOS_Ragav's 1 INFO ] 2023-11-20 12:13:34.577 BasePage:293 - Customer profile window is displayed - Customer Profile
[iOS_Ragav's 1 INFO ] 2023-11-20 12:13:37.654 PaymentWindow:781 - First Name - xktTep
[iOS_Ragav's 1 INFO ] 2023-11-20 12:13:40.151 PaymentWindow:786 - Last name - IPifz
[iOS_Ragav's 1 INFO ] 2023-11-20 12:13:40.152 PaymentWindow:790 - Mobile Number - 2641743310
[iOS_Ragav's 1 INFO ] 2023-11-20 12:13:40.152 BasePage:301 - Tapped Add button for Enter Mobile Number
[iOS_Ragav's 1 INFO ] 2023-11-20 12:13:45.771 BasePage:301 - Tapped Save button
[iOS_Ragav's 1 INFO ] 2023-11-20 12:13:52.284 BasePage:301 - Selected Phone number field on the customer profile screen
[iOS_Ragav's 1 INFO ] 2023-11-20 12:13:53.519 PaymentWindow:1685 - Customer has Mobile number - 2641743310
[iOS_Ragav's 1 INFO ] 2023-11-20 12:13:53.528 BasePage:301 - pressed Save button
[iOS_Ragav's 1 INFO ] 2023-11-20 12:13:58.255 OrderManagementScreen:1530 - 48-012
[iOS_Ragav's 1 INFO ] 2023-11-20 12:13:58.299 BasePage:301 - the rest of the categories is listed
[iOS_Ragav's 1 INFO ] 2023-11-20 12:14:01.708 BasePage:301 -  Selected Category as - FOOD
[iOS_Ragav's 1 INFO ] 2023-11-20 12:14:03.089 BasePage:301 - SANDWICHES selected
[iOS_Ragav's 1 INFO ] 2023-11-20 12:14:04.635 OrderManagementScreen:740 - Subtotal Value is - $ 1.00
[iOS_Ragav's 1 INFO ] 2023-11-20 12:14:05.560 OrderManagementScreen:882 - Tax Value is - $ 0.10
[iOS_Ragav's 1 INFO ] 2023-11-20 12:14:06.714 OrderManagementScreen:941 - Total Value is SAME - $ 1.16
[iOS_Ragav's 1 INFO ] 2023-11-20 12:14:06.716 BasePage:301 - Payment button is tapped
[iOS_Ragav's 1 INFO ] 2023-11-20 12:14:10.233 BasePage:301 - Tapped Mppg Auth Payment
[iOS_Ragav's 1 INFO ] 2023-11-20 12:14:12.446 Regression:7273 - Tip Screen is displayed
[iOS_Ragav's 1 INFO ] 2023-11-20 12:14:16.036 Regression:7281 - Tip Amount - $ 10.00
[iOS_Ragav's 1 INFO ] 2023-11-20 12:14:16.197 BasePage:301 - Selected TIP as - $ 10.00
[iOS_Ragav's 1 INFO ] 2023-11-20 12:14:17.085 BasePage:301 - Tapped Continue Button
[iOS_Ragav's 1 INFO ] 2023-11-20 12:14:18.684 Regression:7198 - Card Details Entry Screen - Your Order
[iOS_Ragav's 1 INFO ] 2023-11-20 12:14:19.463 Regression:7204 - Subtotal Value Same With Card Details Screen - $ 1.00
[iOS_Ragav's 1 INFO ] 2023-11-20 12:14:20.540 Regression:7207 - Tax Value Same With Card Details Screen - $ 0.10
[iOS_Ragav's 1 INFO ] 2023-11-20 12:14:21.344 Regression:7210 - Service Charge - $ 0.06
[iOS_Ragav's 1 INFO ] 2023-11-20 12:14:22.121 Regression:7213 - Total Value Same With Card Details Screen - $ 1.16
[iOS_Ragav's 1 INFO ] 2023-11-20 12:14:22.972 Regression:7192 - Tip Value Same With Card Details Screen - $ 10.00
[iOS_Ragav's 1 INFO ] 2023-11-20 12:14:23.801 Regression:7185 -  paid amount is Zero - $ 0.00
[iOS_Ragav's 1 INFO ] 2023-11-20 12:14:24.509 Regression:7258 - Need to Pay AMount $ 11.16
[iOS_Ragav's 1 INFO ] 2023-11-20 12:14:25.547 Regression:7118 - Displayed - Card reader is not connected
[iOS_Ragav's 1 INFO ] 2023-11-20 12:14:25.552 Regression:7152 - Amount for Sale - 1.22
[iOS_Ragav's 1 INFO ] 2023-11-20 12:14:25.552 Regression:7155 - Calculation check total - 1.16
[iOS_Ragav's 1 INFO ] 2023-11-20 12:14:25.552 Regression:7156 - Calculation service charge - 0.06
[iOS_Ragav's 1 INFO ] 2023-11-20 12:14:25.552 Regression:7157 - Calculation tipValue - 10.00
[iOS_Ragav's 1 INFO ] 2023-11-20 12:14:25.556 Regression:7158 - Calculation PayAmount - 11.16
[iOS_Ragav's 1 INFO ] 2023-11-20 12:14:25.556 Regression:7161 - Calculation Pay Amount is Same With the Card details Screen Pay amount - 11.16
[iOS_Ragav's 1 INFO ] 2023-11-20 12:14:25.560 BasePage:301 - Tapped Manual Button
[iOS_Ragav's 1 INFO ] 2023-11-20 12:14:36.678 BasePage:301 - Tapped Process Button
[iOS_Ragav's 1 INFO ] 2023-11-20 12:14:42.664 PaymentWindow:1364 - Displayed Popup as - Do you want to tokenize your card?
[iOS_Ragav's 1 INFO ] 2023-11-20 12:14:43.314 BasePage:301 - Selected YES Button
[iOS_Ragav's 1 INFO ] 2023-11-20 12:14:44.065 BasePage:301 - Tapped Ok Button on the Popup
[iOS_Ragav's 1 INFO ] 2023-11-20 12:14:46.535 BasePage:301 - Submit button is tapped
[iOS_Ragav's 1 INFO ] 2023-11-20 12:14:48.327 BasePage:301 - Tapped QSR button
[iOS_Ragav's 1 INFO ] 2023-11-20 12:14:50.407 BasePage:301 - Order type selection is cancelled.
[iOS_Ragav's 1 INFO ] 2023-11-20 12:14:51.439 BasePage:301 - Tapped the settings button
[iOS_Ragav's 1 INFO ] 2023-11-20 12:14:52.357 BasePage:301 -  Tapped Batch/Tip Adjustment Button
[iOS_Ragav's 1 INFO ] 2023-11-20 12:14:58.453 TableLayOutScreen:1320 - List of device - 8
[iOS_Ragav's 1 INFO ] 2023-11-20 12:14:58.988 BasePage:301 - MPPG AUTH device is selected - MPPG Auth
[iOS_Ragav's 1 INFO ] 2023-11-20 12:15:01.333 TableLayOutScreen:1302 - Batch Check count - 6
[iOS_Ragav's 1 INFO ] 2023-11-20 12:15:02.363 BasePage:301 - Keyboard hidden.
[iOS_Ragav's 1 INFO ] 2023-11-20 12:15:04.916 PaymentWindow:1606 - Length of the Card Number 14
[iOS_Ragav's 1 INFO ] 2023-11-20 12:15:04.916 PaymentWindow:1608 - Size of the Card Number 10
[iOS_Ragav's 1 INFO ] 2023-11-20 12:15:04.917 PaymentWindow:1611 - Encrypted Card Number - *
[iOS_Ragav's 1 INFO ] 2023-11-20 12:15:04.917 PaymentWindow:1611 - Encrypted Card Number - *
[iOS_Ragav's 1 INFO ] 2023-11-20 12:15:04.917 PaymentWindow:1611 - Encrypted Card Number - *
[iOS_Ragav's 1 INFO ] 2023-11-20 12:15:04.917 PaymentWindow:1611 - Encrypted Card Number - *
[iOS_Ragav's 1 INFO ] 2023-11-20 12:15:04.917 PaymentWindow:1611 - Encrypted Card Number - *
[iOS_Ragav's 1 INFO ] 2023-11-20 12:15:04.917 PaymentWindow:1611 - Encrypted Card Number - *
[iOS_Ragav's 1 INFO ] 2023-11-20 12:15:04.918 PaymentWindow:1611 - Encrypted Card Number - *
[iOS_Ragav's 1 INFO ] 2023-11-20 12:15:04.918 PaymentWindow:1611 - Encrypted Card Number - *
[iOS_Ragav's 1 INFO ] 2023-11-20 12:15:04.918 PaymentWindow:1611 - Encrypted Card Number - *
[iOS_Ragav's 1 INFO ] 2023-11-20 12:15:04.918 PaymentWindow:1611 - Encrypted Card Number - *
[iOS_Ragav's 1 INFO ] 2023-11-20 12:15:04.918 PaymentWindow:1617 - Expected Encrypted Credit card Number - 1111
[iOS_Ragav's 1 INFO ] 2023-11-20 12:15:04.919 PaymentWindow:1619 - Actual Encrypted Credit card Number - 1111
[iOS_Ragav's 1 INFO ] 2023-11-20 12:15:05.262 BasePage:66 - Power button is clicked
[iOS_Ragav's 1 INFO ] 2023-11-20 19:13:19.237 ServerManager:22 - starting appium server...
[iOS_Ragav's 1 INFO ] 2023-11-20 19:13:20.295 ServerManager:31 - Appium server started...
[iOS_Ragav's 1 INFO ] 2023-11-20 19:13:20.302 DriverManager:29 - initializing Appium driver
[iOS_Ragav's 1 INFO ] 2023-11-20 19:13:20.311 PropertyManager:17 - loading config properties
[iOS_Ragav's 1 INFO ] 2023-11-20 19:13:20.312 CapabilitiesManager:18 - getting capabilities...
[iOS_Ragav's 1 INFO ] 2023-11-20 19:13:46.612 ServerManager:22 - starting appium server...
[iOS_Ragav's 1 INFO ] 2023-11-20 19:13:48.781 ServerManager:31 - Appium server started...
[iOS_Ragav's 1 INFO ] 2023-11-20 19:13:48.791 DriverManager:29 - initializing Appium driver
[iOS_Ragav's 1 INFO ] 2023-11-20 19:13:48.803 PropertyManager:17 - loading config properties
[iOS_Ragav's 1 INFO ] 2023-11-20 19:13:48.804 CapabilitiesManager:18 - getting capabilities...
[iOS_Ragav's 1 INFO ] 2023-11-20 19:14:43.888 ServerManager:22 - starting appium server...
[iOS_Ragav's 1 INFO ] 2023-11-20 19:14:44.999 ServerManager:31 - Appium server started...
[iOS_Ragav's 1 INFO ] 2023-11-20 19:14:45.009 DriverManager:29 - initializing Appium driver
[iOS_Ragav's 1 INFO ] 2023-11-20 19:14:45.028 PropertyManager:17 - loading config properties
[iOS_Ragav's 1 INFO ] 2023-11-20 19:14:45.029 CapabilitiesManager:18 - getting capabilities...
[iOS_Ragav's 1 INFO ] 2023-11-20 19:15:03.033 DriverManager:42 - Driver is initialized
[iOS_Ragav's 1 INFO ] 2023-11-20 19:15:03.035 Hooks:52 - Start Scenario Name : LIN-22815 - Allow to save more that 140 characters in customer notes after alert message in customer profile.
[iOS_Ragav's 1 INFO ] 2023-11-20 19:15:03.163 BasePage:301 - Tapped pin 1
[iOS_Ragav's 1 INFO ] 2023-11-20 19:15:03.738 BasePage:301 - Tapped pin 2
[iOS_Ragav's 1 INFO ] 2023-11-20 19:15:04.172 BasePage:301 - Tapped pin 3
[iOS_Ragav's 1 INFO ] 2023-11-20 19:15:04.612 BasePage:301 - Tapped pin 4
[iOS_Ragav's 1 INFO ] 2023-11-20 19:15:05.070 BasePage:301 - Tapped Login.
[iOS_Ragav's 1 INFO ] 2023-11-20 19:15:07.038 BasePage:301 - Order type selection is cancelled.
[iOS_Ragav's 1 INFO ] 2023-11-20 19:15:07.828 BasePage:301 - customer list is opened
[iOS_Ragav's 1 INFO ] 2023-11-20 19:15:08.542 BasePage:301 - Tapped Add New Button
[iOS_Ragav's 1 INFO ] 2023-11-20 19:15:14.053 BasePage:293 - Customer profile window is displayed - Customer Profile
[iOS_Ragav's 1 INFO ] 2023-11-20 19:15:23.149 Hooks:70 - Failed Scenario Name : LIN-22815 - Allow to save more that 140 characters in customer notes after alert message in customer profile.
[iOS_Ragav's 1 INFO ] 2023-11-20 19:16:36.440 ServerManager:22 - starting appium server...
[iOS_Ragav's 1 INFO ] 2023-11-20 19:16:37.486 ServerManager:31 - Appium server started...
[iOS_Ragav's 1 INFO ] 2023-11-20 19:16:37.493 DriverManager:29 - initializing Appium driver
[iOS_Ragav's 1 INFO ] 2023-11-20 19:16:37.516 PropertyManager:17 - loading config properties
[iOS_Ragav's 1 INFO ] 2023-11-20 19:16:37.517 CapabilitiesManager:18 - getting capabilities...
[iOS_Ragav's 1 INFO ] 2023-11-20 19:16:54.038 DriverManager:42 - Driver is initialized
[iOS_Ragav's 1 INFO ] 2023-11-20 19:16:54.039 Hooks:52 - Start Scenario Name : LIN-22815 - Allow to save more that 140 characters in customer notes after alert message in customer profile.
[iOS_Ragav's 1 INFO ] 2023-11-20 19:16:54.172 BasePage:301 - Tapped pin 1
[iOS_Ragav's 1 INFO ] 2023-11-20 19:16:54.776 BasePage:301 - Tapped pin 2
[iOS_Ragav's 1 INFO ] 2023-11-20 19:16:55.209 BasePage:301 - Tapped pin 3
[iOS_Ragav's 1 INFO ] 2023-11-20 19:16:55.608 BasePage:301 - Tapped pin 4
[iOS_Ragav's 1 INFO ] 2023-11-20 19:16:56.029 BasePage:301 - Tapped Login.
[iOS_Ragav's 1 INFO ] 2023-11-20 19:16:57.979 BasePage:301 - Order type selection is cancelled.
[iOS_Ragav's 1 INFO ] 2023-11-20 19:16:58.728 BasePage:301 - customer list is opened
[iOS_Ragav's 1 INFO ] 2023-11-20 19:16:59.438 BasePage:301 - Tapped Add New Button
[iOS_Ragav's 1 INFO ] 2023-11-20 19:17:04.970 BasePage:293 - Customer profile window is displayed - Customer Profile
[iOS_Ragav's 1 INFO ] 2023-11-20 19:17:05.971 PaymentWindow:790 - First Name - mSWXTo
[iOS_Ragav's 1 INFO ] 2023-11-20 19:17:06.992 PaymentWindow:795 - Last name - bVITp
[iOS_Ragav's 1 INFO ] 2023-11-20 19:17:06.993 PaymentWindow:799 - Mobile Number - 3722211069
[iOS_Ragav's 1 INFO ] 2023-11-20 19:17:06.993 BasePage:301 - Tapped Add button for Enter Mobile Number
[iOS_Ragav's 1 INFO ] 2023-11-20 19:17:08.703 BasePage:301 - Tapped Save button
[iOS_Ragav's 1 INFO ] 2023-11-20 19:17:10.329 BasePage:301 - Selected Add 
[iOS_Ragav's 1 INFO ] 2023-11-20 19:17:11.554 BasePage:301 - Selected Enter Address
[iOS_Ragav's 1 INFO ] 2023-11-20 19:17:11.798 BasePage:301 - Keyboard hidden.
[iOS_Ragav's 1 INFO ] 2023-11-20 19:17:15.320 BasePage:301 - Selected Save Btn
[iOS_Ragav's 1 INFO ] 2023-11-20 19:17:32.047 BasePage:301 - Keyboard hidden.
[iOS_Ragav's 1 INFO ] 2023-11-20 19:17:33.169 BasePage:301 - pressed Save button
[iOS_Ragav's 1 INFO ] 2023-11-20 19:18:35.294 ServerManager:22 - starting appium server...
[iOS_Ragav's 1 INFO ] 2023-11-20 19:18:36.342 ServerManager:31 - Appium server started...
[iOS_Ragav's 1 INFO ] 2023-11-20 19:18:36.348 DriverManager:29 - initializing Appium driver
[iOS_Ragav's 1 INFO ] 2023-11-20 19:18:36.361 PropertyManager:17 - loading config properties
[iOS_Ragav's 1 INFO ] 2023-11-20 19:18:36.362 CapabilitiesManager:18 - getting capabilities...
[iOS_Ragav's 1 INFO ] 2023-11-20 19:21:56.278 ServerManager:22 - starting appium server...
[iOS_Ragav's 1 INFO ] 2023-11-20 19:21:57.323 ServerManager:31 - Appium server started...
[iOS_Ragav's 1 INFO ] 2023-11-20 19:21:57.330 DriverManager:29 - initializing Appium driver
[iOS_Ragav's 1 INFO ] 2023-11-20 19:21:57.350 PropertyManager:17 - loading config properties
[iOS_Ragav's 1 INFO ] 2023-11-20 19:21:57.351 CapabilitiesManager:18 - getting capabilities...
[iOS_Ragav's 1 INFO ] 2023-11-20 19:23:50.099 ServerManager:22 - starting appium server...
[iOS_Ragav's 1 INFO ] 2023-11-20 19:23:51.138 ServerManager:31 - Appium server started...
[iOS_Ragav's 1 INFO ] 2023-11-20 19:23:51.149 DriverManager:29 - initializing Appium driver
[iOS_Ragav's 1 INFO ] 2023-11-20 19:23:51.172 PropertyManager:17 - loading config properties
[iOS_Ragav's 1 INFO ] 2023-11-20 19:23:51.173 CapabilitiesManager:18 - getting capabilities...
[iOS_Ragav's 1 INFO ] 2023-11-20 19:24:05.932 ServerManager:22 - starting appium server...
[iOS_Ragav's 1 INFO ] 2023-11-20 19:24:06.641 ServerManager:31 - Appium server started...
[iOS_Ragav's 1 INFO ] 2023-11-20 19:24:06.648 DriverManager:29 - initializing Appium driver
[iOS_Ragav's 1 INFO ] 2023-11-20 19:24:06.662 PropertyManager:17 - loading config properties
[iOS_Ragav's 1 INFO ] 2023-11-20 19:24:06.663 CapabilitiesManager:18 - getting capabilities...
[iOS_Ragav's 1 INFO ] 2023-11-20 19:24:24.555 DriverManager:42 - Driver is initialized
[iOS_Ragav's 1 INFO ] 2023-11-20 19:24:24.556 Hooks:52 - Start Scenario Name : LIN-22815 - Allow to save more that 140 characters in customer notes after alert message in customer profile.
[iOS_Ragav's 1 INFO ] 2023-11-20 19:24:24.686 BasePage:301 - Tapped pin 1
[iOS_Ragav's 1 INFO ] 2023-11-20 19:24:25.248 BasePage:301 - Tapped pin 2
[iOS_Ragav's 1 INFO ] 2023-11-20 19:24:25.716 BasePage:301 - Tapped pin 3
[iOS_Ragav's 1 INFO ] 2023-11-20 19:24:26.148 BasePage:301 - Tapped pin 4
[iOS_Ragav's 1 INFO ] 2023-11-20 19:24:26.547 BasePage:301 - Tapped Login.
[iOS_Ragav's 1 INFO ] 2023-11-20 19:24:28.482 BasePage:301 - Order type selection is cancelled.
[iOS_Ragav's 1 INFO ] 2023-11-20 19:24:29.232 BasePage:301 - customer list is opened
[iOS_Ragav's 1 INFO ] 2023-11-20 19:24:29.918 BasePage:301 - Tapped Add New Button
[iOS_Ragav's 1 INFO ] 2023-11-20 19:24:35.525 BasePage:293 - Customer profile window is displayed - Customer Profile
[iOS_Ragav's 1 INFO ] 2023-11-20 19:24:36.642 PaymentWindow:790 - First Name - NcUptW
[iOS_Ragav's 1 INFO ] 2023-11-20 19:24:37.654 PaymentWindow:795 - Last name - bHWrp
[iOS_Ragav's 1 INFO ] 2023-11-20 19:24:37.655 PaymentWindow:799 - Mobile Number - 6306135999
[iOS_Ragav's 1 INFO ] 2023-11-20 19:24:37.656 BasePage:301 - Tapped Add button for Enter Mobile Number
[iOS_Ragav's 1 INFO ] 2023-11-20 19:24:54.929 BasePage:301 - Tapped Save button
[iOS_Ragav's 1 INFO ] 2023-11-20 19:24:56.582 BasePage:301 - Selected Add 
[iOS_Ragav's 1 INFO ] 2023-11-20 19:24:57.885 BasePage:301 - Selected Enter Address
[iOS_Ragav's 1 INFO ] 2023-11-20 19:24:59.791 BasePage:301 - Keyboard hidden.
[iOS_Ragav's 1 INFO ] 2023-11-20 19:25:01.532 BasePage:301 - Selected Save Btn
[iOS_Ragav's 1 INFO ] 2023-11-20 19:25:10.857 BasePage:301 - Keyboard hidden.
[iOS_Ragav's 1 INFO ] 2023-11-20 19:25:11.936 BasePage:301 - pressed Save button
[iOS_Ragav's 1 INFO ] 2023-11-20 19:25:14.144 TableLayOutScreen:656 - I should see Order Screen
[iOS_Ragav's 1 INFO ] 2023-11-20 19:33:35.773 ServerManager:22 - starting appium server...
[iOS_Ragav's 1 INFO ] 2023-11-20 19:33:37.233 ServerManager:31 - Appium server started...
[iOS_Ragav's 1 INFO ] 2023-11-20 19:33:37.260 DriverManager:29 - initializing Appium driver
[iOS_Ragav's 1 INFO ] 2023-11-20 19:33:37.280 PropertyManager:17 - loading config properties
[iOS_Ragav's 1 INFO ] 2023-11-20 19:33:37.281 CapabilitiesManager:18 - getting capabilities...
[iOS_Ragav's 1 INFO ] 2023-11-20 19:34:09.330 DriverManager:42 - Driver is initialized
[iOS_Ragav's 1 INFO ] 2023-11-20 19:34:09.334 Hooks:52 - Start Scenario Name : LIN-22815 - Allow to save more that 140 characters in customer notes after alert message in customer profile.
[iOS_Ragav's 1 INFO ] 2023-11-20 19:34:09.688 BasePage:301 - Tapped pin 1
[iOS_Ragav's 1 INFO ] 2023-11-20 19:34:10.408 BasePage:301 - Tapped pin 2
[iOS_Ragav's 1 INFO ] 2023-11-20 19:34:10.877 BasePage:301 - Tapped pin 3
[iOS_Ragav's 1 INFO ] 2023-11-20 19:34:11.645 BasePage:301 - Tapped pin 4
[iOS_Ragav's 1 INFO ] 2023-11-20 19:34:12.426 BasePage:301 - Tapped Login.
[iOS_Ragav's 1 INFO ] 2023-11-20 19:34:14.621 BasePage:301 - Order type selection is cancelled.
[iOS_Ragav's 1 INFO ] 2023-11-20 19:34:15.448 BasePage:301 - customer list is opened
[iOS_Ragav's 1 INFO ] 2023-11-20 19:34:16.171 BasePage:301 - Tapped Add New Button
[iOS_Ragav's 1 INFO ] 2023-11-20 19:34:21.917 BasePage:293 - Customer profile window is displayed - Customer Profile
[iOS_Ragav's 1 INFO ] 2023-11-20 19:34:23.618 PaymentWindow:791 - First Name - sBGpND
[iOS_Ragav's 1 INFO ] 2023-11-20 19:34:24.724 PaymentWindow:796 - Last name - KzYMD
[iOS_Ragav's 1 INFO ] 2023-11-20 19:34:24.728 PaymentWindow:800 - Mobile Number - 1441654043
[iOS_Ragav's 1 INFO ] 2023-11-20 19:34:24.728 BasePage:301 - Tapped Add button for Enter Mobile Number
[iOS_Ragav's 1 INFO ] 2023-11-20 19:34:26.536 BasePage:301 - Tapped Save button
[iOS_Ragav's 1 INFO ] 2023-11-20 19:34:28.237 BasePage:301 - Selected Add 
[iOS_Ragav's 1 INFO ] 2023-11-20 19:34:29.645 BasePage:301 - Selected Enter Address
[iOS_Ragav's 1 INFO ] 2023-11-20 19:34:31.805 BasePage:301 - Keyboard hidden.
[iOS_Ragav's 1 INFO ] 2023-11-20 19:34:33.648 BasePage:301 - Selected Save Btn
[iOS_Ragav's 1 INFO ] 2023-11-20 19:34:43.140 BasePage:301 - Keyboard hidden.
[iOS_Ragav's 1 INFO ] 2023-11-20 19:34:44.184 BasePage:301 - pressed Save button
[iOS_Ragav's 1 INFO ] 2023-11-20 19:34:46.630 TableLayOutScreen:656 - I should see Order Screen
[iOS_Ragav's 1 INFO ] 2023-11-20 19:34:48.282 BasePage:301 - Selected name as - sBGpND K
[iOS_Ragav's 1 INFO ] 2023-11-20 19:34:49.412 BasePage:293 - Customer profile window is displayed - Customer Profile
[iOS_Ragav's 1 INFO ] 2023-11-20 19:34:50.700 PaymentWindow:834 - First Name - sBGpND
[iOS_Ragav's 1 INFO ] 2023-11-20 19:34:51.663 PaymentWindow:837 - Last Name - KzYMD
[iOS_Ragav's 1 INFO ] 2023-11-20 19:34:52.729 PaymentWindow:840 - Mobile Number - 1441654043
[iOS_Ragav's 1 INFO ] 2023-11-20 19:34:53.280 PaymentWindow:845 - Customer notes - qSwHKeJBbOtvlKJiXOdDbqfRzshZJXuDRbJERdfpuYUtZfMaFiaCpTagNyddESnvDfKzDtlRAxyClkQyJgjIErlhRrtNXBCdqrALQlruAbgClWhQUwNqZARCLDfUWFJbOzmzVjIPnrgTOqLguIioRj
[iOS_Ragav's 1 INFO ] 2023-11-20 20:15:23.188 ServerManager:22 - starting appium server...
[iOS_Ragav's 1 INFO ] 2023-11-20 20:15:24.571 ServerManager:31 - Appium server started...
[iOS_Ragav's 1 INFO ] 2023-11-20 20:15:24.581 DriverManager:29 - initializing Appium driver
[iOS_Ragav's 1 INFO ] 2023-11-20 20:15:24.609 PropertyManager:17 - loading config properties
[iOS_Ragav's 1 INFO ] 2023-11-20 20:15:24.612 CapabilitiesManager:18 - getting capabilities...
[iOS_Ragav's 1 INFO ] 2023-11-20 20:15:50.983 DriverManager:42 - Driver is initialized
[iOS_Ragav's 1 INFO ] 2023-11-20 20:15:50.983 Hooks:52 - Start Scenario Name : LIN-22815 - Allow to save more that 140 characters in customer notes after alert message in customer profile.
[iOS_Ragav's 1 INFO ] 2023-11-20 20:15:51.288 BasePage:301 - Tapped pin 1
[iOS_Ragav's 1 INFO ] 2023-11-20 20:15:52.264 BasePage:301 - Tapped pin 2
[iOS_Ragav's 1 INFO ] 2023-11-20 20:15:52.875 BasePage:301 - Tapped pin 3
[iOS_Ragav's 1 INFO ] 2023-11-20 20:15:53.307 BasePage:301 - Tapped pin 4
[iOS_Ragav's 1 INFO ] 2023-11-20 20:15:53.755 BasePage:301 - Tapped Login.
[iOS_Ragav's 1 INFO ] 2023-11-20 20:15:55.825 BasePage:301 - Order type selection is cancelled.
[iOS_Ragav's 1 INFO ] 2023-11-20 20:15:56.668 BasePage:301 - customer list is opened
[iOS_Ragav's 1 INFO ] 2023-11-20 20:15:57.452 BasePage:301 - Tapped Add New Button
[iOS_Ragav's 1 INFO ] 2023-11-20 20:16:03.043 BasePage:293 - Customer profile window is displayed - Customer Profile
[iOS_Ragav's 1 INFO ] 2023-11-20 20:16:04.208 PaymentWindow:791 - First Name - ZrbrRb
[iOS_Ragav's 1 INFO ] 2023-11-20 20:16:05.306 PaymentWindow:796 - Last name - lZRDD
[iOS_Ragav's 1 INFO ] 2023-11-20 20:16:05.308 PaymentWindow:800 - Mobile Number - 2368423022
[iOS_Ragav's 1 INFO ] 2023-11-20 20:16:05.312 BasePage:301 - Tapped Add button for Enter Mobile Number
[iOS_Ragav's 1 INFO ] 2023-11-20 20:16:07.124 BasePage:301 - Tapped Save button
[iOS_Ragav's 1 INFO ] 2023-11-20 20:16:08.823 BasePage:301 - Selected Add 
[iOS_Ragav's 1 INFO ] 2023-11-20 20:16:10.407 BasePage:301 - Selected Enter Address
[iOS_Ragav's 1 INFO ] 2023-11-20 20:16:12.514 BasePage:301 - Keyboard hidden.
[iOS_Ragav's 1 INFO ] 2023-11-20 20:16:14.297 BasePage:301 - Selected Save Btn
[iOS_Ragav's 1 INFO ] 2023-11-20 20:16:23.767 BasePage:301 - Keyboard hidden.
[iOS_Ragav's 1 INFO ] 2023-11-20 20:16:24.967 BasePage:301 - pressed Save button
[iOS_Ragav's 1 INFO ] 2023-11-20 20:16:27.213 TableLayOutScreen:656 - I should see Order Screen
[iOS_Ragav's 1 INFO ] 2023-11-20 20:16:28.742 BasePage:301 - Selected name as - ZrbrRb l
[iOS_Ragav's 1 INFO ] 2023-11-20 20:16:29.829 BasePage:293 - Customer profile window is displayed - Customer Profile
[iOS_Ragav's 1 INFO ] 2023-11-20 20:16:30.827 PaymentWindow:834 - First Name - ZrbrRb
[iOS_Ragav's 1 INFO ] 2023-11-20 20:16:31.709 PaymentWindow:837 - Last Name - lZRDD
[iOS_Ragav's 1 INFO ] 2023-11-20 20:16:32.549 PaymentWindow:840 - Mobile Number - 2368423022
[iOS_Ragav's 1 INFO ] 2023-11-20 20:16:33.065 PaymentWindow:845 - Customer notes - pELTaTlcuzgNqVOsCEALPgxHaONMeXPPxQtQTjXFXxjkBoHVoMjidPnPzPEJHoAMwIEKOjXmXsAgWaXRlCnlrCdVsNYSNRIJVpZCiypNUjzKdftoKNCrfHPRsslhpHHUIIppYPKxTcYNGYDsxKPoOh
[iOS_Ragav's 1 INFO ] 2023-11-20 20:16:33.088 BasePage:301 - pressed Save button
[iOS_Ragav's 1 INFO ] 2023-11-20 20:16:35.510 TableLayOutScreen:656 - I should see Order Screen
[iOS_Ragav's 1 INFO ] 2023-11-20 20:16:35.519 BasePage:301 - customer list is opened
[iOS_Ragav's 1 INFO ] 2023-11-20 20:16:36.250 BasePage:301 - Tapped remove button
[iOS_Ragav's 1 INFO ] 2023-11-20 20:16:41.323 BasePage:301 - Tapped log Off Button
