[iOS_Ragav's 1 INFO ] 2023-05-02 11:43:08.983 ServerManager:21 - starting appium server...
[iOS_Ragav's 1 INFO ] 2023-05-02 11:43:10.030 ServerManager:30 - Appium server started...
[iOS_Ragav's 1 INFO ] 2023-05-02 11:43:10.041 DriverManager:29 - initializing Appium driver
[iOS_Ragav's 1 INFO ] 2023-05-02 11:43:10.065 PropertyManager:17 - loading config properties
[iOS_Ragav's 1 INFO ] 2023-05-02 11:43:10.066 CapabilitiesManager:18 - getting capabilities...
[iOS_Ragav's 1 INFO ] 2023-05-02 11:43:43.359 DriverManager:42 - Driver is initialized
[iOS_Ragav's 1 INFO ] 2023-05-02 11:43:43.360 Hooks:52 - Start Scenario Name : Cashier Out From Till Management Screen
[iOS_Ragav's 1 INFO ] 2023-05-02 11:43:43.496 BasePage:301 - Tapped pin1
[iOS_Ragav's 1 INFO ] 2023-05-02 11:43:46.983 BasePage:301 - Tapped pin2
[iOS_Ragav's 1 INFO ] 2023-05-02 11:43:50.438 BasePage:301 - Tapped pin3
[iOS_Ragav's 1 INFO ] 2023-05-02 11:45:17.655 ServerManager:21 - starting appium server...
[iOS_Ragav's 1 INFO ] 2023-05-02 11:45:19.169 ServerManager:30 - Appium server started...
[iOS_Ragav's 1 INFO ] 2023-05-02 11:45:19.210 DriverManager:29 - initializing Appium driver
[iOS_Ragav's 1 INFO ] 2023-05-02 11:45:19.241 PropertyManager:17 - loading config properties
[iOS_Ragav's 1 INFO ] 2023-05-02 11:45:19.246 CapabilitiesManager:18 - getting capabilities...
[iOS_Ragav's 1 INFO ] 2023-05-02 11:48:07.525 ServerManager:21 - starting appium server...
[iOS_Ragav's 1 INFO ] 2023-05-02 11:48:09.296 ServerManager:30 - Appium server started...
[iOS_Ragav's 1 INFO ] 2023-05-02 11:48:09.308 DriverManager:29 - initializing Appium driver
[iOS_Ragav's 1 INFO ] 2023-05-02 11:48:09.323 PropertyManager:17 - loading config properties
[iOS_Ragav's 1 INFO ] 2023-05-02 11:48:09.325 CapabilitiesManager:18 - getting capabilities...
[iOS_Ragav's 1 INFO ] 2023-05-02 11:48:29.970 DriverManager:42 - Driver is initialized
[iOS_Ragav's 1 INFO ] 2023-05-02 11:48:29.972 Hooks:52 - Start Scenario Name : User Till
[iOS_Ragav's 1 INFO ] 2023-05-02 11:48:30.076 BasePage:301 - Clock In Selected
[iOS_Ragav's 1 INFO ] 2023-05-02 11:48:31.378 Hooks:70 - Failed Scenario Name : User Till
[iOS_Ragav's 1 INFO ] 2023-05-02 12:16:10.676 ServerManager:21 - starting appium server...
[iOS_Ragav's 1 INFO ] 2023-05-02 12:16:11.736 ServerManager:30 - Appium server started...
[iOS_Ragav's 1 INFO ] 2023-05-02 12:16:11.748 DriverManager:29 - initializing Appium driver
[iOS_Ragav's 1 INFO ] 2023-05-02 12:16:11.759 PropertyManager:17 - loading config properties
[iOS_Ragav's 1 INFO ] 2023-05-02 12:16:11.760 CapabilitiesManager:18 - getting capabilities...
[iOS_Ragav's 1 INFO ] 2023-05-02 12:16:29.048 DriverManager:42 - Driver is initialized
[iOS_Ragav's 1 INFO ] 2023-05-02 12:16:29.049 Hooks:52 - Start Scenario Name : User Till
[iOS_Ragav's 1 INFO ] 2023-05-02 12:16:29.157 BasePage:301 - Clock In Selected
[iOS_Ragav's 1 INFO ] 2023-05-02 12:16:30.502 Hooks:70 - Failed Scenario Name : User Till
[iOS_Ragav's 1 INFO ] 2023-05-02 12:18:36.015 ServerManager:21 - starting appium server...
[iOS_Ragav's 1 INFO ] 2023-05-02 12:18:36.737 ServerManager:30 - Appium server started...
[iOS_Ragav's 1 INFO ] 2023-05-02 12:18:36.743 DriverManager:29 - initializing Appium driver
[iOS_Ragav's 1 INFO ] 2023-05-02 12:18:36.752 PropertyManager:17 - loading config properties
[iOS_Ragav's 1 INFO ] 2023-05-02 12:18:36.753 CapabilitiesManager:18 - getting capabilities...
[iOS_Ragav's 1 INFO ] 2023-05-02 12:18:59.191 ServerManager:21 - starting appium server...
[iOS_Ragav's 1 INFO ] 2023-05-02 12:19:00.256 ServerManager:30 - Appium server started...
[iOS_Ragav's 1 INFO ] 2023-05-02 12:19:00.272 DriverManager:29 - initializing Appium driver
[iOS_Ragav's 1 INFO ] 2023-05-02 12:19:00.287 PropertyManager:17 - loading config properties
[iOS_Ragav's 1 INFO ] 2023-05-02 12:19:00.289 CapabilitiesManager:18 - getting capabilities...
[iOS_Ragav's 1 INFO ] 2023-05-02 12:19:20.891 DriverManager:42 - Driver is initialized
[iOS_Ragav's 1 INFO ] 2023-05-02 12:19:20.893 Hooks:52 - Start Scenario Name : User Till
[iOS_Ragav's 1 INFO ] 2023-05-02 12:19:22.213 BasePage:301 - Selected - TIME  CLOCK
[iOS_Ragav's 1 INFO ] 2023-05-02 12:19:24.413 BasePage:293 - Display Pin or Swipe Card popup Enter Approver PIN or Swipe Card
[iOS_Ragav's 1 INFO ] 2023-05-02 12:19:24.438 BasePage:301 - Tapped pin 4
[iOS_Ragav's 1 INFO ] 2023-05-02 12:19:29.559 BasePage:301 - Tapped pin 3
[iOS_Ragav's 1 INFO ] 2023-05-02 12:19:34.672 BasePage:301 - Tapped pin 2
[iOS_Ragav's 1 INFO ] 2023-05-02 12:19:39.698 BasePage:301 - Tapped pin 1
[iOS_Ragav's 1 INFO ] 2023-05-02 12:19:44.794 BasePage:301 - Selected continue
