[iOS_Ragav's 1 INFO ] 2023-05-08 11:47:38.723 ServerManager:21 - starting appium server...
[iOS_Ragav's 1 INFO ] 2023-05-08 11:47:39.773 ServerManager:30 - Appium server started...
[iOS_Ragav's 1 INFO ] 2023-05-08 11:47:39.782 DriverManager:29 - initializing Appium driver
[iOS_Ragav's 1 INFO ] 2023-05-08 11:47:39.792 PropertyManager:17 - loading config properties
[iOS_Ragav's 1 INFO ] 2023-05-08 11:47:39.793 CapabilitiesManager:18 - getting capabilities...
[iOS_Ragav's 1 INFO ] 2023-05-08 11:48:02.675 DriverManager:42 - Driver is initialized
[iOS_Ragav's 1 INFO ] 2023-05-08 11:48:02.676 Hooks:52 - Start Scenario Name : Transfer Item from one Check to another Check
[iOS_Ragav's 1 INFO ] 2023-05-08 11:48:02.801 BasePage:301 - Tapped pin 1
[iOS_Ragav's 1 INFO ] 2023-05-08 11:48:03.787 BasePage:301 - Tapped pin 2
[iOS_Ragav's 1 INFO ] 2023-05-08 11:48:04.535 BasePage:301 - Tapped pin 3
[iOS_Ragav's 1 INFO ] 2023-05-08 11:48:05.295 BasePage:301 - Tapped pin 4
[iOS_Ragav's 1 INFO ] 2023-05-08 11:48:06.024 BasePage:301 - Tapped Login.
[iOS_Ragav's 1 INFO ] 2023-05-08 11:48:15.057 BasePage:301 - Click the All button in QSR Screen
[iOS_Ragav's 1 INFO ] 2023-05-08 11:48:18.355 BasePage:301 - Click the Table Layout tab
[iOS_Ragav's 1 INFO ] 2023-05-08 11:48:19.676 BasePage:301 - Tapped New
[iOS_Ragav's 1 INFO ] 2023-05-08 11:48:25.494 Regression:2207 - 28
[iOS_Ragav's 1 INFO ] 2023-05-08 11:48:25.495 Regression:2219 - 5
[iOS_Ragav's 1 INFO ] 2023-05-08 11:48:26.063 Regression:2223 - Table Number  - T5
[iOS_Ragav's 1 INFO ] 2023-05-08 11:48:26.063 BasePage:301 - Tapped Table Number
[iOS_Ragav's 1 INFO ] 2023-05-08 11:48:26.901 BasePage:301 - Tapped seat Number
[iOS_Ragav's 1 INFO ] 2023-05-08 11:48:28.493 BasePage:301 - Tapped continue
[iOS_Ragav's 1 INFO ] 2023-05-08 11:48:32.133 OrderManagementScreen:1312 - 1-002
[iOS_Ragav's 1 INFO ] 2023-05-08 11:48:33.046 BasePage:301 - Arrow Done on iPad 1
[iOS_Ragav's 1 INFO ] 2023-05-08 11:48:33.853 BasePage:301 - Tapped category
[iOS_Ragav's 1 INFO ] 2023-05-08 11:48:36.280 Regression:2258 - 1
[iOS_Ragav's 1 INFO ] 2023-05-08 11:48:36.782 BasePage:301 - Tapped Menu - water
[iOS_Ragav's 1 INFO ] 2023-05-08 11:48:42.691 Regression:2258 - 2
[iOS_Ragav's 1 INFO ] 2023-05-08 11:48:43.968 BasePage:301 - Tapped Menu - Dosa
[iOS_Ragav's 1 INFO ] 2023-05-08 11:48:52.143 Regression:2333 - Subtotal Value as Same with Price Level 2 - $ 5.00
[iOS_Ragav's 1 INFO ] 2023-05-08 11:48:54.109 Regression:2340 - Tax Value is SAME - $ 0.90
[iOS_Ragav's 1 INFO ] 2023-05-08 11:48:55.131 Regression:2346 - Tptal Value is SAME - $ 5.90
[iOS_Ragav's 1 INFO ] 2023-05-08 11:49:01.362 Hooks:70 - Failed Scenario Name : Transfer Item from one Check to another Check
[iOS_Ragav's 1 INFO ] 2023-05-08 11:54:48.836 ServerManager:21 - starting appium server...
[iOS_Ragav's 1 INFO ] 2023-05-08 11:54:49.900 ServerManager:30 - Appium server started...
[iOS_Ragav's 1 INFO ] 2023-05-08 11:54:49.916 DriverManager:29 - initializing Appium driver
[iOS_Ragav's 1 INFO ] 2023-05-08 11:54:49.930 PropertyManager:17 - loading config properties
[iOS_Ragav's 1 INFO ] 2023-05-08 11:54:49.931 CapabilitiesManager:18 - getting capabilities...
[iOS_Ragav's 1 INFO ] 2023-05-08 11:55:09.367 DriverManager:42 - Driver is initialized
[iOS_Ragav's 1 INFO ] 2023-05-08 11:55:09.368 Hooks:52 - Start Scenario Name : Transfer Item from one Check to another Check
[iOS_Ragav's 1 INFO ] 2023-05-08 11:55:09.490 BasePage:301 - Tapped pin 1
[iOS_Ragav's 1 INFO ] 2023-05-08 11:55:10.981 BasePage:301 - Tapped pin 2
[iOS_Ragav's 1 INFO ] 2023-05-08 11:55:11.778 BasePage:301 - Tapped pin 3
[iOS_Ragav's 1 INFO ] 2023-05-08 11:55:12.636 BasePage:301 - Tapped pin 4
[iOS_Ragav's 1 INFO ] 2023-05-08 11:55:13.476 BasePage:301 - Tapped Login.
[iOS_Ragav's 1 INFO ] 2023-05-08 11:55:19.985 BasePage:301 - Click the All button in QSR Screen
[iOS_Ragav's 1 INFO ] 2023-05-08 11:55:22.771 BasePage:301 - Click the Table Layout tab
[iOS_Ragav's 1 INFO ] 2023-05-08 11:55:24.076 BasePage:301 - Tapped New
[iOS_Ragav's 1 INFO ] 2023-05-08 11:55:29.781 Regression:2207 - 28
[iOS_Ragav's 1 INFO ] 2023-05-08 11:55:29.782 Regression:2219 - 3
[iOS_Ragav's 1 INFO ] 2023-05-08 11:55:30.353 Regression:2223 - Table Number  - T3
[iOS_Ragav's 1 INFO ] 2023-05-08 11:55:30.353 BasePage:301 - Tapped Table Number
[iOS_Ragav's 1 INFO ] 2023-05-08 11:55:31.280 BasePage:301 - Tapped seat Number
[iOS_Ragav's 1 INFO ] 2023-05-08 11:55:32.942 BasePage:301 - Tapped continue
[iOS_Ragav's 1 INFO ] 2023-05-08 11:55:38.981 OrderManagementScreen:1312 - 1-003
[iOS_Ragav's 1 INFO ] 2023-05-08 11:55:40.999 BasePage:301 - Arrow Done on iPad 1
[iOS_Ragav's 1 INFO ] 2023-05-08 11:55:42.017 BasePage:301 - Tapped category
[iOS_Ragav's 1 INFO ] 2023-05-08 11:55:44.634 Regression:2258 - 1
[iOS_Ragav's 1 INFO ] 2023-05-08 11:55:45.119 BasePage:301 - Tapped Menu - cake
[iOS_Ragav's 1 INFO ] 2023-05-08 11:55:51.097 Regression:2258 - 1
[iOS_Ragav's 1 INFO ] 2023-05-08 11:55:52.527 BasePage:301 - Tapped Menu - cake
[iOS_Ragav's 1 INFO ] 2023-05-08 11:56:00.791 Regression:2333 - Subtotal Value as Same with Price Level 2 - $ 16.00
[iOS_Ragav's 1 INFO ] 2023-05-08 11:56:02.818 Regression:2340 - Tax Value is SAME - $ 1.60
[iOS_Ragav's 1 INFO ] 2023-05-08 11:56:03.711 Regression:2346 - Tptal Value is SAME - $ 18.48
[iOS_Ragav's 1 INFO ] 2023-05-08 11:56:04.555 Regression:2352 - Cash Discount Value is SAME - $ 17.60
[iOS_Ragav's 1 INFO ] 2023-05-08 11:56:04.573 BasePage:301 - finish button tapped
[iOS_Ragav's 1 INFO ] 2023-05-08 11:56:05.335 BasePage:301 - Tapped Table Layout Tab
[iOS_Ragav's 1 INFO ] 2023-05-08 11:56:09.125 BasePage:301 - Click the Transfer Button in Table Layout tab
[iOS_Ragav's 1 INFO ] 2023-05-08 11:56:12.153 BasePage:293 - Get the text of Transfer to Server buttonTransfer to Server
[iOS_Ragav's 1 INFO ] 2023-05-08 11:56:14.116 BasePage:293 - Get the text of Transfer to Table buttonTransfer to Table
[iOS_Ragav's 1 INFO ] 2023-05-08 11:56:16.154 BasePage:293 - Get the Text of Transfer ItemTransfer Item
[iOS_Ragav's 1 INFO ] 2023-05-08 11:56:17.768 BasePage:301 - Click the Transfer Item button in the Transfer window
[iOS_Ragav's 1 INFO ] 2023-05-08 11:56:19.676 BasePage:83 - Enter the Check number - 1-003
[iOS_Ragav's 1 INFO ] 2023-05-08 11:56:22.336 BasePage:301 - Selected - 1-003 - T3
[iOS_Ragav's 1 INFO ] 2023-05-08 11:56:22.963 BasePage:301 - Keyboard hidden.
[iOS_Ragav's 1 INFO ] 2023-05-08 11:56:28.145 BasePage:301 - Click the first menu item from the List of menu items in the Menu Item table - cake 
[iOS_Ragav's 1 INFO ] 2023-05-08 11:56:28.772 BasePage:293 - Get the text of First Menu Item from the listcake 
[iOS_Ragav's 1 INFO ] 2023-05-08 11:56:28.772 CheckAndItemTransfer:227 - cake 
[iOS_Ragav's 1 INFO ] 2023-05-08 11:56:33.099 CheckAndItemTransfer:542 - 9
[iOS_Ragav's 1 INFO ] 2023-05-08 11:56:33.100 CheckAndItemTransfer:552 - 1
[iOS_Ragav's 1 INFO ] 2023-05-08 11:56:34.760 CheckAndItemTransfer:562 - TestUtils.Transfertable - -T20
[iOS_Ragav's 1 INFO ] 2023-05-08 11:56:34.965 CheckAndItemTransfer:564 - TestUtils.TransferCheckNumber - 1-043
[iOS_Ragav's 1 INFO ] 2023-05-08 11:56:34.966 BasePage:301 - Selected - - T20
[iOS_Ragav's 1 INFO ] 2023-05-08 11:56:38.144 BasePage:301 - Click the Done button
[iOS_Ragav's 1 INFO ] 2023-05-08 11:56:40.960 BasePage:293 - Get the Successful message of TransferTransferred check success.
[iOS_Ragav's 1 INFO ] 2023-05-08 11:56:40.972 BasePage:301 - Tapped Done Button on the Popup
[iOS_Ragav's 1 INFO ] 2023-05-08 11:56:42.111 CheckAndItemTransfer:578 - m - T20
[iOS_Ragav's 1 INFO ] 2023-05-08 11:56:43.215 BasePage:301 - Selected Table - T20
[iOS_Ragav's 1 INFO ] 2023-05-08 11:56:59.517 CheckAndItemTransfer:318 - Menu item is not available in the Transferred to Table
[iOS_Ragav's 1 INFO ] 2023-05-08 11:57:08.248 Hooks:70 - Failed Scenario Name : Transfer Item from one Check to another Check
[iOS_Ragav's 1 INFO ] 2023-05-08 11:59:02.393 ServerManager:21 - starting appium server...
[iOS_Ragav's 1 INFO ] 2023-05-08 11:59:03.468 ServerManager:30 - Appium server started...
[iOS_Ragav's 1 INFO ] 2023-05-08 11:59:03.476 DriverManager:29 - initializing Appium driver
[iOS_Ragav's 1 INFO ] 2023-05-08 11:59:03.484 PropertyManager:17 - loading config properties
[iOS_Ragav's 1 INFO ] 2023-05-08 11:59:03.485 CapabilitiesManager:18 - getting capabilities...
[iOS_Ragav's 1 INFO ] 2023-05-08 11:59:20.102 DriverManager:42 - Driver is initialized
[iOS_Ragav's 1 INFO ] 2023-05-08 11:59:20.103 Hooks:52 - Start Scenario Name : Transfer Item from one Check to another Check
[iOS_Ragav's 1 INFO ] 2023-05-08 11:59:20.207 BasePage:301 - Tapped pin 1
[iOS_Ragav's 1 INFO ] 2023-05-08 11:59:21.126 BasePage:301 - Tapped pin 2
[iOS_Ragav's 1 INFO ] 2023-05-08 11:59:21.886 BasePage:301 - Tapped pin 3
[iOS_Ragav's 1 INFO ] 2023-05-08 11:59:22.614 BasePage:301 - Tapped pin 4
[iOS_Ragav's 1 INFO ] 2023-05-08 11:59:23.464 BasePage:301 - Tapped Login.
[iOS_Ragav's 1 INFO ] 2023-05-08 11:59:32.325 BasePage:301 - Click the All button in QSR Screen
[iOS_Ragav's 1 INFO ] 2023-05-08 11:59:35.258 BasePage:301 - Click the Table Layout tab
[iOS_Ragav's 1 INFO ] 2023-05-08 11:59:36.644 BasePage:301 - Tapped New
[iOS_Ragav's 1 INFO ] 2023-05-08 11:59:41.734 Regression:2207 - 28
[iOS_Ragav's 1 INFO ] 2023-05-08 11:59:41.736 Regression:2219 - 14
[iOS_Ragav's 1 INFO ] 2023-05-08 11:59:42.392 Regression:2223 - Table Number  - T14
[iOS_Ragav's 1 INFO ] 2023-05-08 11:59:42.394 BasePage:301 - Tapped Table Number
[iOS_Ragav's 1 INFO ] 2023-05-08 11:59:43.331 BasePage:301 - Tapped seat Number
[iOS_Ragav's 1 INFO ] 2023-05-08 11:59:44.956 BasePage:301 - Tapped continue
[iOS_Ragav's 1 INFO ] 2023-05-08 11:59:48.553 OrderManagementScreen:1312 - 1-004
[iOS_Ragav's 1 INFO ] 2023-05-08 11:59:49.319 BasePage:301 - Arrow Done on iPad 1
[iOS_Ragav's 1 INFO ] 2023-05-08 11:59:50.094 BasePage:301 - Tapped category
[iOS_Ragav's 1 INFO ] 2023-05-08 11:59:54.098 Regression:2258 - 6
[iOS_Ragav's 1 INFO ] 2023-05-08 11:59:55.314 BasePage:301 - Tapped Menu - lattoos
[iOS_Ragav's 1 INFO ] 2023-05-08 12:00:01.397 Regression:2258 - 1
[iOS_Ragav's 1 INFO ] 2023-05-08 12:00:02.659 BasePage:301 - Tapped Menu - cake
[iOS_Ragav's 1 INFO ] 2023-05-08 12:00:10.171 Regression:2333 - Subtotal Value as Same with Price Level 2 - $ 13.15
[iOS_Ragav's 1 INFO ] 2023-05-08 12:00:12.168 Regression:2340 - Tax Value is SAME - $ 1.32
[iOS_Ragav's 1 INFO ] 2023-05-08 12:00:14.182 Regression:2346 - Tptal Value is SAME - $ 15.19
[iOS_Ragav's 1 INFO ] 2023-05-08 12:00:15.035 Regression:2352 - Cash Discount Value is SAME - $ 14.47
[iOS_Ragav's 1 INFO ] 2023-05-08 12:00:15.049 BasePage:301 - finish button tapped
[iOS_Ragav's 1 INFO ] 2023-05-08 12:00:15.729 BasePage:301 - Tapped Table Layout Tab
[iOS_Ragav's 1 INFO ] 2023-05-08 12:00:19.425 BasePage:301 - Click the Transfer Button in Table Layout tab
[iOS_Ragav's 1 INFO ] 2023-05-08 12:00:22.346 BasePage:293 - Get the text of Transfer to Server buttonTransfer to Server
[iOS_Ragav's 1 INFO ] 2023-05-08 12:00:24.271 BasePage:293 - Get the text of Transfer to Table buttonTransfer to Table
[iOS_Ragav's 1 INFO ] 2023-05-08 12:00:26.184 BasePage:293 - Get the Text of Transfer ItemTransfer Item
[iOS_Ragav's 1 INFO ] 2023-05-08 12:00:27.783 BasePage:301 - Click the Transfer Item button in the Transfer window
[iOS_Ragav's 1 INFO ] 2023-05-08 12:00:29.714 BasePage:83 - Enter the Check number - 1-004
[iOS_Ragav's 1 INFO ] 2023-05-08 12:00:32.127 BasePage:301 - Selected - 1-004 - T14
[iOS_Ragav's 1 INFO ] 2023-05-08 12:00:32.670 BasePage:301 - Keyboard hidden.
[iOS_Ragav's 1 INFO ] 2023-05-08 12:00:37.704 BasePage:301 - Click the first menu item from the List of menu items in the Menu Item table - lattoos 
[iOS_Ragav's 1 INFO ] 2023-05-08 12:00:38.320 BasePage:293 - Get the text of First Menu Item from the listlattoos 
[iOS_Ragav's 1 INFO ] 2023-05-08 12:00:38.320 CheckAndItemTransfer:227 - lattoos 
[iOS_Ragav's 1 INFO ] 2023-05-08 12:00:40.900 CheckAndItemTransfer:542 - 10
[iOS_Ragav's 1 INFO ] 2023-05-08 12:00:40.901 CheckAndItemTransfer:552 - 5
[iOS_Ragav's 1 INFO ] 2023-05-08 12:00:42.290 CheckAndItemTransfer:562 - TestUtils.Transfertable - -QSR
[iOS_Ragav's 1 INFO ] 2023-05-08 12:00:42.447 CheckAndItemTransfer:564 - TestUtils.TransferCheckNumber - 1-051
[iOS_Ragav's 1 INFO ] 2023-05-08 12:00:46.378 CheckAndItemTransfer:542 - 10
[iOS_Ragav's 1 INFO ] 2023-05-08 12:00:46.379 CheckAndItemTransfer:552 - 6
[iOS_Ragav's 1 INFO ] 2023-05-08 12:00:47.962 CheckAndItemTransfer:562 - TestUtils.Transfertable - -QSR
[iOS_Ragav's 1 INFO ] 2023-05-08 12:00:48.124 CheckAndItemTransfer:564 - TestUtils.TransferCheckNumber - 1-052
[iOS_Ragav's 1 INFO ] 2023-05-08 12:00:50.806 CheckAndItemTransfer:542 - 10
[iOS_Ragav's 1 INFO ] 2023-05-08 12:00:50.806 CheckAndItemTransfer:552 - 7
[iOS_Ragav's 1 INFO ] 2023-05-08 12:00:52.174 CheckAndItemTransfer:562 - TestUtils.Transfertable - -T9
[iOS_Ragav's 1 INFO ] 2023-05-08 12:00:52.338 CheckAndItemTransfer:564 - TestUtils.TransferCheckNumber - 1-056
[iOS_Ragav's 1 INFO ] 2023-05-08 12:00:52.338 BasePage:301 - Selected - - T9
[iOS_Ragav's 1 INFO ] 2023-05-08 12:00:55.819 BasePage:301 - Click the Done button
[iOS_Ragav's 1 INFO ] 2023-05-08 12:00:58.592 BasePage:293 - Get the Successful message of TransferTransferred check success.
[iOS_Ragav's 1 INFO ] 2023-05-08 12:00:58.597 BasePage:301 - Tapped Done Button on the Popup
[iOS_Ragav's 1 INFO ] 2023-05-08 12:00:59.647 CheckAndItemTransfer:578 - m - T9
[iOS_Ragav's 1 INFO ] 2023-05-08 12:01:00.747 BasePage:301 - Selected Table - T9
[iOS_Ragav's 1 INFO ] 2023-05-08 12:01:09.082 CheckAndItemTransfer:315 - Transferred Menu item is available in the transferred to table - lattoos
[iOS_Ragav's 1 INFO ] 2023-05-08 12:01:10.097 BasePage:301 - Click the Finish button
[iOS_Ragav's 1 INFO ] 2023-05-08 12:01:12.654 BasePage:66 - Power button is clicked
